[2023-10-09 12:34:39,329] *eet_gang_optimizer* Bij iteratie: 0, Nieuwe oplossing score van: -1726 > -1744, VW_25_M_Joo en VW_5_M_Car zijn hiervoor gewisseld.
[2023-10-09 12:34:39,428] *eet_gang_optimizer* Bij iteratie: 1, Nieuwe oplossing score van: -1714 > -1726, NEW_3_M_Rob en WO_55_V_Han zijn hiervoor gewisseld.
[2023-10-09 12:34:39,644] *kook_gang_optimizer* Bij iteratie: 4, Nieuwe oplossing score van: -1673 > -1714, VW_32 en WO_85 zijn hiervoor gewisseld.
[2023-10-09 12:34:39,857] *kook_gang_optimizer* Bij iteratie: 4, Nieuwe oplossing score van: -1652 > -1673, VW_51 en WO_85 zijn hiervoor gewisseld.
[2023-10-09 12:34:40,073] *eet_gang_optimizer* Bij iteratie: 4, Nieuwe oplossing score van: -1651 > -1652, VW_31_M_Pau en WO_1_V_Bir zijn hiervoor gewisseld.
[2023-10-09 12:34:40,208] *kook_gang_optimizer* Bij iteratie: 2, Nieuwe oplossing score van: -1598 > -1651, WO_16 en WO_53 zijn hiervoor gewisseld.
[2023-10-09 12:34:40,268] *kook_gang_optimizer* Bij iteratie: 0, Nieuwe oplossing score van: -1562 > -1598, VW_35 en WO_79 zijn hiervoor gewisseld.
[2023-10-09 12:34:40,365] *kook_gang_optimizer* Bij iteratie: 1, Nieuwe oplossing score van: -1538 > -1562, VW_13 en WO_52 zijn hiervoor gewisseld.
[2023-10-09 12:34:40,639] *kook_gang_optimizer* Bij iteratie: 5, Nieuwe oplossing score van: -1534 > -1538, WO_50 en WO_77 zijn hiervoor gewisseld.
[2023-10-09 12:34:41,044] *kook_gang_optimizer* Bij iteratie: 8, Nieuwe oplossing score van: -1515 > -1534, WO_23 en WO_79 zijn hiervoor gewisseld.
[2023-10-09 12:34:41,188] *eet_gang_optimizer* Bij iteratie: 2, Nieuwe oplossing score van: -1509 > -1515, WO_21_V_Pau en WO_71_M_Kar zijn hiervoor gewisseld.
[2023-10-09 12:34:41,285] *kook_gang_optimizer* Bij iteratie: 1, Nieuwe oplossing score van: -1477 > -1509, VW_39 en WO_1 zijn hiervoor gewisseld.
[2023-10-09 12:34:41,387] *kook_gang_optimizer* Bij iteratie: 1, Nieuwe oplossing score van: -1464 > -1477, VW_70 en WO_77 zijn hiervoor gewisseld.
[2023-10-09 12:34:41,531] *kook_gang_optimizer* Bij iteratie: 2, Nieuwe oplossing score van: -1451 > -1464, VW_21 en VW_51 zijn hiervoor gewisseld.
[2023-10-09 12:34:41,594] *eet_gang_optimizer* Bij iteratie: 0, Nieuwe oplossing score van: -1439 > -1451, VW_8_M_Fra en WO_71_V_Mar zijn hiervoor gewisseld.
[2023-10-09 12:34:42,287] *eet_gang_optimizer* Bij iteratie: 15, Nieuwe oplossing score van: -1427 > -1439, WO_13_M_Lau en WO_71_M_Kar zijn hiervoor gewisseld.
[2023-10-09 12:34:42,426] *kook_gang_optimizer* Bij iteratie: 2, Nieuwe oplossing score van: -1403 > -1427, VW_46 en WO_49 zijn hiervoor gewisseld.
[2023-10-09 12:34:42,565] *eet_gang_optimizer* Bij iteratie: 2, Nieuwe oplossing score van: -1397 > -1403, VW_12_M_Pet en WO_69_V_Ant zijn hiervoor gewisseld.
[2023-10-09 12:34:42,624] *eet_gang_optimizer* Bij iteratie: 0, Nieuwe oplossing score van: -1384 > -1397, VW_18_M_Mic en WO_52_M_Ton zijn hiervoor gewisseld.
[2023-10-09 12:34:43,127] *eet_gang_optimizer* Bij iteratie: 11, Nieuwe oplossing score van: -1358 > -1384, WO_21_V_Pau en WO_23_V_Mon zijn hiervoor gewisseld.
[2023-10-09 12:34:43,186] *kook_gang_optimizer* Bij iteratie: 0, Nieuwe oplossing score van: -1354 > -1358, VW_18 en WO_13 zijn hiervoor gewisseld.
[2023-10-09 12:34:43,244] *eet_gang_optimizer* Bij iteratie: 0, Nieuwe oplossing score van: -1330 > -1354, VW_12_M_Pet en WO_1_M_And zijn hiervoor gewisseld.
[2023-10-09 12:34:43,383] *eet_gang_optimizer* Bij iteratie: 2, Nieuwe oplossing score van: -1324 > -1330, NEW_1_V_Eug en VW_9_M_Rob zijn hiervoor gewisseld.
[2023-10-09 12:34:43,598] *eet_gang_optimizer* Bij iteratie: 4, Nieuwe oplossing score van: -1313 > -1324, VW_25_M_Joo en VW_68_M_Chr zijn hiervoor gewisseld.
[2023-10-09 12:34:43,825] *kook_gang_optimizer* Bij iteratie: 4, Nieuwe oplossing score van: -1307 > -1313, WO_53 en WO_75 zijn hiervoor gewisseld.
[2023-10-09 12:34:44,277] *kook_gang_optimizer* Bij iteratie: 9, Nieuwe oplossing score van: -1298 > -1307, VW_72 en WO_26 zijn hiervoor gewisseld.
[2023-10-09 12:34:44,477] *eet_gang_optimizer* Bij iteratie: 3, Nieuwe oplossing score van: -1268 > -1298, VW_46_V_Bre en WO_9_M_Phi zijn hiervoor gewisseld.
[2023-10-09 12:34:44,675] *eet_gang_optimizer* Bij iteratie: 3, Nieuwe oplossing score van: -1264 > -1268, VW_70_V_Cha en WO_61_M_Ren zijn hiervoor gewisseld.
[2023-10-09 12:34:44,924] *kook_gang_optimizer* Bij iteratie: 4, Nieuwe oplossing score van: -1262 > -1264, WO_13 en WO_33 zijn hiervoor gewisseld.
[2023-10-09 12:34:45,161] *kook_gang_optimizer* Bij iteratie: 4, Nieuwe oplossing score van: -1257 > -1262, VW_15 en WO_87 zijn hiervoor gewisseld.
[2023-10-09 12:34:45,219] *kook_gang_optimizer* Bij iteratie: 0, Nieuwe oplossing score van: -1255 > -1257, VW_46 en WO_41 zijn hiervoor gewisseld.
[2023-10-09 12:34:45,329] *eet_gang_optimizer* Bij iteratie: 1, Nieuwe oplossing score van: -1238 > -1255, VW_51_V_Eli en WO_16_V_Lie zijn hiervoor gewisseld.
[2023-10-09 12:34:45,472] *eet_gang_optimizer* Bij iteratie: 2, Nieuwe oplossing score van: -1214 > -1238, NEW_1_V_Eug en WO_23_M_Bar zijn hiervoor gewisseld.
[2023-10-09 12:34:45,534] *eet_gang_optimizer* Bij iteratie: 0, Nieuwe oplossing score van: -1210 > -1214, WO_50_M_Fli en WO_67_M_Rob zijn hiervoor gewisseld.
[2023-10-09 12:34:46,317] *kook_gang_optimizer* Bij iteratie: 18, Nieuwe oplossing score van: -1186 > -1210, VW_43 en WO_1 zijn hiervoor gewisseld.
[2023-10-09 12:34:46,535] *kook_gang_optimizer* Bij iteratie: 4, Nieuwe oplossing score van: -1174 > -1186, WO_52 en WO_71 zijn hiervoor gewisseld.
[2023-10-09 12:34:46,833] *kook_gang_optimizer* Bij iteratie: 6, Nieuwe oplossing score van: -1162 > -1174, WO_33 en WO_38 zijn hiervoor gewisseld.
[2023-10-09 12:34:47,026] *eet_gang_optimizer* Bij iteratie: 3, Nieuwe oplossing score van: -1126 > -1162, WO_24_M_Ray en WO_9_V_Ell zijn hiervoor gewisseld.
[2023-10-09 12:34:47,127] *eet_gang_optimizer* Bij iteratie: 1, Nieuwe oplossing score van: -1120 > -1126, VW_15_M_Ger en WO_40_V_Bir zijn hiervoor gewisseld.
[2023-10-09 12:34:47,304] *kook_gang_optimizer* Bij iteratie: 3, Nieuwe oplossing score van: -1084 > -1120, WO_13 en WO_7 zijn hiervoor gewisseld.
[2023-10-09 12:34:47,635] *kook_gang_optimizer* Bij iteratie: 7, Nieuwe oplossing score van: -1076 > -1084, VW_62 en WO_51 zijn hiervoor gewisseld.
[2023-10-09 12:34:48,009] *kook_gang_optimizer* Bij iteratie: 8, Nieuwe oplossing score van: -1072 > -1076, WO_21 en WO_85 zijn hiervoor gewisseld.
[2023-10-09 12:34:48,222] *kook_gang_optimizer* Bij iteratie: 4, Nieuwe oplossing score van: -1046 > -1072, VW_3 en VW_31 zijn hiervoor gewisseld.
[2023-10-09 12:34:48,558] *eet_gang_optimizer* Bij iteratie: 7, Nieuwe oplossing score van: -1027 > -1046, VW_23_V_Ils en VW_46_V_Bre zijn hiervoor gewisseld.
[2023-10-09 12:34:48,615] *kook_gang_optimizer* Bij iteratie: 0, Nieuwe oplossing score van: -1015 > -1027, WO_40 en WO_41 zijn hiervoor gewisseld.
[2023-10-09 12:34:48,876] *eet_gang_optimizer* Bij iteratie: 5, Nieuwe oplossing score van: -999 > -1015, VW_72_V_Len en WO_32_M_Ber zijn hiervoor gewisseld.
[2023-10-09 12:34:49,222] *kook_gang_optimizer* Bij iteratie: 7, Nieuwe oplossing score van: -962 > -999, VW_39 en WO_21 zijn hiervoor gewisseld.
[2023-10-09 12:34:49,603] *eet_gang_optimizer* Bij iteratie: 8, Nieuwe oplossing score van: -945 > -962, VW_9_V_Rie en WO_77_V_Maa zijn hiervoor gewisseld.
[2023-10-09 12:34:49,781] *eet_gang_optimizer* Bij iteratie: 3, Nieuwe oplossing score van: -944 > -945, NEW_1_M_Erw en VW_25_V_Ano zijn hiervoor gewisseld.
[2023-10-09 12:34:49,920] *eet_gang_optimizer* Bij iteratie: 2, Nieuwe oplossing score van: -939 > -944, WO_13_M_Lau en WO_32_V_Ing zijn hiervoor gewisseld.
[2023-10-09 12:34:50,211] *kook_gang_optimizer* Bij iteratie: 6, Nieuwe oplossing score van: -936 > -939, WO_27 en WO_53 zijn hiervoor gewisseld.
[2023-10-09 12:34:50,466] *kook_gang_optimizer* Bij iteratie: 5, Nieuwe oplossing score van: -915 > -936, VW_27 en WO_45 zijn hiervoor gewisseld.
[2023-10-09 12:34:50,603] *eet_gang_optimizer* Bij iteratie: 2, Nieuwe oplossing score van: -914 > -915, NEW_1_V_Eug en WO_49_M_Joo zijn hiervoor gewisseld.
[2023-10-09 12:34:51,233] *eet_gang_optimizer* Bij iteratie: 14, Nieuwe oplossing score van: -913 > -914, VW_57_V_Ann en WO_24_M_Ray zijn hiervoor gewisseld.
[2023-10-09 12:34:51,413] *eet_gang_optimizer* Bij iteratie: 3, Nieuwe oplossing score van: -910 > -913, VW_18_V_Yol en VW_27_M_Rob zijn hiervoor gewisseld.
[2023-10-09 12:34:53,722] *kook_gang_optimizer* Bij iteratie: 57, Nieuwe oplossing score van: -898 > -910, VW_13 en VW_5 zijn hiervoor gewisseld.
[2023-10-09 12:34:54,189] *eet_gang_optimizer* Bij iteratie: 10, Nieuwe oplossing score van: -886 > -898, VW_62_V_Ale en WO_41_M_Wim zijn hiervoor gewisseld.
[2023-10-09 12:34:54,369] *eet_gang_optimizer* Bij iteratie: 3, Nieuwe oplossing score van: -879 > -886, WO_32_M_Ber en WO_38_M_Jaa zijn hiervoor gewisseld.
[2023-10-09 12:34:55,024] *kook_gang_optimizer* Bij iteratie: 15, Nieuwe oplossing score van: -874 > -879, VW_70 en WO_13 zijn hiervoor gewisseld.
[2023-10-09 12:34:55,279] *eet_gang_optimizer* Bij iteratie: 5, Nieuwe oplossing score van: -856 > -874, WO_32_V_Ing en WO_33_M_Ari zijn hiervoor gewisseld.
[2023-10-09 12:34:55,416] *eet_gang_optimizer* Bij iteratie: 2, Nieuwe oplossing score van: -846 > -856, VW_32_M_Mic en VW_8_V_Let zijn hiervoor gewisseld.
[2023-10-09 12:34:55,942] *eet_gang_optimizer* Bij iteratie: 12, Nieuwe oplossing score van: -839 > -846, VW_13_M_Mar en VW_5_M_Car zijn hiervoor gewisseld.
[2023-10-09 12:34:58,080] *kook_gang_optimizer* Bij iteratie: 52, Nieuwe oplossing score van: -821 > -839, WO_45 en WO_75 zijn hiervoor gewisseld.
[2023-10-09 12:34:58,696] *eet_gang_optimizer* Bij iteratie: 14, Nieuwe oplossing score van: -819 > -821, WO_53_M_Ola en WO_69_V_Ant zijn hiervoor gewisseld.
[2023-10-09 12:34:58,757] *eet_gang_optimizer* Bij iteratie: 0, Nieuwe oplossing score van: -813 > -819, WO_20_V_Ast en WO_33_M_Ari zijn hiervoor gewisseld.
[2023-10-09 12:34:59,299] *kook_gang_optimizer* Bij iteratie: 12, Nieuwe oplossing score van: -801 > -813, WO_33 en WO_52 zijn hiervoor gewisseld.
[2023-10-09 12:34:59,678] *eet_gang_optimizer* Bij iteratie: 8, Nieuwe oplossing score van: -796 > -801, VW_3_V_Cla en WO_85_V_Fem zijn hiervoor gewisseld.
[2023-10-09 12:35:02,350] *kook_gang_optimizer* Bij iteratie: 67, Nieuwe oplossing score van: -794 > -796, WO_51 en WO_7 zijn hiervoor gewisseld.
[2023-10-09 12:35:03,062] *eet_gang_optimizer* Bij iteratie: 17, Nieuwe oplossing score van: -782 > -794, NEW_1_V_Eug en VW_62_V_Ale zijn hiervoor gewisseld.
[2023-10-09 12:35:03,235] *eet_gang_optimizer* Bij iteratie: 3, Nieuwe oplossing score van: -776 > -782, NEW_3_V_Mel en WO_50_M_Fli zijn hiervoor gewisseld.
[2023-10-09 12:35:03,297] *eet_gang_optimizer* Bij iteratie: 0, Nieuwe oplossing score van: -770 > -776, WO_45_M_Die en WO_57_V_May zijn hiervoor gewisseld.
[2023-10-09 12:35:04,009] *kook_gang_optimizer* Bij iteratie: 17, Nieuwe oplossing score van: -750 > -770, WO_32 en WO_38 zijn hiervoor gewisseld.
[2023-10-09 12:35:04,068] *eet_gang_optimizer* Bij iteratie: 0, Nieuwe oplossing score van: -732 > -750, VW_18_V_Yol en VW_39_V_Ann zijn hiervoor gewisseld.
[2023-10-09 12:35:04,198] *eet_gang_optimizer* Bij iteratie: 2, Nieuwe oplossing score van: -720 > -732, WO_38_V_Eek en WO_77_V_Maa zijn hiervoor gewisseld.
[2023-10-09 12:35:04,946] *eet_gang_optimizer* Bij iteratie: 18, Nieuwe oplossing score van: -708 > -720, VW_35_M_Roe en VW_46_V_Jor zijn hiervoor gewisseld.
[2023-10-09 12:35:05,383] *kook_gang_optimizer* Bij iteratie: 10, Nieuwe oplossing score van: -697 > -708, VW_13 en WO_21 zijn hiervoor gewisseld.
[2023-10-09 12:35:06,606] *kook_gang_optimizer* Bij iteratie: 31, Nieuwe oplossing score van: -687 > -697, WO_26 en WO_55 zijn hiervoor gewisseld.
[2023-10-09 12:35:07,693] *kook_gang_optimizer* Bij iteratie: 27, Nieuwe oplossing score van: -678 > -687, WO_49 en WO_77 zijn hiervoor gewisseld.
[2023-10-09 12:35:08,125] *kook_gang_optimizer* Bij iteratie: 10, Nieuwe oplossing score van: -676 > -678, VW_13 en VW_23 zijn hiervoor gewisseld.
[2023-10-09 12:35:10,196] *kook_gang_optimizer* Bij iteratie: 52, Nieuwe oplossing score van: -665 > -676, VW_46 en WO_27 zijn hiervoor gewisseld.
[2023-10-09 12:35:10,557] *kook_gang_optimizer* Bij iteratie: 8, Nieuwe oplossing score van: -654 > -665, WO_20 en WO_69 zijn hiervoor gewisseld.
[2023-10-09 12:35:10,686] *eet_gang_optimizer* Bij iteratie: 2, Nieuwe oplossing score van: -641 > -654, VW_3_M_Huu en WO_85_V_Fem zijn hiervoor gewisseld.
[2023-10-09 12:35:10,966] *eet_gang_optimizer* Bij iteratie: 6, Nieuwe oplossing score van: -640 > -641, VW_12_M_Pet en VW_15_M_Ger zijn hiervoor gewisseld.
[2023-10-09 12:35:12,550] *kook_gang_optimizer* Bij iteratie: 40, Nieuwe oplossing score van: -625 > -640, VW_13 en VW_39 zijn hiervoor gewisseld.
[2023-10-09 12:35:13,471] *kook_gang_optimizer* Bij iteratie: 23, Nieuwe oplossing score van: -623 > -625, VW_18 en WO_23 zijn hiervoor gewisseld.
[2023-10-09 12:35:13,922] *kook_gang_optimizer* Bij iteratie: 10, Nieuwe oplossing score van: -613 > -623, VW_25 en WO_40 zijn hiervoor gewisseld.
[2023-10-09 12:35:14,556] *kook_gang_optimizer* Bij iteratie: 15, Nieuwe oplossing score van: -612 > -613, VW_5 en WO_16 zijn hiervoor gewisseld.
[2023-10-09 12:35:15,060] *kook_gang_optimizer* Bij iteratie: 12, Nieuwe oplossing score van: -610 > -612, VW_23 en WO_36 zijn hiervoor gewisseld.
[2023-10-09 12:35:15,531] *eet_gang_optimizer* Bij iteratie: 11, Nieuwe oplossing score van: -608 > -610, VW_32_V_Wen en WO_33_V_Lou zijn hiervoor gewisseld.
[2023-10-09 12:35:17,602] *kook_gang_optimizer* Bij iteratie: 52, Nieuwe oplossing score van: -606 > -608, VW_12 en VW_25 zijn hiervoor gewisseld.
[2023-10-09 12:35:18,043] *eet_gang_optimizer* Bij iteratie: 10, Nieuwe oplossing score van: -591 > -606, VW_68_V_Mar en WO_87_V_Mad zijn hiervoor gewisseld.
[2023-10-09 12:35:19,142] *eet_gang_optimizer* Bij iteratie: 27, Nieuwe oplossing score van: -581 > -591, VW_31_M_Pau en VW_8_V_Let zijn hiervoor gewisseld.
[2023-10-09 12:35:21,047] *eet_gang_optimizer* Bij iteratie: 49, Nieuwe oplossing score van: -576 > -581, VW_5_M_Car en VW_9_M_Rob zijn hiervoor gewisseld.
[2023-10-09 12:35:21,512] *eet_gang_optimizer* Bij iteratie: 11, Nieuwe oplossing score van: -572 > -576, VW_35_V_Ros en WO_9_M_Phi zijn hiervoor gewisseld.
[2023-10-09 12:35:22,079] *kook_gang_optimizer* Bij iteratie: 13, Nieuwe oplossing score van: -570 > -572, VW_27 en VW_9 zijn hiervoor gewisseld.
[2023-10-09 12:35:22,674] *kook_gang_optimizer* Bij iteratie: 14, Nieuwe oplossing score van: -569 > -570, VW_9 en WO_16 zijn hiervoor gewisseld.
[2023-10-09 12:35:23,761] *kook_gang_optimizer* Bij iteratie: 26, Nieuwe oplossing score van: -558 > -569, VW_12 en WO_32 zijn hiervoor gewisseld.
[2023-10-09 12:35:24,315] *kook_gang_optimizer* Bij iteratie: 12, Nieuwe oplossing score van: -547 > -558, VW_15 en WO_32 zijn hiervoor gewisseld.
[2023-10-09 12:35:25,891] *eet_gang_optimizer* Bij iteratie: 38, Nieuwe oplossing score van: -546 > -547, NEW_3_V_Mel en WO_85_M_Wil zijn hiervoor gewisseld.
[2023-10-09 12:35:26,704] *eet_gang_optimizer* Bij iteratie: 20, Nieuwe oplossing score van: -545 > -546, VW_68_M_Chr en WO_79_V_Wie zijn hiervoor gewisseld.
[2023-10-09 12:35:26,760] *eet_gang_optimizer* Bij iteratie: 0, Nieuwe oplossing score van: -541 > -545, VW_13_M_Mar en VW_43_V_Sjo zijn hiervoor gewisseld.
[2023-10-09 12:35:29,955] *kook_gang_optimizer* Bij iteratie: 82, Nieuwe oplossing score van: -539 > -541, VW_12 en WO_36 zijn hiervoor gewisseld.
[2023-10-09 12:35:30,706] *kook_gang_optimizer* Bij iteratie: 18, Nieuwe oplossing score van: -536 > -539, VW_21 en WO_24 zijn hiervoor gewisseld.
[2023-10-09 12:35:32,834] *kook_gang_optimizer* Bij iteratie: 54, Nieuwe oplossing score van: -530 > -536, WO_24 en WO_81 zijn hiervoor gewisseld.
[2023-10-09 12:35:33,739] *eet_gang_optimizer* Bij iteratie: 22, Nieuwe oplossing score van: -523 > -530, WO_23_V_Mon en WO_26_V_Ver zijn hiervoor gewisseld.
[2023-10-09 12:35:34,970] *kook_gang_optimizer* Bij iteratie: 30, Nieuwe oplossing score van: -520 > -523, VW_57 en WO_36 zijn hiervoor gewisseld.
[2023-10-09 12:35:38,685] *kook_gang_optimizer* Bij iteratie: 95, Nieuwe oplossing score van: -519 > -520, WO_32 en WO_55 zijn hiervoor gewisseld.
[2023-10-09 12:35:39,154] *eet_gang_optimizer* Bij iteratie: 11, Nieuwe oplossing score van: -518 > -519, VW_25_V_Ano en WO_36_M_Hui zijn hiervoor gewisseld.
[2023-10-09 12:35:41,241] *eet_gang_optimizer* Bij iteratie: 54, Nieuwe oplossing score van: -510 > -518, VW_13_M_Mar en WO_21_V_Pau zijn hiervoor gewisseld.
[2023-10-09 12:35:43,501] *kook_gang_optimizer* Bij iteratie: 55, Nieuwe oplossing score van: -498 > -510, VW_33 en WO_55 zijn hiervoor gewisseld.
[2023-10-09 12:35:44,664] *eet_gang_optimizer* Bij iteratie: 29, Nieuwe oplossing score van: -497 > -498, VW_20_V_Ber en WO_51_V_Dia zijn hiervoor gewisseld.
[2023-10-09 12:35:47,315] *eet_gang_optimizer* Bij iteratie: 67, Nieuwe oplossing score van: -492 > -497, WO_20_V_Ast en WO_32_M_Ber zijn hiervoor gewisseld.
[2023-10-09 12:35:48,174] *kook_gang_optimizer* Bij iteratie: 21, Nieuwe oplossing score van: -486 > -492, VW_62 en WO_51 zijn hiervoor gewisseld.
[2023-10-09 12:35:50,395] *eet_gang_optimizer* Bij iteratie: 57, Nieuwe oplossing score van: -480 > -486, WO_16_M_Fre en WO_71_V_Mar zijn hiervoor gewisseld.
[2023-10-09 12:35:52,836] *kook_gang_optimizer* Bij iteratie: 62, Nieuwe oplossing score van: -470 > -480, VW_33 en WO_32 zijn hiervoor gewisseld.
[2023-10-09 12:35:54,307] *kook_gang_optimizer* Bij iteratie: 37, Nieuwe oplossing score van: -464 > -470, WO_13 en WO_71 zijn hiervoor gewisseld.
[2023-10-09 12:35:55,042] *eet_gang_optimizer* Bij iteratie: 18, Nieuwe oplossing score van: -462 > -464, WO_27_V_Mar en WO_45_V_Kar zijn hiervoor gewisseld.
[2023-10-09 12:35:55,553] *kook_gang_optimizer* Bij iteratie: 12, Nieuwe oplossing score van: -461 > -462, VW_46 en WO_27 zijn hiervoor gewisseld.
[2023-10-09 12:35:55,721] *eet_gang_optimizer* Bij iteratie: 3, Nieuwe oplossing score van: -455 > -461, WO_32a_V_Gem en WO_57_V_May zijn hiervoor gewisseld.
[2023-10-09 12:35:55,854] *eet_gang_optimizer* Bij iteratie: 2, Nieuwe oplossing score van: -443 > -455, WO_16_V_Lie en WO_51_V_Dia zijn hiervoor gewisseld.
[2023-10-09 12:35:56,922] *eet_gang_optimizer* Bij iteratie: 27, Nieuwe oplossing score van: -442 > -443, VW_15_V_Aim en WO_49_M_Joo zijn hiervoor gewisseld.
[2023-10-09 12:35:57,015] *eet_gang_optimizer* Bij iteratie: 1, Nieuwe oplossing score van: -441 > -442, WO_1_M_And en WO_51_M_Jan zijn hiervoor gewisseld.
[2023-10-09 12:35:57,750] *eet_gang_optimizer* Bij iteratie: 18, Nieuwe oplossing score van: -430 > -441, VW_18_M_Mic en VW_57_M_Lou zijn hiervoor gewisseld.
[2023-10-09 12:36:00,065] *eet_gang_optimizer* Bij iteratie: 59, Nieuwe oplossing score van: -426 > -430, VW_70_M_Bas en WO_79_M_Rob zijn hiervoor gewisseld.
