[2023-10-09 01:26:22,519] *kook_gang_optimizer* Bij iteratie: 0, Nieuwe oplossing score van: -1736 > -1744, WO_71 en WO_81 zijn hiervoor gewisseld.
[2023-10-09 01:26:22,632] *eet_gang_optimizer* Bij iteratie: 1, Nieuwe oplossing score van: -1712 > -1736, VW_43_M_Mar en WO_27_M_Dan zijn hiervoor gewisseld.
[2023-10-09 01:26:22,740] *kook_gang_optimizer* Bij iteratie: 1, Nieuwe oplossing score van: -1641 > -1712, VW_25 en VW_46 zijn hiervoor gewisseld.
[2023-10-09 01:26:23,004] *eet_gang_optimizer* Bij iteratie: 5, Nieuwe oplossing score van: -1637 > -1641, NEW_3_M_Rob en WO_40_V_Bir zijn hiervoor gewisseld.
[2023-10-09 01:26:23,239] *eet_gang_optimizer* Bij iteratie: 4, Nieuwe oplossing score van: -1631 > -1637, VW_3_V_Cla en WO_21_M_Han zijn hiervoor gewisseld.
[2023-10-09 01:26:23,691] *kook_gang_optimizer* Bij iteratie: 10, Nieuwe oplossing score van: -1616 > -1631, WO_13 en WO_16 zijn hiervoor gewisseld.
[2023-10-09 01:26:23,912] *eet_gang_optimizer* Bij iteratie: 4, Nieuwe oplossing score van: -1592 > -1616, VW_33_V_Tru en VW_46_V_Jor zijn hiervoor gewisseld.
[2023-10-09 01:26:24,074] *kook_gang_optimizer* Bij iteratie: 2, Nieuwe oplossing score van: -1544 > -1592, WO_33 en WO_7 zijn hiervoor gewisseld.
[2023-10-09 01:26:24,176] *kook_gang_optimizer* Bij iteratie: 1, Nieuwe oplossing score van: -1543 > -1544, WO_38 en WO_49 zijn hiervoor gewisseld.
[2023-10-09 01:26:24,310] *eet_gang_optimizer* Bij iteratie: 2, Nieuwe oplossing score van: -1515 > -1543, VW_32_V_Wen en WO_23_V_Mon zijn hiervoor gewisseld.
[2023-10-09 01:26:24,370] *kook_gang_optimizer* Bij iteratie: 0, Nieuwe oplossing score van: -1503 > -1515, VW_72 en WO_20 zijn hiervoor gewisseld.
[2023-10-09 01:26:24,439] *eet_gang_optimizer* Bij iteratie: 0, Nieuwe oplossing score van: -1479 > -1503, WO_32_M_Ber en WO_9_V_Ell zijn hiervoor gewisseld.
[2023-10-09 01:26:24,507] *kook_gang_optimizer* Bij iteratie: 0, Nieuwe oplossing score van: -1472 > -1479, WO_49 en WO_51 zijn hiervoor gewisseld.
[2023-10-09 01:26:25,138] *kook_gang_optimizer* Bij iteratie: 13, Nieuwe oplossing score van: -1469 > -1472, VW_13 en VW_31 zijn hiervoor gewisseld.
[2023-10-09 01:26:25,246] *eet_gang_optimizer* Bij iteratie: 1, Nieuwe oplossing score van: -1458 > -1469, VW_23_V_Ils en WO_41_M_Wim zijn hiervoor gewisseld.
[2023-10-09 01:26:25,644] *eet_gang_optimizer* Bij iteratie: 8, Nieuwe oplossing score van: -1440 > -1458, VW_62_M_Rob en WO_33_V_Lou zijn hiervoor gewisseld.
[2023-10-09 01:26:25,701] *kook_gang_optimizer* Bij iteratie: 0, Nieuwe oplossing score van: -1423 > -1440, VW_18 en WO_81 zijn hiervoor gewisseld.
[2023-10-09 01:26:25,804] *kook_gang_optimizer* Bij iteratie: 1, Nieuwe oplossing score van: -1422 > -1423, VW_70 en WO_27 zijn hiervoor gewisseld.
[2023-10-09 01:26:26,009] *eet_gang_optimizer* Bij iteratie: 3, Nieuwe oplossing score van: -1420 > -1422, WO_26_V_Ver en WO_61_V_Ger zijn hiervoor gewisseld.
[2023-10-09 01:26:26,086] *kook_gang_optimizer* Bij iteratie: 0, Nieuwe oplossing score van: -1385 > -1420, VW_12 en VW_15 zijn hiervoor gewisseld.
[2023-10-09 01:26:26,296] *eet_gang_optimizer* Bij iteratie: 4, Nieuwe oplossing score van: -1372 > -1385, VW_12_V_Sja en WO_75_V_Deb zijn hiervoor gewisseld.
[2023-10-09 01:26:26,760] *kook_gang_optimizer* Bij iteratie: 9, Nieuwe oplossing score van: -1345 > -1372, VW_57 en WO_26 zijn hiervoor gewisseld.
[2023-10-09 01:26:26,855] *eet_gang_optimizer* Bij iteratie: 1, Nieuwe oplossing score van: -1343 > -1345, NEW_3_V_Mel en VW_20_M_Wil zijn hiervoor gewisseld.
[2023-10-09 01:26:27,032] *eet_gang_optimizer* Bij iteratie: 2, Nieuwe oplossing score van: -1331 > -1343, VW_23_V_Ils en VW_70_M_Bas zijn hiervoor gewisseld.
[2023-10-09 01:26:27,174] *eet_gang_optimizer* Bij iteratie: 1, Nieuwe oplossing score van: -1307 > -1331, VW_20_V_Ber en WO_40_V_Bir zijn hiervoor gewisseld.
[2023-10-09 01:26:27,355] *eet_gang_optimizer* Bij iteratie: 2, Nieuwe oplossing score van: -1289 > -1307, VW_5_M_Car en VW_70_V_Cha zijn hiervoor gewisseld.
[2023-10-09 01:26:27,417] *kook_gang_optimizer* Bij iteratie: 0, Nieuwe oplossing score van: -1283 > -1289, WO_16 en WO_49 zijn hiervoor gewisseld.
[2023-10-09 01:26:28,000] *eet_gang_optimizer* Bij iteratie: 12, Nieuwe oplossing score van: -1271 > -1283, VW_35_M_Roe en VW_62_V_Ale zijn hiervoor gewisseld.
[2023-10-09 01:26:28,697] *kook_gang_optimizer* Bij iteratie: 14, Nieuwe oplossing score van: -1269 > -1271, VW_70 en WO_85 zijn hiervoor gewisseld.
[2023-10-09 01:26:28,796] *kook_gang_optimizer* Bij iteratie: 1, Nieuwe oplossing score van: -1257 > -1269, VW_72 en WO_55 zijn hiervoor gewisseld.
[2023-10-09 01:26:29,147] *kook_gang_optimizer* Bij iteratie: 7, Nieuwe oplossing score van: -1252 > -1257, VW_32 en WO_40 zijn hiervoor gewisseld.
[2023-10-09 01:26:29,276] *kook_gang_optimizer* Bij iteratie: 1, Nieuwe oplossing score van: -1251 > -1252, WO_49 en WO_79 zijn hiervoor gewisseld.
[2023-10-09 01:26:29,465] *eet_gang_optimizer* Bij iteratie: 3, Nieuwe oplossing score van: -1245 > -1251, VW_12_M_Pet en VW_57_M_Lou zijn hiervoor gewisseld.
[2023-10-09 01:26:29,538] *eet_gang_optimizer* Bij iteratie: 0, Nieuwe oplossing score van: -1231 > -1245, VW_62_V_Ale en WO_45_M_Die zijn hiervoor gewisseld.
[2023-10-09 01:26:29,597] *kook_gang_optimizer* Bij iteratie: 0, Nieuwe oplossing score van: -1226 > -1231, WO_20 en WO_38 zijn hiervoor gewisseld.
[2023-10-09 01:26:29,951] *eet_gang_optimizer* Bij iteratie: 6, Nieuwe oplossing score van: -1211 > -1226, VW_15_V_Aim en WO_79_V_Wie zijn hiervoor gewisseld.
[2023-10-09 01:26:30,013] *eet_gang_optimizer* Bij iteratie: 0, Nieuwe oplossing score van: -1204 > -1211, VW_51_V_Eli en WO_53_M_Ola zijn hiervoor gewisseld.
[2023-10-09 01:26:30,393] *eet_gang_optimizer* Bij iteratie: 7, Nieuwe oplossing score van: -1203 > -1204, WO_1_M_And en WO_69_V_Ant zijn hiervoor gewisseld.
[2023-10-09 01:26:31,051] *eet_gang_optimizer* Bij iteratie: 14, Nieuwe oplossing score van: -1197 > -1203, VW_27_M_Luc en VW_35_V_Ros zijn hiervoor gewisseld.
[2023-10-09 01:26:31,479] *eet_gang_optimizer* Bij iteratie: 8, Nieuwe oplossing score van: -1179 > -1197, WO_49_M_Joo en WO_57_V_May zijn hiervoor gewisseld.
[2023-10-09 01:26:31,542] *eet_gang_optimizer* Bij iteratie: 0, Nieuwe oplossing score van: -1166 > -1179, VW_46_V_Jor en WO_27_M_Dan zijn hiervoor gewisseld.
[2023-10-09 01:26:31,608] *eet_gang_optimizer* Bij iteratie: 0, Nieuwe oplossing score van: -1154 > -1166, VW_31_M_Pau en VW_5_V_Jud zijn hiervoor gewisseld.
[2023-10-09 01:26:31,858] *kook_gang_optimizer* Bij iteratie: 4, Nieuwe oplossing score van: -1148 > -1154, WO_26 en WO_33 zijn hiervoor gewisseld.
[2023-10-09 01:26:31,929] *eet_gang_optimizer* Bij iteratie: 0, Nieuwe oplossing score van: -1142 > -1148, WO_53_M_Ola en WO_71_M_Kar zijn hiervoor gewisseld.
[2023-10-09 01:26:32,353] *eet_gang_optimizer* Bij iteratie: 9, Nieuwe oplossing score van: -1105 > -1142, VW_18_V_Yol en VW_39_M_Bar zijn hiervoor gewisseld.
[2023-10-09 01:26:32,661] *kook_gang_optimizer* Bij iteratie: 6, Nieuwe oplossing score van: -1075 > -1105, VW_5 en VW_70 zijn hiervoor gewisseld.
[2023-10-09 01:26:32,717] *kook_gang_optimizer* Bij iteratie: 0, Nieuwe oplossing score van: -1069 > -1075, VW_72 en WO_52 zijn hiervoor gewisseld.
[2023-10-09 01:26:32,782] *eet_gang_optimizer* Bij iteratie: 0, Nieuwe oplossing score van: -1045 > -1069, VW_51_V_Eli en WO_32a_M_Too zijn hiervoor gewisseld.
[2023-10-09 01:26:32,839] *eet_gang_optimizer* Bij iteratie: 0, Nieuwe oplossing score van: -1031 > -1045, VW_21_M_Koo en VW_62_M_Rob zijn hiervoor gewisseld.
[2023-10-09 01:26:33,188] *eet_gang_optimizer* Bij iteratie: 7, Nieuwe oplossing score van: -1029 > -1031, VW_25_V_Ano en VW_68_M_Chr zijn hiervoor gewisseld.
[2023-10-09 01:26:33,334] *eet_gang_optimizer* Bij iteratie: 2, Nieuwe oplossing score van: -1017 > -1029, VW_51_V_Eli en WO_33_V_Lou zijn hiervoor gewisseld.
