[2023-10-06 21:59:04,432] *eet_gang_optimizer* Bij iteratie: 2, Nieuwe oplossing score van: -2060 > -2076, VW_62_V_Ale en WO_79_M_Rob zijn hiervoor gewisselt.
[2023-10-06 21:59:04,539] *kook_gang_optimizer* Bij iteratie: 2, Nieuwe oplossing score van: -2052 > -2060, VW_43 en VW_51 zijn hiervoor gewisselt.
[2023-10-06 21:59:04,610] *kook_gang_optimizer* Bij iteratie: 1, Nieuwe oplossing score van: -2022 > -2052, WO_51 en WO_52 zijn hiervoor gewisselt.
[2023-10-06 21:59:04,681] *kook_gang_optimizer* Bij iteratie: 1, Nieuwe oplossing score van: -2002 > -2022, VW_39 en WO_32 zijn hiervoor gewisselt.
[2023-10-06 21:59:04,755] *eet_gang_optimizer* Bij iteratie: 0, Nieuwe oplossing score van: -1965 > -2002, VW_46_V_Jor en WO_1_M_And zijn hiervoor gewisselt.
[2023-10-06 21:59:04,794] *eet_gang_optimizer* Bij iteratie: 0, Nieuwe oplossing score van: -1947 > -1965, VW_33_V_Het en WO_27_M_Dan zijn hiervoor gewisselt.
[2023-10-06 21:59:04,832] *kook_gang_optimizer* Bij iteratie: 0, Nieuwe oplossing score van: -1943 > -1947, WO_24 en WO_85 zijn hiervoor gewisselt.
[2023-10-06 21:59:05,046] *eet_gang_optimizer* Bij iteratie: 1, Nieuwe oplossing score van: -1942 > -1943, WO_23_V_Mon en WO_40_V_Mar zijn hiervoor gewisselt.
[2023-10-06 21:59:05,225] *kook_gang_optimizer* Bij iteratie: 4, Nieuwe oplossing score van: -1935 > -1942, WO_50 en WO_85 zijn hiervoor gewisselt.
[2023-10-06 21:59:05,335] *eet_gang_optimizer* Bij iteratie: 0, Nieuwe oplossing score van: -1904 > -1935, WO_69_V_Ant en WO_77_M_Twa zijn hiervoor gewisselt.
[2023-10-06 21:59:05,466] *kook_gang_optimizer* Bij iteratie: 2, Nieuwe oplossing score van: -1856 > -1904, VW_12 en VW_5 zijn hiervoor gewisselt.
[2023-10-06 21:59:05,646] *kook_gang_optimizer* Bij iteratie: 4, Nieuwe oplossing score van: -1818 > -1856, WO_40 en WO_81 zijn hiervoor gewisselt.
[2023-10-06 21:59:05,900] *eet_gang_optimizer* Bij iteratie: 2, Nieuwe oplossing score van: -1812 > -1818, VW_8_V_Let en WO_61_V_Ger zijn hiervoor gewisselt.
[2023-10-06 21:59:06,012] *eet_gang_optimizer* Bij iteratie: 0, Nieuwe oplossing score van: -1799 > -1812, VW_5_V_Jud en WO_16_V_Lie zijn hiervoor gewisselt.
[2023-10-06 21:59:06,087] *eet_gang_optimizer* Bij iteratie: 0, Nieuwe oplossing score van: -1778 > -1799, WO_71_M_Kar en WO_77_V_Maa zijn hiervoor gewisselt.
[2023-10-06 21:59:06,123] *kook_gang_optimizer* Bij iteratie: 0, Nieuwe oplossing score van: -1705 > -1778, VW_27 en WO_26 zijn hiervoor gewisselt.
[2023-10-06 21:59:06,476] *kook_gang_optimizer* Bij iteratie: 9, Nieuwe oplossing score van: -1698 > -1705, VW_5 en WO_41 zijn hiervoor gewisselt.
[2023-10-06 21:59:06,515] *eet_gang_optimizer* Bij iteratie: 0, Nieuwe oplossing score van: -1636 > -1698, VW_70_V_Cha en WO_87_V_Mad zijn hiervoor gewisselt.
[2023-10-06 21:59:06,952] *eet_gang_optimizer* Bij iteratie: 3, Nieuwe oplossing score van: -1617 > -1636, VW_15_V_Aim en VW_6_V_Len zijn hiervoor gewisselt.
[2023-10-06 21:59:07,031] *eet_gang_optimizer* Bij iteratie: 0, Nieuwe oplossing score van: -1610 > -1617, VW_27_M_Luc en WO_23_V_Mon zijn hiervoor gewisselt.
[2023-10-06 21:59:07,153] *eet_gang_optimizer* Bij iteratie: 0, Nieuwe oplossing score van: -1563 > -1610, VW_18_V_Yol en VW_23_V_Ils zijn hiervoor gewisselt.
[2023-10-06 21:59:07,227] *eet_gang_optimizer* Bij iteratie: 0, Nieuwe oplossing score van: -1560 > -1563, VW_51_M_Coe en WO_51_V_Dia zijn hiervoor gewisselt.
[2023-10-06 21:59:07,407] *eet_gang_optimizer* Bij iteratie: 1, Nieuwe oplossing score van: -1547 > -1560, VW_43_V_Sjo en WO_13_V_Sim zijn hiervoor gewisselt.
[2023-10-06 21:59:07,480] *eet_gang_optimizer* Bij iteratie: 0, Nieuwe oplossing score van: -1516 > -1547, WO_38_V_Eek en WO_71_V_Mar zijn hiervoor gewisselt.
[2023-10-06 21:59:07,555] *eet_gang_optimizer* Bij iteratie: 0, Nieuwe oplossing score van: -1487 > -1516, VW_15_V_Aim en WO_20_V_Ast zijn hiervoor gewisselt.
[2023-10-06 21:59:07,597] *eet_gang_optimizer* Bij iteratie: 0, Nieuwe oplossing score van: -1442 > -1487, WO_45_M_Die en WO_53_M_Ola zijn hiervoor gewisselt.
[2023-10-06 21:59:07,883] *eet_gang_optimizer* Bij iteratie: 2, Nieuwe oplossing score van: -1425 > -1442, WO_16_V_Lie en WO_85_M_Wil zijn hiervoor gewisselt.
[2023-10-06 21:59:08,101] *eet_gang_optimizer* Bij iteratie: 1, Nieuwe oplossing score van: -1424 > -1425, WO_13_M_Lau en WO_26_M_Rod zijn hiervoor gewisselt.
[2023-10-06 21:59:08,176] *eet_gang_optimizer* Bij iteratie: 0, Nieuwe oplossing score van: -1413 > -1424, WO_16_V_Lie en WO_21_V_Pau zijn hiervoor gewisselt.
[2023-10-06 21:59:08,283] *kook_gang_optimizer* Bij iteratie: 2, Nieuwe oplossing score van: -1404 > -1413, WO_40 en WO_49 zijn hiervoor gewisselt.
[2023-10-06 21:59:08,356] *kook_gang_optimizer* Bij iteratie: 1, Nieuwe oplossing score van: -1391 > -1404, VW_39 en WO_69 zijn hiervoor gewisselt.
[2023-10-06 21:59:08,469] *eet_gang_optimizer* Bij iteratie: 0, Nieuwe oplossing score van: -1386 > -1391, WO_41_M_Wim en WO_77_V_Maa zijn hiervoor gewisselt.
[2023-10-06 21:59:08,508] *eet_gang_optimizer* Bij iteratie: 0, Nieuwe oplossing score van: -1373 > -1386, NEW_3_V_Mel en WO_41_V_Ann zijn hiervoor gewisselt.
[2023-10-06 21:59:08,756] *kook_gang_optimizer* Bij iteratie: 6, Nieuwe oplossing score van: -1349 > -1373, VW_57 en WO_21 zijn hiervoor gewisselt.
[2023-10-06 21:59:09,195] *kook_gang_optimizer* Bij iteratie: 11, Nieuwe oplossing score van: -1324 > -1349, VW_8 en WO_13 zijn hiervoor gewisselt.
[2023-10-06 21:59:09,519] *kook_gang_optimizer* Bij iteratie: 8, Nieuwe oplossing score van: -1276 > -1324, WO_24 en WO_27 zijn hiervoor gewisselt.
[2023-10-06 21:59:10,089] *kook_gang_optimizer* Bij iteratie: 15, Nieuwe oplossing score van: -1272 > -1276, VW_5 en VW_57 zijn hiervoor gewisselt.
[2023-10-06 21:59:10,745] *eet_gang_optimizer* Bij iteratie: 5, Nieuwe oplossing score van: -1253 > -1272, VW_43_V_Sjo en WO_61_M_Ren zijn hiervoor gewisselt.
[2023-10-06 21:59:10,784] *eet_gang_optimizer* Bij iteratie: 0, Nieuwe oplossing score van: -1234 > -1253, WO_32a_V_Gem en WO_9_M_Phi zijn hiervoor gewisselt.
[2023-10-06 21:59:10,929] *eet_gang_optimizer* Bij iteratie: 1, Nieuwe oplossing score van: -1216 > -1234, VW_35_M_Roe en VW_9_V_Rie zijn hiervoor gewisselt.
[2023-10-06 21:59:11,004] *eet_gang_optimizer* Bij iteratie: 0, Nieuwe oplossing score van: -1210 > -1216, VW_32_V_Wen en WO_50_M_Fli zijn hiervoor gewisselt.
[2023-10-06 21:59:11,254] *eet_gang_optimizer* Bij iteratie: 2, Nieuwe oplossing score van: -1198 > -1210, VW_21_V_Ale en VW_33_V_Het zijn hiervoor gewisselt.
[2023-10-06 21:59:11,292] *kook_gang_optimizer* Bij iteratie: 0, Nieuwe oplossing score van: -1191 > -1198, WO_45 en WO_81 zijn hiervoor gewisselt.
[2023-10-06 21:59:11,757] *eet_gang_optimizer* Bij iteratie: 4, Nieuwe oplossing score van: -1166 > -1191, WO_51_V_Dia en WO_53_M_Ola zijn hiervoor gewisselt.
[2023-10-06 21:59:12,113] *kook_gang_optimizer* Bij iteratie: 9, Nieuwe oplossing score van: -1146 > -1166, WO_81 en WO_85 zijn hiervoor gewisselt.
[2023-10-06 21:59:12,222] *kook_gang_optimizer* Bij iteratie: 2, Nieuwe oplossing score van: -1143 > -1146, VW_18 en WO_85 zijn hiervoor gewisselt.
[2023-10-06 21:59:13,522] *kook_gang_optimizer* Bij iteratie: 35, Nieuwe oplossing score van: -1113 > -1143, WO_61 en WO_7 zijn hiervoor gewisselt.
[2023-10-06 21:59:13,561] *eet_gang_optimizer* Bij iteratie: 0, Nieuwe oplossing score van: -1112 > -1113, WO_26_V_Ver en WO_41_V_Ann zijn hiervoor gewisselt.
[2023-10-06 21:59:13,939] *kook_gang_optimizer* Bij iteratie: 9, Nieuwe oplossing score van: -1103 > -1112, VW_20 en WO_61 zijn hiervoor gewisselt.
[2023-10-06 21:59:14,014] *kook_gang_optimizer* Bij iteratie: 1, Nieuwe oplossing score van: -1045 > -1103, VW_57 en WO_7 zijn hiervoor gewisselt.
[2023-10-06 21:59:14,843] *kook_gang_optimizer* Bij iteratie: 22, Nieuwe oplossing score van: -1039 > -1045, WO_61 en WO_81 zijn hiervoor gewisselt.
[2023-10-06 21:59:14,884] *kook_gang_optimizer* Bij iteratie: 0, Nieuwe oplossing score van: -1027 > -1039, VW_31 en WO_55 zijn hiervoor gewisselt.
[2023-10-06 21:59:15,101] *kook_gang_optimizer* Bij iteratie: 5, Nieuwe oplossing score van: -1016 > -1027, VW_51 en WO_23 zijn hiervoor gewisselt.
[2023-10-06 21:59:15,388] *eet_gang_optimizer* Bij iteratie: 2, Nieuwe oplossing score van: -1005 > -1016, WO_11_M_Bas en WO_69_V_Ant zijn hiervoor gewisselt.
[2023-10-06 21:59:15,503] *eet_gang_optimizer* Bij iteratie: 0, Nieuwe oplossing score van: -995 > -1005, VW_32_V_Wen en WO_26_V_Ver zijn hiervoor gewisselt.
[2023-10-06 21:59:15,588] *kook_gang_optimizer* Bij iteratie: 1, Nieuwe oplossing score van: -981 > -995, VW_57 en WO_53 zijn hiervoor gewisselt.
[2023-10-06 21:59:16,159] *eet_gang_optimizer* Bij iteratie: 5, Nieuwe oplossing score van: -967 > -981, VW_68_M_Chr en WO_69_V_Ant zijn hiervoor gewisselt.
[2023-10-06 21:59:16,198] *eet_gang_optimizer* Bij iteratie: 0, Nieuwe oplossing score van: -961 > -967, VW_9_V_Rie en WO_52_V_Eli zijn hiervoor gewisselt.
[2023-10-06 21:59:16,275] *eet_gang_optimizer* Bij iteratie: 0, Nieuwe oplossing score van: -948 > -961, WO_16_M_Fre en WO_21_V_Pau zijn hiervoor gewisselt.
[2023-10-06 21:59:16,389] *eet_gang_optimizer* Bij iteratie: 0, Nieuwe oplossing score van: -947 > -948, WO_24_M_Ray en WO_24_V_Jea zijn hiervoor gewisselt.
[2023-10-06 21:59:16,639] *kook_gang_optimizer* Bij iteratie: 6, Nieuwe oplossing score van: -918 > -947, VW_31 en WO_45 zijn hiervoor gewisselt.
[2023-10-06 21:59:17,257] *eet_gang_optimizer* Bij iteratie: 5, Nieuwe oplossing score van: -911 > -918, VW_32_V_Wen en WO_79_V_Wie zijn hiervoor gewisselt.
[2023-10-06 21:59:17,402] *kook_gang_optimizer* Bij iteratie: 3, Nieuwe oplossing score van: -897 > -911, VW_12 en WO_21 zijn hiervoor gewisselt.
[2023-10-06 21:59:18,657] *eet_gang_optimizer* Bij iteratie: 11, Nieuwe oplossing score van: -892 > -897, VW_72_V_Len en WO_1_M_And zijn hiervoor gewisselt.
[2023-10-06 21:59:19,240] *kook_gang_optimizer* Bij iteratie: 15, Nieuwe oplossing score van: -887 > -892, VW_18 en VW_72 zijn hiervoor gewisselt.
[2023-10-06 21:59:19,456] *kook_gang_optimizer* Bij iteratie: 5, Nieuwe oplossing score van: -882 > -887, VW_25 en VW_51 zijn hiervoor gewisselt.
[2023-10-06 21:59:24,168] *kook_gang_optimizer* Bij iteratie: 130, Nieuwe oplossing score van: -879 > -882, VW_39 en WO_51 zijn hiervoor gewisselt.
[2023-10-06 21:59:25,317] *eet_gang_optimizer* Bij iteratie: 11, Nieuwe oplossing score van: -878 > -879, WO_36_V_Ren en WO_41_M_Wim zijn hiervoor gewisselt.
[2023-10-06 21:59:26,691] *eet_gang_optimizer* Bij iteratie: 13, Nieuwe oplossing score van: -865 > -878, VW_70_M_Bas en WO_23_V_Mon zijn hiervoor gewisselt.
[2023-10-06 21:59:27,006] *eet_gang_optimizer* Bij iteratie: 2, Nieuwe oplossing score van: -863 > -865, VW_31_M_Pau en VW_32_M_Mic zijn hiervoor gewisselt.
[2023-10-06 21:59:27,043] *eet_gang_optimizer* Bij iteratie: 0, Nieuwe oplossing score van: -859 > -863, VW_39_M_Bar en WO_32a_M_Too zijn hiervoor gewisselt.
[2023-10-06 21:59:28,090] *kook_gang_optimizer* Bij iteratie: 29, Nieuwe oplossing score van: -852 > -859, WO_1 en WO_20 zijn hiervoor gewisselt.
[2023-10-06 21:59:28,508] *eet_gang_optimizer* Bij iteratie: 3, Nieuwe oplossing score van: -840 > -852, VW_20_M_Wil en WO_45_M_Die zijn hiervoor gewisselt.
[2023-10-06 21:59:29,244] *kook_gang_optimizer* Bij iteratie: 21, Nieuwe oplossing score van: -834 > -840, VW_32 en WO_41 zijn hiervoor gewisselt.
[2023-10-06 21:59:30,713] *kook_gang_optimizer* Bij iteratie: 42, Nieuwe oplossing score van: -822 > -834, VW_23 en VW_39 zijn hiervoor gewisselt.
[2023-10-06 21:59:30,968] *eet_gang_optimizer* Bij iteratie: 2, Nieuwe oplossing score van: -810 > -822, VW_18_V_Yol en WO_75_V_Deb zijn hiervoor gewisselt.
[2023-10-06 21:59:32,239] *kook_gang_optimizer* Bij iteratie: 36, Nieuwe oplossing score van: -794 > -810, WO_27 en WO_52 zijn hiervoor gewisselt.
[2023-10-06 21:59:32,318] *eet_gang_optimizer* Bij iteratie: 0, Nieuwe oplossing score van: -789 > -794, VW_5_M_Car en WO_50_V_Nic zijn hiervoor gewisselt.
[2023-10-06 21:59:33,381] *kook_gang_optimizer* Bij iteratie: 27, Nieuwe oplossing score van: -778 > -789, VW_31 en VW_70 zijn hiervoor gewisselt.
[2023-10-06 21:59:33,723] *eet_gang_optimizer* Bij iteratie: 2, Nieuwe oplossing score van: -777 > -778, VW_5_V_Jud en WO_85_M_Wil zijn hiervoor gewisselt.
[2023-10-06 21:59:34,005] *eet_gang_optimizer* Bij iteratie: 2, Nieuwe oplossing score van: -759 > -777, VW_72_V_Len en WO_81_V_Jan zijn hiervoor gewisselt.
[2023-10-06 21:59:34,218] *kook_gang_optimizer* Bij iteratie: 5, Nieuwe oplossing score van: -758 > -759, VW_3 en VW_51 zijn hiervoor gewisselt.
[2023-10-06 21:59:36,169] *kook_gang_optimizer* Bij iteratie: 55, Nieuwe oplossing score van: -729 > -758, VW_21 en WO_41 zijn hiervoor gewisselt.
