[2023-10-07 13:21:01,881] *eet_gang_optimizer* Bij iteratie: 0, Nieuwe oplossing score van: -1774 > -1792, VW_31_V_Jan en WO_32a_M_Too zijn hiervoor gewisselt.
[2023-10-07 13:21:01,991] *kook_gang_optimizer* Bij iteratie: 2, Nieuwe oplossing score van: -1761 > -1774, VW_18 en WO_26 zijn hiervoor gewisselt.
[2023-10-07 13:21:02,031] *kook_gang_optimizer* Bij iteratie: 0, Nieuwe oplossing score van: -1748 > -1761, WO_26 en WO_33 zijn hiervoor gewisselt.
[2023-10-07 13:21:02,187] *eet_gang_optimizer* Bij iteratie: 1, Nieuwe oplossing score van: -1736 > -1748, WO_53_V_Pat en WO_9_M_Phi zijn hiervoor gewisselt.
[2023-10-07 13:21:02,229] *eet_gang_optimizer* Bij iteratie: 0, Nieuwe oplossing score van: -1724 > -1736, WO_32a_M_Too en WO_49_V_Van zijn hiervoor gewisselt.
[2023-10-07 13:21:02,271] *eet_gang_optimizer* Bij iteratie: 0, Nieuwe oplossing score van: -1695 > -1724, VW_13_M_Mar en WO_52_V_Eli zijn hiervoor gewisselt.
[2023-10-07 13:21:02,391] *kook_gang_optimizer* Bij iteratie: 2, Nieuwe oplossing score van: -1671 > -1695, WO_49 en WO_77 zijn hiervoor gewisselt.
[2023-10-07 13:21:02,503] *kook_gang_optimizer* Bij iteratie: 2, Nieuwe oplossing score van: -1645 > -1671, WO_21 en WO_85 zijn hiervoor gewisselt.
[2023-10-07 13:21:02,617] *kook_gang_optimizer* Bij iteratie: 2, Nieuwe oplossing score van: -1610 > -1645, VW_21 en VW_32 zijn hiervoor gewisselt.
[2023-10-07 13:21:02,696] *eet_gang_optimizer* Bij iteratie: 0, Nieuwe oplossing score van: -1580 > -1610, VW_27_M_Luc en WO_9_V_Ell zijn hiervoor gewisselt.
[2023-10-07 13:21:02,881] *kook_gang_optimizer* Bij iteratie: 4, Nieuwe oplossing score van: -1563 > -1580, VW_23 en VW_8 zijn hiervoor gewisselt.
[2023-10-07 13:21:02,918] *kook_gang_optimizer* Bij iteratie: 0, Nieuwe oplossing score van: -1539 > -1563, VW_25 en VW_3 zijn hiervoor gewisselt.
[2023-10-07 13:21:03,065] *kook_gang_optimizer* Bij iteratie: 3, Nieuwe oplossing score van: -1521 > -1539, VW_20 en WO_51 zijn hiervoor gewisselt.
[2023-10-07 13:21:03,104] *eet_gang_optimizer* Bij iteratie: 0, Nieuwe oplossing score van: -1496 > -1521, VW_18_M_Mic en VW_70_M_Bas zijn hiervoor gewisselt.
[2023-10-07 13:21:03,229] *eet_gang_optimizer* Bij iteratie: 0, Nieuwe oplossing score van: -1483 > -1496, VW_21_M_Koo en WO_33_M_Ari zijn hiervoor gewisselt.
[2023-10-07 13:21:03,303] *kook_gang_optimizer* Bij iteratie: 1, Nieuwe oplossing score van: -1465 > -1483, VW_35 en WO_40 zijn hiervoor gewisselt.
[2023-10-07 13:21:03,344] *eet_gang_optimizer* Bij iteratie: 0, Nieuwe oplossing score van: -1452 > -1465, VW_70_V_Cha en WO_38_V_Eek zijn hiervoor gewisselt.
[2023-10-07 13:21:03,493] *kook_gang_optimizer* Bij iteratie: 3, Nieuwe oplossing score van: -1451 > -1452, VW_18 en VW_62 zijn hiervoor gewisselt.
[2023-10-07 13:21:03,611] *eet_gang_optimizer* Bij iteratie: 0, Nieuwe oplossing score van: -1429 > -1451, WO_32_M_Ber en WO_33_V_Lou zijn hiervoor gewisselt.
[2023-10-07 13:21:03,870] *eet_gang_optimizer* Bij iteratie: 2, Nieuwe oplossing score van: -1415 > -1429, VW_51_V_Eli en WO_49_M_Joo zijn hiervoor gewisselt.
[2023-10-07 13:21:04,059] *kook_gang_optimizer* Bij iteratie: 4, Nieuwe oplossing score van: -1390 > -1415, VW_12 en VW_70 zijn hiervoor gewisselt.
[2023-10-07 13:21:04,135] *kook_gang_optimizer* Bij iteratie: 1, Nieuwe oplossing score van: -1382 > -1390, VW_23 en WO_40 zijn hiervoor gewisselt.
[2023-10-07 13:21:04,177] *eet_gang_optimizer* Bij iteratie: 0, Nieuwe oplossing score van: -1381 > -1382, VW_68_V_Mar en WO_24_M_Ray zijn hiervoor gewisselt.
[2023-10-07 13:21:04,214] *kook_gang_optimizer* Bij iteratie: 0, Nieuwe oplossing score van: -1369 > -1381, WO_1 en WO_21 zijn hiervoor gewisselt.
[2023-10-07 13:21:04,329] *eet_gang_optimizer* Bij iteratie: 0, Nieuwe oplossing score van: -1345 > -1369, VW_12_M_Pet en VW_9_V_Rie zijn hiervoor gewisselt.
[2023-10-07 13:21:04,368] *eet_gang_optimizer* Bij iteratie: 0, Nieuwe oplossing score van: -1339 > -1345, VW_68_V_Mar en WO_61_M_Ren zijn hiervoor gewisselt.
[2023-10-07 13:21:04,637] *kook_gang_optimizer* Bij iteratie: 6, Nieuwe oplossing score van: -1327 > -1339, WO_50 en WO_55 zijn hiervoor gewisselt.
[2023-10-07 13:21:04,860] *kook_gang_optimizer* Bij iteratie: 5, Nieuwe oplossing score van: -1305 > -1327, VW_18 en WO_61 zijn hiervoor gewisselt.
[2023-10-07 13:21:04,936] *kook_gang_optimizer* Bij iteratie: 1, Nieuwe oplossing score van: -1299 > -1305, VW_72 en WO_61 zijn hiervoor gewisselt.
[2023-10-07 13:21:04,975] *kook_gang_optimizer* Bij iteratie: 0, Nieuwe oplossing score van: -1293 > -1299, WO_16 en WO_20 zijn hiervoor gewisselt.
[2023-10-07 13:21:05,780] *eet_gang_optimizer* Bij iteratie: 6, Nieuwe oplossing score van: -1258 > -1293, VW_18_V_Yol en VW_9_M_Rob zijn hiervoor gewisselt.
[2023-10-07 13:21:05,857] *eet_gang_optimizer* Bij iteratie: 0, Nieuwe oplossing score van: -1242 > -1258, VW_43_M_Mar en WO_87_V_Mad zijn hiervoor gewisselt.
[2023-10-07 13:21:06,046] *kook_gang_optimizer* Bij iteratie: 4, Nieuwe oplossing score van: -1219 > -1242, WO_36 en WO_77 zijn hiervoor gewisselt.
[2023-10-07 13:21:07,215] *eet_gang_optimizer* Bij iteratie: 9, Nieuwe oplossing score van: -1216 > -1219, WO_77_V_Maa en WO_87_V_Mad zijn hiervoor gewisselt.
[2023-10-07 13:21:07,440] *kook_gang_optimizer* Bij iteratie: 5, Nieuwe oplossing score van: -1201 > -1216, WO_51 en WO_52 zijn hiervoor gewisselt.
[2023-10-07 13:21:07,742] *eet_gang_optimizer* Bij iteratie: 2, Nieuwe oplossing score van: -1182 > -1201, VW_20_M_Wil en WO_41_V_Ann zijn hiervoor gewisselt.
[2023-10-07 13:21:08,992] *kook_gang_optimizer* Bij iteratie: 33, Nieuwe oplossing score van: -1134 > -1182, VW_27 en WO_7 zijn hiervoor gewisselt.
[2023-10-07 13:21:09,470] *eet_gang_optimizer* Bij iteratie: 4, Nieuwe oplossing score van: -1129 > -1134, WO_32a_M_Too en WO_45_M_Die zijn hiervoor gewisselt.
[2023-10-07 13:21:09,653] *kook_gang_optimizer* Bij iteratie: 4, Nieuwe oplossing score van: -1112 > -1129, WO_38 en WO_85 zijn hiervoor gewisselt.
[2023-10-07 13:21:09,890] *kook_gang_optimizer* Bij iteratie: 5, Nieuwe oplossing score van: -1101 > -1112, WO_20 en WO_87 zijn hiervoor gewisselt.
[2023-10-07 13:21:09,930] *eet_gang_optimizer* Bij iteratie: 0, Nieuwe oplossing score van: -1089 > -1101, VW_68_M_Chr en WO_87_V_Mad zijn hiervoor gewisselt.
[2023-10-07 13:21:10,078] *eet_gang_optimizer* Bij iteratie: 1, Nieuwe oplossing score van: -1088 > -1089, VW_25_V_Ano en WO_40_V_Bir zijn hiervoor gewisselt.
[2023-10-07 13:21:10,152] *kook_gang_optimizer* Bij iteratie: 1, Nieuwe oplossing score van: -1063 > -1088, WO_36 en WO_40 zijn hiervoor gewisselt.
[2023-10-07 13:21:10,429] *eet_gang_optimizer* Bij iteratie: 2, Nieuwe oplossing score van: -1036 > -1063, VW_15_M_Ger en WO_85_V_Fem zijn hiervoor gewisselt.
[2023-10-07 13:21:11,408] *eet_gang_optimizer* Bij iteratie: 8, Nieuwe oplossing score van: -1029 > -1036, VW_31_M_Pau en WO_36_V_Ren zijn hiervoor gewisselt.
[2023-10-07 13:21:11,774] *kook_gang_optimizer* Bij iteratie: 9, Nieuwe oplossing score van: -1025 > -1029, VW_72 en WO_85 zijn hiervoor gewisselt.
[2023-10-07 13:21:12,080] *eet_gang_optimizer* Bij iteratie: 2, Nieuwe oplossing score van: -1015 > -1025, WO_67_V_Jea en WO_69_V_Ant zijn hiervoor gewisselt.
[2023-10-07 13:21:12,117] *kook_gang_optimizer* Bij iteratie: 0, Nieuwe oplossing score van: -1014 > -1015, VW_51 en WO_1 zijn hiervoor gewisselt.
[2023-10-07 13:21:12,522] *eet_gang_optimizer* Bij iteratie: 3, Nieuwe oplossing score van: -1010 > -1014, WO_38_M_Jaa en WO_38_V_Eek zijn hiervoor gewisselt.
[2023-10-07 13:21:13,214] *eet_gang_optimizer* Bij iteratie: 6, Nieuwe oplossing score van: -994 > -1010, VW_25_V_Ano en WO_53_V_Pat zijn hiervoor gewisselt.
[2023-10-07 13:21:13,807] *eet_gang_optimizer* Bij iteratie: 5, Nieuwe oplossing score van: -970 > -994, VW_21_V_Ale en VW_33_V_Tru zijn hiervoor gewisselt.
[2023-10-07 13:21:13,917] *kook_gang_optimizer* Bij iteratie: 2, Nieuwe oplossing score van: -957 > -970, VW_23 en WO_45 zijn hiervoor gewisselt.
[2023-10-07 13:21:13,994] *kook_gang_optimizer* Bij iteratie: 1, Nieuwe oplossing score van: -938 > -957, WO_41 en WO_85 zijn hiervoor gewisselt.
[2023-10-07 13:21:14,692] *kook_gang_optimizer* Bij iteratie: 18, Nieuwe oplossing score van: -932 > -938, VW_13 en WO_81 zijn hiervoor gewisselt.
[2023-10-07 13:21:14,731] *eet_gang_optimizer* Bij iteratie: 0, Nieuwe oplossing score van: -931 > -932, VW_33_V_Tru en WO_41_M_Wim zijn hiervoor gewisselt.
[2023-10-07 13:21:14,879] *kook_gang_optimizer* Bij iteratie: 3, Nieuwe oplossing score van: -912 > -931, WO_16 en WO_79 zijn hiervoor gewisselt.
[2023-10-07 13:21:14,920] *eet_gang_optimizer* Bij iteratie: 0, Nieuwe oplossing score van: -911 > -912, VW_72_V_Len en WO_45_V_Kar zijn hiervoor gewisselt.
[2023-10-07 13:21:15,069] *eet_gang_optimizer* Bij iteratie: 1, Nieuwe oplossing score van: -893 > -911, VW_70_M_Bas en VW_72_V_Len zijn hiervoor gewisselt.
[2023-10-07 13:21:15,410] *eet_gang_optimizer* Bij iteratie: 2, Nieuwe oplossing score van: -889 > -893, VW_12_M_Pet en WO_51_V_Dia zijn hiervoor gewisselt.
[2023-10-07 13:21:16,574] *eet_gang_optimizer* Bij iteratie: 10, Nieuwe oplossing score van: -883 > -889, WO_69_M_Han en WO_81_V_Jan zijn hiervoor gewisselt.
[2023-10-07 13:21:17,751] *kook_gang_optimizer* Bij iteratie: 31, Nieuwe oplossing score van: -877 > -883, WO_49 en WO_53 zijn hiervoor gewisselt.
[2023-10-07 13:21:18,114] *eet_gang_optimizer* Bij iteratie: 3, Nieuwe oplossing score van: -866 > -877, VW_25_M_Joo en WO_71_V_Mar zijn hiervoor gewisselt.
[2023-10-07 13:21:19,325] *eet_gang_optimizer* Bij iteratie: 10, Nieuwe oplossing score van: -861 > -866, WO_53_V_Pat en WO_71_V_Mar zijn hiervoor gewisselt.
[2023-10-07 13:21:19,704] *kook_gang_optimizer* Bij iteratie: 9, Nieuwe oplossing score van: -856 > -861, WO_38 en WO_53 zijn hiervoor gewisselt.
[2023-10-07 13:21:20,783] *kook_gang_optimizer* Bij iteratie: 28, Nieuwe oplossing score van: -838 > -856, VW_39 en VW_46 zijn hiervoor gewisselt.
[2023-10-07 13:21:21,148] *eet_gang_optimizer* Bij iteratie: 3, Nieuwe oplossing score van: -826 > -838, WO_33_V_Lou en WO_79_M_Rob zijn hiervoor gewisselt.
[2023-10-07 13:21:21,431] *eet_gang_optimizer* Bij iteratie: 2, Nieuwe oplossing score van: -814 > -826, VW_9_V_Rie en WO_9_M_Phi zijn hiervoor gewisselt.
[2023-10-07 13:21:21,537] *eet_gang_optimizer* Bij iteratie: 0, Nieuwe oplossing score van: -813 > -814, VW_70_V_Cha en VW_9_M_Rob zijn hiervoor gewisselt.
