[2023-10-07 15:22:29,749] *eet_gang_optimizer* Bij iteratie: 1, Nieuwe oplossing score van: -1790 > -1792, VW_13_V_Con en WO_21_V_Pau zijn hiervoor gewisselt.
[2023-10-07 15:22:29,904] *eet_gang_optimizer* Bij iteratie: 1, Nieuwe oplossing score van: -1759 > -1790, VW_12_V_Sja en WO_16_M_Fre zijn hiervoor gewisselt.
[2023-10-07 15:22:30,083] *kook_gang_optimizer* Bij iteratie: 4, Nieuwe oplossing score van: -1755 > -1759, VW_72 en WO_26 zijn hiervoor gewisselt.
[2023-10-07 15:22:30,153] *kook_gang_optimizer* Bij iteratie: 1, Nieuwe oplossing score van: -1706 > -1755, VW_15 en WO_85 zijn hiervoor gewisselt.
[2023-10-07 15:22:30,262] *eet_gang_optimizer* Bij iteratie: 0, Nieuwe oplossing score van: -1698 > -1706, VW_57_V_Ann en WO_40_V_Mar zijn hiervoor gewisselt.
[2023-10-07 15:22:30,368] *kook_gang_optimizer* Bij iteratie: 2, Nieuwe oplossing score van: -1686 > -1698, WO_16 en WO_50 zijn hiervoor gewisselt.
[2023-10-07 15:22:30,614] *eet_gang_optimizer* Bij iteratie: 2, Nieuwe oplossing score van: -1656 > -1686, VW_8_M_Fra en WO_53_V_Pat zijn hiervoor gewisselt.
[2023-10-07 15:22:30,652] *eet_gang_optimizer* Bij iteratie: 0, Nieuwe oplossing score van: -1633 > -1656, VW_72_V_Len en WO_49_V_Van zijn hiervoor gewisselt.
[2023-10-07 15:22:30,690] *eet_gang_optimizer* Bij iteratie: 0, Nieuwe oplossing score van: -1614 > -1633, VW_13_V_Con en VW_25_V_Ano zijn hiervoor gewisselt.
[2023-10-07 15:22:30,985] *eet_gang_optimizer* Bij iteratie: 2, Nieuwe oplossing score van: -1598 > -1614, WO_85_M_Wil en WO_87_V_Mad zijn hiervoor gewisselt.
[2023-10-07 15:22:31,093] *kook_gang_optimizer* Bij iteratie: 2, Nieuwe oplossing score van: -1588 > -1598, VW_12 en WO_20 zijn hiervoor gewisselt.
[2023-10-07 15:22:31,164] *kook_gang_optimizer* Bij iteratie: 1, Nieuwe oplossing score van: -1585 > -1588, VW_70 en WO_1 zijn hiervoor gewisselt.
[2023-10-07 15:22:31,309] *kook_gang_optimizer* Bij iteratie: 3, Nieuwe oplossing score van: -1557 > -1585, VW_25 en VW_46 zijn hiervoor gewisselt.
[2023-10-07 15:22:31,580] *eet_gang_optimizer* Bij iteratie: 2, Nieuwe oplossing score van: -1556 > -1557, WO_26_V_Ver en WO_32_M_Ber zijn hiervoor gewisselt.
[2023-10-07 15:22:31,768] *eet_gang_optimizer* Bij iteratie: 1, Nieuwe oplossing score van: -1547 > -1556, VW_12_M_Pet en VW_57_V_Ann zijn hiervoor gewisselt.
[2023-10-07 15:22:31,845] *eet_gang_optimizer* Bij iteratie: 0, Nieuwe oplossing score van: -1519 > -1547, WO_40_V_Mar en WO_81_V_Jan zijn hiervoor gewisselt.
[2023-10-07 15:22:31,884] *eet_gang_optimizer* Bij iteratie: 0, Nieuwe oplossing score van: -1497 > -1519, NEW_1_M_Erw en VW_5_V_Jud zijn hiervoor gewisselt.
[2023-10-07 15:22:32,101] *kook_gang_optimizer* Bij iteratie: 5, Nieuwe oplossing score van: -1485 > -1497, VW_27 en WO_75 zijn hiervoor gewisselt.
[2023-10-07 15:22:32,141] *eet_gang_optimizer* Bij iteratie: 0, Nieuwe oplossing score van: -1460 > -1485, VW_62_M_Rob en WO_26_M_Rod zijn hiervoor gewisselt.
[2023-10-07 15:22:32,328] *eet_gang_optimizer* Bij iteratie: 1, Nieuwe oplossing score van: -1446 > -1460, WO_33_V_Lou en WO_41_V_Ann zijn hiervoor gewisselt.
[2023-10-07 15:22:32,404] *kook_gang_optimizer* Bij iteratie: 1, Nieuwe oplossing score van: -1440 > -1446, VW_5 en WO_38 zijn hiervoor gewisselt.
[2023-10-07 15:22:32,444] *eet_gang_optimizer* Bij iteratie: 0, Nieuwe oplossing score van: -1423 > -1440, WO_45_V_Kar en WO_49_M_Joo zijn hiervoor gewisselt.
[2023-10-07 15:22:32,482] *kook_gang_optimizer* Bij iteratie: 0, Nieuwe oplossing score van: -1415 > -1423, WO_23 en WO_45 zijn hiervoor gewisselt.
[2023-10-07 15:22:32,590] *kook_gang_optimizer* Bij iteratie: 2, Nieuwe oplossing score van: -1382 > -1415, VW_3 en VW_51 zijn hiervoor gewisselt.
[2023-10-07 15:22:32,963] *eet_gang_optimizer* Bij iteratie: 3, Nieuwe oplossing score van: -1381 > -1382, VW_35_V_Ros en VW_8_M_Fra zijn hiervoor gewisselt.
[2023-10-07 15:22:33,180] *eet_gang_optimizer* Bij iteratie: 1, Nieuwe oplossing score van: -1374 > -1381, VW_43_V_Sjo en WO_23_V_Mon zijn hiervoor gewisselt.
[2023-10-07 15:22:33,255] *eet_gang_optimizer* Bij iteratie: 0, Nieuwe oplossing score van: -1368 > -1374, VW_39_V_Ann en WO_75_V_Deb zijn hiervoor gewisselt.
[2023-10-07 15:22:33,328] *eet_gang_optimizer* Bij iteratie: 0, Nieuwe oplossing score van: -1364 > -1368, VW_46_V_Jor en WO_69_V_Ant zijn hiervoor gewisselt.
[2023-10-07 15:22:33,438] *eet_gang_optimizer* Bij iteratie: 0, Nieuwe oplossing score van: -1345 > -1364, VW_20_V_Ber en WO_38_M_Jaa zijn hiervoor gewisselt.
[2023-10-07 15:22:33,476] *eet_gang_optimizer* Bij iteratie: 0, Nieuwe oplossing score van: -1321 > -1345, WO_23_V_Mon en WO_9_M_Phi zijn hiervoor gewisselt.
[2023-10-07 15:22:33,692] *eet_gang_optimizer* Bij iteratie: 1, Nieuwe oplossing score van: -1308 > -1321, WO_33_V_Lou en WO_38_M_Jaa zijn hiervoor gewisselt.
[2023-10-07 15:22:33,832] *kook_gang_optimizer* Bij iteratie: 3, Nieuwe oplossing score van: -1294 > -1308, VW_27 en WO_33 zijn hiervoor gewisselt.
[2023-10-07 15:22:34,151] *eet_gang_optimizer* Bij iteratie: 2, Nieuwe oplossing score van: -1291 > -1294, VW_20_V_Ber en VW_68_V_Mar zijn hiervoor gewisselt.
[2023-10-07 15:22:34,257] *kook_gang_optimizer* Bij iteratie: 2, Nieuwe oplossing score van: -1279 > -1291, VW_21 en WO_40 zijn hiervoor gewisselt.
[2023-10-07 15:22:34,553] *eet_gang_optimizer* Bij iteratie: 2, Nieuwe oplossing score van: -1273 > -1279, VW_21_V_Ale en WO_40_V_Mar zijn hiervoor gewisselt.
[2023-10-07 15:22:34,876] *eet_gang_optimizer* Bij iteratie: 2, Nieuwe oplossing score van: -1272 > -1273, VW_25_M_Joo en WO_36_M_Hui zijn hiervoor gewisselt.
[2023-10-07 15:22:34,951] *eet_gang_optimizer* Bij iteratie: 0, Nieuwe oplossing score van: -1266 > -1272, VW_39_V_Ann en WO_67_V_Jea zijn hiervoor gewisselt.
[2023-10-07 15:22:35,094] *eet_gang_optimizer* Bij iteratie: 1, Nieuwe oplossing score van: -1255 > -1266, NEW_1_M_Erw en VW_13_M_Mar zijn hiervoor gewisselt.
[2023-10-07 15:22:35,239] *eet_gang_optimizer* Bij iteratie: 1, Nieuwe oplossing score van: -1243 > -1255, VW_18_M_Mic en VW_51_M_Coe zijn hiervoor gewisselt.
[2023-10-07 15:22:35,345] *kook_gang_optimizer* Bij iteratie: 2, Nieuwe oplossing score van: -1229 > -1243, VW_31 en WO_40 zijn hiervoor gewisselt.
[2023-10-07 15:22:35,592] *kook_gang_optimizer* Bij iteratie: 6, Nieuwe oplossing score van: -1223 > -1229, VW_27 en WO_50 zijn hiervoor gewisselt.
[2023-10-07 15:22:35,697] *kook_gang_optimizer* Bij iteratie: 2, Nieuwe oplossing score van: -1222 > -1223, VW_18 en VW_23 zijn hiervoor gewisselt.
[2023-10-07 15:22:35,734] *kook_gang_optimizer* Bij iteratie: 0, Nieuwe oplossing score van: -1217 > -1222, VW_23 en WO_24 zijn hiervoor gewisselt.
[2023-10-07 15:22:36,642] *kook_gang_optimizer* Bij iteratie: 23, Nieuwe oplossing score van: -1193 > -1217, VW_3 en VW_31 zijn hiervoor gewisselt.
[2023-10-07 15:22:36,883] *eet_gang_optimizer* Bij iteratie: 1, Nieuwe oplossing score van: -1181 > -1193, VW_18_V_Yol en VW_32_M_Mic zijn hiervoor gewisselt.
[2023-10-07 15:22:37,624] *kook_gang_optimizer* Bij iteratie: 19, Nieuwe oplossing score van: -1151 > -1181, VW_33 en WO_52 zijn hiervoor gewisselt.
[2023-10-07 15:22:37,698] *kook_gang_optimizer* Bij iteratie: 1, Nieuwe oplossing score van: -1139 > -1151, VW_18 en WO_75 zijn hiervoor gewisselt.
[2023-10-07 15:22:37,737] *kook_gang_optimizer* Bij iteratie: 0, Nieuwe oplossing score van: -1102 > -1139, WO_32 en WO_45 zijn hiervoor gewisselt.
[2023-10-07 15:22:37,863] *eet_gang_optimizer* Bij iteratie: 0, Nieuwe oplossing score van: -1082 > -1102, VW_18_V_Yol en WO_61_V_Ger zijn hiervoor gewisselt.
[2023-10-07 15:22:37,974] *kook_gang_optimizer* Bij iteratie: 2, Nieuwe oplossing score van: -1071 > -1082, VW_35 en VW_51 zijn hiervoor gewisselt.
[2023-10-07 15:22:38,436] *kook_gang_optimizer* Bij iteratie: 12, Nieuwe oplossing score van: -1049 > -1071, WO_16 en WO_69 zijn hiervoor gewisselt.
[2023-10-07 15:22:38,514] *eet_gang_optimizer* Bij iteratie: 0, Nieuwe oplossing score van: -1035 > -1049, WO_49_M_Joo en WO_67_M_Rob zijn hiervoor gewisselt.
[2023-10-07 15:22:38,726] *kook_gang_optimizer* Bij iteratie: 5, Nieuwe oplossing score van: -1030 > -1035, VW_13 en WO_23 zijn hiervoor gewisselt.
[2023-10-07 15:22:38,910] *kook_gang_optimizer* Bij iteratie: 4, Nieuwe oplossing score van: -1027 > -1030, VW_27 en WO_87 zijn hiervoor gewisselt.
[2023-10-07 15:22:38,950] *kook_gang_optimizer* Bij iteratie: 0, Nieuwe oplossing score van: -1017 > -1027, WO_27 en WO_81 zijn hiervoor gewisselt.
[2023-10-07 15:22:39,413] *kook_gang_optimizer* Bij iteratie: 12, Nieuwe oplossing score van: -1015 > -1017, VW_27 en WO_50 zijn hiervoor gewisselt.
[2023-10-07 15:22:39,856] *kook_gang_optimizer* Bij iteratie: 11, Nieuwe oplossing score van: -998 > -1015, VW_27 en WO_51 zijn hiervoor gewisselt.
[2023-10-07 15:22:40,316] *eet_gang_optimizer* Bij iteratie: 4, Nieuwe oplossing score van: -997 > -998, WO_20_M_Aad en WO_61_V_Ger zijn hiervoor gewisselt.
[2023-10-07 15:22:40,356] *eet_gang_optimizer* Bij iteratie: 0, Nieuwe oplossing score van: -986 > -997, WO_23_V_Mon en WO_71_M_Kar zijn hiervoor gewisselt.
[2023-10-07 15:22:40,642] *eet_gang_optimizer* Bij iteratie: 2, Nieuwe oplossing score van: -974 > -986, VW_35_M_Roe en WO_16_M_Fre zijn hiervoor gewisselt.
[2023-10-07 15:22:40,715] *kook_gang_optimizer* Bij iteratie: 1, Nieuwe oplossing score van: -960 > -974, VW_5 en WO_85 zijn hiervoor gewisselt.
[2023-10-07 15:22:42,071] *kook_gang_optimizer* Bij iteratie: 37, Nieuwe oplossing score van: -942 > -960, VW_33 en WO_71 zijn hiervoor gewisselt.
[2023-10-07 15:22:43,175] *kook_gang_optimizer* Bij iteratie: 30, Nieuwe oplossing score van: -939 > -942, VW_27 en WO_16 zijn hiervoor gewisselt.
[2023-10-07 15:22:43,353] *kook_gang_optimizer* Bij iteratie: 4, Nieuwe oplossing score van: -924 > -939, WO_16 en WO_52 zijn hiervoor gewisselt.
[2023-10-07 15:22:43,599] *eet_gang_optimizer* Bij iteratie: 2, Nieuwe oplossing score van: -923 > -924, WO_32a_M_Too en WO_45_M_Die zijn hiervoor gewisselt.
[2023-10-07 15:22:43,635] *kook_gang_optimizer* Bij iteratie: 0, Nieuwe oplossing score van: -917 > -923, WO_23 en WO_61 zijn hiervoor gewisselt.
[2023-10-07 15:22:44,634] *kook_gang_optimizer* Bij iteratie: 27, Nieuwe oplossing score van: -906 > -917, VW_12 en VW_15 zijn hiervoor gewisselt.
[2023-10-07 15:22:44,671] *kook_gang_optimizer* Bij iteratie: 0, Nieuwe oplossing score van: -888 > -906, VW_33 en WO_33 zijn hiervoor gewisselt.
[2023-10-07 15:22:45,023] *kook_gang_optimizer* Bij iteratie: 9, Nieuwe oplossing score van: -878 > -888, VW_9 en WO_85 zijn hiervoor gewisselt.
[2023-10-07 15:22:45,481] *eet_gang_optimizer* Bij iteratie: 4, Nieuwe oplossing score van: -867 > -878, WO_24_V_Jea en WO_33_M_Ari zijn hiervoor gewisselt.
[2023-10-07 15:22:45,904] *kook_gang_optimizer* Bij iteratie: 11, Nieuwe oplossing score van: -856 > -867, VW_21 en VW_46 zijn hiervoor gewisselt.
[2023-10-07 15:22:46,134] *kook_gang_optimizer* Bij iteratie: 5, Nieuwe oplossing score van: -855 > -856, VW_25 en WO_32 zijn hiervoor gewisselt.
[2023-10-07 15:22:46,208] *eet_gang_optimizer* Bij iteratie: 0, Nieuwe oplossing score van: -843 > -855, VW_3_V_Cla en WO_40_V_Bir zijn hiervoor gewisselt.
[2023-10-07 15:22:48,047] *kook_gang_optimizer* Bij iteratie: 51, Nieuwe oplossing score van: -836 > -843, VW_43 en WO_38 zijn hiervoor gewisselt.
[2023-10-07 15:22:50,812] *kook_gang_optimizer* Bij iteratie: 82, Nieuwe oplossing score van: -799 > -836, WO_51 en WO_7 zijn hiervoor gewisselt.
[2023-10-07 15:22:51,213] *eet_gang_optimizer* Bij iteratie: 3, Nieuwe oplossing score van: -793 > -799, NEW_3_M_Rob en WO_71_M_Kar zijn hiervoor gewisselt.
[2023-10-07 15:22:51,513] *eet_gang_optimizer* Bij iteratie: 2, Nieuwe oplossing score van: -775 > -793, VW_18_M_Mic en WO_71_V_Mar zijn hiervoor gewisselt.
[2023-10-07 15:22:51,646] *kook_gang_optimizer* Bij iteratie: 3, Nieuwe oplossing score van: -774 > -775, WO_36 en WO_85 zijn hiervoor gewisselt.
[2023-10-07 15:22:51,715] *eet_gang_optimizer* Bij iteratie: 0, Nieuwe oplossing score van: -756 > -774, WO_51_M_Jan en WO_9_V_Ell zijn hiervoor gewisselt.
[2023-10-07 15:22:55,738] *kook_gang_optimizer* Bij iteratie: 120, Nieuwe oplossing score van: -750 > -756, WO_71 en WO_79 zijn hiervoor gewisselt.
[2023-10-07 15:22:55,776] *eet_gang_optimizer* Bij iteratie: 0, Nieuwe oplossing score van: -737 > -750, WO_1_M_And en WO_49_V_Van zijn hiervoor gewisselt.
[2023-10-07 15:22:56,501] *eet_gang_optimizer* Bij iteratie: 7, Nieuwe oplossing score van: -725 > -737, VW_70_V_Cha en WO_32a_V_Gem zijn hiervoor gewisselt.
[2023-10-07 15:22:57,044] *eet_gang_optimizer* Bij iteratie: 5, Nieuwe oplossing score van: -714 > -725, VW_39_V_Ann en WO_61_M_Ren zijn hiervoor gewisselt.
[2023-10-07 15:22:57,667] *kook_gang_optimizer* Bij iteratie: 18, Nieuwe oplossing score van: -711 > -714, VW_12 en WO_85 zijn hiervoor gewisselt.
[2023-10-07 15:22:58,814] *kook_gang_optimizer* Bij iteratie: 33, Nieuwe oplossing score van: -706 > -711, VW_12 en WO_20 zijn hiervoor gewisselt.
[2023-10-07 15:22:58,920] *eet_gang_optimizer* Bij iteratie: 0, Nieuwe oplossing score van: -700 > -706, WO_20_M_Aad en WO_79_V_Wie zijn hiervoor gewisselt.
[2023-10-07 15:23:00,436] *kook_gang_optimizer* Bij iteratie: 44, Nieuwe oplossing score van: -670 > -700, VW_12 en WO_85 zijn hiervoor gewisselt.
[2023-10-07 15:23:00,737] *eet_gang_optimizer* Bij iteratie: 2, Nieuwe oplossing score van: -669 > -670, VW_20_V_Ber en WO_36_M_Hui zijn hiervoor gewisselt.
[2023-10-07 15:23:01,186] *eet_gang_optimizer* Bij iteratie: 4, Nieuwe oplossing score van: -665 > -669, VW_43_M_Mar en WO_61_M_Ren zijn hiervoor gewisselt.
[2023-10-07 15:23:05,039] *kook_gang_optimizer* Bij iteratie: 113, Nieuwe oplossing score van: -662 > -665, WO_16 en WO_53 zijn hiervoor gewisselt.
[2023-10-07 15:23:06,653] *kook_gang_optimizer* Bij iteratie: 47, Nieuwe oplossing score van: -661 > -662, VW_23 en VW_25 zijn hiervoor gewisselt.
[2023-10-07 15:23:07,950] *eet_gang_optimizer* Bij iteratie: 12, Nieuwe oplossing score van: -649 > -661, VW_57_M_Lou en WO_51_V_Dia zijn hiervoor gewisselt.
[2023-10-07 15:23:08,584] *eet_gang_optimizer* Bij iteratie: 6, Nieuwe oplossing score van: -642 > -649, VW_8_V_Let en WO_27_M_Dan zijn hiervoor gewisselt.
[2023-10-07 15:23:10,744] *eet_gang_optimizer* Bij iteratie: 21, Nieuwe oplossing score van: -630 > -642, VW_9_V_Rie en WO_79_M_Rob zijn hiervoor gewisselt.
[2023-10-07 15:23:11,049] *eet_gang_optimizer* Bij iteratie: 2, Nieuwe oplossing score van: -612 > -630, VW_31_M_Pau en WO_81_M_Jan zijn hiervoor gewisselt.
[2023-10-07 15:23:11,385] *eet_gang_optimizer* Bij iteratie: 3, Nieuwe oplossing score van: -611 > -612, VW_15_M_Ger en VW_39_V_Ann zijn hiervoor gewisselt.
[2023-10-07 15:23:11,654] *eet_gang_optimizer* Bij iteratie: 2, Nieuwe oplossing score van: -604 > -611, WO_52_M_Ton en WO_87_V_Mad zijn hiervoor gewisselt.
[2023-10-07 15:23:13,648] *kook_gang_optimizer* Bij iteratie: 58, Nieuwe oplossing score van: -603 > -604, WO_36 en WO_38 zijn hiervoor gewisselt.
[2023-10-07 15:23:13,991] *eet_gang_optimizer* Bij iteratie: 3, Nieuwe oplossing score van: -598 > -603, VW_33_V_Het en WO_85_V_Fem zijn hiervoor gewisselt.
[2023-10-07 15:23:14,125] *kook_gang_optimizer* Bij iteratie: 3, Nieuwe oplossing score van: -580 > -598, WO_33 en WO_7 zijn hiervoor gewisselt.
[2023-10-07 15:23:14,161] *eet_gang_optimizer* Bij iteratie: 0, Nieuwe oplossing score van: -578 > -580, VW_21_M_Koo en VW_21_V_Ale zijn hiervoor gewisselt.
[2023-10-07 15:23:15,222] *kook_gang_optimizer* Bij iteratie: 30, Nieuwe oplossing score van: -575 > -578, VW_18 en WO_13 zijn hiervoor gewisselt.
[2023-10-07 15:23:16,430] *kook_gang_optimizer* Bij iteratie: 35, Nieuwe oplossing score van: -574 > -575, VW_21 en WO_55 zijn hiervoor gewisselt.
[2023-10-07 15:23:16,468] *eet_gang_optimizer* Bij iteratie: 0, Nieuwe oplossing score van: -568 > -574, WO_71_M_Kar en WO_71_V_Mar zijn hiervoor gewisselt.
[2023-10-07 15:23:19,290] *kook_gang_optimizer* Bij iteratie: 82, Nieuwe oplossing score van: -566 > -568, WO_33 en WO_71 zijn hiervoor gewisselt.
[2023-10-07 15:23:27,084] *kook_gang_optimizer* Bij iteratie: 231, Nieuwe oplossing score van: -555 > -566, WO_36 en WO_61 zijn hiervoor gewisselt.
[2023-10-07 15:23:27,355] *eet_gang_optimizer* Bij iteratie: 2, Nieuwe oplossing score van: -537 > -555, WO_11_M_Bas en WO_71_M_Kar zijn hiervoor gewisselt.
[2023-10-07 15:23:29,107] *kook_gang_optimizer* Bij iteratie: 52, Nieuwe oplossing score van: -536 > -537, WO_36 en WO_87 zijn hiervoor gewisselt.
[2023-10-07 15:23:31,019] *kook_gang_optimizer* Bij iteratie: 57, Nieuwe oplossing score van: -530 > -536, WO_27 en WO_52 zijn hiervoor gewisselt.
[2023-10-07 15:23:31,888] *kook_gang_optimizer* Bij iteratie: 25, Nieuwe oplossing score van: -529 > -530, VW_32 en VW_70 zijn hiervoor gewisselt.
[2023-10-07 15:23:39,536] *kook_gang_optimizer* Bij iteratie: 228, Nieuwe oplossing score van: -527 > -529, VW_32 en WO_36 zijn hiervoor gewisselt.
[2023-10-07 15:23:40,118] *eet_gang_optimizer* Bij iteratie: 5, Nieuwe oplossing score van: -516 > -527, VW_15_M_Ger en WO_71_M_Kar zijn hiervoor gewisselt.
[2023-10-07 15:23:41,386] *kook_gang_optimizer* Bij iteratie: 37, Nieuwe oplossing score van: -496 > -516, VW_15 en WO_23 zijn hiervoor gewisselt.
[2023-10-07 15:23:43,769] *kook_gang_optimizer* Bij iteratie: 70, Nieuwe oplossing score van: -493 > -496, WO_53 en WO_61 zijn hiervoor gewisselt.
[2023-10-07 15:23:45,297] *eet_gang_optimizer* Bij iteratie: 15, Nieuwe oplossing score van: -488 > -493, VW_21_M_Koo en WO_32a_M_Too zijn hiervoor gewisselt.
[2023-10-07 15:23:48,358] *eet_gang_optimizer* Bij iteratie: 30, Nieuwe oplossing score van: -486 > -488, WO_53_M_Ola en WO_81_M_Jan zijn hiervoor gewisselt.
[2023-10-07 15:23:48,430] *eet_gang_optimizer* Bij iteratie: 0, Nieuwe oplossing score van: -473 > -486, VW_12_V_Sja en VW_68_M_Chr zijn hiervoor gewisselt.
[2023-10-07 15:23:49,496] *eet_gang_optimizer* Bij iteratie: 10, Nieuwe oplossing score van: -461 > -473, WO_38_M_Jaa en WO_81_V_Jan zijn hiervoor gewisselt.
[2023-10-07 15:23:50,094] *eet_gang_optimizer* Bij iteratie: 5, Nieuwe oplossing score van: -448 > -461, WO_77_M_Twa en WO_85_V_Fem zijn hiervoor gewisselt.
[2023-10-07 15:23:50,835] *kook_gang_optimizer* Bij iteratie: 21, Nieuwe oplossing score van: -447 > -448, VW_13 en WO_77 zijn hiervoor gewisselt.
[2023-10-07 15:23:51,105] *eet_gang_optimizer* Bij iteratie: 2, Nieuwe oplossing score van: -441 > -447, WO_23_V_Mon en WO_61_M_Ren zijn hiervoor gewisselt.
[2023-10-07 15:23:52,661] *eet_gang_optimizer* Bij iteratie: 15, Nieuwe oplossing score van: -439 > -441, VW_18_V_Yol en WO_13_M_Lau zijn hiervoor gewisselt.
[2023-10-07 15:24:01,306] *kook_gang_optimizer* Bij iteratie: 259, Nieuwe oplossing score van: -420 > -439, VW_70 en WO_21 zijn hiervoor gewisselt.
[2023-10-07 15:24:01,474] *eet_gang_optimizer* Bij iteratie: 1, Nieuwe oplossing score van: -407 > -420, WO_49_V_Van en WO_9_V_Ell zijn hiervoor gewisselt.
[2023-10-07 15:24:21,480] *kook_gang_optimizer* Timeout: 20s trying eet_gang_optimizer
[2023-10-07 15:24:22,807] *eet_gang_optimizer* Bij iteratie: 13, Nieuwe oplossing score van: -396 > -407, VW_32_V_Wen en VW_35_V_Ros zijn hiervoor gewisselt.
[2023-10-07 15:24:42,835] *kook_gang_optimizer* Timeout: 20s trying eet_gang_optimizer
[2023-10-07 15:24:50,134] *eet_gang_optimizer* Bij iteratie: 72, Nieuwe oplossing score van: -394 > -396, VW_39_M_Bar en WO_13_M_Lau zijn hiervoor gewisselt.
[2023-10-07 15:25:10,139] *kook_gang_optimizer* Timeout: 20s trying eet_gang_optimizer
[2023-10-07 15:25:11,658] *eet_gang_optimizer* Bij iteratie: 14, Nieuwe oplossing score van: -388 > -394, VW_33_V_Het en WO_81_M_Jan zijn hiervoor gewisselt.
[2023-10-07 15:25:15,647] *eet_gang_optimizer* Bij iteratie: 38, Nieuwe oplossing score van: -376 > -388, VW_27_M_Rob en WO_24_M_Ray zijn hiervoor gewisselt.
[2023-10-07 15:25:33,874] *kook_gang_optimizer* Bij iteratie: 540, Nieuwe oplossing score van: -374 > -376, VW_23 en WO_81 zijn hiervoor gewisselt.
[2023-10-07 15:25:53,908] *kook_gang_optimizer* Timeout: 20s trying eet_gang_optimizer
[2023-10-07 15:25:54,257] *eet_gang_optimizer* Bij iteratie: 3, Nieuwe oplossing score van: -370 > -374, VW_32_V_Wen en WO_79_M_Rob zijn hiervoor gewisselt.
[2023-10-07 15:26:14,289] *kook_gang_optimizer* Timeout: 20s trying eet_gang_optimizer
[2023-10-07 15:26:17,134] *eet_gang_optimizer* Bij iteratie: 28, Nieuwe oplossing score van: -369 > -370, VW_25_V_Ano en VW_62_M_Rob zijn hiervoor gewisselt.
[2023-10-07 15:26:20,950] *eet_gang_optimizer* Bij iteratie: 38, Nieuwe oplossing score van: -364 > -369, VW_62_M_Rob en WO_23_V_Mon zijn hiervoor gewisselt.
[2023-10-07 15:26:22,366] *eet_gang_optimizer* Bij iteratie: 14, Nieuwe oplossing score van: -363 > -364, WO_41_M_Wim en WO_50_V_Nic zijn hiervoor gewisselt.
[2023-10-07 15:26:22,957] *eet_gang_optimizer* Bij iteratie: 5, Nieuwe oplossing score van: -361 > -363, VW_27_M_Luc en WO_33_V_Lou zijn hiervoor gewisselt.
[2023-10-07 15:26:30,797] *kook_gang_optimizer* Bij iteratie: 235, Nieuwe oplossing score van: -355 > -361, VW_9 en WO_81 zijn hiervoor gewisselt.
[2023-10-07 15:26:32,366] *eet_gang_optimizer* Bij iteratie: 15, Nieuwe oplossing score van: -354 > -355, WO_24_V_Jea en WO_26_M_Rod zijn hiervoor gewisselt.
[2023-10-07 15:26:41,151] *eet_gang_optimizer* Bij iteratie: 85, Nieuwe oplossing score van: -348 > -354, VW_70_V_Cha en WO_21_M_Han zijn hiervoor gewisselt.
[2023-10-07 15:26:41,589] *eet_gang_optimizer* Bij iteratie: 4, Nieuwe oplossing score van: -347 > -348, NEW_1_M_Erw en VW_5_V_Jud zijn hiervoor gewisselt.
[2023-10-07 15:26:45,817] *eet_gang_optimizer* Bij iteratie: 42, Nieuwe oplossing score van: -343 > -347, WO_53_M_Ola en WO_9_V_Ell zijn hiervoor gewisselt.
[2023-10-07 15:27:05,846] *kook_gang_optimizer* Timeout: 20s trying eet_gang_optimizer
[2023-10-07 15:27:07,526] *eet_gang_optimizer* Bij iteratie: 16, Nieuwe oplossing score van: -337 > -343, WO_21_V_Pau en WO_7_V_Mon zijn hiervoor gewisselt.
[2023-10-07 15:27:27,536] *kook_gang_optimizer* Timeout: 20s trying eet_gang_optimizer
[2023-10-07 15:27:28,394] *eet_gang_optimizer* Bij iteratie: 8, Nieuwe oplossing score van: -332 > -337, WO_23_M_Bar en WO_67_V_Jea zijn hiervoor gewisselt.
[2023-10-07 15:27:39,209] *kook_gang_optimizer* Bij iteratie: 326, Nieuwe oplossing score van: -330 > -332, WO_26 en WO_41 zijn hiervoor gewisselt.
[2023-10-07 15:27:44,476] *eet_gang_optimizer* Bij iteratie: 52, Nieuwe oplossing score van: -328 > -330, VW_6_V_Len en WO_67_V_Jea zijn hiervoor gewisselt.
[2023-10-07 15:27:45,954] *eet_gang_optimizer* Bij iteratie: 14, Nieuwe oplossing score van: -325 > -328, VW_27_M_Luc en WO_13_V_Sim zijn hiervoor gewisselt.
[2023-10-07 15:28:01,411] *kook_gang_optimizer* Bij iteratie: 465, Nieuwe oplossing score van: -319 > -325, VW_51 en WO_53 zijn hiervoor gewisselt.
[2023-10-07 15:28:09,188] *eet_gang_optimizer* Bij iteratie: 78, Nieuwe oplossing score van: -317 > -319, VW_23_V_Ils en VW_25_M_Joo zijn hiervoor gewisselt.
[2023-10-07 15:28:12,678] *eet_gang_optimizer* Bij iteratie: 35, Nieuwe oplossing score van: -316 > -317, NEW_3_V_Mel en WO_53_M_Ola zijn hiervoor gewisselt.
[2023-10-07 15:28:26,721] *kook_gang_optimizer* Bij iteratie: 423, Nieuwe oplossing score van: -315 > -316, VW_3 en VW_8 zijn hiervoor gewisselt.
[2023-10-07 15:28:35,876] *kook_gang_optimizer* Bij iteratie: 276, Nieuwe oplossing score van: -314 > -315, VW_25 en VW_5 zijn hiervoor gewisselt.
[2023-10-07 15:28:41,816] *kook_gang_optimizer* Bij iteratie: 178, Nieuwe oplossing score van: -312 > -314, VW_13 en VW_51 zijn hiervoor gewisselt.
[2023-10-07 15:28:56,670] *kook_gang_optimizer* Bij iteratie: 444, Nieuwe oplossing score van: -310 > -312, WO_26 en WO_50 zijn hiervoor gewisselt.
[2023-10-07 15:28:57,146] *eet_gang_optimizer* Bij iteratie: 4, Nieuwe oplossing score van: -308 > -310, VW_25_M_Joo en WO_13_V_Sim zijn hiervoor gewisselt.
[2023-10-07 15:29:00,825] *eet_gang_optimizer* Bij iteratie: 37, Nieuwe oplossing score van: -306 > -308, VW_43_V_Sjo en WO_24_V_Jea zijn hiervoor gewisselt.
[2023-10-07 15:29:07,531] *kook_gang_optimizer* Bij iteratie: 199, Nieuwe oplossing score van: -305 > -306, VW_31 en WO_13 zijn hiervoor gewisselt.
[2023-10-07 15:29:08,704] *kook_gang_optimizer* Bij iteratie: 34, Nieuwe oplossing score van: -303 > -305, VW_31 en WO_41 zijn hiervoor gewisselt.
[2023-10-07 15:29:28,733] *kook_gang_optimizer* Timeout: 20s trying eet_gang_optimizer
[2023-10-07 15:29:31,070] *eet_gang_optimizer* Bij iteratie: 23, Nieuwe oplossing score van: -302 > -303, WO_16_V_Lie en WO_26_V_Ver zijn hiervoor gewisselt.
[2023-10-07 15:29:51,077] *kook_gang_optimizer* Timeout: 20s trying eet_gang_optimizer
[2023-10-07 15:29:58,661] *eet_gang_optimizer* Bij iteratie: 76, Nieuwe oplossing score van: -301 > -302, WO_11_M_Bas en WO_32_V_Ing zijn hiervoor gewisselt.
[2023-10-07 15:30:18,689] *kook_gang_optimizer* Timeout: 20s trying eet_gang_optimizer
[2023-10-07 15:30:38,683] *eet_gang_optimizer* Bij iteratie: 202, Nieuwe oplossing score van: -296 > -301, VW_35_V_Ros en WO_77_V_Maa zijn hiervoor gewisselt.
[2023-10-07 15:30:58,702] *kook_gang_optimizer* Timeout: 20s trying eet_gang_optimizer
[2023-10-07 15:31:00,386] *eet_gang_optimizer* Bij iteratie: 16, Nieuwe oplossing score van: -295 > -296, VW_13_M_Mar en VW_18_V_Yol zijn hiervoor gewisselt.
[2023-10-07 15:31:08,142] *eet_gang_optimizer* Bij iteratie: 76, Nieuwe oplossing score van: -294 > -295, VW_9_M_Rob en WO_20_M_Aad zijn hiervoor gewisselt.
[2023-10-07 15:31:28,151] *kook_gang_optimizer* Timeout: 20s trying eet_gang_optimizer
[2023-10-07 15:31:31,200] *eet_gang_optimizer* Bij iteratie: 29, Nieuwe oplossing score van: -293 > -294, WO_13_V_Sim en WO_75_M_Jur zijn hiervoor gewisselt.
[2023-10-07 15:31:41,317] *eet_gang_optimizer* Bij iteratie: 99, Nieuwe oplossing score van: -288 > -293, VW_27_M_Luc en WO_45_M_Die zijn hiervoor gewisselt.
[2023-10-07 15:32:01,336] *kook_gang_optimizer* Timeout: 20s trying eet_gang_optimizer
[2023-10-07 15:32:07,665] *eet_gang_optimizer* Bij iteratie: 63, Nieuwe oplossing score van: -287 > -288, VW_13_V_Con en WO_75_M_Jur zijn hiervoor gewisselt.
[2023-10-07 15:32:27,682] *kook_gang_optimizer* Timeout: 20s trying eet_gang_optimizer
[2023-10-07 15:32:34,395] *eet_gang_optimizer* Bij iteratie: 65, Nieuwe oplossing score van: -282 > -287, WO_69_V_Ant en WO_85_V_Fem zijn hiervoor gewisselt.
[2023-10-07 15:32:54,417] *kook_gang_optimizer* Timeout: 20s trying eet_gang_optimizer
[2023-10-07 15:32:59,123] *eet_gang_optimizer* Bij iteratie: 47, Nieuwe oplossing score van: -281 > -282, VW_15_V_Aim en VW_21_M_Koo zijn hiervoor gewisselt.
[2023-10-07 15:33:01,787] *eet_gang_optimizer* Bij iteratie: 26, Nieuwe oplossing score van: -280 > -281, WO_36_M_Hui en WO_53_M_Ola zijn hiervoor gewisselt.
[2023-10-07 15:33:21,805] *kook_gang_optimizer* Timeout: 20s trying eet_gang_optimizer
[2023-10-07 15:33:29,166] *eet_gang_optimizer* Bij iteratie: 74, Nieuwe oplossing score van: -279 > -280, WO_33_M_Ari en WO_67_M_Rob zijn hiervoor gewisselt.
[2023-10-07 15:33:49,194] *kook_gang_optimizer* Timeout: 20s trying eet_gang_optimizer
[2023-10-07 15:33:54,226] *eet_gang_optimizer* Bij iteratie: 50, Nieuwe oplossing score van: -273 > -279, WO_38_V_Eek en WO_71_M_Kar zijn hiervoor gewisselt.
[2023-10-07 15:34:14,253] *kook_gang_optimizer* Timeout: 20s trying eet_gang_optimizer
[2023-10-07 15:34:34,281] *eet_gang_optimize* Timeout: 20s Optimizer stopping ...
