[2023-10-09 13:19:37,111] *kook_gang_optimizer* Bij iteratie: 5, Nieuwe oplossing score van: -1717 > -1744, VW_43 en WO_77 zijn hiervoor gewisseld.
[2023-10-09 13:19:37,168] *kook_gang_optimizer* Bij iteratie: 0, Nieuwe oplossing score van: -1660 > -1717, VW_23 en WO_75 zijn hiervoor gewisseld.
[2023-10-09 13:19:37,342] *kook_gang_optimizer* Bij iteratie: 3, Nieuwe oplossing score van: -1606 > -1660, VW_35 en WO_33 zijn hiervoor gewisseld.
[2023-10-09 13:19:37,634] *eet_gang_optimizer* Bij iteratie: 6, Nieuwe oplossing score van: -1557 > -1606, VW_15_M_Ger en WO_16_V_Lie zijn hiervoor gewisseld.
[2023-10-09 13:19:38,158] *eet_gang_optimizer* Bij iteratie: 12, Nieuwe oplossing score van: -1532 > -1557, VW_3_V_Cla en VW_51_V_Eli zijn hiervoor gewisseld.
[2023-10-09 13:19:38,254] *kook_gang_optimizer* Bij iteratie: 1, Nieuwe oplossing score van: -1513 > -1532, VW_21 en WO_40 zijn hiervoor gewisseld.
[2023-10-09 13:19:38,316] *kook_gang_optimizer* Bij iteratie: 0, Nieuwe oplossing score van: -1477 > -1513, VW_5 en VW_70 zijn hiervoor gewisseld.
[2023-10-09 13:19:39,025] *eet_gang_optimizer* Bij iteratie: 16, Nieuwe oplossing score van: -1465 > -1477, NEW_3_V_Mel en VW_46_V_Bre zijn hiervoor gewisseld.
[2023-10-09 13:19:39,366] *eet_gang_optimizer* Bij iteratie: 7, Nieuwe oplossing score van: -1423 > -1465, WO_51_V_Dia en WO_9_M_Phi zijn hiervoor gewisseld.
[2023-10-09 13:19:39,754] *kook_gang_optimizer* Bij iteratie: 8, Nieuwe oplossing score van: -1411 > -1423, VW_12 en VW_25 zijn hiervoor gewisseld.
[2023-10-09 13:19:39,969] *eet_gang_optimizer* Bij iteratie: 4, Nieuwe oplossing score van: -1399 > -1411, VW_3_M_Huu en WO_41_M_Wim zijn hiervoor gewisseld.
[2023-10-09 13:19:40,027] *kook_gang_optimizer* Bij iteratie: 0, Nieuwe oplossing score van: -1373 > -1399, WO_53 en WO_85 zijn hiervoor gewisseld.
[2023-10-09 13:19:40,505] *kook_gang_optimizer* Bij iteratie: 10, Nieuwe oplossing score van: -1349 > -1373, VW_13 en WO_20 zijn hiervoor gewisseld.
[2023-10-09 13:19:40,602] *kook_gang_optimizer* Bij iteratie: 1, Nieuwe oplossing score van: -1348 > -1349, WO_41 en WO_55 zijn hiervoor gewisseld.
[2023-10-09 13:19:40,742] *eet_gang_optimizer* Bij iteratie: 2, Nieuwe oplossing score van: -1324 > -1348, VW_9_V_Rie en WO_71_M_Kar zijn hiervoor gewisseld.
[2023-10-09 13:19:40,923] *eet_gang_optimizer* Bij iteratie: 3, Nieuwe oplossing score van: -1297 > -1324, WO_16_M_Fre en WO_38_V_Eek zijn hiervoor gewisseld.
[2023-10-09 13:19:41,297] *kook_gang_optimizer* Bij iteratie: 8, Nieuwe oplossing score van: -1296 > -1297, VW_13 en WO_71 zijn hiervoor gewisseld.
[2023-10-09 13:19:41,473] *kook_gang_optimizer* Bij iteratie: 3, Nieuwe oplossing score van: -1278 > -1296, WO_20 en WO_50 zijn hiervoor gewisseld.
[2023-10-09 13:19:41,571] *eet_gang_optimizer* Bij iteratie: 1, Nieuwe oplossing score van: -1275 > -1278, VW_21_V_Ale en WO_1_V_Bir zijn hiervoor gewisseld.
[2023-10-09 13:19:41,707] *eet_gang_optimizer* Bij iteratie: 2, Nieuwe oplossing score van: -1251 > -1275, NEW_1_M_Erw en VW_27_M_Luc zijn hiervoor gewisseld.
[2023-10-09 13:19:42,037] *eet_gang_optimizer* Bij iteratie: 7, Nieuwe oplossing score van: -1238 > -1251, WO_1_M_And en WO_32a_M_Too zijn hiervoor gewisseld.
[2023-10-09 13:19:42,096] *kook_gang_optimizer* Bij iteratie: 0, Nieuwe oplossing score van: -1216 > -1238, VW_13 en WO_23 zijn hiervoor gewisseld.
[2023-10-09 13:19:42,230] *kook_gang_optimizer* Bij iteratie: 2, Nieuwe oplossing score van: -1215 > -1216, WO_51 en WO_52 zijn hiervoor gewisseld.
[2023-10-09 13:19:42,379] *eet_gang_optimizer* Bij iteratie: 2, Nieuwe oplossing score van: -1192 > -1215, VW_21_M_Koo en WO_38_M_Jaa zijn hiervoor gewisseld.
[2023-10-09 13:19:42,558] *eet_gang_optimizer* Bij iteratie: 3, Nieuwe oplossing score van: -1174 > -1192, VW_12_V_Sja en WO_85_V_Fem zijn hiervoor gewisseld.
[2023-10-09 13:19:42,731] *kook_gang_optimizer* Bij iteratie: 3, Nieuwe oplossing score van: -1163 > -1174, WO_16 en WO_26 zijn hiervoor gewisseld.
[2023-10-09 13:19:42,791] *eet_gang_optimizer* Bij iteratie: 0, Nieuwe oplossing score van: -1153 > -1163, WO_24_V_Jea en WO_40_V_Bir zijn hiervoor gewisseld.
[2023-10-09 13:19:42,850] *eet_gang_optimizer* Bij iteratie: 0, Nieuwe oplossing score van: -1147 > -1153, VW_43_V_Sjo en WO_50_V_Nic zijn hiervoor gewisseld.
[2023-10-09 13:19:43,025] *kook_gang_optimizer* Bij iteratie: 3, Nieuwe oplossing score van: -1131 > -1147, VW_32 en VW_39 zijn hiervoor gewisseld.
[2023-10-09 13:19:43,085] *eet_gang_optimizer* Bij iteratie: 0, Nieuwe oplossing score van: -1127 > -1131, VW_3_V_Cla en VW_70_M_Bas zijn hiervoor gewisseld.
[2023-10-09 13:19:43,223] *kook_gang_optimizer* Bij iteratie: 2, Nieuwe oplossing score van: -1120 > -1127, WO_36 en WO_50 zijn hiervoor gewisseld.
[2023-10-09 13:19:43,595] *eet_gang_optimizer* Bij iteratie: 8, Nieuwe oplossing score van: -1113 > -1120, WO_24_M_Ray en WO_7_V_Mon zijn hiervoor gewisseld.
[2023-10-09 13:19:43,653] *eet_gang_optimizer* Bij iteratie: 0, Nieuwe oplossing score van: -1101 > -1113, VW_12_V_Sja en VW_18_V_Yol zijn hiervoor gewisseld.
[2023-10-09 13:19:44,204] *kook_gang_optimizer* Bij iteratie: 12, Nieuwe oplossing score van: -1097 > -1101, WO_27 en WO_36 zijn hiervoor gewisseld.
[2023-10-09 13:19:44,278] *eet_gang_optimizer* Bij iteratie: 0, Nieuwe oplossing score van: -1091 > -1097, WO_40_V_Mar en WO_87_V_Mad zijn hiervoor gewisseld.
[2023-10-09 13:19:44,338] *eet_gang_optimizer* Bij iteratie: 0, Nieuwe oplossing score van: -1073 > -1091, WO_49_V_Van en WO_81_V_Jan zijn hiervoor gewisseld.
[2023-10-09 13:19:44,476] *kook_gang_optimizer* Bij iteratie: 2, Nieuwe oplossing score van: -1055 > -1073, WO_52 en WO_71 zijn hiervoor gewisseld.
[2023-10-09 13:19:44,731] *eet_gang_optimizer* Bij iteratie: 5, Nieuwe oplossing score van: -1051 > -1055, VW_51_M_Coe en WO_50_V_Nic zijn hiervoor gewisseld.
[2023-10-09 13:19:44,792] *eet_gang_optimizer* Bij iteratie: 0, Nieuwe oplossing score van: -1046 > -1051, VW_12_M_Pet en WO_13_M_Lau zijn hiervoor gewisseld.
[2023-10-09 13:19:44,853] *kook_gang_optimizer* Bij iteratie: 0, Nieuwe oplossing score van: -1038 > -1046, WO_51 en WO_81 zijn hiervoor gewisseld.
[2023-10-09 13:19:44,915] *eet_gang_optimizer* Bij iteratie: 0, Nieuwe oplossing score van: -1026 > -1038, WO_20_M_Aad en WO_33_V_Lou zijn hiervoor gewisseld.
[2023-10-09 13:19:45,248] *kook_gang_optimizer* Bij iteratie: 7, Nieuwe oplossing score van: -1009 > -1026, VW_13 en WO_53 zijn hiervoor gewisseld.
[2023-10-09 13:19:45,308] *kook_gang_optimizer* Bij iteratie: 0, Nieuwe oplossing score van: -996 > -1009, WO_16 en WO_23 zijn hiervoor gewisseld.
[2023-10-09 13:19:45,845] *eet_gang_optimizer* Bij iteratie: 12, Nieuwe oplossing score van: -983 > -996, NEW_3_V_Mel en VW_51_M_Coe zijn hiervoor gewisseld.
[2023-10-09 13:19:46,214] *kook_gang_optimizer* Bij iteratie: 8, Nieuwe oplossing score van: -973 > -983, WO_13 en WO_41 zijn hiervoor gewisseld.
[2023-10-09 13:19:46,368] *eet_gang_optimizer* Bij iteratie: 2, Nieuwe oplossing score van: -960 > -973, WO_32_M_Ber en WO_45_V_Kar zijn hiervoor gewisseld.
[2023-10-09 13:19:46,512] *eet_gang_optimizer* Bij iteratie: 2, Nieuwe oplossing score van: -947 > -960, WO_45_M_Die en WO_67_V_Jea zijn hiervoor gewisseld.
[2023-10-09 13:19:46,770] *eet_gang_optimizer* Bij iteratie: 5, Nieuwe oplossing score van: -940 > -947, WO_16_V_Lie en WO_36_V_Ren zijn hiervoor gewisseld.
[2023-10-09 13:19:47,073] *eet_gang_optimizer* Bij iteratie: 6, Nieuwe oplossing score van: -931 > -940, VW_15_M_Ger en VW_5_M_Car zijn hiervoor gewisseld.
[2023-10-09 13:19:47,137] *eet_gang_optimizer* Bij iteratie: 0, Nieuwe oplossing score van: -925 > -931, VW_32_M_Mic en WO_49_M_Joo zijn hiervoor gewisseld.
[2023-10-09 13:19:47,931] *eet_gang_optimizer* Bij iteratie: 17, Nieuwe oplossing score van: -906 > -925, VW_18_M_Mic en WO_36_V_Ren zijn hiervoor gewisseld.
[2023-10-09 13:19:48,106] *kook_gang_optimizer* Bij iteratie: 3, Nieuwe oplossing score van: -904 > -906, VW_23 en VW_3 zijn hiervoor gewisseld.
[2023-10-09 13:19:48,715] *eet_gang_optimizer* Bij iteratie: 12, Nieuwe oplossing score van: -892 > -904, VW_18_M_Mic en WO_23_V_Mon zijn hiervoor gewisseld.
[2023-10-09 13:19:48,855] *kook_gang_optimizer* Bij iteratie: 2, Nieuwe oplossing score van: -888 > -892, VW_3 en VW_46 zijn hiervoor gewisseld.
[2023-10-09 13:19:49,632] *eet_gang_optimizer* Bij iteratie: 18, Nieuwe oplossing score van: -860 > -888, WO_38_M_Jaa en WO_49_V_Van zijn hiervoor gewisseld.
[2023-10-09 13:19:49,928] *eet_gang_optimizer* Bij iteratie: 6, Nieuwe oplossing score van: -854 > -860, NEW_1_V_Eug en VW_39_V_Ann zijn hiervoor gewisseld.
[2023-10-09 13:19:50,795] *eet_gang_optimizer* Bij iteratie: 20, Nieuwe oplossing score van: -853 > -854, VW_5_V_Jud en VW_57_V_Ann zijn hiervoor gewisseld.
[2023-10-09 13:19:51,211] *eet_gang_optimizer* Bij iteratie: 9, Nieuwe oplossing score van: -851 > -853, WO_13_V_Sim en WO_49_V_Van zijn hiervoor gewisseld.
[2023-10-09 13:19:51,312] *eet_gang_optimizer* Bij iteratie: 1, Nieuwe oplossing score van: -844 > -851, VW_32_V_Wen en WO_53_V_Pat zijn hiervoor gewisseld.
[2023-10-09 13:19:51,524] *kook_gang_optimizer* Bij iteratie: 4, Nieuwe oplossing score van: -843 > -844, VW_57 en WO_26 zijn hiervoor gewisseld.
[2023-10-09 13:19:51,584] *eet_gang_optimizer* Bij iteratie: 0, Nieuwe oplossing score van: -825 > -843, VW_25_M_Joo en VW_43_M_Mar zijn hiervoor gewisseld.
[2023-10-09 13:19:51,683] *eet_gang_optimizer* Bij iteratie: 1, Nieuwe oplossing score van: -821 > -825, WO_1_M_And en WO_36_V_Ren zijn hiervoor gewisseld.
[2023-10-09 13:19:51,779] *eet_gang_optimizer* Bij iteratie: 1, Nieuwe oplossing score van: -816 > -821, VW_12_V_Sja en WO_36_V_Ren zijn hiervoor gewisseld.
[2023-10-09 13:19:51,997] *eet_gang_optimizer* Bij iteratie: 4, Nieuwe oplossing score van: -812 > -816, VW_6_V_Len en WO_51_M_Jan zijn hiervoor gewisseld.
[2023-10-09 13:19:52,378] *kook_gang_optimizer* Bij iteratie: 8, Nieuwe oplossing score van: -796 > -812, VW_3 en VW_35 zijn hiervoor gewisseld.
[2023-10-09 13:19:52,868] *eet_gang_optimizer* Bij iteratie: 11, Nieuwe oplossing score van: -786 > -796, NEW_1_M_Erw en WO_81_V_Jan zijn hiervoor gewisseld.
[2023-10-09 13:19:53,819] *eet_gang_optimizer* Bij iteratie: 23, Nieuwe oplossing score van: -785 > -786, VW_27_M_Luc en WO_45_M_Die zijn hiervoor gewisseld.
[2023-10-09 13:19:54,009] *eet_gang_optimizer* Bij iteratie: 3, Nieuwe oplossing score van: -773 > -785, WO_24_M_Ray en WO_33_M_Ari zijn hiervoor gewisseld.
[2023-10-09 13:19:54,183] *kook_gang_optimizer* Bij iteratie: 3, Nieuwe oplossing score van: -768 > -773, WO_40 en WO_49 zijn hiervoor gewisseld.
[2023-10-09 13:19:54,361] *eet_gang_optimizer* Bij iteratie: 3, Nieuwe oplossing score van: -763 > -768, NEW_1_M_Erw en VW_39_V_Ann zijn hiervoor gewisseld.
[2023-10-09 13:19:55,047] *kook_gang_optimizer* Bij iteratie: 16, Nieuwe oplossing score van: -762 > -763, WO_27 en WO_87 zijn hiervoor gewisseld.
[2023-10-09 13:19:56,371] *kook_gang_optimizer* Bij iteratie: 32, Nieuwe oplossing score van: -747 > -762, VW_32 en WO_40 zijn hiervoor gewisseld.
[2023-10-09 13:19:57,107] *kook_gang_optimizer* Bij iteratie: 17, Nieuwe oplossing score van: -728 > -747, WO_53 en WO_7 zijn hiervoor gewisseld.
[2023-10-09 13:19:57,633] *eet_gang_optimizer* Bij iteratie: 12, Nieuwe oplossing score van: -721 > -728, VW_5_M_Car en WO_20_V_Ast zijn hiervoor gewisseld.
[2023-10-09 13:19:58,548] *kook_gang_optimizer* Bij iteratie: 23, Nieuwe oplossing score van: -711 > -721, WO_27 en WO_53 zijn hiervoor gewisseld.
[2023-10-09 13:19:59,317] *kook_gang_optimizer* Bij iteratie: 19, Nieuwe oplossing score van: -677 > -711, WO_33 en WO_53 zijn hiervoor gewisseld.
[2023-10-09 13:19:59,742] *eet_gang_optimizer* Bij iteratie: 10, Nieuwe oplossing score van: -671 > -677, VW_12_V_Sja en VW_15_M_Ger zijn hiervoor gewisseld.
[2023-10-09 13:20:00,394] *eet_gang_optimizer* Bij iteratie: 16, Nieuwe oplossing score van: -659 > -671, VW_9_M_Rob en WO_50_M_Fli zijn hiervoor gewisseld.
[2023-10-09 13:20:01,795] *eet_gang_optimizer* Bij iteratie: 36, Nieuwe oplossing score van: -653 > -659, VW_33_V_Het en VW_39_V_Ann zijn hiervoor gewisseld.
[2023-10-09 13:20:02,523] *kook_gang_optimizer* Bij iteratie: 18, Nieuwe oplossing score van: -648 > -653, WO_16 en WO_33 zijn hiervoor gewisseld.
[2023-10-09 13:20:03,575] *kook_gang_optimizer* Bij iteratie: 26, Nieuwe oplossing score van: -638 > -648, WO_26 en WO_51 zijn hiervoor gewisseld.
[2023-10-09 13:20:03,927] *kook_gang_optimizer* Bij iteratie: 8, Nieuwe oplossing score van: -628 > -638, VW_43 en WO_45 zijn hiervoor gewisseld.
[2023-10-09 13:20:05,727] *eet_gang_optimizer* Bij iteratie: 46, Nieuwe oplossing score van: -627 > -628, VW_68_M_Chr en WO_52_V_Eli zijn hiervoor gewisseld.
[2023-10-09 13:20:06,836] *eet_gang_optimizer* Bij iteratie: 27, Nieuwe oplossing score van: -626 > -627, NEW_3_V_Mel en WO_61_V_Ger zijn hiervoor gewisseld.
[2023-10-09 13:20:07,307] *eet_gang_optimizer* Bij iteratie: 11, Nieuwe oplossing score van: -613 > -626, VW_43_M_Mar en WO_53_V_Pat zijn hiervoor gewisseld.
[2023-10-09 13:20:07,553] *eet_gang_optimizer* Bij iteratie: 5, Nieuwe oplossing score van: -611 > -613, WO_71_V_Mar en WO_79_V_Wie zijn hiervoor gewisseld.
[2023-10-09 13:20:16,132] *kook_gang_optimizer* Bij iteratie: 0, Nieuwe oplossing score van: -1730 > -1744, WO_49 en WO_81 zijn hiervoor gewisseld.
[2023-10-09 13:20:16,184] *kook_gang_optimizer* Bij iteratie: 0, Nieuwe oplossing score van: -1699 > -1730, VW_12 en VW_13 zijn hiervoor gewisseld.
[2023-10-09 13:20:16,347] *kook_gang_optimizer* Bij iteratie: 3, Nieuwe oplossing score van: -1640 > -1699, WO_16 en WO_71 zijn hiervoor gewisseld.
[2023-10-09 13:20:16,638] *eet_gang_optimizer* Bij iteratie: 6, Nieuwe oplossing score van: -1622 > -1640, WO_32a_M_Too en WO_9_V_Ell zijn hiervoor gewisseld.
[2023-10-09 13:20:16,763] *kook_gang_optimizer* Bij iteratie: 2, Nieuwe oplossing score van: -1585 > -1622, WO_20 en WO_85 zijn hiervoor gewisseld.
[2023-10-09 13:20:16,966] *eet_gang_optimizer* Bij iteratie: 4, Nieuwe oplossing score van: -1567 > -1585, VW_43_M_Mar en WO_50_V_Nic zijn hiervoor gewisseld.
[2023-10-09 13:20:17,019] *kook_gang_optimizer* Bij iteratie: 0, Nieuwe oplossing score van: -1563 > -1567, VW_35 en VW_70 zijn hiervoor gewisseld.
[2023-10-09 13:20:17,148] *kook_gang_optimizer* Bij iteratie: 2, Nieuwe oplossing score van: -1537 > -1563, VW_21 en WO_45 zijn hiervoor gewisseld.
[2023-10-09 13:20:17,317] *kook_gang_optimizer* Bij iteratie: 3, Nieuwe oplossing score van: -1531 > -1537, VW_57 en WO_50 zijn hiervoor gewisseld.
[2023-10-09 13:20:17,372] *eet_gang_optimizer* Bij iteratie: 0, Nieuwe oplossing score van: -1506 > -1531, NEW_1_M_Erw en WO_38_V_Eek zijn hiervoor gewisseld.
[2023-10-09 13:20:17,461] *kook_gang_optimizer* Bij iteratie: 1, Nieuwe oplossing score van: -1461 > -1506, VW_15 en WO_20 zijn hiervoor gewisseld.
[2023-10-09 13:20:17,552] *kook_gang_optimizer* Bij iteratie: 1, Nieuwe oplossing score van: -1453 > -1461, VW_25 en WO_24 zijn hiervoor gewisseld.
[2023-10-09 13:20:17,717] *eet_gang_optimizer* Bij iteratie: 3, Nieuwe oplossing score van: -1435 > -1453, WO_49_M_Joo en WO_52_V_Eli zijn hiervoor gewisseld.
[2023-10-09 13:20:17,845] *kook_gang_optimizer* Bij iteratie: 2, Nieuwe oplossing score van: -1422 > -1435, VW_12 en WO_85 zijn hiervoor gewisseld.
[2023-10-09 13:20:18,010] *kook_gang_optimizer* Bij iteratie: 3, Nieuwe oplossing score van: -1398 > -1422, VW_13 en VW_43 zijn hiervoor gewisseld.
[2023-10-09 13:20:18,482] *kook_gang_optimizer* Bij iteratie: 11, Nieuwe oplossing score van: -1387 > -1398, WO_38 en WO_40 zijn hiervoor gewisseld.
[2023-10-09 13:20:18,684] *kook_gang_optimizer* Bij iteratie: 4, Nieuwe oplossing score van: -1384 > -1387, WO_16 en WO_26 zijn hiervoor gewisseld.
[2023-10-09 13:20:19,624] *kook_gang_optimizer* Bij iteratie: 24, Nieuwe oplossing score van: -1383 > -1384, WO_27 en WO_32 zijn hiervoor gewisseld.
[2023-10-09 13:20:19,790] *eet_gang_optimizer* Bij iteratie: 3, Nieuwe oplossing score van: -1364 > -1383, WO_1_V_Bir en WO_45_M_Die zijn hiervoor gewisseld.
[2023-10-09 13:20:19,989] *kook_gang_optimizer* Bij iteratie: 4, Nieuwe oplossing score van: -1352 > -1364, WO_23 en WO_26 zijn hiervoor gewisseld.
[2023-10-09 13:20:20,047] *eet_gang_optimizer* Bij iteratie: 0, Nieuwe oplossing score van: -1351 > -1352, VW_33_V_Tru en WO_61_V_Ger zijn hiervoor gewisseld.
[2023-10-09 13:20:20,156] *eet_gang_optimizer* Bij iteratie: 1, Nieuwe oplossing score van: -1345 > -1351, VW_12_V_Sja en WO_50_M_Fli zijn hiervoor gewisseld.
[2023-10-09 13:20:20,453] *eet_gang_optimizer* Bij iteratie: 6, Nieuwe oplossing score van: -1344 > -1345, WO_1_V_Bir en WO_49_V_Van zijn hiervoor gewisseld.
[2023-10-09 13:20:20,928] *kook_gang_optimizer* Bij iteratie: 11, Nieuwe oplossing score van: -1343 > -1344, VW_18 en VW_72 zijn hiervoor gewisseld.
[2023-10-09 13:20:21,209] *kook_gang_optimizer* Bij iteratie: 6, Nieuwe oplossing score van: -1297 > -1343, VW_5 en WO_50 zijn hiervoor gewisseld.
[2023-10-09 13:20:21,301] *kook_gang_optimizer* Bij iteratie: 1, Nieuwe oplossing score van: -1287 > -1297, VW_33 en WO_51 zijn hiervoor gewisseld.
[2023-10-09 13:20:21,392] *kook_gang_optimizer* Bij iteratie: 1, Nieuwe oplossing score van: -1244 > -1287, VW_39 en WO_32 zijn hiervoor gewisseld.
[2023-10-09 13:20:21,445] *kook_gang_optimizer* Bij iteratie: 0, Nieuwe oplossing score van: -1240 > -1244, WO_24 en WO_52 zijn hiervoor gewisseld.
[2023-10-09 13:20:21,907] *eet_gang_optimizer* Bij iteratie: 10, Nieuwe oplossing score van: -1224 > -1240, VW_5_V_Jud en WO_81_V_Jan zijn hiervoor gewisseld.
[2023-10-09 13:20:22,180] *kook_gang_optimizer* Bij iteratie: 5, Nieuwe oplossing score van: -1210 > -1224, WO_71 en WO_75 zijn hiervoor gewisseld.
[2023-10-09 13:20:22,337] *eet_gang_optimizer* Bij iteratie: 2, Nieuwe oplossing score van: -1203 > -1210, VW_21_V_Ale en WO_33_V_Lou zijn hiervoor gewisseld.
[2023-10-09 13:20:22,402] *eet_gang_optimizer* Bij iteratie: 0, Nieuwe oplossing score van: -1198 > -1203, VW_68_M_Chr en WO_87_V_Mad zijn hiervoor gewisseld.
[2023-10-09 13:20:22,736] *eet_gang_optimizer* Bij iteratie: 6, Nieuwe oplossing score van: -1174 > -1198, VW_43_M_Mar en WO_32_M_Ber zijn hiervoor gewisseld.
[2023-10-09 13:20:23,158] *kook_gang_optimizer* Bij iteratie: 9, Nieuwe oplossing score van: -1149 > -1174, VW_32 en VW_5 zijn hiervoor gewisseld.
[2023-10-09 13:20:23,272] *eet_gang_optimizer* Bij iteratie: 1, Nieuwe oplossing score van: -1143 > -1149, WO_52_V_Eli en WO_75_V_Deb zijn hiervoor gewisseld.
[2023-10-09 13:20:23,804] *eet_gang_optimizer* Bij iteratie: 11, Nieuwe oplossing score van: -1129 > -1143, VW_25_M_Joo en VW_32_M_Mic zijn hiervoor gewisseld.
[2023-10-09 13:20:23,863] *kook_gang_optimizer* Bij iteratie: 0, Nieuwe oplossing score van: -1125 > -1129, WO_32 en WO_53 zijn hiervoor gewisseld.
[2023-10-09 13:20:23,919] *eet_gang_optimizer* Bij iteratie: 0, Nieuwe oplossing score van: -1124 > -1125, VW_25_M_Joo en WO_87_V_Mad zijn hiervoor gewisseld.
[2023-10-09 13:20:24,466] *kook_gang_optimizer* Bij iteratie: 12, Nieuwe oplossing score van: -1112 > -1124, VW_15 en VW_46 zijn hiervoor gewisseld.
[2023-10-09 13:20:24,794] *kook_gang_optimizer* Bij iteratie: 7, Nieuwe oplossing score van: -1093 > -1112, VW_51 en WO_24 zijn hiervoor gewisseld.
