[2023-10-06 22:00:03,976] *kook_gang_optimizer* Bij iteratie: 20, Nieuwe oplossing score van: -950 > -968, VW_27 en WO_50 zijn hiervoor gewisselt.
[2023-10-06 22:00:04,456] *eet_gang_optimizer* Bij iteratie: 4, Nieuwe oplossing score van: -939 > -950, NEW_3_M_Rob en VW_21_M_Koo zijn hiervoor gewisselt.
[2023-10-06 22:00:06,844] *kook_gang_optimizer* Bij iteratie: 65, Nieuwe oplossing score van: -916 > -939, WO_32 en WO_77 zijn hiervoor gewisselt.
[2023-10-06 22:00:06,884] *eet_gang_optimizer* Bij iteratie: 0, Nieuwe oplossing score van: -903 > -916, VW_3_M_Huu en WO_87_V_Mad zijn hiervoor gewisselt.
[2023-10-06 22:00:07,182] *eet_gang_optimizer* Bij iteratie: 2, Nieuwe oplossing score van: -896 > -903, VW_31_M_Pau en VW_8_M_Fra zijn hiervoor gewisselt.
[2023-10-06 22:00:07,368] *eet_gang_optimizer* Bij iteratie: 1, Nieuwe oplossing score van: -885 > -896, VW_20_V_Ber en WO_24_V_Jea zijn hiervoor gewisselt.
[2023-10-06 22:00:07,443] *eet_gang_optimizer* Bij iteratie: 0, Nieuwe oplossing score van: -879 > -885, VW_62_M_Rob en WO_33_M_Ari zijn hiervoor gewisselt.
[2023-10-06 22:00:07,788] *eet_gang_optimizer* Bij iteratie: 2, Nieuwe oplossing score van: -877 > -879, VW_25_V_Ano en WO_32a_V_Gem zijn hiervoor gewisselt.
[2023-10-06 22:00:08,528] *kook_gang_optimizer* Bij iteratie: 19, Nieuwe oplossing score van: -868 > -877, VW_51 en WO_24 zijn hiervoor gewisselt.
[2023-10-06 22:00:08,857] *kook_gang_optimizer* Bij iteratie: 8, Nieuwe oplossing score van: -867 > -868, VW_25 en VW_33 zijn hiervoor gewisselt.
[2023-10-06 22:00:08,934] *eet_gang_optimizer* Bij iteratie: 0, Nieuwe oplossing score van: -862 > -867, VW_23_M_Lar en WO_36_V_Ren zijn hiervoor gewisselt.
[2023-10-06 22:00:09,046] *kook_gang_optimizer* Bij iteratie: 2, Nieuwe oplossing score van: -850 > -862, VW_27 en WO_87 zijn hiervoor gewisselt.
[2023-10-06 22:00:09,192] *kook_gang_optimizer* Bij iteratie: 3, Nieuwe oplossing score van: -841 > -850, WO_1 en WO_21 zijn hiervoor gewisselt.
[2023-10-06 22:00:10,249] *kook_gang_optimizer* Bij iteratie: 25, Nieuwe oplossing score van: -832 > -841, VW_39 en VW_51 zijn hiervoor gewisselt.
[2023-10-06 22:00:11,493] *kook_gang_optimizer* Bij iteratie: 32, Nieuwe oplossing score van: -828 > -832, VW_23 en WO_1 zijn hiervoor gewisselt.
[2023-10-06 22:00:13,316] *kook_gang_optimizer* Bij iteratie: 49, Nieuwe oplossing score van: -824 > -828, VW_12 en WO_38 zijn hiervoor gewisselt.
[2023-10-06 22:00:13,643] *eet_gang_optimizer* Bij iteratie: 2, Nieuwe oplossing score van: -817 > -824, WO_11_M_Bas en WO_27_M_Dan zijn hiervoor gewisselt.
[2023-10-06 22:00:13,899] *eet_gang_optimizer* Bij iteratie: 2, Nieuwe oplossing score van: -811 > -817, WO_69_M_Han en WO_75_V_Deb zijn hiervoor gewisselt.
[2023-10-06 22:00:13,976] *eet_gang_optimizer* Bij iteratie: 0, Nieuwe oplossing score van: -799 > -811, VW_33_V_Tru en WO_9_V_Ell zijn hiervoor gewisselt.
[2023-10-06 22:00:14,717] *kook_gang_optimizer* Bij iteratie: 19, Nieuwe oplossing score van: -798 > -799, WO_69 en WO_75 zijn hiervoor gewisselt.
[2023-10-06 22:00:15,078] *kook_gang_optimizer* Bij iteratie: 9, Nieuwe oplossing score van: -788 > -798, VW_43 en VW_5 zijn hiervoor gewisselt.
[2023-10-06 22:00:15,335] *eet_gang_optimizer* Bij iteratie: 2, Nieuwe oplossing score van: -780 > -788, VW_25_M_Joo en VW_27_M_Luc zijn hiervoor gewisselt.
[2023-10-06 22:00:15,697] *eet_gang_optimizer* Bij iteratie: 3, Nieuwe oplossing score van: -771 > -780, VW_23_M_Lar en VW_5_V_Jud zijn hiervoor gewisselt.
[2023-10-06 22:00:17,663] *kook_gang_optimizer* Bij iteratie: 53, Nieuwe oplossing score van: -768 > -771, VW_31 en WO_24 zijn hiervoor gewisselt.
[2023-10-06 22:00:18,735] *kook_gang_optimizer* Bij iteratie: 28, Nieuwe oplossing score van: -766 > -768, WO_33 en WO_52 zijn hiervoor gewisselt.
[2023-10-06 22:00:22,540] *kook_gang_optimizer* Bij iteratie: 104, Nieuwe oplossing score van: -761 > -766, WO_41 en WO_45 zijn hiervoor gewisselt.
[2023-10-06 22:00:22,690] *eet_gang_optimizer* Bij iteratie: 1, Nieuwe oplossing score van: -751 > -761, WO_13_V_Sim en WO_40_V_Mar zijn hiervoor gewisselt.
[2023-10-06 22:00:22,959] *kook_gang_optimizer* Bij iteratie: 7, Nieuwe oplossing score van: -747 > -751, VW_27 en VW_70 zijn hiervoor gewisselt.
[2023-10-06 22:00:23,944] *kook_gang_optimizer* Bij iteratie: 28, Nieuwe oplossing score van: -745 > -747, VW_32 en WO_13 zijn hiervoor gewisselt.
[2023-10-06 22:00:23,980] *eet_gang_optimizer* Bij iteratie: 0, Nieuwe oplossing score van: -742 > -745, VW_43_V_Sjo en VW_5_V_Jud zijn hiervoor gewisselt.
[2023-10-06 22:00:24,117] *eet_gang_optimizer* Bij iteratie: 1, Nieuwe oplossing score van: -741 > -742, VW_13_V_Con en WO_61_M_Ren zijn hiervoor gewisselt.
[2023-10-06 22:00:24,504] *kook_gang_optimizer* Bij iteratie: 10, Nieuwe oplossing score van: -728 > -741, VW_35 en VW_39 zijn hiervoor gewisselt.
[2023-10-06 22:00:24,539] *kook_gang_optimizer* Bij iteratie: 0, Nieuwe oplossing score van: -726 > -728, VW_62 en VW_8 zijn hiervoor gewisselt.
[2023-10-06 22:00:24,573] *kook_gang_optimizer* Bij iteratie: 0, Nieuwe oplossing score van: -724 > -726, VW_70 en WO_71 zijn hiervoor gewisselt.
[2023-10-06 22:00:25,865] *eet_gang_optimizer* Bij iteratie: 12, Nieuwe oplossing score van: -708 > -724, VW_68_V_Mar en WO_49_M_Joo zijn hiervoor gewisselt.
[2023-10-06 22:00:26,106] *eet_gang_optimizer* Bij iteratie: 2, Nieuwe oplossing score van: -702 > -708, NEW_3_M_Rob en VW_35_V_Ros zijn hiervoor gewisselt.
[2023-10-06 22:00:27,182] *kook_gang_optimizer* Bij iteratie: 31, Nieuwe oplossing score van: -701 > -702, VW_13 en WO_21 zijn hiervoor gewisselt.
[2023-10-06 22:00:27,673] *kook_gang_optimizer* Bij iteratie: 13, Nieuwe oplossing score van: -694 > -701, VW_35 en WO_16 zijn hiervoor gewisselt.
[2023-10-06 22:00:28,905] *kook_gang_optimizer* Bij iteratie: 35, Nieuwe oplossing score van: -692 > -694, VW_72 en WO_27 zijn hiervoor gewisselt.
[2023-10-06 22:00:29,145] *eet_gang_optimizer* Bij iteratie: 2, Nieuwe oplossing score van: -668 > -692, WO_21_M_Han en WO_79_M_Rob zijn hiervoor gewisselt.
[2023-10-06 22:00:29,682] *kook_gang_optimizer* Bij iteratie: 15, Nieuwe oplossing score van: -667 > -668, WO_20 en WO_32 zijn hiervoor gewisselt.
[2023-10-06 22:00:30,477] *eet_gang_optimizer* Bij iteratie: 7, Nieuwe oplossing score van: -660 > -667, WO_41_V_Ann en WO_45_V_Kar zijn hiervoor gewisselt.
[2023-10-06 22:00:30,585] *eet_gang_optimizer* Bij iteratie: 0, Nieuwe oplossing score van: -659 > -660, WO_20_M_Aad en WO_87_V_Mad zijn hiervoor gewisselt.
[2023-10-06 22:00:30,655] *eet_gang_optimizer* Bij iteratie: 0, Nieuwe oplossing score van: -648 > -659, VW_31_M_Pau en VW_9_M_Rob zijn hiervoor gewisselt.
[2023-10-06 22:00:31,414] *eet_gang_optimizer* Bij iteratie: 7, Nieuwe oplossing score van: -643 > -648, WO_55_V_Han en WO_77_M_Twa zijn hiervoor gewisselt.
[2023-10-06 22:00:31,893] *eet_gang_optimizer* Bij iteratie: 4, Nieuwe oplossing score van: -638 > -643, WO_49_V_Van en WO_53_V_Pat zijn hiervoor gewisselt.
[2023-10-06 22:00:32,013] *eet_gang_optimizer* Bij iteratie: 0, Nieuwe oplossing score van: -626 > -638, WO_13_M_Lau en WO_85_V_Fem zijn hiervoor gewisselt.
[2023-10-06 22:00:32,219] *kook_gang_optimizer* Bij iteratie: 5, Nieuwe oplossing score van: -625 > -626, VW_32 en WO_40 zijn hiervoor gewisselt.
[2023-10-06 22:00:33,040] *eet_gang_optimizer* Bij iteratie: 7, Nieuwe oplossing score van: -624 > -625, VW_6_V_Len en WO_13_M_Lau zijn hiervoor gewisselt.
[2023-10-06 22:00:33,180] *eet_gang_optimizer* Bij iteratie: 1, Nieuwe oplossing score van: -620 > -624, VW_12_M_Pet en VW_13_V_Con zijn hiervoor gewisselt.
[2023-10-06 22:00:34,153] *eet_gang_optimizer* Bij iteratie: 9, Nieuwe oplossing score van: -608 > -620, WO_32a_V_Gem en WO_51_V_Dia zijn hiervoor gewisselt.
[2023-10-06 22:00:35,630] *kook_gang_optimizer* Bij iteratie: 42, Nieuwe oplossing score van: -607 > -608, WO_23 en WO_7 zijn hiervoor gewisselt.
[2023-10-06 22:00:36,914] *kook_gang_optimizer* Bij iteratie: 36, Nieuwe oplossing score van: -602 > -607, WO_71 en WO_85 zijn hiervoor gewisselt.
[2023-10-06 22:00:37,603] *kook_gang_optimizer* Bij iteratie: 19, Nieuwe oplossing score van: -599 > -602, VW_32 en WO_36 zijn hiervoor gewisselt.
[2023-10-06 22:00:37,844] *kook_gang_optimizer* Bij iteratie: 6, Nieuwe oplossing score van: -597 > -599, VW_12 en WO_21 zijn hiervoor gewisselt.
