[2023-10-09 01:21:34,029] *kook_gang_optimizer* Bij iteratie: 2, Nieuwe oplossing score van: -1731 > -1744, VW_23 en WO_27 zijn hiervoor gewisseld.
[2023-10-09 01:21:34,086] *kook_gang_optimizer* Bij iteratie: 0, Nieuwe oplossing score van: -1720 > -1731, VW_12 en WO_53 zijn hiervoor gewisseld.
[2023-10-09 01:21:34,397] *eet_gang_optimizer* Bij iteratie: 6, Nieuwe oplossing score van: -1719 > -1720, VW_21_V_Ale en WO_71_V_Mar zijn hiervoor gewisseld.
[2023-10-09 01:21:34,678] *kook_gang_optimizer* Bij iteratie: 5, Nieuwe oplossing score van: -1695 > -1719, WO_27 en WO_40 zijn hiervoor gewisseld.
[2023-10-09 01:21:34,999] *kook_gang_optimizer* Bij iteratie: 6, Nieuwe oplossing score van: -1635 > -1695, WO_33 en WO_7 zijn hiervoor gewisseld.
[2023-10-09 01:21:35,325] *kook_gang_optimizer* Bij iteratie: 7, Nieuwe oplossing score van: -1587 > -1635, WO_16 en WO_52 zijn hiervoor gewisseld.
[2023-10-09 01:21:36,133] *eet_gang_optimizer* Bij iteratie: 17, Nieuwe oplossing score van: -1549 > -1587, VW_6_V_Len en WO_24_V_Jea zijn hiervoor gewisseld.
[2023-10-09 01:21:36,193] *eet_gang_optimizer* Bij iteratie: 0, Nieuwe oplossing score van: -1533 > -1549, VW_21_V_Ale en VW_39_V_Ann zijn hiervoor gewisseld.
[2023-10-09 01:21:36,251] *kook_gang_optimizer* Bij iteratie: 0, Nieuwe oplossing score van: -1491 > -1533, VW_25 en VW_31 zijn hiervoor gewisseld.
[2023-10-09 01:21:36,308] *eet_gang_optimizer* Bij iteratie: 0, Nieuwe oplossing score van: -1478 > -1491, VW_18_V_Yol en VW_72_M_Pie zijn hiervoor gewisseld.
[2023-10-09 01:21:36,400] *kook_gang_optimizer* Bij iteratie: 1, Nieuwe oplossing score van: -1443 > -1478, VW_3 en WO_32 zijn hiervoor gewisseld.
[2023-10-09 01:21:36,459] *kook_gang_optimizer* Bij iteratie: 0, Nieuwe oplossing score van: -1437 > -1443, VW_72 en WO_45 zijn hiervoor gewisseld.
[2023-10-09 01:21:36,549] *kook_gang_optimizer* Bij iteratie: 0, Nieuwe oplossing score van: -1382 > -1437, VW_15 en VW_3 zijn hiervoor gewisseld.
[2023-10-09 01:21:36,679] *kook_gang_optimizer* Bij iteratie: 2, Nieuwe oplossing score van: -1377 > -1382, WO_21 en WO_36 zijn hiervoor gewisseld.
[2023-10-09 01:21:36,852] *eet_gang_optimizer* Bij iteratie: 3, Nieuwe oplossing score van: -1370 > -1377, VW_15_M_Ger en WO_81_V_Jan zijn hiervoor gewisseld.
[2023-10-09 01:21:36,946] *kook_gang_optimizer* Bij iteratie: 1, Nieuwe oplossing score van: -1357 > -1370, VW_13 en WO_16 zijn hiervoor gewisseld.
[2023-10-09 01:21:37,042] *kook_gang_optimizer* Bij iteratie: 1, Nieuwe oplossing score van: -1339 > -1357, VW_35 en WO_52 zijn hiervoor gewisseld.
[2023-10-09 01:21:37,098] *eet_gang_optimizer* Bij iteratie: 0, Nieuwe oplossing score van: -1305 > -1339, VW_5_M_Car en WO_52_V_Eli zijn hiervoor gewisseld.
[2023-10-09 01:21:37,271] *eet_gang_optimizer* Bij iteratie: 3, Nieuwe oplossing score van: -1304 > -1305, VW_18_V_Yol en WO_13_V_Sim zijn hiervoor gewisseld.
[2023-10-09 01:21:37,597] *kook_gang_optimizer* Bij iteratie: 7, Nieuwe oplossing score van: -1300 > -1304, VW_15 en WO_85 zijn hiervoor gewisseld.
[2023-10-09 01:21:37,853] *kook_gang_optimizer* Bij iteratie: 5, Nieuwe oplossing score van: -1269 > -1300, VW_21 en WO_77 zijn hiervoor gewisseld.
[2023-10-09 01:21:38,251] *kook_gang_optimizer* Bij iteratie: 9, Nieuwe oplossing score van: -1256 > -1269, VW_5 en WO_40 zijn hiervoor gewisseld.
[2023-10-09 01:21:38,308] *eet_gang_optimizer* Bij iteratie: 0, Nieuwe oplossing score van: -1244 > -1256, WO_55_V_Han en WO_67_V_Jea zijn hiervoor gewisseld.
[2023-10-09 01:21:38,444] *eet_gang_optimizer* Bij iteratie: 2, Nieuwe oplossing score van: -1242 > -1244, VW_25_M_Joo en WO_38_V_Eek zijn hiervoor gewisseld.
[2023-10-09 01:21:38,581] *kook_gang_optimizer* Bij iteratie: 1, Nieuwe oplossing score van: -1224 > -1242, WO_23 en WO_7 zijn hiervoor gewisseld.
[2023-10-09 01:21:39,200] *eet_gang_optimizer* Bij iteratie: 15, Nieuwe oplossing score van: -1210 > -1224, VW_39_V_Ann en WO_38_M_Jaa zijn hiervoor gewisseld.
[2023-10-09 01:21:39,298] *eet_gang_optimizer* Bij iteratie: 1, Nieuwe oplossing score van: -1192 > -1210, WO_33_V_Lou en WO_55_V_Han zijn hiervoor gewisseld.
[2023-10-09 01:21:39,526] *eet_gang_optimizer* Bij iteratie: 4, Nieuwe oplossing score van: -1172 > -1192, WO_23_M_Bar en WO_75_V_Deb zijn hiervoor gewisseld.
[2023-10-09 01:21:39,644] *kook_gang_optimizer* Bij iteratie: 1, Nieuwe oplossing score van: -1141 > -1172, VW_70 en WO_85 zijn hiervoor gewisseld.
[2023-10-09 01:21:39,974] *kook_gang_optimizer* Bij iteratie: 5, Nieuwe oplossing score van: -1129 > -1141, VW_5 en VW_51 zijn hiervoor gewisseld.
[2023-10-09 01:21:40,125] *kook_gang_optimizer* Bij iteratie: 2, Nieuwe oplossing score van: -1099 > -1129, VW_25 en VW_51 zijn hiervoor gewisseld.
[2023-10-09 01:21:41,272] *kook_gang_optimizer* Bij iteratie: 27, Nieuwe oplossing score van: -1094 > -1099, VW_13 en WO_53 zijn hiervoor gewisseld.
[2023-10-09 01:21:41,403] *eet_gang_optimizer* Bij iteratie: 2, Nieuwe oplossing score van: -1087 > -1094, VW_46_V_Bre en WO_23_V_Mon zijn hiervoor gewisseld.
[2023-10-09 01:21:42,465] *kook_gang_optimizer* Bij iteratie: 25, Nieuwe oplossing score van: -1079 > -1087, VW_3 en WO_41 zijn hiervoor gewisseld.
[2023-10-09 01:21:42,876] *kook_gang_optimizer* Bij iteratie: 9, Nieuwe oplossing score van: -1072 > -1079, WO_41 en WO_87 zijn hiervoor gewisseld.
[2023-10-09 01:21:43,012] *eet_gang_optimizer* Bij iteratie: 2, Nieuwe oplossing score van: -1060 > -1072, VW_25_V_Ano en WO_32a_V_Gem zijn hiervoor gewisseld.
[2023-10-09 01:21:44,087] *eet_gang_optimizer* Bij iteratie: 26, Nieuwe oplossing score van: -1053 > -1060, VW_18_M_Mic en VW_9_V_Rie zijn hiervoor gewisseld.
[2023-10-09 01:21:44,166] *eet_gang_optimizer* Bij iteratie: 0, Nieuwe oplossing score van: -1047 > -1053, VW_32_V_Wen en WO_67_M_Rob zijn hiervoor gewisseld.
[2023-10-09 01:21:44,300] *eet_gang_optimizer* Bij iteratie: 2, Nieuwe oplossing score van: -1041 > -1047, NEW_1_V_Eug en WO_51_V_Dia zijn hiervoor gewisseld.
[2023-10-09 01:21:44,468] *kook_gang_optimizer* Bij iteratie: 3, Nieuwe oplossing score van: -1040 > -1041, WO_53 en WO_81 zijn hiervoor gewisseld.
[2023-10-09 01:21:44,696] *kook_gang_optimizer* Bij iteratie: 4, Nieuwe oplossing score van: -1016 > -1040, VW_23 en WO_21 zijn hiervoor gewisseld.
[2023-10-09 01:21:44,867] *kook_gang_optimizer* Bij iteratie: 3, Nieuwe oplossing score van: -1000 > -1016, VW_39 en WO_49 zijn hiervoor gewisseld.
[2023-10-09 01:21:44,926] *kook_gang_optimizer* Bij iteratie: 0, Nieuwe oplossing score van: -991 > -1000, VW_27 en WO_41 zijn hiervoor gewisseld.
[2023-10-09 01:21:45,027] *eet_gang_optimizer* Bij iteratie: 1, Nieuwe oplossing score van: -981 > -991, VW_31_M_Pau en WO_75_M_Jur zijn hiervoor gewisseld.
[2023-10-09 01:21:45,544] *eet_gang_optimizer* Bij iteratie: 12, Nieuwe oplossing score van: -962 > -981, VW_31_V_Jan en VW_70_V_Cha zijn hiervoor gewisseld.
[2023-10-09 01:21:45,708] *kook_gang_optimizer* Bij iteratie: 2, Nieuwe oplossing score van: -951 > -962, VW_46 en WO_85 zijn hiervoor gewisseld.
[2023-10-09 01:21:46,221] *kook_gang_optimizer* Bij iteratie: 11, Nieuwe oplossing score van: -945 > -951, VW_33 en WO_71 zijn hiervoor gewisseld.
[2023-10-09 01:21:46,618] *eet_gang_optimizer* Bij iteratie: 8, Nieuwe oplossing score van: -940 > -945, NEW_3_M_Rob en VW_51_V_Eli zijn hiervoor gewisseld.
[2023-10-09 01:21:46,717] *eet_gang_optimizer* Bij iteratie: 1, Nieuwe oplossing score van: -928 > -940, VW_68_V_Mar en WO_51_M_Jan zijn hiervoor gewisseld.
[2023-10-09 01:21:47,586] *kook_gang_optimizer* Bij iteratie: 21, Nieuwe oplossing score van: -922 > -928, VW_43 en WO_50 zijn hiervoor gewisseld.
[2023-10-09 01:21:48,051] *eet_gang_optimizer* Bij iteratie: 9, Nieuwe oplossing score van: -917 > -922, VW_39_M_Bar en VW_68_V_Mar zijn hiervoor gewisseld.
[2023-10-09 01:21:48,535] *eet_gang_optimizer* Bij iteratie: 10, Nieuwe oplossing score van: -907 > -917, WO_16_V_Lie en WO_36_M_Hui zijn hiervoor gewisseld.
[2023-10-09 01:21:49,307] *kook_gang_optimizer* Bij iteratie: 17, Nieuwe oplossing score van: -872 > -907, VW_20 en WO_53 zijn hiervoor gewisseld.
[2023-10-09 01:21:49,702] *kook_gang_optimizer* Bij iteratie: 8, Nieuwe oplossing score van: -868 > -872, VW_9 en WO_75 zijn hiervoor gewisseld.
[2023-10-09 01:21:49,908] *eet_gang_optimizer* Bij iteratie: 3, Nieuwe oplossing score van: -860 > -868, VW_39_M_Bar en WO_13_V_Sim zijn hiervoor gewisseld.
[2023-10-09 01:21:50,605] *kook_gang_optimizer* Bij iteratie: 14, Nieuwe oplossing score van: -857 > -860, WO_16 en WO_7 zijn hiervoor gewisseld.
[2023-10-09 01:21:50,902] *eet_gang_optimizer* Bij iteratie: 5, Nieuwe oplossing score van: -856 > -857, VW_18_V_Yol en WO_52_M_Ton zijn hiervoor gewisseld.
[2023-10-09 01:21:52,806] *eet_gang_optimizer* Bij iteratie: 44, Nieuwe oplossing score van: -855 > -856, NEW_3_V_Mel en VW_51_V_Eli zijn hiervoor gewisseld.
[2023-10-09 01:21:53,842] *kook_gang_optimizer* Bij iteratie: 23, Nieuwe oplossing score van: -849 > -855, VW_33 en WO_38 zijn hiervoor gewisseld.
[2023-10-09 01:21:53,938] *eet_gang_optimizer* Bij iteratie: 1, Nieuwe oplossing score van: -848 > -849, VW_68_V_Mar en WO_1_V_Bir zijn hiervoor gewisseld.
[2023-10-09 01:21:54,487] *kook_gang_optimizer* Bij iteratie: 11, Nieuwe oplossing score van: -840 > -848, VW_5 en WO_81 zijn hiervoor gewisseld.
[2023-10-09 01:21:55,270] *kook_gang_optimizer* Bij iteratie: 18, Nieuwe oplossing score van: -817 > -840, WO_32 en WO_38 zijn hiervoor gewisseld.
[2023-10-09 01:21:55,404] *kook_gang_optimizer* Bij iteratie: 2, Nieuwe oplossing score van: -802 > -817, VW_43 en WO_40 zijn hiervoor gewisseld.
[2023-10-09 01:21:55,631] *eet_gang_optimizer* Bij iteratie: 5, Nieuwe oplossing score van: -796 > -802, WO_52_M_Ton en WO_53_M_Ola zijn hiervoor gewisseld.
[2023-10-09 01:21:57,294] *kook_gang_optimizer* Bij iteratie: 44, Nieuwe oplossing score van: -794 > -796, VW_23 en WO_41 zijn hiervoor gewisseld.
[2023-10-09 01:21:57,389] *eet_gang_optimizer* Bij iteratie: 1, Nieuwe oplossing score van: -781 > -794, VW_12_V_Sja en WO_23_V_Mon zijn hiervoor gewisseld.
[2023-10-09 01:21:57,637] *eet_gang_optimizer* Bij iteratie: 4, Nieuwe oplossing score van: -770 > -781, WO_51_V_Dia en WO_67_V_Jea zijn hiervoor gewisseld.
[2023-10-09 01:21:58,186] *eet_gang_optimizer* Bij iteratie: 12, Nieuwe oplossing score van: -765 > -770, NEW_3_M_Rob en WO_1_V_Bir zijn hiervoor gewisseld.
[2023-10-09 01:21:58,515] *eet_gang_optimizer* Bij iteratie: 6, Nieuwe oplossing score van: -759 > -765, VW_12_V_Sja en VW_21_M_Koo zijn hiervoor gewisseld.
[2023-10-09 01:21:59,132] *eet_gang_optimizer* Bij iteratie: 14, Nieuwe oplossing score van: -758 > -759, VW_68_V_Mar en WO_33_V_Lou zijn hiervoor gewisseld.
[2023-10-09 01:22:00,197] *kook_gang_optimizer* Bij iteratie: 23, Nieuwe oplossing score van: -751 > -758, VW_51 en WO_21 zijn hiervoor gewisseld.
[2023-10-09 01:22:00,665] *eet_gang_optimizer* Bij iteratie: 10, Nieuwe oplossing score van: -742 > -751, VW_23_V_Ils en WO_20_V_Ast zijn hiervoor gewisseld.
[2023-10-09 01:22:01,172] *eet_gang_optimizer* Bij iteratie: 11, Nieuwe oplossing score van: -733 > -742, WO_50_V_Nic en WO_9_M_Phi zijn hiervoor gewisseld.
[2023-10-09 01:22:02,071] *kook_gang_optimizer* Bij iteratie: 19, Nieuwe oplossing score van: -731 > -733, VW_21 en VW_3 zijn hiervoor gewisseld.
[2023-10-09 01:22:03,473] *kook_gang_optimizer* Bij iteratie: 32, Nieuwe oplossing score van: -729 > -731, VW_31 en WO_33 zijn hiervoor gewisseld.
[2023-10-09 01:22:04,994] *kook_gang_optimizer* Bij iteratie: 37, Nieuwe oplossing score van: -722 > -729, WO_40 en WO_50 zijn hiervoor gewisseld.
[2023-10-09 01:22:06,165] *eet_gang_optimizer* Bij iteratie: 27, Nieuwe oplossing score van: -710 > -722, WO_33_V_Lou en WO_71_M_Kar zijn hiervoor gewisseld.
[2023-10-09 01:22:09,135] *kook_gang_optimizer* Bij iteratie: 70, Nieuwe oplossing score van: -669 > -710, WO_45 en WO_7 zijn hiervoor gewisseld.
[2023-10-09 01:22:09,519] *eet_gang_optimizer* Bij iteratie: 8, Nieuwe oplossing score van: -663 > -669, VW_6_V_Len en VW_68_M_Chr zijn hiervoor gewisseld.
[2023-10-09 01:22:10,266] *eet_gang_optimizer* Bij iteratie: 14, Nieuwe oplossing score van: -650 > -663, WO_16_M_Fre en WO_61_M_Ren zijn hiervoor gewisseld.
[2023-10-09 01:22:12,177] *kook_gang_optimizer* Bij iteratie: 42, Nieuwe oplossing score van: -644 > -650, VW_46 en WO_40 zijn hiervoor gewisseld.
[2023-10-09 01:22:12,244] *eet_gang_optimizer* Bij iteratie: 0, Nieuwe oplossing score van: -632 > -644, VW_35_M_Roe en VW_5_M_Car zijn hiervoor gewisseld.
[2023-10-09 01:22:12,645] *kook_gang_optimizer* Bij iteratie: 8, Nieuwe oplossing score van: -626 > -632, VW_12 en WO_21 zijn hiervoor gewisseld.
[2023-10-09 01:22:13,583] *eet_gang_optimizer* Bij iteratie: 19, Nieuwe oplossing score van: -614 > -626, NEW_1_M_Erw en VW_35_V_Ros zijn hiervoor gewisseld.
[2023-10-09 01:22:14,736] *eet_gang_optimizer* Bij iteratie: 28, Nieuwe oplossing score van: -611 > -614, NEW_1_M_Erw en VW_23_V_Ils zijn hiervoor gewisseld.
[2023-10-09 01:22:15,401] *eet_gang_optimizer* Bij iteratie: 16, Nieuwe oplossing score van: -610 > -611, WO_16_V_Lie en WO_55_V_Han zijn hiervoor gewisseld.
[2023-10-09 01:22:19,157] *kook_gang_optimizer* Bij iteratie: 88, Nieuwe oplossing score van: -605 > -610, VW_31 en VW_51 zijn hiervoor gewisseld.
[2023-10-09 01:22:19,229] *eet_gang_optimizer* Bij iteratie: 0, Nieuwe oplossing score van: -593 > -605, VW_43_M_Mar en VW_62_V_Ale zijn hiervoor gewisseld.
[2023-10-09 01:22:19,879] *eet_gang_optimizer* Bij iteratie: 15, Nieuwe oplossing score van: -586 > -593, VW_13_M_Mar en VW_68_V_Mar zijn hiervoor gewisseld.
[2023-10-09 01:22:20,631] *eet_gang_optimizer* Bij iteratie: 15, Nieuwe oplossing score van: -585 > -586, NEW_3_V_Mel en VW_32_M_Mic zijn hiervoor gewisseld.
[2023-10-09 01:22:20,826] *kook_gang_optimizer* Bij iteratie: 3, Nieuwe oplossing score van: -580 > -585, VW_31 en WO_85 zijn hiervoor gewisseld.
[2023-10-09 01:22:22,417] *kook_gang_optimizer* Bij iteratie: 37, Nieuwe oplossing score van: -568 > -580, VW_21 en WO_21 zijn hiervoor gewisseld.
[2023-10-09 01:22:23,803] *kook_gang_optimizer* Bij iteratie: 30, Nieuwe oplossing score van: -567 > -568, WO_50 en WO_85 zijn hiervoor gewisseld.
[2023-10-09 01:22:25,333] *kook_gang_optimizer* Bij iteratie: 37, Nieuwe oplossing score van: -561 > -567, VW_33 en WO_33 zijn hiervoor gewisseld.
[2023-10-09 01:22:29,177] *kook_gang_optimizer* Bij iteratie: 91, Nieuwe oplossing score van: -557 > -561, VW_32 en WO_32 zijn hiervoor gewisseld.
[2023-10-09 01:22:30,116] *kook_gang_optimizer* Bij iteratie: 22, Nieuwe oplossing score van: -550 > -557, VW_12 en WO_50 zijn hiervoor gewisseld.
[2023-10-09 01:22:30,845] *eet_gang_optimizer* Bij iteratie: 17, Nieuwe oplossing score van: -548 > -550, WO_40_V_Mar en WO_67_V_Jea zijn hiervoor gewisseld.
[2023-10-09 01:22:31,264] *eet_gang_optimizer* Bij iteratie: 10, Nieuwe oplossing score van: -547 > -548, WO_13_M_Lau en WO_32a_V_Gem zijn hiervoor gewisseld.
[2023-10-09 01:22:40,087] *kook_gang_optimizer* Bij iteratie: 224, Nieuwe oplossing score van: -538 > -547, VW_39 en WO_55 zijn hiervoor gewisseld.
[2023-10-09 01:22:41,094] *eet_gang_optimizer* Bij iteratie: 25, Nieuwe oplossing score van: -537 > -538, VW_25_M_Joo en VW_9_V_Rie zijn hiervoor gewisseld.
[2023-10-09 01:22:42,983] *eet_gang_optimizer* Bij iteratie: 49, Nieuwe oplossing score van: -536 > -537, VW_57_V_Ann en WO_38_V_Eek zijn hiervoor gewisseld.
[2023-10-09 01:22:46,463] *kook_gang_optimizer* Bij iteratie: 90, Nieuwe oplossing score van: -535 > -536, VW_23 en WO_20 zijn hiervoor gewisseld.
[2023-10-09 01:22:52,897] *kook_gang_optimizer* Bij iteratie: 164, Nieuwe oplossing score van: -527 > -535, VW_23 en WO_81 zijn hiervoor gewisseld.
[2023-10-09 01:22:53,712] *eet_gang_optimizer* Bij iteratie: 20, Nieuwe oplossing score van: -514 > -527, VW_6_V_Len en WO_27_M_Dan zijn hiervoor gewisseld.
[2023-10-09 01:22:58,345] *kook_gang_optimizer* Bij iteratie: 120, Nieuwe oplossing score van: -502 > -514, VW_31 en VW_35 zijn hiervoor gewisseld.
[2023-10-09 01:22:58,822] *eet_gang_optimizer* Bij iteratie: 11, Nieuwe oplossing score van: -485 > -502, VW_5_M_Car en WO_79_V_Wie zijn hiervoor gewisseld.
[2023-10-09 01:22:59,814] *eet_gang_optimizer* Bij iteratie: 25, Nieuwe oplossing score van: -484 > -485, NEW_3_V_Mel en WO_87_V_Mad zijn hiervoor gewisseld.
[2023-10-09 01:23:00,234] *kook_gang_optimizer* Bij iteratie: 10, Nieuwe oplossing score van: -479 > -484, VW_46 en WO_40 zijn hiervoor gewisseld.
[2023-10-09 01:23:03,342] *eet_gang_optimizer* Bij iteratie: 79, Nieuwe oplossing score van: -467 > -479, VW_68_V_Mar en WO_50_M_Fli zijn hiervoor gewisseld.
[2023-10-09 01:23:05,158] *eet_gang_optimizer* Bij iteratie: 45, Nieuwe oplossing score van: -466 > -467, VW_62_V_Ale en WO_26_M_Rod zijn hiervoor gewisseld.
[2023-10-09 01:23:05,377] *eet_gang_optimizer* Bij iteratie: 4, Nieuwe oplossing score van: -458 > -466, VW_9_V_Rie en WO_49_M_Joo zijn hiervoor gewisseld.
[2023-10-09 01:23:24,473] *kook_gang_optimizer* Bij iteratie: 494, Nieuwe oplossing score van: -454 > -458, VW_25 en VW_32 zijn hiervoor gewisseld.
[2023-10-09 01:23:26,907] *eet_gang_optimizer* Bij iteratie: 60, Nieuwe oplossing score van: -442 > -454, VW_18_V_Yol en VW_20_V_Ber zijn hiervoor gewisseld.
[2023-10-09 01:23:28,069] *kook_gang_optimizer* Bij iteratie: 26, Nieuwe oplossing score van: -437 > -442, VW_31 en VW_72 zijn hiervoor gewisseld.
[2023-10-09 01:23:30,003] *kook_gang_optimizer* Bij iteratie: 50, Nieuwe oplossing score van: -435 > -437, VW_51 en WO_21 zijn hiervoor gewisseld.
[2023-10-09 01:23:34,105] *kook_gang_optimizer* Bij iteratie: 106, Nieuwe oplossing score van: -430 > -435, VW_57 en WO_45 zijn hiervoor gewisseld.
[2023-10-09 01:23:34,927] *kook_gang_optimizer* Bij iteratie: 21, Nieuwe oplossing score van: -427 > -430, VW_25 en VW_51 zijn hiervoor gewisseld.
[2023-10-09 01:23:39,151] *eet_gang_optimizer* Bij iteratie: 109, Nieuwe oplossing score van: -426 > -427, WO_11_M_Bas en WO_13_V_Sim zijn hiervoor gewisseld.
[2023-10-09 01:24:09,074] *kook_gang_optimizer* Bij iteratie: 775, Nieuwe oplossing score van: -420 > -426, VW_20 en VW_57 zijn hiervoor gewisseld.
[2023-10-09 01:24:17,012] *kook_gang_optimizer* Bij iteratie: 207, Nieuwe oplossing score van: -414 > -420, VW_20 en WO_81 zijn hiervoor gewisseld.
[2023-10-09 01:24:20,149] *eet_gang_optimizer* Bij iteratie: 80, Nieuwe oplossing score van: -407 > -414, WO_51_V_Dia en WO_61_V_Ger zijn hiervoor gewisseld.
[2023-10-09 01:24:20,613] *eet_gang_optimizer* Bij iteratie: 10, Nieuwe oplossing score van: -402 > -407, WO_16_M_Fre en WO_71_V_Mar zijn hiervoor gewisseld.
[2023-10-09 01:24:26,036] *kook_gang_optimizer* Bij iteratie: 131, Nieuwe oplossing score van: -398 > -402, VW_21 en VW_46 zijn hiervoor gewisseld.
[2023-10-09 01:24:27,754] *kook_gang_optimizer* Bij iteratie: 43, Nieuwe oplossing score van: -396 > -398, VW_25 en WO_13 zijn hiervoor gewisseld.
[2023-10-09 01:24:28,533] *eet_gang_optimizer* Bij iteratie: 19, Nieuwe oplossing score van: -392 > -396, WO_23_M_Bar en WO_32a_M_Too zijn hiervoor gewisseld.
[2023-10-09 01:24:39,779] *kook_gang_optimizer* Bij iteratie: 292, Nieuwe oplossing score van: -391 > -392, VW_5 en WO_77 zijn hiervoor gewisseld.
[2023-10-09 01:24:46,777] *eet_gang_optimizer* Bij iteratie: 181, Nieuwe oplossing score van: -386 > -391, WO_9_M_Phi en WO_9_V_Ell zijn hiervoor gewisseld.
[2023-10-09 01:24:47,901] *eet_gang_optimizer* Bij iteratie: 27, Nieuwe oplossing score van: -383 > -386, WO_24_V_Jea en WO_67_M_Rob zijn hiervoor gewisseld.
[2023-10-09 01:24:49,013] *eet_gang_optimizer* Bij iteratie: 27, Nieuwe oplossing score van: -382 > -383, VW_57_M_Lou en WO_32_M_Ber zijn hiervoor gewisseld.
[2023-10-09 01:24:50,983] *eet_gang_optimizer* Bij iteratie: 49, Nieuwe oplossing score van: -381 > -382, WO_20_V_Ast en WO_38_V_Eek zijn hiervoor gewisseld.
[2023-10-09 01:25:12,478] *kook_gang_optimizer* Bij iteratie: 558, Nieuwe oplossing score van: -374 > -381, WO_77 en WO_79 zijn hiervoor gewisseld.
[2023-10-09 01:25:43,878] *kook_gang_optimizer* Bij iteratie: 821, Nieuwe oplossing score van: -370 > -374, VW_31 en VW_39 zijn hiervoor gewisseld.
[2023-10-09 01:25:47,689] *kook_gang_optimizer* Bij iteratie: 100, Nieuwe oplossing score van: -369 > -370, VW_12 en VW_13 zijn hiervoor gewisseld.
[2023-10-09 01:25:53,672] *eet_gang_optimizer* Bij iteratie: 156, Nieuwe oplossing score van: -364 > -369, VW_23_M_Lar en WO_32a_M_Too zijn hiervoor gewisseld.
[2023-10-09 01:26:12,033] *kook_gang_optimizer* Bij iteratie: 469, Nieuwe oplossing score van: -357 > -364, VW_12 en WO_1 zijn hiervoor gewisseld.
[2023-10-09 01:26:19,349] *kook_gang_optimizer* Bij iteratie: 192, Nieuwe oplossing score van: -353 > -357, VW_72 en WO_75 zijn hiervoor gewisseld.
