[2023-10-09 12:42:07,619] *kook_gang_optimizer* Bij iteratie: 1, Nieuwe oplossing score van: -1740 > -1744, VW_9 en WO_38 zijn hiervoor gewisseld.
[2023-10-09 12:42:07,674] *kook_gang_optimizer* Bij iteratie: 0, Nieuwe oplossing score van: -1699 > -1740, VW_13 en VW_25 zijn hiervoor gewisseld.
[2023-10-09 12:42:07,773] *eet_gang_optimizer* Bij iteratie: 1, Nieuwe oplossing score van: -1687 > -1699, NEW_3_M_Rob en WO_11_M_Bas zijn hiervoor gewisseld.
[2023-10-09 12:42:08,175] *kook_gang_optimizer* Bij iteratie: 9, Nieuwe oplossing score van: -1663 > -1687, VW_35 en WO_52 zijn hiervoor gewisseld.
[2023-10-09 12:42:08,346] *eet_gang_optimizer* Bij iteratie: 3, Nieuwe oplossing score van: -1604 > -1663, VW_3_M_Huu en WO_49_M_Joo zijn hiervoor gewisseld.
[2023-10-09 12:42:08,403] *kook_gang_optimizer* Bij iteratie: 0, Nieuwe oplossing score van: -1563 > -1604, VW_46 en WO_40 zijn hiervoor gewisseld.
[2023-10-09 12:42:08,499] *eet_gang_optimizer* Bij iteratie: 1, Nieuwe oplossing score van: -1555 > -1563, VW_21_V_Ale en WO_81_V_Jan zijn hiervoor gewisseld.
[2023-10-09 12:42:08,904] *eet_gang_optimizer* Bij iteratie: 9, Nieuwe oplossing score van: -1523 > -1555, VW_32_V_Wen en VW_5_V_Jud zijn hiervoor gewisseld.
[2023-10-09 12:42:09,000] *eet_gang_optimizer* Bij iteratie: 1, Nieuwe oplossing score van: -1517 > -1523, VW_21_M_Koo en VW_31_M_Pau zijn hiervoor gewisseld.
[2023-10-09 12:42:09,494] *eet_gang_optimizer* Bij iteratie: 11, Nieuwe oplossing score van: -1493 > -1517, VW_27_M_Luc en VW_46_V_Jor zijn hiervoor gewisseld.
[2023-10-09 12:42:09,707] *eet_gang_optimizer* Bij iteratie: 4, Nieuwe oplossing score van: -1475 > -1493, WO_69_M_Han en WO_75_M_Jur zijn hiervoor gewisseld.
[2023-10-09 12:42:09,804] *kook_gang_optimizer* Bij iteratie: 1, Nieuwe oplossing score van: -1472 > -1475, VW_13 en WO_38 zijn hiervoor gewisseld.
[2023-10-09 12:42:09,859] *kook_gang_optimizer* Bij iteratie: 0, Nieuwe oplossing score van: -1467 > -1472, WO_13 en WO_51 zijn hiervoor gewisseld.
[2023-10-09 12:42:10,193] *kook_gang_optimizer* Bij iteratie: 7, Nieuwe oplossing score van: -1441 > -1467, WO_50 en WO_85 zijn hiervoor gewisseld.
[2023-10-09 12:42:10,366] *kook_gang_optimizer* Bij iteratie: 3, Nieuwe oplossing score van: -1413 > -1441, VW_21 en WO_50 zijn hiervoor gewisseld.
[2023-10-09 12:42:10,581] *kook_gang_optimizer* Bij iteratie: 4, Nieuwe oplossing score van: -1399 > -1413, WO_52 en WO_69 zijn hiervoor gewisseld.
[2023-10-09 12:42:10,898] *eet_gang_optimizer* Bij iteratie: 6, Nieuwe oplossing score van: -1386 > -1399, WO_51_M_Jan en WO_77_M_Twa zijn hiervoor gewisseld.
[2023-10-09 12:42:10,961] *kook_gang_optimizer* Bij iteratie: 0, Nieuwe oplossing score van: -1385 > -1386, VW_32 en WO_49 zijn hiervoor gewisseld.
[2023-10-09 12:42:11,139] *kook_gang_optimizer* Bij iteratie: 3, Nieuwe oplossing score van: -1378 > -1385, VW_51 en WO_81 zijn hiervoor gewisseld.
[2023-10-09 12:42:11,400] *kook_gang_optimizer* Bij iteratie: 5, Nieuwe oplossing score van: -1365 > -1378, VW_62 en WO_38 zijn hiervoor gewisseld.
[2023-10-09 12:42:11,713] *eet_gang_optimizer* Bij iteratie: 6, Nieuwe oplossing score van: -1358 > -1365, VW_8_M_Fra en WO_38_M_Jaa zijn hiervoor gewisseld.
[2023-10-09 12:42:12,008] *eet_gang_optimizer* Bij iteratie: 5, Nieuwe oplossing score van: -1345 > -1358, VW_18_M_Mic en WO_13_V_Sim zijn hiervoor gewisseld.
[2023-10-09 12:42:12,218] *eet_gang_optimizer* Bij iteratie: 3, Nieuwe oplossing score van: -1327 > -1345, WO_49_V_Van en WO_51_V_Dia zijn hiervoor gewisseld.
[2023-10-09 12:42:12,298] *kook_gang_optimizer* Bij iteratie: 0, Nieuwe oplossing score van: -1303 > -1327, VW_23 en VW_32 zijn hiervoor gewisseld.
[2023-10-09 12:42:12,396] *kook_gang_optimizer* Bij iteratie: 1, Nieuwe oplossing score van: -1285 > -1303, VW_72 en WO_71 zijn hiervoor gewisseld.
[2023-10-09 12:42:12,456] *kook_gang_optimizer* Bij iteratie: 0, Nieuwe oplossing score van: -1283 > -1285, WO_36 en WO_49 zijn hiervoor gewisseld.
[2023-10-09 12:42:12,521] *eet_gang_optimizer* Bij iteratie: 0, Nieuwe oplossing score van: -1253 > -1283, VW_8_M_Fra en WO_9_V_Ell zijn hiervoor gewisseld.
[2023-10-09 12:42:12,666] *eet_gang_optimizer* Bij iteratie: 2, Nieuwe oplossing score van: -1241 > -1253, VW_13_M_Mar en VW_35_V_Ros zijn hiervoor gewisseld.
[2023-10-09 12:42:13,641] *eet_gang_optimizer* Bij iteratie: 18, Nieuwe oplossing score van: -1213 > -1241, VW_3_V_Cla en VW_35_M_Roe zijn hiervoor gewisseld.
[2023-10-09 12:42:13,687] *kook_gang_optimizer* Bij iteratie: 4, Nieuwe oplossing score van: -1727 > -1744, VW_23 en WO_32 zijn hiervoor gewisseld.
[2023-10-09 12:42:14,131] *kook_gang_optimizer* Bij iteratie: 3, Nieuwe oplossing score van: -1714 > -1727, VW_35 en VW_39 zijn hiervoor gewisseld.
[2023-10-09 12:42:14,160] *kook_gang_optimizer* Bij iteratie: 6, Nieuwe oplossing score van: -1212 > -1213, VW_57 en WO_13 zijn hiervoor gewisseld.
[2023-10-09 12:42:14,267] *kook_gang_optimizer* Bij iteratie: 0, Nieuwe oplossing score van: -1696 > -1714, VW_13 en WO_20 zijn hiervoor gewisseld.
[2023-10-09 12:42:14,356] *eet_gang_optimizer* Bij iteratie: 2, Nieuwe oplossing score van: -1187 > -1212, VW_72_M_Pie en WO_40_V_Mar zijn hiervoor gewisseld.
[2023-10-09 12:42:14,593] *kook_gang_optimizer* Bij iteratie: 1, Nieuwe oplossing score van: -1185 > -1187, VW_32 en WO_16 zijn hiervoor gewisseld.
[2023-10-09 12:42:14,827] *eet_gang_optimizer* Bij iteratie: 8, Nieuwe oplossing score van: -1690 > -1696, VW_70_V_Cha en WO_69_M_Han zijn hiervoor gewisseld.
[2023-10-09 12:42:15,056] *eet_gang_optimizer* Bij iteratie: 2, Nieuwe oplossing score van: -1184 > -1185, VW_12_M_Pet en WO_77_V_Maa zijn hiervoor gewisseld.
[2023-10-09 12:42:15,061] *eet_gang_optimizer* Bij iteratie: 1, Nieuwe oplossing score van: -1684 > -1690, NEW_1_V_Eug en WO_23_M_Bar zijn hiervoor gewisseld.
[2023-10-09 12:42:15,889] *eet_gang_optimizer* Bij iteratie: 9, Nieuwe oplossing score van: -1678 > -1684, WO_79_M_Rob en WO_9_M_Phi zijn hiervoor gewisseld.
[2023-10-09 12:42:15,930] *eet_gang_optimizer* Bij iteratie: 10, Nieuwe oplossing score van: -1159 > -1184, WO_1_V_Bir en WO_33_V_Lou zijn hiervoor gewisseld.
[2023-10-09 12:42:16,028] *kook_gang_optimizer* Bij iteratie: 1, Nieuwe oplossing score van: -1653 > -1678, VW_62 en WO_51 zijn hiervoor gewisseld.
[2023-10-09 12:42:16,084] *kook_gang_optimizer* Bij iteratie: 0, Nieuwe oplossing score van: -1157 > -1159, VW_5 en WO_1 zijn hiervoor gewisseld.
[2023-10-09 12:42:16,142] *kook_gang_optimizer* Bij iteratie: 0, Nieuwe oplossing score van: -1627 > -1653, WO_53 en WO_7 zijn hiervoor gewisseld.
[2023-10-09 12:42:16,301] *kook_gang_optimizer* Bij iteratie: 0, Nieuwe oplossing score van: -1622 > -1627, VW_62 en WO_16 zijn hiervoor gewisseld.
[2023-10-09 12:42:16,372] *eet_gang_optimizer* Bij iteratie: 3, Nieuwe oplossing score van: -1146 > -1157, VW_18_V_Yol en VW_35_V_Ros zijn hiervoor gewisseld.
[2023-10-09 12:42:16,499] *kook_gang_optimizer* Bij iteratie: 1, Nieuwe oplossing score van: -1618 > -1622, WO_69 en WO_75 zijn hiervoor gewisseld.
[2023-10-09 12:42:16,680] *eet_gang_optimizer* Bij iteratie: 4, Nieuwe oplossing score van: -1128 > -1146, NEW_1_V_Eug en WO_41_V_Ann zijn hiervoor gewisseld.
[2023-10-09 12:42:17,140] *eet_gang_optimizer* Bij iteratie: 6, Nieuwe oplossing score van: -1570 > -1618, VW_3_M_Huu en WO_45_M_Die zijn hiervoor gewisseld.
[2023-10-09 12:42:17,354] *eet_gang_optimizer* Bij iteratie: 8, Nieuwe oplossing score van: -1117 > -1128, NEW_1_M_Erw en WO_16_V_Lie zijn hiervoor gewisseld.
[2023-10-09 12:42:17,498] *kook_gang_optimizer* Bij iteratie: 1, Nieuwe oplossing score van: -1564 > -1570, VW_57 en WO_45 zijn hiervoor gewisseld.
[2023-10-09 12:42:17,510] *eet_gang_optimizer* Bij iteratie: 0, Nieuwe oplossing score van: -1116 > -1117, NEW_3_V_Mel en VW_18_M_Mic zijn hiervoor gewisseld.
[2023-10-09 12:42:17,609] *kook_gang_optimizer* Bij iteratie: 1, Nieuwe oplossing score van: -1528 > -1564, VW_57 en WO_52 zijn hiervoor gewisseld.
[2023-10-09 12:42:17,858] *kook_gang_optimizer* Bij iteratie: 5, Nieuwe oplossing score van: -1081 > -1116, VW_33 en VW_9 zijn hiervoor gewisseld.
[2023-10-09 12:42:18,329] *eet_gang_optimizer* Bij iteratie: 5, Nieuwe oplossing score van: -1527 > -1528, NEW_3_V_Mel en WO_24_M_Ray zijn hiervoor gewisseld.
[2023-10-09 12:42:18,363] *kook_gang_optimizer* Bij iteratie: 5, Nieuwe oplossing score van: -1078 > -1081, VW_13 en WO_1 zijn hiervoor gewisseld.
[2023-10-09 12:42:18,786] *eet_gang_optimizer* Bij iteratie: 5, Nieuwe oplossing score van: -1489 > -1527, VW_39_M_Bar en WO_23_V_Mon zijn hiervoor gewisseld.
[2023-10-09 12:42:19,186] *kook_gang_optimizer* Bij iteratie: 0, Nieuwe oplossing score van: -1486 > -1489, WO_51 en WO_81 zijn hiervoor gewisseld.
[2023-10-09 12:42:19,201] *eet_gang_optimizer* Bij iteratie: 12, Nieuwe oplossing score van: -1040 > -1078, VW_15_M_Ger en VW_32_M_Mic zijn hiervoor gewisseld.
[2023-10-09 12:42:19,550] *eet_gang_optimizer* Bij iteratie: 4, Nieuwe oplossing score van: -1472 > -1486, WO_49_M_Joo en WO_75_M_Jur zijn hiervoor gewisseld.
[2023-10-09 12:42:19,755] *kook_gang_optimizer* Bij iteratie: 7, Nieuwe oplossing score van: -998 > -1040, VW_57 en WO_7 zijn hiervoor gewisseld.
[2023-10-09 12:42:20,152] *kook_gang_optimizer* Bij iteratie: 4, Nieuwe oplossing score van: -1422 > -1472, WO_53 en WO_81 zijn hiervoor gewisseld.
[2023-10-09 12:42:20,353] *kook_gang_optimizer* Bij iteratie: 8, Nieuwe oplossing score van: -992 > -998, VW_35 en VW_70 zijn hiervoor gewisseld.
[2023-10-09 12:42:20,648] *eet_gang_optimizer* Bij iteratie: 2, Nieuwe oplossing score van: -991 > -992, VW_21_M_Koo en WO_26_V_Ver zijn hiervoor gewisseld.
[2023-10-09 12:42:20,745] *eet_gang_optimizer* Bij iteratie: 5, Nieuwe oplossing score van: -1415 > -1422, VW_46_V_Jor en WO_24_V_Jea zijn hiervoor gewisseld.
