[2023-10-09 12:49:52,469] *kook_gang_optimizer* Bij iteratie: 5, Nieuwe oplossing score van: -1724 > -1744, VW_57 en WO_51 zijn hiervoor gewisseld.
[2023-10-09 12:49:52,567] *eet_gang_optimizer* Bij iteratie: 1, Nieuwe oplossing score van: -1694 > -1724, VW_25_V_Ano en WO_33_V_Lou zijn hiervoor gewisseld.
[2023-10-09 12:49:52,789] *eet_gang_optimizer* Bij iteratie: 4, Nieuwe oplossing score van: -1652 > -1694, VW_46_V_Jor en VW_9_M_Rob zijn hiervoor gewisseld.
[2023-10-09 12:49:53,012] *eet_gang_optimizer* Bij iteratie: 4, Nieuwe oplossing score van: -1628 > -1652, VW_43_M_Mar en VW_9_V_Rie zijn hiervoor gewisseld.
[2023-10-09 12:49:53,151] *eet_gang_optimizer* Bij iteratie: 2, Nieuwe oplossing score van: -1595 > -1628, WO_26_M_Rod en WO_38_M_Jaa zijn hiervoor gewisseld.
[2023-10-09 12:49:53,376] *eet_gang_optimizer* Bij iteratie: 4, Nieuwe oplossing score van: -1554 > -1595, WO_51_M_Jan en WO_85_M_Wil zijn hiervoor gewisseld.
[2023-10-09 12:49:53,433] *kook_gang_optimizer* Bij iteratie: 0, Nieuwe oplossing score van: -1530 > -1554, VW_12 en WO_40 zijn hiervoor gewisseld.
[2023-10-09 12:49:54,230] *eet_gang_optimizer* Bij iteratie: 18, Nieuwe oplossing score van: -1517 > -1530, VW_72_M_Pie en WO_38_M_Jaa zijn hiervoor gewisseld.
[2023-10-09 12:49:54,407] *kook_gang_optimizer* Bij iteratie: 3, Nieuwe oplossing score van: -1497 > -1517, WO_27 en WO_49 zijn hiervoor gewisseld.
[2023-10-09 12:49:54,509] *kook_gang_optimizer* Bij iteratie: 1, Nieuwe oplossing score van: -1496 > -1497, WO_75 en WO_87 zijn hiervoor gewisseld.
[2023-10-09 12:49:54,573] *eet_gang_optimizer* Bij iteratie: 0, Nieuwe oplossing score van: -1454 > -1496, NEW_1_V_Eug en VW_35_V_Ros zijn hiervoor gewisseld.
[2023-10-09 12:49:54,670] *kook_gang_optimizer* Bij iteratie: 1, Nieuwe oplossing score van: -1430 > -1454, WO_23 en WO_52 zijn hiervoor gewisseld.
[2023-10-09 12:49:55,094] *eet_gang_optimizer* Bij iteratie: 9, Nieuwe oplossing score van: -1418 > -1430, WO_13_M_Lau en WO_40_V_Bir zijn hiervoor gewisseld.
[2023-10-09 12:49:55,472] *eet_gang_optimizer* Bij iteratie: 8, Nieuwe oplossing score van: -1382 > -1418, VW_27_M_Rob en WO_71_M_Kar zijn hiervoor gewisseld.
[2023-10-09 12:49:55,531] *kook_gang_optimizer* Bij iteratie: 0, Nieuwe oplossing score van: -1375 > -1382, VW_25 en VW_39 zijn hiervoor gewisseld.
[2023-10-09 12:49:55,667] *kook_gang_optimizer* Bij iteratie: 2, Nieuwe oplossing score van: -1363 > -1375, VW_57 en WO_33 zijn hiervoor gewisseld.
[2023-10-09 12:49:56,102] *kook_gang_optimizer* Bij iteratie: 9, Nieuwe oplossing score van: -1322 > -1363, VW_33 en WO_53 zijn hiervoor gewisseld.
[2023-10-09 12:49:56,280] *kook_gang_optimizer* Bij iteratie: 3, Nieuwe oplossing score van: -1315 > -1322, VW_32 en WO_13 zijn hiervoor gewisseld.
[2023-10-09 12:49:56,582] *kook_gang_optimizer* Bij iteratie: 6, Nieuwe oplossing score van: -1308 > -1315, VW_31 en WO_13 zijn hiervoor gewisseld.
[2023-10-09 12:49:57,244] *eet_gang_optimizer* Bij iteratie: 15, Nieuwe oplossing score van: -1300 > -1308, VW_35_V_Ros en WO_32a_V_Gem zijn hiervoor gewisseld.
[2023-10-09 12:49:57,305] *kook_gang_optimizer* Bij iteratie: 0, Nieuwe oplossing score van: -1288 > -1300, VW_23 en VW_9 zijn hiervoor gewisseld.
[2023-10-09 12:49:57,408] *eet_gang_optimizer* Bij iteratie: 1, Nieuwe oplossing score van: -1264 > -1288, WO_32a_V_Gem en WO_33_V_Lou zijn hiervoor gewisseld.
[2023-10-09 12:49:57,549] *kook_gang_optimizer* Bij iteratie: 2, Nieuwe oplossing score van: -1241 > -1264, VW_18 en WO_75 zijn hiervoor gewisseld.
[2023-10-09 12:49:57,939] *eet_gang_optimizer* Bij iteratie: 8, Nieuwe oplossing score van: -1229 > -1241, VW_6_V_Len en WO_32_M_Ber zijn hiervoor gewisseld.
[2023-10-09 12:49:58,209] *kook_gang_optimizer* Bij iteratie: 5, Nieuwe oplossing score van: -1225 > -1229, WO_36 en WO_41 zijn hiervoor gewisseld.
[2023-10-09 12:49:58,632] *eet_gang_optimizer* Bij iteratie: 9, Nieuwe oplossing score van: -1212 > -1225, VW_32_V_Wen en WO_20_M_Aad zijn hiervoor gewisseld.
[2023-10-09 12:49:59,249] *eet_gang_optimizer* Bij iteratie: 14, Nieuwe oplossing score van: -1206 > -1212, NEW_1_M_Erw en WO_85_V_Fem zijn hiervoor gewisseld.
[2023-10-09 12:49:59,348] *eet_gang_optimizer* Bij iteratie: 1, Nieuwe oplossing score van: -1182 > -1206, VW_6_V_Len en WO_33_V_Lou zijn hiervoor gewisseld.
[2023-10-09 12:49:59,451] *eet_gang_optimizer* Bij iteratie: 1, Nieuwe oplossing score van: -1168 > -1182, VW_39_M_Bar en WO_33_V_Lou zijn hiervoor gewisseld.
[2023-10-09 12:49:59,884] *eet_gang_optimizer* Bij iteratie: 9, Nieuwe oplossing score van: -1162 > -1168, WO_50_M_Fli en WO_55_V_Han zijn hiervoor gewisseld.
[2023-10-09 12:50:00,256] *kook_gang_optimizer* Bij iteratie: 7, Nieuwe oplossing score van: -1157 > -1162, VW_46 en WO_13 zijn hiervoor gewisseld.
[2023-10-09 12:50:00,566] *eet_gang_optimizer* Bij iteratie: 6, Nieuwe oplossing score van: -1145 > -1157, VW_13_M_Mar en VW_8_M_Fra zijn hiervoor gewisseld.
[2023-10-09 12:50:00,721] *kook_gang_optimizer* Bij iteratie: 2, Nieuwe oplossing score van: -1138 > -1145, VW_62 en WO_38 zijn hiervoor gewisseld.
[2023-10-09 12:50:00,786] *eet_gang_optimizer* Bij iteratie: 0, Nieuwe oplossing score van: -1131 > -1138, VW_39_M_Bar en VW_5_V_Jud zijn hiervoor gewisseld.
[2023-10-09 12:50:01,618] *kook_gang_optimizer* Bij iteratie: 19, Nieuwe oplossing score van: -1124 > -1131, VW_39 en WO_45 zijn hiervoor gewisseld.
[2023-10-09 12:50:01,756] *kook_gang_optimizer* Bij iteratie: 2, Nieuwe oplossing score van: -1122 > -1124, VW_5 en WO_85 zijn hiervoor gewisseld.
[2023-10-09 12:50:01,944] *kook_gang_optimizer* Bij iteratie: 3, Nieuwe oplossing score van: -1096 > -1122, VW_51 en WO_81 zijn hiervoor gewisseld.
[2023-10-09 12:50:02,003] *kook_gang_optimizer* Bij iteratie: 0, Nieuwe oplossing score van: -1075 > -1096, WO_23 en WO_53 zijn hiervoor gewisseld.
[2023-10-09 12:50:02,664] *eet_gang_optimizer* Bij iteratie: 15, Nieuwe oplossing score van: -1050 > -1075, VW_68_M_Chr en WO_26_M_Rod zijn hiervoor gewisseld.
[2023-10-09 12:50:02,882] *kook_gang_optimizer* Bij iteratie: 4, Nieuwe oplossing score van: -1039 > -1050, VW_51 en WO_32 zijn hiervoor gewisseld.
[2023-10-09 12:50:03,021] *eet_gang_optimizer* Bij iteratie: 2, Nieuwe oplossing score van: -1038 > -1039, WO_24_M_Ray en WO_77_M_Twa zijn hiervoor gewisseld.
[2023-10-09 12:50:03,437] *kook_gang_optimizer* Bij iteratie: 9, Nieuwe oplossing score van: -982 > -1038, VW_51 en WO_13 zijn hiervoor gewisseld.
[2023-10-09 12:50:03,627] *eet_gang_optimizer* Bij iteratie: 3, Nieuwe oplossing score van: -968 > -982, WO_50_M_Fli en WO_75_V_Deb zijn hiervoor gewisseld.
[2023-10-09 12:50:04,042] *eet_gang_optimizer* Bij iteratie: 9, Nieuwe oplossing score van: -963 > -968, VW_39_V_Ann en WO_32a_V_Gem zijn hiervoor gewisseld.
[2023-10-09 12:50:04,142] *eet_gang_optimizer* Bij iteratie: 1, Nieuwe oplossing score van: -956 > -963, VW_72_M_Pie en WO_49_M_Joo zijn hiervoor gewisseld.
[2023-10-09 12:50:05,367] *kook_gang_optimizer* Bij iteratie: 29, Nieuwe oplossing score van: -946 > -956, VW_15 en WO_24 zijn hiervoor gewisseld.
[2023-10-09 12:50:05,623] *eet_gang_optimizer* Bij iteratie: 5, Nieuwe oplossing score van: -940 > -946, VW_62_V_Ale en WO_69_M_Han zijn hiervoor gewisseld.
[2023-10-09 12:50:06,243] *kook_gang_optimizer* Bij iteratie: 14, Nieuwe oplossing score van: -939 > -940, VW_51 en VW_8 zijn hiervoor gewisseld.
[2023-10-09 12:50:06,854] *eet_gang_optimizer* Bij iteratie: 14, Nieuwe oplossing score van: -933 > -939, VW_62_V_Ale en WO_9_V_Ell zijn hiervoor gewisseld.
[2023-10-09 12:50:06,915] *eet_gang_optimizer* Bij iteratie: 0, Nieuwe oplossing score van: -928 > -933, WO_32a_V_Gem en WO_53_V_Pat zijn hiervoor gewisseld.
[2023-10-09 12:50:07,212] *kook_gang_optimizer* Bij iteratie: 6, Nieuwe oplossing score van: -927 > -928, VW_13 en WO_71 zijn hiervoor gewisseld.
[2023-10-09 12:50:07,483] *eet_gang_optimizer* Bij iteratie: 5, Nieuwe oplossing score van: -923 > -927, VW_62_M_Rob en WO_11_M_Bas zijn hiervoor gewisseld.
[2023-10-09 12:50:07,658] *kook_gang_optimizer* Bij iteratie: 3, Nieuwe oplossing score van: -911 > -923, VW_13 en VW_43 zijn hiervoor gewisseld.
[2023-10-09 12:50:07,882] *eet_gang_optimizer* Bij iteratie: 4, Nieuwe oplossing score van: -910 > -911, VW_27_M_Luc en WO_1_M_And zijn hiervoor gewisseld.
[2023-10-09 12:50:08,540] *eet_gang_optimizer* Bij iteratie: 15, Nieuwe oplossing score van: -896 > -910, WO_24_V_Jea en WO_71_M_Kar zijn hiervoor gewisseld.
[2023-10-09 12:50:09,574] *kook_gang_optimizer* Bij iteratie: 24, Nieuwe oplossing score van: -891 > -896, VW_32 en WO_49 zijn hiervoor gewisseld.
[2023-10-09 12:50:09,751] *kook_gang_optimizer* Bij iteratie: 3, Nieuwe oplossing score van: -886 > -891, WO_50 en WO_87 zijn hiervoor gewisseld.
[2023-10-09 12:50:10,298] *kook_gang_optimizer* Bij iteratie: 12, Nieuwe oplossing score van: -862 > -886, WO_52 en WO_7 zijn hiervoor gewisseld.
[2023-10-09 12:50:10,927] *kook_gang_optimizer* Bij iteratie: 14, Nieuwe oplossing score van: -861 > -862, VW_25 en VW_43 zijn hiervoor gewisseld.
[2023-10-09 12:50:11,238] *eet_gang_optimizer* Bij iteratie: 6, Nieuwe oplossing score van: -852 > -861, WO_1_M_And en WO_27_V_Mar zijn hiervoor gewisseld.
[2023-10-09 12:50:11,904] *kook_gang_optimizer* Bij iteratie: 15, Nieuwe oplossing score van: -828 > -852, WO_20 en WO_71 zijn hiervoor gewisseld.
[2023-10-09 12:50:12,174] *eet_gang_optimizer* Bij iteratie: 5, Nieuwe oplossing score van: -822 > -828, VW_27_M_Rob en WO_79_V_Wie zijn hiervoor gewisseld.
[2023-10-09 12:50:12,598] *eet_gang_optimizer* Bij iteratie: 9, Nieuwe oplossing score van: -809 > -822, VW_18_V_Yol en VW_39_M_Bar zijn hiervoor gewisseld.
[2023-10-09 12:50:12,836] *eet_gang_optimizer* Bij iteratie: 4, Nieuwe oplossing score van: -797 > -809, VW_46_V_Jor en VW_68_V_Mar zijn hiervoor gewisseld.
[2023-10-09 12:50:13,002] *kook_gang_optimizer* Bij iteratie: 2, Nieuwe oplossing score van: -785 > -797, VW_57 en WO_7 zijn hiervoor gewisseld.
[2023-10-09 12:50:13,140] *kook_gang_optimizer* Bij iteratie: 2, Nieuwe oplossing score van: -781 > -785, WO_16 en WO_51 zijn hiervoor gewisseld.
[2023-10-09 12:50:13,325] *eet_gang_optimizer* Bij iteratie: 3, Nieuwe oplossing score van: -765 > -781, VW_15_M_Ger en WO_61_M_Ren zijn hiervoor gewisseld.
[2023-10-09 12:50:13,772] *eet_gang_optimizer* Bij iteratie: 9, Nieuwe oplossing score van: -759 > -765, WO_24_V_Jea en WO_51_M_Jan zijn hiervoor gewisseld.
[2023-10-09 12:50:14,621] *eet_gang_optimizer* Bij iteratie: 20, Nieuwe oplossing score van: -755 > -759, NEW_3_M_Rob en WO_77_M_Twa zijn hiervoor gewisseld.
[2023-10-09 12:50:14,883] *kook_gang_optimizer* Bij iteratie: 5, Nieuwe oplossing score van: -744 > -755, VW_18 en WO_75 zijn hiervoor gewisseld.
[2023-10-09 12:50:15,645] *eet_gang_optimizer* Bij iteratie: 19, Nieuwe oplossing score van: -737 > -744, WO_1_V_Bir en WO_23_V_Mon zijn hiervoor gewisseld.
[2023-10-09 12:50:15,852] *kook_gang_optimizer* Bij iteratie: 4, Nieuwe oplossing score van: -725 > -737, VW_57 en VW_62 zijn hiervoor gewisseld.
[2023-10-09 12:50:16,897] *eet_gang_optimizer* Bij iteratie: 26, Nieuwe oplossing score van: -720 > -725, WO_61_V_Ger en WO_9_M_Phi zijn hiervoor gewisseld.
[2023-10-09 12:50:16,992] *eet_gang_optimizer* Bij iteratie: 1, Nieuwe oplossing score van: -716 > -720, VW_20_M_Wil en VW_20_V_Ber zijn hiervoor gewisseld.
[2023-10-09 12:50:17,761] *kook_gang_optimizer* Bij iteratie: 19, Nieuwe oplossing score van: -709 > -716, WO_20 en WO_36 zijn hiervoor gewisseld.
[2023-10-09 12:50:17,934] *eet_gang_optimizer* Bij iteratie: 3, Nieuwe oplossing score van: -690 > -709, WO_36_M_Hui en WO_49_M_Joo zijn hiervoor gewisseld.
[2023-10-09 12:50:18,424] *eet_gang_optimizer* Bij iteratie: 11, Nieuwe oplossing score van: -689 > -690, VW_23_M_Lar en WO_67_V_Jea zijn hiervoor gewisseld.
[2023-10-09 12:50:18,740] *kook_gang_optimizer* Bij iteratie: 7, Nieuwe oplossing score van: -681 > -689, VW_23 en WO_52 zijn hiervoor gewisseld.
[2023-10-09 12:50:18,795] *kook_gang_optimizer* Bij iteratie: 0, Nieuwe oplossing score van: -662 > -681, VW_13 en WO_81 zijn hiervoor gewisseld.
[2023-10-09 12:50:20,021] *kook_gang_optimizer* Bij iteratie: 31, Nieuwe oplossing score van: -661 > -662, VW_39 en WO_71 zijn hiervoor gewisseld.
[2023-10-09 12:50:20,278] *eet_gang_optimizer* Bij iteratie: 5, Nieuwe oplossing score van: -649 > -661, VW_32_M_Mic en WO_67_V_Jea zijn hiervoor gewisseld.
[2023-10-09 12:50:20,520] *eet_gang_optimizer* Bij iteratie: 5, Nieuwe oplossing score van: -638 > -649, VW_27_M_Luc en VW_5_V_Jud zijn hiervoor gewisseld.
[2023-10-09 12:50:21,104] *eet_gang_optimizer* Bij iteratie: 14, Nieuwe oplossing score van: -632 > -638, VW_32_V_Wen en WO_71_M_Kar zijn hiervoor gewisseld.
[2023-10-09 12:50:21,386] *eet_gang_optimizer* Bij iteratie: 6, Nieuwe oplossing score van: -627 > -632, VW_31_V_Jan en WO_45_V_Kar zijn hiervoor gewisseld.
[2023-10-09 12:50:21,780] *eet_gang_optimizer* Bij iteratie: 9, Nieuwe oplossing score van: -622 > -627, WO_45_M_Die en WO_87_V_Mad zijn hiervoor gewisseld.
[2023-10-09 12:50:22,897] *kook_gang_optimizer* Bij iteratie: 28, Nieuwe oplossing score van: -621 > -622, VW_31 en WO_85 zijn hiervoor gewisseld.
[2023-10-09 12:50:23,368] *eet_gang_optimizer* Bij iteratie: 11, Nieuwe oplossing score van: -615 > -621, VW_31_M_Pau en WO_33_V_Lou zijn hiervoor gewisseld.
[2023-10-09 12:50:23,586] *kook_gang_optimizer* Bij iteratie: 4, Nieuwe oplossing score van: -611 > -615, WO_21 en WO_85 zijn hiervoor gewisseld.
[2023-10-09 12:50:23,642] *eet_gang_optimizer* Bij iteratie: 0, Nieuwe oplossing score van: -605 > -611, VW_43_V_Sjo en WO_21_V_Pau zijn hiervoor gewisseld.
[2023-10-09 12:50:25,367] *kook_gang_optimizer* Bij iteratie: 44, Nieuwe oplossing score van: -561 > -605, VW_57 en WO_7 zijn hiervoor gewisseld.
[2023-10-09 12:50:25,615] *eet_gang_optimizer* Bij iteratie: 5, Nieuwe oplossing score van: -555 > -561, VW_57_M_Lou en WO_21_M_Han zijn hiervoor gewisseld.
[2023-10-09 12:50:25,822] *kook_gang_optimizer* Bij iteratie: 4, Nieuwe oplossing score van: -551 > -555, VW_57 en WO_75 zijn hiervoor gewisseld.
[2023-10-09 12:50:26,637] *kook_gang_optimizer* Bij iteratie: 20, Nieuwe oplossing score van: -550 > -551, VW_21 en VW_25 zijn hiervoor gewisseld.
[2023-10-09 12:50:26,735] *eet_gang_optimizer* Bij iteratie: 1, Nieuwe oplossing score van: -549 > -550, VW_27_M_Luc en WO_41_V_Ann zijn hiervoor gewisseld.
[2023-10-09 12:50:29,731] *kook_gang_optimizer* Bij iteratie: 78, Nieuwe oplossing score van: -547 > -549, VW_31 en WO_20 zijn hiervoor gewisseld.
[2023-10-09 12:50:29,867] *eet_gang_optimizer* Bij iteratie: 2, Nieuwe oplossing score van: -535 > -547, VW_18_V_Yol en VW_70_V_Cha zijn hiervoor gewisseld.
[2023-10-09 12:50:32,684] *kook_gang_optimizer* Bij iteratie: 73, Nieuwe oplossing score van: -529 > -535, VW_46 en WO_36 zijn hiervoor gewisseld.
[2023-10-09 12:50:32,889] *eet_gang_optimizer* Bij iteratie: 4, Nieuwe oplossing score van: -523 > -529, VW_62_V_Ale en WO_51_V_Dia zijn hiervoor gewisseld.
[2023-10-09 12:50:35,374] *kook_gang_optimizer* Bij iteratie: 63, Nieuwe oplossing score van: -520 > -523, WO_1 en WO_40 zijn hiervoor gewisseld.
[2023-10-09 12:50:35,594] *kook_gang_optimizer* Bij iteratie: 4, Nieuwe oplossing score van: -515 > -520, WO_71 en WO_77 zijn hiervoor gewisseld.
[2023-10-09 12:50:41,031] *kook_gang_optimizer* Bij iteratie: 139, Nieuwe oplossing score van: -509 > -515, VW_35 en VW_57 zijn hiervoor gewisseld.
[2023-10-09 12:50:41,283] *kook_gang_optimizer* Bij iteratie: 5, Nieuwe oplossing score van: -503 > -509, VW_72 en WO_51 zijn hiervoor gewisseld.
[2023-10-09 12:50:41,379] *eet_gang_optimizer* Bij iteratie: 1, Nieuwe oplossing score van: -492 > -503, VW_62_V_Ale en WO_41_V_Ann zijn hiervoor gewisseld.
[2023-10-09 12:50:41,442] *eet_gang_optimizer* Bij iteratie: 0, Nieuwe oplossing score van: -491 > -492, WO_21_V_Pau en WO_87_V_Mad zijn hiervoor gewisseld.
[2023-10-09 12:50:42,072] *eet_gang_optimizer* Bij iteratie: 15, Nieuwe oplossing score van: -485 > -491, VW_3_V_Cla en WO_32a_V_Gem zijn hiervoor gewisseld.
[2023-10-09 12:50:44,183] *kook_gang_optimizer* Bij iteratie: 53, Nieuwe oplossing score van: -484 > -485, VW_70 en WO_1 zijn hiervoor gewisseld.
[2023-10-09 12:50:45,334] *kook_gang_optimizer* Bij iteratie: 29, Nieuwe oplossing score van: -483 > -484, WO_53 en WO_81 zijn hiervoor gewisseld.
[2023-10-09 12:50:49,171] *kook_gang_optimizer* Bij iteratie: 97, Nieuwe oplossing score van: -471 > -483, WO_79 en WO_81 zijn hiervoor gewisseld.
[2023-10-09 12:50:55,772] *kook_gang_optimizer* Bij iteratie: 168, Nieuwe oplossing score van: -467 > -471, VW_18 en WO_45 zijn hiervoor gewisseld.
[2023-10-09 12:50:56,328] *eet_gang_optimizer* Bij iteratie: 13, Nieuwe oplossing score van: -451 > -467, VW_35_M_Roe en WO_85_M_Wil zijn hiervoor gewisseld.
[2023-10-09 12:50:56,431] *kook_gang_optimizer* Bij iteratie: 1, Nieuwe oplossing score van: -445 > -451, VW_12 en VW_21 zijn hiervoor gewisseld.
[2023-10-09 12:50:57,659] *kook_gang_optimizer* Bij iteratie: 29, Nieuwe oplossing score van: -443 > -445, WO_32 en WO_49 zijn hiervoor gewisseld.
[2023-10-09 12:51:10,242] *kook_gang_optimizer* Bij iteratie: 327, Nieuwe oplossing score van: -441 > -443, VW_23 en WO_21 zijn hiervoor gewisseld.
[2023-10-09 12:51:12,043] *kook_gang_optimizer* Bij iteratie: 45, Nieuwe oplossing score van: -440 > -441, VW_3 en WO_27 zijn hiervoor gewisseld.
[2023-10-09 12:51:15,614] *eet_gang_optimizer* Bij iteratie: 90, Nieuwe oplossing score van: -436 > -440, NEW_3_V_Mel en VW_35_V_Ros zijn hiervoor gewisseld.
[2023-10-09 12:51:18,657] *eet_gang_optimizer* Bij iteratie: 78, Nieuwe oplossing score van: -435 > -436, WO_13_M_Lau en WO_32_V_Ing zijn hiervoor gewisseld.
[2023-10-09 12:51:18,769] *eet_gang_optimizer* Bij iteratie: 1, Nieuwe oplossing score van: -430 > -435, VW_62_M_Rob en WO_23_V_Mon zijn hiervoor gewisseld.
[2023-10-09 12:51:19,485] *eet_gang_optimizer* Bij iteratie: 17, Nieuwe oplossing score van: -419 > -430, VW_51_V_Eli en WO_16_V_Lie zijn hiervoor gewisseld.
[2023-10-09 12:51:29,387] *kook_gang_optimizer* Bij iteratie: 254, Nieuwe oplossing score van: -417 > -419, VW_25 en VW_3 zijn hiervoor gewisseld.
[2023-10-09 12:51:33,026] *kook_gang_optimizer* Bij iteratie: 94, Nieuwe oplossing score van: -416 > -417, WO_16 en WO_21 zijn hiervoor gewisseld.
[2023-10-09 12:51:33,865] *eet_gang_optimizer* Bij iteratie: 20, Nieuwe oplossing score van: -412 > -416, VW_23_V_Ils en WO_61_M_Ren zijn hiervoor gewisseld.
[2023-10-09 12:51:34,237] *eet_gang_optimizer* Bij iteratie: 8, Nieuwe oplossing score van: -408 > -412, NEW_3_V_Mel en WO_85_M_Wil zijn hiervoor gewisseld.
[2023-10-09 12:51:34,345] *eet_gang_optimizer* Bij iteratie: 1, Nieuwe oplossing score van: -397 > -408, WO_16_V_Lie en WO_49_V_Van zijn hiervoor gewisseld.
[2023-10-09 12:51:36,969] *eet_gang_optimizer* Bij iteratie: 66, Nieuwe oplossing score van: -389 > -397, VW_70_V_Cha en WO_24_M_Ray zijn hiervoor gewisseld.
[2023-10-09 12:51:37,408] *eet_gang_optimizer* Bij iteratie: 10, Nieuwe oplossing score van: -388 > -389, VW_31_M_Pau en VW_6_V_Len zijn hiervoor gewisseld.
[2023-10-09 12:51:38,005] *eet_gang_optimizer* Bij iteratie: 14, Nieuwe oplossing score van: -387 > -388, WO_26_M_Rod en WO_52_V_Eli zijn hiervoor gewisseld.
[2023-10-09 12:51:38,327] *eet_gang_optimizer* Bij iteratie: 7, Nieuwe oplossing score van: -381 > -387, VW_5_V_Jud en WO_9_M_Phi zijn hiervoor gewisseld.
