[2023-10-09 12:36:41,296] *eet_gang_optimizer* Bij iteratie: 0, Nieuwe oplossing score van: -1707 > -1744, VW_15_M_Ger en WO_13_V_Sim zijn hiervoor gewisseld.
[2023-10-09 12:36:41,471] *kook_gang_optimizer* Bij iteratie: 3, Nieuwe oplossing score van: -1690 > -1707, WO_21 en WO_53 zijn hiervoor gewisseld.
[2023-10-09 12:36:41,529] *eet_gang_optimizer* Bij iteratie: 0, Nieuwe oplossing score van: -1654 > -1690, WO_16_V_Lie en WO_79_V_Wie zijn hiervoor gewisseld.
[2023-10-09 12:36:41,626] *eet_gang_optimizer* Bij iteratie: 1, Nieuwe oplossing score van: -1643 > -1654, VW_23_V_Ils en WO_13_M_Lau zijn hiervoor gewisseld.
[2023-10-09 12:36:41,682] *kook_gang_optimizer* Bij iteratie: 0, Nieuwe oplossing score van: -1580 > -1643, VW_5 en WO_40 zijn hiervoor gewisseld.
[2023-10-09 12:36:41,819] *kook_gang_optimizer* Bij iteratie: 2, Nieuwe oplossing score van: -1562 > -1580, VW_70 en WO_24 zijn hiervoor gewisseld.
[2023-10-09 12:36:41,955] *kook_gang_optimizer* Bij iteratie: 2, Nieuwe oplossing score van: -1537 > -1562, VW_23 en WO_71 zijn hiervoor gewisseld.
[2023-10-09 12:36:42,012] *kook_gang_optimizer* Bij iteratie: 0, Nieuwe oplossing score van: -1518 > -1537, VW_13 en WO_52 zijn hiervoor gewisseld.
[2023-10-09 12:36:42,264] *kook_gang_optimizer* Bij iteratie: 5, Nieuwe oplossing score van: -1511 > -1518, WO_26 en WO_71 zijn hiervoor gewisseld.
[2023-10-09 12:36:42,479] *kook_gang_optimizer* Bij iteratie: 4, Nieuwe oplossing score van: -1510 > -1511, VW_23 en VW_27 zijn hiervoor gewisseld.
[2023-10-09 12:36:42,538] *kook_gang_optimizer* Bij iteratie: 0, Nieuwe oplossing score van: -1487 > -1510, VW_25 en WO_23 zijn hiervoor gewisseld.
[2023-10-09 12:36:42,636] *eet_gang_optimizer* Bij iteratie: 1, Nieuwe oplossing score van: -1469 > -1487, WO_23_M_Bar en WO_53_V_Pat zijn hiervoor gewisseld.
[2023-10-09 12:36:42,907] *kook_gang_optimizer* Bij iteratie: 5, Nieuwe oplossing score van: -1467 > -1469, VW_27 en WO_45 zijn hiervoor gewisseld.
[2023-10-09 12:36:43,364] *kook_gang_optimizer* Bij iteratie: 10, Nieuwe oplossing score van: -1464 > -1467, VW_18 en VW_25 zijn hiervoor gewisseld.
[2023-10-09 12:36:43,791] *eet_gang_optimizer* Bij iteratie: 9, Nieuwe oplossing score van: -1430 > -1464, VW_12_V_Sja en WO_32_V_Ing zijn hiervoor gewisseld.
[2023-10-09 12:36:43,932] *eet_gang_optimizer* Bij iteratie: 2, Nieuwe oplossing score van: -1428 > -1430, WO_67_M_Rob en WO_71_V_Mar zijn hiervoor gewisseld.
[2023-10-09 12:36:44,242] *eet_gang_optimizer* Bij iteratie: 6, Nieuwe oplossing score van: -1420 > -1428, VW_12_V_Sja en VW_13_M_Mar zijn hiervoor gewisseld.
[2023-10-09 12:36:44,502] *eet_gang_optimizer* Bij iteratie: 5, Nieuwe oplossing score van: -1401 > -1420, VW_9_M_Rob en WO_38_M_Jaa zijn hiervoor gewisseld.
[2023-10-09 12:36:44,641] *kook_gang_optimizer* Bij iteratie: 2, Nieuwe oplossing score van: -1399 > -1401, WO_16 en WO_71 zijn hiervoor gewisseld.
[2023-10-09 12:36:44,962] *kook_gang_optimizer* Bij iteratie: 6, Nieuwe oplossing score van: -1388 > -1399, WO_79 en WO_85 zijn hiervoor gewisseld.
[2023-10-09 12:36:45,139] *kook_gang_optimizer* Bij iteratie: 3, Nieuwe oplossing score van: -1352 > -1388, VW_39 en WO_79 zijn hiervoor gewisseld.
[2023-10-09 12:36:45,199] *eet_gang_optimizer* Bij iteratie: 0, Nieuwe oplossing score van: -1333 > -1352, VW_51_M_Coe en WO_9_V_Ell zijn hiervoor gewisseld.
[2023-10-09 12:36:45,258] *kook_gang_optimizer* Bij iteratie: 0, Nieuwe oplossing score van: -1313 > -1333, WO_33 en WO_52 zijn hiervoor gewisseld.
[2023-10-09 12:36:45,568] *eet_gang_optimizer* Bij iteratie: 6, Nieuwe oplossing score van: -1312 > -1313, NEW_1_V_Eug en WO_49_V_Van zijn hiervoor gewisseld.
[2023-10-09 12:36:45,633] *eet_gang_optimizer* Bij iteratie: 0, Nieuwe oplossing score van: -1300 > -1312, WO_20_M_Aad en WO_87_V_Mad zijn hiervoor gewisseld.
[2023-10-09 12:36:45,855] *kook_gang_optimizer* Bij iteratie: 4, Nieuwe oplossing score van: -1294 > -1300, VW_3 en WO_81 zijn hiervoor gewisseld.
[2023-10-09 12:36:46,032] *eet_gang_optimizer* Bij iteratie: 3, Nieuwe oplossing score van: -1281 > -1294, WO_38_V_Eek en WO_50_M_Fli zijn hiervoor gewisseld.
[2023-10-09 12:36:46,213] *kook_gang_optimizer* Bij iteratie: 3, Nieuwe oplossing score van: -1241 > -1281, VW_3 en WO_85 zijn hiervoor gewisseld.
[2023-10-09 12:36:46,440] *eet_gang_optimizer* Bij iteratie: 4, Nieuwe oplossing score van: -1223 > -1241, VW_21_V_Ale en WO_79_V_Wie zijn hiervoor gewisseld.
[2023-10-09 12:36:46,537] *kook_gang_optimizer* Bij iteratie: 1, Nieuwe oplossing score van: -1205 > -1223, VW_72 en WO_20 zijn hiervoor gewisseld.
[2023-10-09 12:36:46,830] *eet_gang_optimizer* Bij iteratie: 6, Nieuwe oplossing score van: -1198 > -1205, NEW_3_V_Mel en WO_38_V_Eek zijn hiervoor gewisseld.
[2023-10-09 12:36:47,016] *kook_gang_optimizer* Bij iteratie: 3, Nieuwe oplossing score van: -1154 > -1198, VW_35 en WO_71 zijn hiervoor gewisseld.
[2023-10-09 12:36:47,112] *kook_gang_optimizer* Bij iteratie: 1, Nieuwe oplossing score van: -1142 > -1154, WO_50 en WO_75 zijn hiervoor gewisseld.
[2023-10-09 12:36:47,246] *kook_gang_optimizer* Bij iteratie: 2, Nieuwe oplossing score van: -1134 > -1142, WO_49 en WO_55 zijn hiervoor gewisseld.
[2023-10-09 12:36:47,382] *kook_gang_optimizer* Bij iteratie: 2, Nieuwe oplossing score van: -1114 > -1134, VW_31 en VW_32 zijn hiervoor gewisseld.
[2023-10-09 12:36:48,152] *kook_gang_optimizer* Bij iteratie: 18, Nieuwe oplossing score van: -1038 > -1114, VW_39 en WO_32 zijn hiervoor gewisseld.
[2023-10-09 12:36:48,252] *eet_gang_optimizer* Bij iteratie: 1, Nieuwe oplossing score van: -1032 > -1038, VW_23_V_Ils en VW_68_V_Mar zijn hiervoor gewisseld.
[2023-10-09 12:36:48,696] *kook_gang_optimizer* Bij iteratie: 10, Nieuwe oplossing score van: -1008 > -1032, VW_27 en WO_75 zijn hiervoor gewisseld.
[2023-10-09 12:36:48,846] *kook_gang_optimizer* Bij iteratie: 2, Nieuwe oplossing score van: -1005 > -1008, VW_15 en WO_1 zijn hiervoor gewisseld.
[2023-10-09 12:36:49,065] *eet_gang_optimizer* Bij iteratie: 4, Nieuwe oplossing score van: -994 > -1005, VW_18_V_Yol en WO_26_M_Rod zijn hiervoor gewisseld.
[2023-10-09 12:36:49,395] *kook_gang_optimizer* Bij iteratie: 7, Nieuwe oplossing score van: -993 > -994, WO_50 en WO_87 zijn hiervoor gewisseld.
[2023-10-09 12:36:50,095] *eet_gang_optimizer* Bij iteratie: 16, Nieuwe oplossing score van: -984 > -993, VW_32_M_Mic en WO_51_M_Jan zijn hiervoor gewisseld.
[2023-10-09 12:36:50,688] *kook_gang_optimizer* Bij iteratie: 13, Nieuwe oplossing score van: -971 > -984, VW_12 en WO_40 zijn hiervoor gewisseld.
[2023-10-09 12:36:51,196] *kook_gang_optimizer* Bij iteratie: 11, Nieuwe oplossing score van: -958 > -971, VW_35 en WO_45 zijn hiervoor gewisseld.
[2023-10-09 12:36:52,229] *eet_gang_optimizer* Bij iteratie: 24, Nieuwe oplossing score van: -934 > -958, WO_32a_V_Gem en WO_40_V_Bir zijn hiervoor gewisseld.
[2023-10-09 12:36:52,371] *eet_gang_optimizer* Bij iteratie: 2, Nieuwe oplossing score van: -922 > -934, VW_46_V_Jor en WO_61_V_Ger zijn hiervoor gewisseld.
[2023-10-09 12:36:52,725] *eet_gang_optimizer* Bij iteratie: 7, Nieuwe oplossing score van: -905 > -922, VW_5_V_Jud en WO_41_M_Wim zijn hiervoor gewisseld.
[2023-10-09 12:36:53,296] *kook_gang_optimizer* Bij iteratie: 13, Nieuwe oplossing score van: -899 > -905, VW_12 en VW_43 zijn hiervoor gewisseld.
[2023-10-09 12:36:53,475] *eet_gang_optimizer* Bij iteratie: 3, Nieuwe oplossing score van: -893 > -899, WO_23_M_Bar en WO_55_V_Han zijn hiervoor gewisseld.
[2023-10-09 12:36:54,132] *kook_gang_optimizer* Bij iteratie: 15, Nieuwe oplossing score van: -877 > -893, VW_13 en WO_36 zijn hiervoor gewisseld.
[2023-10-09 12:36:54,237] *kook_gang_optimizer* Bij iteratie: 1, Nieuwe oplossing score van: -869 > -877, VW_18 en WO_71 zijn hiervoor gewisseld.
[2023-10-09 12:36:55,198] *kook_gang_optimizer* Bij iteratie: 22, Nieuwe oplossing score van: -859 > -869, VW_20 en WO_26 zijn hiervoor gewisseld.
[2023-10-09 12:36:55,374] *eet_gang_optimizer* Bij iteratie: 3, Nieuwe oplossing score van: -853 > -859, VW_70_V_Cha en WO_50_M_Fli zijn hiervoor gewisseld.
[2023-10-09 12:36:55,706] *kook_gang_optimizer* Bij iteratie: 7, Nieuwe oplossing score van: -817 > -853, WO_51 en WO_7 zijn hiervoor gewisseld.
[2023-10-09 12:36:57,500] *kook_gang_optimizer* Bij iteratie: 42, Nieuwe oplossing score van: -812 > -817, VW_18 en WO_51 zijn hiervoor gewisseld.
[2023-10-09 12:36:57,561] *eet_gang_optimizer* Bij iteratie: 0, Nieuwe oplossing score van: -811 > -812, WO_45_V_Kar en WO_67_M_Rob zijn hiervoor gewisseld.
[2023-10-09 12:36:59,455] *kook_gang_optimizer* Bij iteratie: 46, Nieuwe oplossing score van: -805 > -811, WO_33 en WO_49 zijn hiervoor gewisseld.
[2023-10-09 12:36:59,594] *eet_gang_optimizer* Bij iteratie: 2, Nieuwe oplossing score van: -794 > -805, VW_62_M_Rob en WO_36_M_Hui zijn hiervoor gewisseld.
[2023-10-09 12:37:00,184] *kook_gang_optimizer* Bij iteratie: 13, Nieuwe oplossing score van: -788 > -794, VW_25 en VW_39 zijn hiervoor gewisseld.
[2023-10-09 12:37:01,409] *eet_gang_optimizer* Bij iteratie: 29, Nieuwe oplossing score van: -780 > -788, WO_32_M_Ber en WO_40_V_Bir zijn hiervoor gewisseld.
[2023-10-09 12:37:01,467] *eet_gang_optimizer* Bij iteratie: 0, Nieuwe oplossing score van: -775 > -780, VW_68_M_Chr en WO_50_V_Nic zijn hiervoor gewisseld.
[2023-10-09 12:37:01,527] *eet_gang_optimizer* Bij iteratie: 0, Nieuwe oplossing score van: -763 > -775, NEW_1_M_Erw en WO_16_V_Lie zijn hiervoor gewisseld.
[2023-10-09 12:37:01,760] *eet_gang_optimizer* Bij iteratie: 4, Nieuwe oplossing score van: -745 > -763, VW_6_V_Len en WO_32a_V_Gem zijn hiervoor gewisseld.
[2023-10-09 12:37:04,061] *kook_gang_optimizer* Bij iteratie: 58, Nieuwe oplossing score van: -735 > -745, WO_40 en WO_50 zijn hiervoor gewisseld.
[2023-10-09 12:37:04,503] *eet_gang_optimizer* Bij iteratie: 10, Nieuwe oplossing score van: -734 > -735, VW_20_V_Ber en VW_27_M_Luc zijn hiervoor gewisseld.
[2023-10-09 12:37:04,597] *kook_gang_optimizer* Bij iteratie: 1, Nieuwe oplossing score van: -721 > -734, VW_9 en WO_45 zijn hiervoor gewisseld.
[2023-10-09 12:37:06,888] *kook_gang_optimizer* Bij iteratie: 58, Nieuwe oplossing score van: -714 > -721, VW_21 en WO_50 zijn hiervoor gewisseld.
[2023-10-09 12:37:07,064] *kook_gang_optimizer* Bij iteratie: 3, Nieuwe oplossing score van: -710 > -714, VW_23 en WO_16 zijn hiervoor gewisseld.
[2023-10-09 12:37:07,544] *eet_gang_optimizer* Bij iteratie: 11, Nieuwe oplossing score van: -704 > -710, VW_20_M_Wil en VW_43_V_Sjo zijn hiervoor gewisseld.
[2023-10-09 12:37:07,862] *kook_gang_optimizer* Bij iteratie: 7, Nieuwe oplossing score van: -699 > -704, WO_38 en WO_61 zijn hiervoor gewisseld.
[2023-10-09 12:37:08,101] *eet_gang_optimizer* Bij iteratie: 5, Nieuwe oplossing score van: -694 > -699, VW_57_V_Ann en WO_32_V_Ing zijn hiervoor gewisseld.
[2023-10-09 12:37:08,661] *kook_gang_optimizer* Bij iteratie: 13, Nieuwe oplossing score van: -685 > -694, WO_26 en WO_7 zijn hiervoor gewisseld.
[2023-10-09 12:37:09,666] *kook_gang_optimizer* Bij iteratie: 24, Nieuwe oplossing score van: -669 > -685, VW_15 en VW_70 zijn hiervoor gewisseld.
[2023-10-09 12:37:10,829] *eet_gang_optimizer* Bij iteratie: 28, Nieuwe oplossing score van: -663 > -669, NEW_1_M_Erw en WO_79_V_Wie zijn hiervoor gewisseld.
[2023-10-09 12:37:11,257] *eet_gang_optimizer* Bij iteratie: 10, Nieuwe oplossing score van: -657 > -663, VW_27_M_Rob en WO_52_M_Ton zijn hiervoor gewisseld.
[2023-10-09 12:37:12,539] *kook_gang_optimizer* Bij iteratie: 32, Nieuwe oplossing score van: -619 > -657, VW_27 en WO_7 zijn hiervoor gewisseld.
[2023-10-09 12:37:13,884] *kook_gang_optimizer* Bij iteratie: 32, Nieuwe oplossing score van: -614 > -619, VW_33 en WO_85 zijn hiervoor gewisseld.
[2023-10-09 12:37:16,031] *eet_gang_optimizer* Bij iteratie: 53, Nieuwe oplossing score van: -609 > -614, WO_32a_V_Gem en WO_67_M_Rob zijn hiervoor gewisseld.
[2023-10-09 12:37:18,603] *kook_gang_optimizer* Bij iteratie: 67, Nieuwe oplossing score van: -607 > -609, WO_49 en WO_77 zijn hiervoor gewisseld.
[2023-10-09 12:37:30,832] *kook_gang_optimizer* Bij iteratie: 323, Nieuwe oplossing score van: -600 > -607, VW_33 en WO_85 zijn hiervoor gewisseld.
[2023-10-09 12:37:31,426] *eet_gang_optimizer* Bij iteratie: 14, Nieuwe oplossing score van: -576 > -600, VW_27_M_Luc en WO_27_M_Dan zijn hiervoor gewisseld.
[2023-10-09 12:37:32,832] *eet_gang_optimizer* Bij iteratie: 35, Nieuwe oplossing score van: -552 > -576, VW_18_M_Mic en WO_51_V_Dia zijn hiervoor gewisseld.
[2023-10-09 12:37:33,003] *eet_gang_optimizer* Bij iteratie: 3, Nieuwe oplossing score van: -548 > -552, VW_39_V_Ann en WO_1_M_And zijn hiervoor gewisseld.
