[2023-10-09 12:40:28,736] *kook_gang_optimizer* Bij iteratie: 5, Nieuwe oplossing score van: -1699 > -1744, VW_31 en VW_32 zijn hiervoor gewisseld.
[2023-10-09 12:40:28,794] *kook_gang_optimizer* Bij iteratie: 0, Nieuwe oplossing score van: -1693 > -1699, WO_41 en WO_53 zijn hiervoor gewisseld.
[2023-10-09 12:40:28,855] *eet_gang_optimizer* Bij iteratie: 0, Nieuwe oplossing score van: -1645 > -1693, VW_35_M_Roe en WO_49_M_Joo zijn hiervoor gewisseld.
[2023-10-09 12:40:28,913] *eet_gang_optimizer* Bij iteratie: 0, Nieuwe oplossing score van: -1611 > -1645, VW_15_V_Aim en VW_18_V_Yol zijn hiervoor gewisseld.
[2023-10-09 12:40:29,088] *kook_gang_optimizer* Bij iteratie: 3, Nieuwe oplossing score van: -1604 > -1611, VW_9 en WO_61 zijn hiervoor gewisseld.
[2023-10-09 12:40:29,303] *eet_gang_optimizer* Bij iteratie: 4, Nieuwe oplossing score van: -1597 > -1604, VW_27_M_Rob en WO_36_M_Hui zijn hiervoor gewisseld.
[2023-10-09 12:40:29,402] *eet_gang_optimizer* Bij iteratie: 1, Nieuwe oplossing score van: -1581 > -1597, VW_27_M_Rob en VW_32_V_Wen zijn hiervoor gewisseld.
[2023-10-09 12:40:29,463] *eet_gang_optimizer* Bij iteratie: 0, Nieuwe oplossing score van: -1569 > -1581, WO_1_V_Bir en WO_67_V_Jea zijn hiervoor gewisseld.
[2023-10-09 12:40:29,675] *kook_gang_optimizer* Bij iteratie: 4, Nieuwe oplossing score van: -1520 > -1569, VW_27 en WO_26 zijn hiervoor gewisseld.
[2023-10-09 12:40:29,772] *kook_gang_optimizer* Bij iteratie: 1, Nieuwe oplossing score van: -1482 > -1520, VW_18 en VW_57 zijn hiervoor gewisseld.
[2023-10-09 12:40:29,832] *eet_gang_optimizer* Bij iteratie: 0, Nieuwe oplossing score van: -1465 > -1482, VW_12_V_Sja en WO_50_V_Nic zijn hiervoor gewisseld.
[2023-10-09 12:40:29,968] *kook_gang_optimizer* Bij iteratie: 2, Nieuwe oplossing score van: -1462 > -1465, VW_35 en WO_41 zijn hiervoor gewisseld.
[2023-10-09 12:40:30,161] *eet_gang_optimizer* Bij iteratie: 3, Nieuwe oplossing score van: -1451 > -1462, WO_38_M_Jaa en WO_55_V_Han zijn hiervoor gewisseld.
[2023-10-09 12:40:30,221] *kook_gang_optimizer* Bij iteratie: 0, Nieuwe oplossing score van: -1437 > -1451, VW_23 en VW_43 zijn hiervoor gewisseld.
[2023-10-09 12:40:30,281] *eet_gang_optimizer* Bij iteratie: 0, Nieuwe oplossing score van: -1436 > -1437, WO_49_V_Van en WO_75_V_Deb zijn hiervoor gewisseld.
[2023-10-09 12:40:30,339] *kook_gang_optimizer* Bij iteratie: 0, Nieuwe oplossing score van: -1404 > -1436, VW_25 en WO_87 zijn hiervoor gewisseld.
[2023-10-09 12:40:30,514] *eet_gang_optimizer* Bij iteratie: 3, Nieuwe oplossing score van: -1369 > -1404, VW_68_M_Chr en WO_9_V_Ell zijn hiervoor gewisseld.
[2023-10-09 12:40:30,574] *eet_gang_optimizer* Bij iteratie: 0, Nieuwe oplossing score van: -1357 > -1369, VW_70_M_Bas en WO_75_V_Deb zijn hiervoor gewisseld.
[2023-10-09 12:40:30,986] *eet_gang_optimizer* Bij iteratie: 9, Nieuwe oplossing score van: -1351 > -1357, VW_35_M_Roe en WO_81_V_Jan zijn hiervoor gewisseld.
[2023-10-09 12:40:31,240] *eet_gang_optimizer* Bij iteratie: 5, Nieuwe oplossing score van: -1332 > -1351, VW_18_V_Yol en VW_68_M_Chr zijn hiervoor gewisseld.
[2023-10-09 12:40:31,302] *eet_gang_optimizer* Bij iteratie: 0, Nieuwe oplossing score van: -1321 > -1332, VW_13_V_Con en VW_25_M_Joo zijn hiervoor gewisseld.
[2023-10-09 12:40:31,671] *kook_gang_optimizer* Bij iteratie: 8, Nieuwe oplossing score van: -1277 > -1321, WO_7 en WO_71 zijn hiervoor gewisseld.
[2023-10-09 12:40:31,817] *eet_gang_optimizer* Bij iteratie: 2, Nieuwe oplossing score van: -1276 > -1277, WO_24_V_Jea en WO_61_M_Ren zijn hiervoor gewisseld.
[2023-10-09 12:40:31,994] *kook_gang_optimizer* Bij iteratie: 3, Nieuwe oplossing score van: -1270 > -1276, VW_46 en WO_27 zijn hiervoor gewisseld.
[2023-10-09 12:40:32,093] *kook_gang_optimizer* Bij iteratie: 1, Nieuwe oplossing score van: -1264 > -1270, VW_12 en VW_13 zijn hiervoor gewisseld.
[2023-10-09 12:40:32,205] *eet_gang_optimizer* Bij iteratie: 1, Nieuwe oplossing score van: -1258 > -1264, WO_27_M_Dan en WO_53_V_Pat zijn hiervoor gewisseld.
[2023-10-09 12:40:32,344] *eet_gang_optimizer* Bij iteratie: 2, Nieuwe oplossing score van: -1247 > -1258, VW_9_M_Rob en WO_40_V_Bir zijn hiervoor gewisseld.
[2023-10-09 12:40:32,443] *eet_gang_optimizer* Bij iteratie: 1, Nieuwe oplossing score van: -1221 > -1247, VW_35_V_Ros en WO_71_M_Kar zijn hiervoor gewisseld.
[2023-10-09 12:40:32,659] *eet_gang_optimizer* Bij iteratie: 4, Nieuwe oplossing score van: -1215 > -1221, VW_15_M_Ger en WO_11_M_Bas zijn hiervoor gewisseld.
[2023-10-09 12:40:32,875] *eet_gang_optimizer* Bij iteratie: 4, Nieuwe oplossing score van: -1197 > -1215, WO_1_M_And en WO_71_M_Kar zijn hiervoor gewisseld.
[2023-10-09 12:40:33,245] *eet_gang_optimizer* Bij iteratie: 8, Nieuwe oplossing score van: -1173 > -1197, WO_45_M_Die en WO_71_V_Mar zijn hiervoor gewisseld.
[2023-10-09 12:40:33,344] *eet_gang_optimizer* Bij iteratie: 1, Nieuwe oplossing score van: -1149 > -1173, VW_43_M_Mar en WO_61_M_Ren zijn hiervoor gewisseld.
[2023-10-09 12:40:33,522] *eet_gang_optimizer* Bij iteratie: 3, Nieuwe oplossing score van: -1119 > -1149, VW_3_V_Cla en WO_67_V_Jea zijn hiervoor gewisseld.
[2023-10-09 12:40:33,619] *kook_gang_optimizer* Bij iteratie: 1, Nieuwe oplossing score van: -1078 > -1119, VW_51 en WO_50 zijn hiervoor gewisseld.
[2023-10-09 12:40:33,754] *kook_gang_optimizer* Bij iteratie: 2, Nieuwe oplossing score van: -1075 > -1078, VW_8 en WO_50 zijn hiervoor gewisseld.
[2023-10-09 12:40:33,817] *eet_gang_optimizer* Bij iteratie: 0, Nieuwe oplossing score van: -1052 > -1075, VW_72_V_Len en VW_9_M_Rob zijn hiervoor gewisseld.
[2023-10-09 12:40:34,070] *eet_gang_optimizer* Bij iteratie: 5, Nieuwe oplossing score van: -1035 > -1052, VW_20_V_Ber en VW_5_V_Jud zijn hiervoor gewisseld.
[2023-10-09 12:40:34,217] *kook_gang_optimizer* Bij iteratie: 2, Nieuwe oplossing score van: -995 > -1035, WO_33 en WO_51 zijn hiervoor gewisseld.
[2023-10-09 12:40:34,357] *eet_gang_optimizer* Bij iteratie: 2, Nieuwe oplossing score van: -994 > -995, VW_32_V_Wen en WO_52_M_Ton zijn hiervoor gewisseld.
[2023-10-09 12:40:34,419] *kook_gang_optimizer* Bij iteratie: 0, Nieuwe oplossing score van: -987 > -994, VW_12 en WO_24 zijn hiervoor gewisseld.
[2023-10-09 12:40:34,633] *kook_gang_optimizer* Bij iteratie: 4, Nieuwe oplossing score van: -985 > -987, WO_50 en WO_85 zijn hiervoor gewisseld.
[2023-10-09 12:40:34,694] *eet_gang_optimizer* Bij iteratie: 0, Nieuwe oplossing score van: -978 > -985, VW_31_V_Jan en WO_32_M_Ber zijn hiervoor gewisseld.
[2023-10-09 12:40:34,948] *eet_gang_optimizer* Bij iteratie: 5, Nieuwe oplossing score van: -954 > -978, NEW_1_M_Erw en WO_33_V_Lou zijn hiervoor gewisseld.
[2023-10-09 12:40:35,007] *kook_gang_optimizer* Bij iteratie: 0, Nieuwe oplossing score van: -940 > -954, WO_45 en WO_81 zijn hiervoor gewisseld.
[2023-10-09 12:40:35,967] *eet_gang_optimizer* Bij iteratie: 23, Nieuwe oplossing score van: -939 > -940, NEW_3_M_Rob en VW_32_V_Wen zijn hiervoor gewisseld.
[2023-10-09 12:40:36,348] *eet_gang_optimizer* Bij iteratie: 8, Nieuwe oplossing score van: -927 > -939, VW_70_M_Bas en WO_40_V_Bir zijn hiervoor gewisseld.
[2023-10-09 12:40:36,487] *eet_gang_optimizer* Bij iteratie: 2, Nieuwe oplossing score van: -921 > -927, WO_21_M_Han en WO_9_V_Ell zijn hiervoor gewisseld.
[2023-10-09 12:40:36,783] *eet_gang_optimizer* Bij iteratie: 6, Nieuwe oplossing score van: -913 > -921, VW_15_V_Aim en WO_24_V_Jea zijn hiervoor gewisseld.
[2023-10-09 12:40:36,957] *kook_gang_optimizer* Bij iteratie: 3, Nieuwe oplossing score van: -912 > -913, VW_20 en WO_23 zijn hiervoor gewisseld.
[2023-10-09 12:40:37,018] *eet_gang_optimizer* Bij iteratie: 0, Nieuwe oplossing score van: -906 > -912, NEW_1_M_Erw en VW_35_V_Ros zijn hiervoor gewisseld.
[2023-10-09 12:40:37,076] *kook_gang_optimizer* Bij iteratie: 0, Nieuwe oplossing score van: -890 > -906, VW_39 en WO_50 zijn hiervoor gewisseld.
[2023-10-09 12:40:37,778] *eet_gang_optimizer* Bij iteratie: 16, Nieuwe oplossing score van: -884 > -890, VW_15_V_Aim en WO_51_V_Dia zijn hiervoor gewisseld.
[2023-10-09 12:40:37,837] *kook_gang_optimizer* Bij iteratie: 0, Nieuwe oplossing score van: -877 > -884, WO_51 en WO_52 zijn hiervoor gewisseld.
[2023-10-09 12:40:38,708] *eet_gang_optimizer* Bij iteratie: 20, Nieuwe oplossing score van: -871 > -877, VW_57_M_Lou en WO_32_M_Ber zijn hiervoor gewisseld.
[2023-10-09 12:40:38,772] *eet_gang_optimizer* Bij iteratie: 0, Nieuwe oplossing score van: -864 > -871, WO_13_M_Lau en WO_53_V_Pat zijn hiervoor gewisseld.
[2023-10-09 12:40:39,185] *kook_gang_optimizer* Bij iteratie: 9, Nieuwe oplossing score van: -848 > -864, VW_43 en WO_41 zijn hiervoor gewisseld.
[2023-10-09 12:40:39,558] *kook_gang_optimizer* Bij iteratie: 8, Nieuwe oplossing score van: -841 > -848, VW_13 en WO_81 zijn hiervoor gewisseld.
[2023-10-09 12:40:39,983] *kook_gang_optimizer* Bij iteratie: 9, Nieuwe oplossing score van: -837 > -841, VW_21 en VW_32 zijn hiervoor gewisseld.
[2023-10-09 12:40:40,081] *kook_gang_optimizer* Bij iteratie: 1, Nieuwe oplossing score van: -832 > -837, WO_38 en WO_52 zijn hiervoor gewisseld.
[2023-10-09 12:40:40,141] *kook_gang_optimizer* Bij iteratie: 0, Nieuwe oplossing score van: -831 > -832, VW_13 en WO_45 zijn hiervoor gewisseld.
[2023-10-09 12:40:41,385] *kook_gang_optimizer* Bij iteratie: 30, Nieuwe oplossing score van: -828 > -831, WO_51 en WO_75 zijn hiervoor gewisseld.
[2023-10-09 12:40:41,604] *eet_gang_optimizer* Bij iteratie: 4, Nieuwe oplossing score van: -819 > -828, WO_1_M_And en WO_26_M_Rod zijn hiervoor gewisseld.
[2023-10-09 12:40:41,756] *eet_gang_optimizer* Bij iteratie: 2, Nieuwe oplossing score van: -818 > -819, VW_12_M_Pet en WO_9_V_Ell zijn hiervoor gewisseld.
[2023-10-09 12:40:41,854] *kook_gang_optimizer* Bij iteratie: 1, Nieuwe oplossing score van: -808 > -818, VW_39 en VW_8 zijn hiervoor gewisseld.
[2023-10-09 12:40:42,987] *eet_gang_optimizer* Bij iteratie: 27, Nieuwe oplossing score van: -807 > -808, VW_51_V_Eli en VW_62_V_Ale zijn hiervoor gewisseld.
[2023-10-09 12:40:43,771] *eet_gang_optimizer* Bij iteratie: 18, Nieuwe oplossing score van: -789 > -807, VW_25_M_Joo en WO_9_M_Phi zijn hiervoor gewisseld.
[2023-10-09 12:40:44,341] *kook_gang_optimizer* Bij iteratie: 13, Nieuwe oplossing score van: -777 > -789, WO_20 en WO_27 zijn hiervoor gewisseld.
[2023-10-09 12:40:45,063] *eet_gang_optimizer* Bij iteratie: 17, Nieuwe oplossing score van: -771 > -777, WO_38_M_Jaa en WO_75_M_Jur zijn hiervoor gewisseld.
[2023-10-09 12:40:45,653] *kook_gang_optimizer* Bij iteratie: 13, Nieuwe oplossing score van: -726 > -771, WO_51 en WO_71 zijn hiervoor gewisseld.
[2023-10-09 12:40:46,228] *kook_gang_optimizer* Bij iteratie: 13, Nieuwe oplossing score van: -714 > -726, WO_7 en WO_75 zijn hiervoor gewisseld.
[2023-10-09 12:40:47,120] *kook_gang_optimizer* Bij iteratie: 21, Nieuwe oplossing score van: -711 > -714, WO_23 en WO_71 zijn hiervoor gewisseld.
[2023-10-09 12:40:47,663] *kook_gang_optimizer* Bij iteratie: 12, Nieuwe oplossing score van: -709 > -711, VW_35 en VW_39 zijn hiervoor gewisseld.
[2023-10-09 12:40:48,076] *eet_gang_optimizer* Bij iteratie: 9, Nieuwe oplossing score van: -702 > -709, VW_51_M_Coe en VW_9_V_Rie zijn hiervoor gewisseld.
[2023-10-09 12:40:48,575] *kook_gang_optimizer* Bij iteratie: 11, Nieuwe oplossing score van: -678 > -702, VW_12 en WO_53 zijn hiervoor gewisseld.
[2023-10-09 12:40:48,635] *eet_gang_optimizer* Bij iteratie: 0, Nieuwe oplossing score van: -666 > -678, VW_51_M_Coe en WO_85_V_Fem zijn hiervoor gewisseld.
[2023-10-09 12:40:49,310] *eet_gang_optimizer* Bij iteratie: 16, Nieuwe oplossing score van: -665 > -666, VW_18_M_Mic en VW_51_M_Coe zijn hiervoor gewisseld.
[2023-10-09 12:40:49,638] *kook_gang_optimizer* Bij iteratie: 7, Nieuwe oplossing score van: -653 > -665, VW_62 en WO_75 zijn hiervoor gewisseld.
[2023-10-09 12:40:49,924] *eet_gang_optimizer* Bij iteratie: 6, Nieuwe oplossing score van: -647 > -653, VW_35_V_Ros en WO_27_M_Dan zijn hiervoor gewisseld.
[2023-10-09 12:40:50,431] *eet_gang_optimizer* Bij iteratie: 12, Nieuwe oplossing score van: -630 > -647, NEW_1_V_Eug en WO_16_V_Lie zijn hiervoor gewisseld.
[2023-10-09 12:40:51,706] *kook_gang_optimizer* Bij iteratie: 32, Nieuwe oplossing score van: -629 > -630, VW_21 en WO_24 zijn hiervoor gewisseld.
[2023-10-09 12:40:52,347] *kook_gang_optimizer* Bij iteratie: 15, Nieuwe oplossing score van: -618 > -629, VW_21 en WO_20 zijn hiervoor gewisseld.
[2023-10-09 12:40:53,136] *eet_gang_optimizer* Bij iteratie: 19, Nieuwe oplossing score van: -606 > -618, VW_33_V_Tru en WO_69_M_Han zijn hiervoor gewisseld.
[2023-10-09 12:40:53,399] *kook_gang_optimizer* Bij iteratie: 5, Nieuwe oplossing score van: -605 > -606, WO_27 en WO_40 zijn hiervoor gewisseld.
[2023-10-09 12:40:53,798] *kook_gang_optimizer* Bij iteratie: 9, Nieuwe oplossing score van: -599 > -605, VW_5 en WO_24 zijn hiervoor gewisseld.
[2023-10-09 12:40:57,063] *kook_gang_optimizer* Bij iteratie: 84, Nieuwe oplossing score van: -595 > -599, VW_12 en WO_50 zijn hiervoor gewisseld.
[2023-10-09 12:40:57,271] *kook_gang_optimizer* Bij iteratie: 4, Nieuwe oplossing score van: -592 > -595, VW_51 en WO_85 zijn hiervoor gewisseld.
[2023-10-09 12:40:57,663] *eet_gang_optimizer* Bij iteratie: 9, Nieuwe oplossing score van: -581 > -592, VW_32_M_Mic en WO_50_M_Fli zijn hiervoor gewisseld.
[2023-10-09 12:40:58,570] *kook_gang_optimizer* Bij iteratie: 22, Nieuwe oplossing score van: -580 > -581, VW_35 en VW_5 zijn hiervoor gewisseld.
[2023-10-09 12:40:59,792] *kook_gang_optimizer* Bij iteratie: 30, Nieuwe oplossing score van: -574 > -580, WO_20 en WO_40 zijn hiervoor gewisseld.
[2023-10-09 12:40:59,925] *eet_gang_optimizer* Bij iteratie: 2, Nieuwe oplossing score van: -569 > -574, WO_11_M_Bas en WO_38_V_Eek zijn hiervoor gewisseld.
[2023-10-09 12:41:00,486] *eet_gang_optimizer* Bij iteratie: 13, Nieuwe oplossing score van: -558 > -569, VW_20_V_Ber en WO_16_V_Lie zijn hiervoor gewisseld.
[2023-10-09 12:41:04,898] *kook_gang_optimizer* Bij iteratie: 110, Nieuwe oplossing score van: -554 > -558, WO_1 en WO_85 zijn hiervoor gewisseld.
[2023-10-09 12:41:05,433] *kook_gang_optimizer* Bij iteratie: 13, Nieuwe oplossing score van: -553 > -554, WO_49 en WO_87 zijn hiervoor gewisseld.
[2023-10-09 12:41:06,234] *kook_gang_optimizer* Bij iteratie: 20, Nieuwe oplossing score van: -546 > -553, VW_32 en VW_51 zijn hiervoor gewisseld.
[2023-10-09 12:41:06,560] *kook_gang_optimizer* Bij iteratie: 7, Nieuwe oplossing score van: -522 > -546, VW_35 en VW_46 zijn hiervoor gewisseld.
[2023-10-09 12:41:07,282] *kook_gang_optimizer* Bij iteratie: 18, Nieuwe oplossing score van: -517 > -522, VW_18 en WO_40 zijn hiervoor gewisseld.
[2023-10-09 12:41:08,212] *eet_gang_optimizer* Bij iteratie: 23, Nieuwe oplossing score van: -511 > -517, VW_6_V_Len en WO_9_M_Phi zijn hiervoor gewisseld.
[2023-10-09 12:41:08,718] *eet_gang_optimizer* Bij iteratie: 12, Nieuwe oplossing score van: -504 > -511, VW_9_M_Rob en WO_32a_M_Too zijn hiervoor gewisseld.
[2023-10-09 12:41:09,631] *kook_gang_optimizer* Bij iteratie: 22, Nieuwe oplossing score van: -499 > -504, VW_15 en WO_85 zijn hiervoor gewisseld.
[2023-10-09 12:41:16,956] *kook_gang_optimizer* Bij iteratie: 187, Nieuwe oplossing score van: -493 > -499, VW_9 en WO_45 zijn hiervoor gewisseld.
