[2023-10-09 10:49:25,229] *kook_gang_optimizer* Bij iteratie: 2, Nieuwe oplossing score van: -1700 > -1744, VW_35 en VW_8 zijn hiervoor gewisseld.
[2023-10-09 10:49:25,319] *eet_gang_optimizer* Bij iteratie: 0, Nieuwe oplossing score van: -1657 > -1700, VW_70_M_Bas en WO_16_M_Fre zijn hiervoor gewisseld.
[2023-10-09 10:49:25,408] *kook_gang_optimizer* Bij iteratie: 0, Nieuwe oplossing score van: -1625 > -1657, VW_13 en WO_71 zijn hiervoor gewisseld.
[2023-10-09 10:49:25,498] *eet_gang_optimizer* Bij iteratie: 0, Nieuwe oplossing score van: -1607 > -1625, VW_25_V_Ano en VW_72_V_Len zijn hiervoor gewisseld.
[2023-10-09 10:49:25,586] *kook_gang_optimizer* Bij iteratie: 0, Nieuwe oplossing score van: -1586 > -1607, VW_27 en WO_16 zijn hiervoor gewisseld.
[2023-10-09 10:49:25,744] *kook_gang_optimizer* Bij iteratie: 1, Nieuwe oplossing score van: -1568 > -1586, VW_70 en WO_32 zijn hiervoor gewisseld.
[2023-10-09 10:49:26,167] *kook_gang_optimizer* Bij iteratie: 5, Nieuwe oplossing score van: -1533 > -1568, VW_21 en WO_50 zijn hiervoor gewisseld.
[2023-10-09 10:49:26,320] *eet_gang_optimizer* Bij iteratie: 1, Nieuwe oplossing score van: -1526 > -1533, WO_33_M_Ari en WO_53_V_Pat zijn hiervoor gewisseld.
[2023-10-09 10:49:26,535] *kook_gang_optimizer* Bij iteratie: 2, Nieuwe oplossing score van: -1508 > -1526, VW_27 en WO_52 zijn hiervoor gewisseld.
[2023-10-09 10:49:26,685] *kook_gang_optimizer* Bij iteratie: 1, Nieuwe oplossing score van: -1505 > -1508, VW_32 en WO_50 zijn hiervoor gewisseld.
[2023-10-09 10:49:27,330] *eet_gang_optimizer* Bij iteratie: 9, Nieuwe oplossing score van: -1465 > -1505, NEW_1_M_Erw en VW_39_V_Ann zijn hiervoor gewisseld.
[2023-10-09 10:49:27,596] *eet_gang_optimizer* Bij iteratie: 3, Nieuwe oplossing score van: -1459 > -1465, VW_51_M_Coe en WO_38_V_Eek zijn hiervoor gewisseld.
[2023-10-09 10:49:27,876] *eet_gang_optimizer* Bij iteratie: 4, Nieuwe oplossing score van: -1435 > -1459, VW_43_M_Mar en VW_43_V_Sjo zijn hiervoor gewisseld.
[2023-10-09 10:49:27,992] *eet_gang_optimizer* Bij iteratie: 1, Nieuwe oplossing score van: -1434 > -1435, VW_25_V_Ano en VW_46_V_Bre zijn hiervoor gewisseld.
[2023-10-09 10:49:28,100] *kook_gang_optimizer* Bij iteratie: 1, Nieuwe oplossing score van: -1417 > -1434, VW_25 en WO_81 zijn hiervoor gewisseld.
[2023-10-09 10:49:28,403] *eet_gang_optimizer* Bij iteratie: 6, Nieuwe oplossing score van: -1410 > -1417, WO_1_V_Bir en WO_45_V_Kar zijn hiervoor gewisseld.
[2023-10-09 10:49:28,960] *kook_gang_optimizer* Bij iteratie: 13, Nieuwe oplossing score van: -1347 > -1410, VW_15 en VW_5 zijn hiervoor gewisseld.
[2023-10-09 10:49:29,089] *eet_gang_optimizer* Bij iteratie: 2, Nieuwe oplossing score van: -1323 > -1347, VW_31_M_Pau en WO_50_M_Fli zijn hiervoor gewisseld.
[2023-10-09 10:49:29,477] *kook_gang_optimizer* Bij iteratie: 9, Nieuwe oplossing score van: -1318 > -1323, WO_26 en WO_38 zijn hiervoor gewisseld.
[2023-10-09 10:49:29,605] *kook_gang_optimizer* Bij iteratie: 2, Nieuwe oplossing score van: -1305 > -1318, VW_39 en WO_27 zijn hiervoor gewisseld.
[2023-10-09 10:49:30,750] *eet_gang_optimizer* Bij iteratie: 29, Nieuwe oplossing score van: -1258 > -1305, VW_15_V_Aim en WO_33_V_Lou zijn hiervoor gewisseld.
[2023-10-09 10:49:30,955] *eet_gang_optimizer* Bij iteratie: 4, Nieuwe oplossing score van: -1233 > -1258, VW_39_M_Bar en VW_68_M_Chr zijn hiervoor gewisseld.
[2023-10-09 10:49:31,085] *eet_gang_optimizer* Bij iteratie: 2, Nieuwe oplossing score van: -1227 > -1233, VW_18_M_Mic en WO_85_M_Wil zijn hiervoor gewisseld.
[2023-10-09 10:49:31,467] *kook_gang_optimizer* Bij iteratie: 9, Nieuwe oplossing score van: -1215 > -1227, VW_51 en WO_45 zijn hiervoor gewisseld.
[2023-10-09 10:49:31,523] *eet_gang_optimizer* Bij iteratie: 0, Nieuwe oplossing score van: -1201 > -1215, VW_3_V_Cla en VW_5_M_Car zijn hiervoor gewisseld.
[2023-10-09 10:49:31,726] *kook_gang_optimizer* Bij iteratie: 4, Nieuwe oplossing score van: -1189 > -1201, VW_33 en WO_52 zijn hiervoor gewisseld.
[2023-10-09 10:49:31,779] *kook_gang_optimizer* Bij iteratie: 0, Nieuwe oplossing score van: -1177 > -1189, WO_20 en WO_55 zijn hiervoor gewisseld.
[2023-10-09 10:49:32,253] *kook_gang_optimizer* Bij iteratie: 11, Nieuwe oplossing score van: -1165 > -1177, WO_52 en WO_87 zijn hiervoor gewisseld.
[2023-10-09 10:49:32,309] *eet_gang_optimizer* Bij iteratie: 0, Nieuwe oplossing score van: -1146 > -1165, VW_12_M_Pet en VW_21_V_Ale zijn hiervoor gewisseld.
[2023-10-09 10:49:32,472] *eet_gang_optimizer* Bij iteratie: 3, Nieuwe oplossing score van: -1137 > -1146, WO_1_M_And en WO_49_M_Joo zijn hiervoor gewisseld.
[2023-10-09 10:49:32,524] *kook_gang_optimizer* Bij iteratie: 0, Nieuwe oplossing score van: -1126 > -1137, VW_57 en WO_13 zijn hiervoor gewisseld.
[2023-10-09 10:49:32,687] *kook_gang_optimizer* Bij iteratie: 3, Nieuwe oplossing score van: -1113 > -1126, VW_33 en WO_26 zijn hiervoor gewisseld.
[2023-10-09 10:49:32,885] *kook_gang_optimizer* Bij iteratie: 4, Nieuwe oplossing score van: -1109 > -1113, WO_50 en WO_77 zijn hiervoor gewisseld.
[2023-10-09 10:49:33,233] *eet_gang_optimizer* Bij iteratie: 8, Nieuwe oplossing score van: -1093 > -1109, VW_23_V_Ils en WO_85_M_Wil zijn hiervoor gewisseld.
[2023-10-09 10:49:33,504] *eet_gang_optimizer* Bij iteratie: 6, Nieuwe oplossing score van: -1085 > -1093, VW_8_M_Fra en WO_49_M_Joo zijn hiervoor gewisseld.
[2023-10-09 10:49:33,597] *eet_gang_optimizer* Bij iteratie: 1, Nieuwe oplossing score van: -1081 > -1085, NEW_3_V_Mel en WO_85_M_Wil zijn hiervoor gewisseld.
[2023-10-09 10:49:33,931] *eet_gang_optimizer* Bij iteratie: 7, Nieuwe oplossing score van: -1069 > -1081, VW_43_M_Mar en VW_57_M_Lou zijn hiervoor gewisseld.
[2023-10-09 10:49:34,166] *eet_gang_optimizer* Bij iteratie: 5, Nieuwe oplossing score van: -1062 > -1069, VW_70_V_Cha en WO_51_M_Jan zijn hiervoor gewisseld.
[2023-10-09 10:49:34,511] *eet_gang_optimizer* Bij iteratie: 8, Nieuwe oplossing score van: -1056 > -1062, WO_11_M_Bas en WO_9_V_Ell zijn hiervoor gewisseld.
[2023-10-09 10:49:35,147] *eet_gang_optimizer* Bij iteratie: 16, Nieuwe oplossing score van: -1046 > -1056, VW_3_V_Cla en WO_69_M_Han zijn hiervoor gewisseld.
[2023-10-09 10:49:35,494] *eet_gang_optimizer* Bij iteratie: 8, Nieuwe oplossing score van: -1028 > -1046, WO_51_V_Dia en WO_85_V_Fem zijn hiervoor gewisseld.
[2023-10-09 10:49:36,234] *eet_gang_optimizer* Bij iteratie: 18, Nieuwe oplossing score van: -1022 > -1028, NEW_1_V_Eug en WO_61_M_Ren zijn hiervoor gewisseld.
[2023-10-09 10:49:36,288] *kook_gang_optimizer* Bij iteratie: 0, Nieuwe oplossing score van: -1015 > -1022, VW_5 en WO_36 zijn hiervoor gewisseld.
[2023-10-09 10:49:36,969] *eet_gang_optimizer* Bij iteratie: 17, Nieuwe oplossing score van: -1009 > -1015, VW_27_M_Rob en WO_61_V_Ger zijn hiervoor gewisseld.
[2023-10-09 10:49:37,474] *kook_gang_optimizer* Bij iteratie: 11, Nieuwe oplossing score van: -1007 > -1009, VW_35 en VW_5 zijn hiervoor gewisseld.
[2023-10-09 10:49:38,300] *kook_gang_optimizer* Bij iteratie: 21, Nieuwe oplossing score van: -995 > -1007, VW_12 en WO_38 zijn hiervoor gewisseld.
[2023-10-09 10:49:38,800] *kook_gang_optimizer* Bij iteratie: 12, Nieuwe oplossing score van: -994 > -995, VW_20 en WO_16 zijn hiervoor gewisseld.
[2023-10-09 10:49:39,682] *eet_gang_optimizer* Bij iteratie: 22, Nieuwe oplossing score van: -992 > -994, WO_1_V_Bir en WO_27_V_Mar zijn hiervoor gewisseld.
[2023-10-09 10:49:39,917] *kook_gang_optimizer* Bij iteratie: 5, Nieuwe oplossing score van: -990 > -992, VW_31 en WO_27 zijn hiervoor gewisseld.
[2023-10-09 10:49:40,046] *eet_gang_optimizer* Bij iteratie: 2, Nieuwe oplossing score van: -978 > -990, VW_70_M_Bas en VW_9_M_Rob zijn hiervoor gewisseld.
[2023-10-09 10:49:40,431] *eet_gang_optimizer* Bij iteratie: 9, Nieuwe oplossing score van: -972 > -978, VW_68_M_Chr en VW_70_M_Bas zijn hiervoor gewisseld.
[2023-10-09 10:49:40,597] *eet_gang_optimizer* Bij iteratie: 3, Nieuwe oplossing score van: -960 > -972, VW_57_M_Lou en WO_71_V_Mar zijn hiervoor gewisseld.
[2023-10-09 10:49:40,765] *eet_gang_optimizer* Bij iteratie: 3, Nieuwe oplossing score van: -948 > -960, VW_25_M_Joo en WO_24_V_Jea zijn hiervoor gewisseld.
[2023-10-09 10:49:41,029] *kook_gang_optimizer* Bij iteratie: 5, Nieuwe oplossing score van: -938 > -948, VW_3 en WO_27 zijn hiervoor gewisseld.
[2023-10-09 10:49:41,489] *eet_gang_optimizer* Bij iteratie: 11, Nieuwe oplossing score van: -926 > -938, VW_33_V_Tru en WO_33_M_Ari zijn hiervoor gewisseld.
[2023-10-09 10:49:42,016] *eet_gang_optimizer* Bij iteratie: 13, Nieuwe oplossing score van: -914 > -926, VW_72_M_Pie en WO_23_M_Bar zijn hiervoor gewisseld.
[2023-10-09 10:49:42,257] *kook_gang_optimizer* Bij iteratie: 5, Nieuwe oplossing score van: -902 > -914, VW_35 en VW_43 zijn hiervoor gewisseld.
[2023-10-09 10:49:43,437] *kook_gang_optimizer* Bij iteratie: 30, Nieuwe oplossing score van: -901 > -902, VW_51 en WO_13 zijn hiervoor gewisseld.
[2023-10-09 10:49:43,821] *eet_gang_optimizer* Bij iteratie: 9, Nieuwe oplossing score van: -895 > -901, VW_12_V_Sja en VW_31_M_Pau zijn hiervoor gewisseld.
[2023-10-09 10:49:43,948] *kook_gang_optimizer* Bij iteratie: 2, Nieuwe oplossing score van: -889 > -895, WO_50 en WO_75 zijn hiervoor gewisseld.
[2023-10-09 10:49:44,834] *kook_gang_optimizer* Bij iteratie: 22, Nieuwe oplossing score van: -883 > -889, VW_13 en VW_21 zijn hiervoor gewisseld.
[2023-10-09 10:49:44,999] *eet_gang_optimizer* Bij iteratie: 3, Nieuwe oplossing score van: -870 > -883, NEW_3_V_Mel en VW_15_M_Ger zijn hiervoor gewisseld.
[2023-10-09 10:49:45,235] *kook_gang_optimizer* Bij iteratie: 5, Nieuwe oplossing score van: -858 > -870, VW_46 en WO_20 zijn hiervoor gewisseld.
[2023-10-09 10:49:45,322] *kook_gang_optimizer* Bij iteratie: 1, Nieuwe oplossing score van: -857 > -858, VW_18 en WO_16 zijn hiervoor gewisseld.
[2023-10-09 10:49:45,481] *eet_gang_optimizer* Bij iteratie: 3, Nieuwe oplossing score van: -844 > -857, VW_21_V_Ale en VW_32_V_Wen zijn hiervoor gewisseld.
[2023-10-09 10:49:45,672] *kook_gang_optimizer* Bij iteratie: 4, Nieuwe oplossing score van: -808 > -844, VW_9 en WO_33 zijn hiervoor gewisseld.
[2023-10-09 10:49:46,061] *kook_gang_optimizer* Bij iteratie: 9, Nieuwe oplossing score van: -800 > -808, WO_1 en WO_32 zijn hiervoor gewisseld.
[2023-10-09 10:49:46,220] *eet_gang_optimizer* Bij iteratie: 3, Nieuwe oplossing score van: -794 > -800, WO_61_M_Ren en WO_81_V_Jan zijn hiervoor gewisseld.
[2023-10-09 10:49:48,402] *kook_gang_optimizer* Bij iteratie: 61, Nieuwe oplossing score van: -752 > -794, VW_18 en WO_7 zijn hiervoor gewisseld.
[2023-10-09 10:49:48,903] *eet_gang_optimizer* Bij iteratie: 13, Nieuwe oplossing score van: -742 > -752, VW_18_V_Yol en VW_32_M_Mic zijn hiervoor gewisseld.
[2023-10-09 10:49:49,876] *eet_gang_optimizer* Bij iteratie: 26, Nieuwe oplossing score van: -735 > -742, WO_38_M_Jaa en WO_51_M_Jan zijn hiervoor gewisseld.
[2023-10-09 10:49:50,618] *eet_gang_optimizer* Bij iteratie: 20, Nieuwe oplossing score van: -734 > -735, VW_9_M_Rob en WO_13_V_Sim zijn hiervoor gewisseld.
[2023-10-09 10:49:51,072] *kook_gang_optimizer* Bij iteratie: 11, Nieuwe oplossing score van: -722 > -734, VW_35 en WO_20 zijn hiervoor gewisseld.
[2023-10-09 10:49:51,127] *eet_gang_optimizer* Bij iteratie: 0, Nieuwe oplossing score van: -721 > -722, WO_16_M_Fre en WO_77_M_Twa zijn hiervoor gewisseld.
[2023-10-09 10:49:51,179] *eet_gang_optimizer* Bij iteratie: 0, Nieuwe oplossing score van: -702 > -721, VW_13_M_Mar en WO_49_V_Van zijn hiervoor gewisseld.
[2023-10-09 10:49:51,441] *eet_gang_optimizer* Bij iteratie: 6, Nieuwe oplossing score van: -701 > -702, VW_33_V_Tru en WO_1_M_And zijn hiervoor gewisseld.
[2023-10-09 10:49:51,632] *eet_gang_optimizer* Bij iteratie: 4, Nieuwe oplossing score van: -695 > -701, WO_40_V_Mar en WO_41_V_Ann zijn hiervoor gewisseld.
[2023-10-09 10:49:53,062] *eet_gang_optimizer* Bij iteratie: 39, Nieuwe oplossing score van: -684 > -695, VW_12_V_Sja en WO_53_M_Ola zijn hiervoor gewisseld.
[2023-10-09 10:49:54,657] *kook_gang_optimizer* Bij iteratie: 44, Nieuwe oplossing score van: -667 > -684, WO_1 en WO_38 zijn hiervoor gewisseld.
[2023-10-09 10:49:56,404] *eet_gang_optimizer* Bij iteratie: 48, Nieuwe oplossing score van: -666 > -667, VW_32_V_Wen en VW_46_V_Bre zijn hiervoor gewisseld.
[2023-10-09 10:49:57,490] *eet_gang_optimizer* Bij iteratie: 29, Nieuwe oplossing score van: -658 > -666, VW_23_V_Ils en VW_3_V_Cla zijn hiervoor gewisseld.
[2023-10-09 10:49:57,646] *eet_gang_optimizer* Bij iteratie: 3, Nieuwe oplossing score van: -653 > -658, VW_8_M_Fra en WO_67_M_Rob zijn hiervoor gewisseld.
[2023-10-09 10:49:57,769] *kook_gang_optimizer* Bij iteratie: 2, Nieuwe oplossing score van: -639 > -653, VW_15 en WO_81 zijn hiervoor gewisseld.
