[2023-10-09 12:32:07,417] *kook_gang_optimizer* Bij iteratie: 0, Nieuwe oplossing score van: -1726 > -1744, VW_43 en WO_41 zijn hiervoor gewisseld.
[2023-10-09 12:32:07,636] *eet_gang_optimizer* Bij iteratie: 4, Nieuwe oplossing score van: -1722 > -1726, WO_50_V_Nic en WO_55_V_Han zijn hiervoor gewisseld.
[2023-10-09 12:32:07,694] *kook_gang_optimizer* Bij iteratie: 0, Nieuwe oplossing score van: -1711 > -1722, WO_13 en WO_20 zijn hiervoor gewisseld.
[2023-10-09 12:32:07,750] *kook_gang_optimizer* Bij iteratie: 0, Nieuwe oplossing score van: -1685 > -1711, VW_32 en VW_35 zijn hiervoor gewisseld.
[2023-10-09 12:32:07,846] *kook_gang_optimizer* Bij iteratie: 1, Nieuwe oplossing score van: -1668 > -1685, VW_39 en WO_36 zijn hiervoor gewisseld.
[2023-10-09 12:32:08,140] *eet_gang_optimizer* Bij iteratie: 6, Nieuwe oplossing score van: -1641 > -1668, VW_18_V_Yol en VW_21_M_Koo zijn hiervoor gewisseld.
[2023-10-09 12:32:08,237] *kook_gang_optimizer* Bij iteratie: 1, Nieuwe oplossing score van: -1600 > -1641, VW_15 en VW_46 zijn hiervoor gewisseld.
[2023-10-09 12:32:08,293] *kook_gang_optimizer* Bij iteratie: 0, Nieuwe oplossing score van: -1592 > -1600, VW_32 en WO_53 zijn hiervoor gewisseld.
[2023-10-09 12:32:08,504] *kook_gang_optimizer* Bij iteratie: 4, Nieuwe oplossing score van: -1587 > -1592, VW_3 en WO_13 zijn hiervoor gewisseld.
[2023-10-09 12:32:08,562] *kook_gang_optimizer* Bij iteratie: 0, Nieuwe oplossing score van: -1570 > -1587, VW_3 en WO_16 zijn hiervoor gewisseld.
[2023-10-09 12:32:08,660] *kook_gang_optimizer* Bij iteratie: 1, Nieuwe oplossing score van: -1566 > -1570, VW_8 en WO_50 zijn hiervoor gewisseld.
[2023-10-09 12:32:09,165] *eet_gang_optimizer* Bij iteratie: 11, Nieuwe oplossing score van: -1558 > -1566, VW_39_V_Ann en VW_70_M_Bas zijn hiervoor gewisseld.
[2023-10-09 12:32:09,461] *kook_gang_optimizer* Bij iteratie: 6, Nieuwe oplossing score van: -1557 > -1558, VW_12 en WO_40 zijn hiervoor gewisseld.
[2023-10-09 12:32:09,610] *kook_gang_optimizer* Bij iteratie: 2, Nieuwe oplossing score van: -1524 > -1557, WO_32 en WO_85 zijn hiervoor gewisseld.
[2023-10-09 12:32:09,671] *eet_gang_optimizer* Bij iteratie: 0, Nieuwe oplossing score van: -1519 > -1524, WO_36_M_Hui en WO_38_V_Eek zijn hiervoor gewisseld.
[2023-10-09 12:32:09,893] *kook_gang_optimizer* Bij iteratie: 4, Nieuwe oplossing score van: -1483 > -1519, VW_27 en VW_3 zijn hiervoor gewisseld.
[2023-10-09 12:32:10,734] *eet_gang_optimizer* Bij iteratie: 20, Nieuwe oplossing score van: -1448 > -1483, WO_24_M_Ray en WO_33_V_Lou zijn hiervoor gewisseld.
[2023-10-09 12:32:10,931] *eet_gang_optimizer* Bij iteratie: 3, Nieuwe oplossing score van: -1437 > -1448, WO_49_M_Joo en WO_61_V_Ger zijn hiervoor gewisseld.
[2023-10-09 12:32:11,027] *kook_gang_optimizer* Bij iteratie: 1, Nieuwe oplossing score van: -1400 > -1437, WO_26 en WO_52 zijn hiervoor gewisseld.
[2023-10-09 12:32:11,212] *kook_gang_optimizer* Bij iteratie: 3, Nieuwe oplossing score van: -1391 > -1400, VW_25 en WO_53 zijn hiervoor gewisseld.
[2023-10-09 12:32:11,603] *eet_gang_optimizer* Bij iteratie: 8, Nieuwe oplossing score van: -1363 > -1391, WO_27_M_Dan en WO_85_V_Fem zijn hiervoor gewisseld.
[2023-10-09 12:32:11,902] *kook_gang_optimizer* Bij iteratie: 6, Nieuwe oplossing score van: -1311 > -1363, VW_15 en WO_85 zijn hiervoor gewisseld.
[2023-10-09 12:32:11,961] *eet_gang_optimizer* Bij iteratie: 0, Nieuwe oplossing score van: -1286 > -1311, VW_18_M_Mic en VW_46_V_Jor zijn hiervoor gewisseld.
[2023-10-09 12:32:12,256] *eet_gang_optimizer* Bij iteratie: 6, Nieuwe oplossing score van: -1279 > -1286, VW_72_M_Pie en VW_8_V_Let zijn hiervoor gewisseld.
[2023-10-09 12:32:13,050] *kook_gang_optimizer* Bij iteratie: 17, Nieuwe oplossing score van: -1218 > -1279, VW_5 en WO_45 zijn hiervoor gewisseld.
[2023-10-09 12:32:13,886] *kook_gang_optimizer* Bij iteratie: 18, Nieuwe oplossing score van: -1182 > -1218, VW_57 en WO_7 zijn hiervoor gewisseld.
[2023-10-09 12:32:14,064] *eet_gang_optimizer* Bij iteratie: 3, Nieuwe oplossing score van: -1165 > -1182, WO_67_M_Rob en WO_9_M_Phi zijn hiervoor gewisseld.
[2023-10-09 12:32:14,633] *kook_gang_optimizer* Bij iteratie: 13, Nieuwe oplossing score van: -1160 > -1165, VW_57 en WO_69 zijn hiervoor gewisseld.
[2023-10-09 12:32:14,692] *eet_gang_optimizer* Bij iteratie: 0, Nieuwe oplossing score van: -1148 > -1160, VW_70_V_Cha en WO_81_M_Jan zijn hiervoor gewisseld.
[2023-10-09 12:32:15,041] *eet_gang_optimizer* Bij iteratie: 7, Nieuwe oplossing score van: -1142 > -1148, VW_6_V_Len en WO_1_V_Bir zijn hiervoor gewisseld.
[2023-10-09 12:32:15,615] *kook_gang_optimizer* Bij iteratie: 13, Nieuwe oplossing score van: -1121 > -1142, VW_13 en VW_62 zijn hiervoor gewisseld.
[2023-10-09 12:32:15,676] *eet_gang_optimizer* Bij iteratie: 0, Nieuwe oplossing score van: -1085 > -1121, WO_52_M_Ton en WO_71_V_Mar zijn hiervoor gewisseld.
[2023-10-09 12:32:15,929] *eet_gang_optimizer* Bij iteratie: 5, Nieuwe oplossing score van: -1081 > -1085, VW_20_M_Wil en WO_41_M_Wim zijn hiervoor gewisseld.
[2023-10-09 12:32:16,111] *kook_gang_optimizer* Bij iteratie: 3, Nieuwe oplossing score van: -1076 > -1081, WO_13 en WO_38 zijn hiervoor gewisseld.
[2023-10-09 12:32:16,405] *kook_gang_optimizer* Bij iteratie: 6, Nieuwe oplossing score van: -1047 > -1076, WO_33 en WO_51 zijn hiervoor gewisseld.
[2023-10-09 12:32:16,788] *kook_gang_optimizer* Bij iteratie: 8, Nieuwe oplossing score van: -1044 > -1047, VW_70 en WO_1 zijn hiervoor gewisseld.
[2023-10-09 12:32:16,849] *eet_gang_optimizer* Bij iteratie: 0, Nieuwe oplossing score van: -1028 > -1044, VW_51_V_Eli en WO_36_M_Hui zijn hiervoor gewisseld.
[2023-10-09 12:32:16,947] *eet_gang_optimizer* Bij iteratie: 1, Nieuwe oplossing score van: -1016 > -1028, VW_39_V_Ann en VW_9_V_Rie zijn hiervoor gewisseld.
[2023-10-09 12:32:17,003] *kook_gang_optimizer* Bij iteratie: 0, Nieuwe oplossing score van: -1004 > -1016, VW_18 en WO_81 zijn hiervoor gewisseld.
[2023-10-09 12:32:17,296] *eet_gang_optimizer* Bij iteratie: 6, Nieuwe oplossing score van: -997 > -1004, WO_45_M_Die en WO_52_V_Eli zijn hiervoor gewisseld.
[2023-10-09 12:32:17,518] *eet_gang_optimizer* Bij iteratie: 4, Nieuwe oplossing score van: -986 > -997, VW_70_M_Bas en VW_8_M_Fra zijn hiervoor gewisseld.
[2023-10-09 12:32:17,580] *eet_gang_optimizer* Bij iteratie: 0, Nieuwe oplossing score van: -962 > -986, VW_72_V_Len en WO_16_V_Lie zijn hiervoor gewisseld.
[2023-10-09 12:32:17,680] *eet_gang_optimizer* Bij iteratie: 1, Nieuwe oplossing score van: -950 > -962, VW_39_V_Ann en VW_62_M_Rob zijn hiervoor gewisseld.
[2023-10-09 12:32:18,061] *kook_gang_optimizer* Bij iteratie: 8, Nieuwe oplossing score van: -942 > -950, VW_23 en WO_40 zijn hiervoor gewisseld.
[2023-10-09 12:32:18,123] *kook_gang_optimizer* Bij iteratie: 0, Nieuwe oplossing score van: -913 > -942, VW_25 en WO_36 zijn hiervoor gewisseld.
[2023-10-09 12:32:18,222] *eet_gang_optimizer* Bij iteratie: 1, Nieuwe oplossing score van: -907 > -913, WO_32a_V_Gem en WO_57_V_May zijn hiervoor gewisseld.
[2023-10-09 12:32:18,282] *eet_gang_optimizer* Bij iteratie: 0, Nieuwe oplossing score van: -889 > -907, VW_43_M_Mar en WO_61_V_Ger zijn hiervoor gewisseld.
[2023-10-09 12:32:18,774] *kook_gang_optimizer* Bij iteratie: 11, Nieuwe oplossing score van: -876 > -889, VW_12 en WO_13 zijn hiervoor gewisseld.
[2023-10-09 12:32:19,067] *eet_gang_optimizer* Bij iteratie: 6, Nieuwe oplossing score van: -853 > -876, VW_13_V_Con en WO_45_M_Die zijn hiervoor gewisseld.
[2023-10-09 12:32:19,167] *eet_gang_optimizer* Bij iteratie: 1, Nieuwe oplossing score van: -840 > -853, VW_72_M_Pie en WO_32_M_Ber zijn hiervoor gewisseld.
[2023-10-09 12:32:19,270] *eet_gang_optimizer* Bij iteratie: 1, Nieuwe oplossing score van: -839 > -840, WO_16_M_Fre en WO_21_M_Han zijn hiervoor gewisseld.
[2023-10-09 12:32:20,045] *kook_gang_optimizer* Bij iteratie: 18, Nieuwe oplossing score van: -809 > -839, WO_16 en WO_26 zijn hiervoor gewisseld.
[2023-10-09 12:32:20,261] *eet_gang_optimizer* Bij iteratie: 4, Nieuwe oplossing score van: -803 > -809, WO_23_V_Mon en WO_87_V_Mad zijn hiervoor gewisseld.
[2023-10-09 12:32:20,615] *eet_gang_optimizer* Bij iteratie: 7, Nieuwe oplossing score van: -802 > -803, VW_31_V_Jan en WO_23_V_Mon zijn hiervoor gewisseld.
[2023-10-09 12:32:20,751] *eet_gang_optimizer* Bij iteratie: 2, Nieuwe oplossing score van: -790 > -802, VW_15_V_Aim en WO_71_M_Kar zijn hiervoor gewisseld.
[2023-10-09 12:32:21,083] *eet_gang_optimizer* Bij iteratie: 7, Nieuwe oplossing score van: -784 > -790, VW_3_V_Cla en WO_33_V_Lou zijn hiervoor gewisseld.
[2023-10-09 12:32:21,695] *eet_gang_optimizer* Bij iteratie: 14, Nieuwe oplossing score van: -783 > -784, VW_31_M_Pau en VW_35_V_Ros zijn hiervoor gewisseld.
[2023-10-09 12:32:22,269] *eet_gang_optimizer* Bij iteratie: 13, Nieuwe oplossing score van: -772 > -783, WO_13_M_Lau en WO_41_V_Ann zijn hiervoor gewisseld.
[2023-10-09 12:32:22,847] *kook_gang_optimizer* Bij iteratie: 13, Nieuwe oplossing score van: -746 > -772, VW_32 en WO_7 zijn hiervoor gewisseld.
[2023-10-09 12:32:23,144] *eet_gang_optimizer* Bij iteratie: 6, Nieuwe oplossing score van: -740 > -746, VW_35_M_Roe en WO_71_M_Kar zijn hiervoor gewisseld.
[2023-10-09 12:32:23,397] *kook_gang_optimizer* Bij iteratie: 5, Nieuwe oplossing score van: -735 > -740, VW_32 en WO_16 zijn hiervoor gewisseld.
[2023-10-09 12:32:23,462] *eet_gang_optimizer* Bij iteratie: 0, Nieuwe oplossing score van: -723 > -735, WO_26_V_Ver en WO_50_V_Nic zijn hiervoor gewisseld.
[2023-10-09 12:32:23,835] *eet_gang_optimizer* Bij iteratie: 8, Nieuwe oplossing score van: -717 > -723, WO_24_V_Jea en WO_50_V_Nic zijn hiervoor gewisseld.
[2023-10-09 12:32:24,890] *kook_gang_optimizer* Bij iteratie: 25, Nieuwe oplossing score van: -710 > -717, VW_43 en WO_49 zijn hiervoor gewisseld.
[2023-10-09 12:32:24,948] *kook_gang_optimizer* Bij iteratie: 0, Nieuwe oplossing score van: -707 > -710, WO_32 en WO_36 zijn hiervoor gewisseld.
[2023-10-09 12:32:25,126] *kook_gang_optimizer* Bij iteratie: 3, Nieuwe oplossing score van: -695 > -707, VW_27 en WO_16 zijn hiervoor gewisseld.
[2023-10-09 12:32:25,941] *kook_gang_optimizer* Bij iteratie: 19, Nieuwe oplossing score van: -693 > -695, VW_13 en VW_23 zijn hiervoor gewisseld.
[2023-10-09 12:32:26,041] *eet_gang_optimizer* Bij iteratie: 1, Nieuwe oplossing score van: -689 > -693, VW_70_V_Cha en WO_38_M_Jaa zijn hiervoor gewisseld.
[2023-10-09 12:32:26,425] *kook_gang_optimizer* Bij iteratie: 8, Nieuwe oplossing score van: -678 > -689, VW_62 en WO_16 zijn hiervoor gewisseld.
[2023-10-09 12:32:26,838] *eet_gang_optimizer* Bij iteratie: 9, Nieuwe oplossing score van: -660 > -678, WO_24_M_Ray en WO_55_V_Han zijn hiervoor gewisseld.
[2023-10-09 12:32:27,010] *kook_gang_optimizer* Bij iteratie: 3, Nieuwe oplossing score van: -659 > -660, WO_21 en WO_85 zijn hiervoor gewisseld.
[2023-10-09 12:32:28,533] *kook_gang_optimizer* Bij iteratie: 38, Nieuwe oplossing score van: -637 > -659, VW_33 en WO_69 zijn hiervoor gewisseld.
[2023-10-09 12:32:29,260] *eet_gang_optimizer* Bij iteratie: 18, Nieuwe oplossing score van: -630 > -637, VW_8_M_Fra en WO_9_V_Ell zijn hiervoor gewisseld.
[2023-10-09 12:32:29,544] *kook_gang_optimizer* Bij iteratie: 6, Nieuwe oplossing score van: -624 > -630, WO_40 en WO_41 zijn hiervoor gewisseld.
[2023-10-09 12:32:30,643] *eet_gang_optimizer* Bij iteratie: 28, Nieuwe oplossing score van: -618 > -624, VW_20_V_Ber en WO_7_M_San zijn hiervoor gewisseld.
[2023-10-09 12:32:31,676] *eet_gang_optimizer* Bij iteratie: 26, Nieuwe oplossing score van: -613 > -618, VW_20_V_Ber en WO_9_M_Phi zijn hiervoor gewisseld.
[2023-10-09 12:32:32,440] *kook_gang_optimizer* Bij iteratie: 19, Nieuwe oplossing score van: -612 > -613, VW_27 en VW_8 zijn hiervoor gewisseld.
[2023-10-09 12:32:33,686] *kook_gang_optimizer* Bij iteratie: 31, Nieuwe oplossing score van: -611 > -612, WO_16 en WO_7 zijn hiervoor gewisseld.
[2023-10-09 12:32:33,793] *eet_gang_optimizer* Bij iteratie: 1, Nieuwe oplossing score van: -599 > -611, VW_57_V_Ann en WO_55_V_Han zijn hiervoor gewisseld.
[2023-10-09 12:32:35,298] *eet_gang_optimizer* Bij iteratie: 38, Nieuwe oplossing score van: -593 > -599, VW_12_M_Pet en WO_67_M_Rob zijn hiervoor gewisseld.
[2023-10-09 12:32:35,694] *kook_gang_optimizer* Bij iteratie: 9, Nieuwe oplossing score van: -592 > -593, VW_51 en WO_81 zijn hiervoor gewisseld.
[2023-10-09 12:32:36,057] *kook_gang_optimizer* Bij iteratie: 8, Nieuwe oplossing score van: -573 > -592, WO_21 en WO_49 zijn hiervoor gewisseld.
[2023-10-09 12:32:38,654] *kook_gang_optimizer* Bij iteratie: 67, Nieuwe oplossing score van: -567 > -573, VW_5 en WO_71 zijn hiervoor gewisseld.
[2023-10-09 12:32:39,120] *eet_gang_optimizer* Bij iteratie: 11, Nieuwe oplossing score van: -561 > -567, VW_5_M_Car en VW_57_M_Lou zijn hiervoor gewisseld.
[2023-10-09 12:32:40,642] *kook_gang_optimizer* Bij iteratie: 39, Nieuwe oplossing score van: -555 > -561, WO_1 en WO_45 zijn hiervoor gewisseld.
[2023-10-09 12:32:41,767] *eet_gang_optimizer* Bij iteratie: 27, Nieuwe oplossing score van: -551 > -555, VW_12_V_Sja en VW_70_M_Bas zijn hiervoor gewisseld.
[2023-10-09 12:32:43,291] *eet_gang_optimizer* Bij iteratie: 39, Nieuwe oplossing score van: -550 > -551, VW_18_V_Yol en VW_62_M_Rob zijn hiervoor gewisseld.
[2023-10-09 12:32:46,721] *kook_gang_optimizer* Bij iteratie: 88, Nieuwe oplossing score van: -549 > -550, WO_71 en WO_77 zijn hiervoor gewisseld.
[2023-10-09 12:32:47,819] *eet_gang_optimizer* Bij iteratie: 27, Nieuwe oplossing score van: -548 > -549, WO_21_M_Han en WO_87_V_Mad zijn hiervoor gewisseld.
[2023-10-09 12:32:48,765] *eet_gang_optimizer* Bij iteratie: 23, Nieuwe oplossing score van: -535 > -548, VW_5_M_Car en WO_51_V_Dia zijn hiervoor gewisseld.
[2023-10-09 12:32:49,535] *eet_gang_optimizer* Bij iteratie: 18, Nieuwe oplossing score van: -523 > -535, VW_5_V_Jud en WO_87_V_Mad zijn hiervoor gewisseld.
[2023-10-09 12:32:49,660] *eet_gang_optimizer* Bij iteratie: 1, Nieuwe oplossing score van: -521 > -523, WO_38_M_Jaa en WO_9_V_Ell zijn hiervoor gewisseld.
[2023-10-09 12:32:49,858] *kook_gang_optimizer* Bij iteratie: 3, Nieuwe oplossing score van: -513 > -521, WO_20 en WO_71 zijn hiervoor gewisseld.
[2023-10-09 12:32:50,539] *kook_gang_optimizer* Bij iteratie: 15, Nieuwe oplossing score van: -504 > -513, VW_57 en WO_16 zijn hiervoor gewisseld.
[2023-10-09 12:32:53,144] *eet_gang_optimizer* Bij iteratie: 65, Nieuwe oplossing score van: -498 > -504, VW_33_V_Tru en WO_77_M_Twa zijn hiervoor gewisseld.
[2023-10-09 12:32:56,287] *kook_gang_optimizer* Bij iteratie: 78, Nieuwe oplossing score van: -497 > -498, VW_32 en WO_32 zijn hiervoor gewisseld.
[2023-10-09 12:32:56,684] *kook_gang_optimizer* Bij iteratie: 9, Nieuwe oplossing score van: -494 > -497, VW_32 en WO_77 zijn hiervoor gewisseld.
[2023-10-09 12:32:58,401] *kook_gang_optimizer* Bij iteratie: 44, Nieuwe oplossing score van: -492 > -494, WO_16 en WO_71 zijn hiervoor gewisseld.
[2023-10-09 12:32:59,255] *kook_gang_optimizer* Bij iteratie: 21, Nieuwe oplossing score van: -482 > -492, WO_1 en WO_24 zijn hiervoor gewisseld.
[2023-10-09 12:32:59,313] *eet_gang_optimizer* Bij iteratie: 0, Nieuwe oplossing score van: -469 > -482, VW_23_V_Ils en WO_45_V_Kar zijn hiervoor gewisseld.
[2023-10-09 12:32:59,519] *kook_gang_optimizer* Bij iteratie: 4, Nieuwe oplossing score van: -468 > -469, VW_32 en WO_20 zijn hiervoor gewisseld.
[2023-10-09 12:32:59,616] *eet_gang_optimizer* Bij iteratie: 1, Nieuwe oplossing score van: -456 > -468, WO_53_M_Ola en WO_71_V_Mar zijn hiervoor gewisseld.
[2023-10-09 12:33:05,979] *kook_gang_optimizer* Bij iteratie: 167, Nieuwe oplossing score van: -455 > -456, VW_3 en WO_13 zijn hiervoor gewisseld.
[2023-10-09 12:33:06,441] *eet_gang_optimizer* Bij iteratie: 11, Nieuwe oplossing score van: -454 > -455, WO_61_V_Ger en WO_71_V_Mar zijn hiervoor gewisseld.
[2023-10-09 12:33:06,626] *eet_gang_optimizer* Bij iteratie: 3, Nieuwe oplossing score van: -438 > -454, NEW_1_V_Eug en VW_5_M_Car zijn hiervoor gewisseld.
[2023-10-09 12:33:07,078] *eet_gang_optimizer* Bij iteratie: 10, Nieuwe oplossing score van: -434 > -438, VW_18_V_Yol en VW_68_V_Mar zijn hiervoor gewisseld.
[2023-10-09 12:33:07,506] *eet_gang_optimizer* Bij iteratie: 10, Nieuwe oplossing score van: -429 > -434, WO_16_V_Lie en WO_67_V_Jea zijn hiervoor gewisseld.
[2023-10-09 12:33:09,870] *eet_gang_optimizer* Bij iteratie: 61, Nieuwe oplossing score van: -426 > -429, WO_13_M_Lau en WO_49_V_Van zijn hiervoor gewisseld.
[2023-10-09 12:33:15,409] *kook_gang_optimizer* Bij iteratie: 147, Nieuwe oplossing score van: -422 > -426, VW_5 en WO_26 zijn hiervoor gewisseld.
[2023-10-09 12:33:17,976] *kook_gang_optimizer* Bij iteratie: 66, Nieuwe oplossing score van: -421 > -422, VW_31 en WO_36 zijn hiervoor gewisseld.
[2023-10-09 12:33:18,764] *eet_gang_optimizer* Bij iteratie: 20, Nieuwe oplossing score van: -409 > -421, VW_32_M_Mic en WO_1_V_Bir zijn hiervoor gewisseld.
[2023-10-09 12:33:18,820] *eet_gang_optimizer* Bij iteratie: 0, Nieuwe oplossing score van: -406 > -409, VW_68_V_Mar en WO_52_M_Ton zijn hiervoor gewisseld.
[2023-10-09 12:33:19,213] *eet_gang_optimizer* Bij iteratie: 9, Nieuwe oplossing score van: -400 > -406, VW_15_M_Ger en VW_32_M_Mic zijn hiervoor gewisseld.
[2023-10-09 12:33:20,891] *eet_gang_optimizer* Bij iteratie: 42, Nieuwe oplossing score van: -399 > -400, WO_45_V_Kar en WO_77_V_Maa zijn hiervoor gewisseld.
[2023-10-09 12:33:21,405] *eet_gang_optimizer* Bij iteratie: 12, Nieuwe oplossing score van: -393 > -399, WO_38_V_Eek en WO_67_V_Jea zijn hiervoor gewisseld.
[2023-10-09 12:33:42,374] *kook_gang_optimizer* Bij iteratie: 550, Nieuwe oplossing score van: -386 > -393, WO_13 en WO_33 zijn hiervoor gewisseld.
[2023-10-09 12:33:43,860] *eet_gang_optimizer* Bij iteratie: 37, Nieuwe oplossing score van: -385 > -386, NEW_1_V_Eug en VW_68_M_Chr zijn hiervoor gewisseld.
