[2023-10-08 23:00:28,474] *eet_gang_optimizer* Bij iteratie: 1, Nieuwe oplossing score van: -1737 > -1744, WO_32a_V_Gem en WO_85_V_Fem zijn hiervoor gewisseld.
[2023-10-08 23:00:29,555] *kook_gang_optimizer* Bij iteratie: 0, Nieuwe oplossing score van: -1684 > -1737, VW_25 en WO_16 zijn hiervoor gewisseld.
[2023-10-08 23:00:29,676] *kook_gang_optimizer* Bij iteratie: 1, Nieuwe oplossing score van: -1673 > -1684, VW_32 en WO_77 zijn hiervoor gewisseld.
[2023-10-08 23:00:30,185] *eet_gang_optimizer* Bij iteratie: 8, Nieuwe oplossing score van: -1637 > -1673, VW_12_M_Pet en WO_40_V_Bir zijn hiervoor gewisseld.
[2023-10-08 23:00:31,498] *eet_gang_optimizer* Bij iteratie: 7, Nieuwe oplossing score van: -1619 > -1637, VW_43_M_Mar en WO_11_M_Bas zijn hiervoor gewisseld.
[2023-10-08 23:00:31,844] *eet_gang_optimizer* Bij iteratie: 6, Nieuwe oplossing score van: -1618 > -1619, WO_13_V_Sim en WO_32_M_Ber zijn hiervoor gewisseld.
[2023-10-08 23:00:32,561] *kook_gang_optimizer* Bij iteratie: 3, Nieuwe oplossing score van: -1608 > -1618, VW_12 en WO_50 zijn hiervoor gewisseld.
[2023-10-08 23:00:32,752] *kook_gang_optimizer* Bij iteratie: 2, Nieuwe oplossing score van: -1596 > -1608, VW_18 en VW_27 zijn hiervoor gewisseld.
[2023-10-08 23:00:33,467] *kook_gang_optimizer* Bij iteratie: 5, Nieuwe oplossing score van: -1560 > -1596, VW_3 en WO_77 zijn hiervoor gewisseld.
[2023-10-08 23:00:33,855] *eet_gang_optimizer* Bij iteratie: 8, Nieuwe oplossing score van: -1554 > -1560, WO_27_V_Mar en WO_57_V_May zijn hiervoor gewisseld.
[2023-10-08 23:00:34,127] *eet_gang_optimizer* Bij iteratie: 3, Nieuwe oplossing score van: -1536 > -1554, VW_72_M_Pie en WO_71_V_Mar zijn hiervoor gewisseld.
[2023-10-08 23:00:34,434] *eet_gang_optimizer* Bij iteratie: 2, Nieuwe oplossing score van: -1513 > -1536, VW_23_M_Lar en VW_5_V_Jud zijn hiervoor gewisseld.
[2023-10-08 23:00:34,716] *kook_gang_optimizer* Bij iteratie: 2, Nieuwe oplossing score van: -1487 > -1513, WO_40 en WO_49 zijn hiervoor gewisseld.
[2023-10-08 23:00:35,332] *kook_gang_optimizer* Bij iteratie: 4, Nieuwe oplossing score van: -1477 > -1487, VW_25 en WO_61 zijn hiervoor gewisseld.
[2023-10-08 23:00:35,767] *eet_gang_optimizer* Bij iteratie: 9, Nieuwe oplossing score van: -1442 > -1477, VW_15_M_Ger en WO_53_M_Ola zijn hiervoor gewisseld.
[2023-10-08 23:00:35,946] *kook_gang_optimizer* Bij iteratie: 3, Nieuwe oplossing score van: -1399 > -1442, VW_35 en VW_9 zijn hiervoor gewisseld.
[2023-10-08 23:00:37,208] *eet_gang_optimizer* Bij iteratie: 4, Nieuwe oplossing score van: -1394 > -1399, VW_31_V_Jan en WO_36_V_Ren zijn hiervoor gewisseld.
[2023-10-08 23:00:37,580] *eet_gang_optimizer* Bij iteratie: 0, Nieuwe oplossing score van: -1383 > -1394, WO_67_M_Rob en WO_9_M_Phi zijn hiervoor gewisseld.
[2023-10-08 23:00:37,915] *eet_gang_optimizer* Bij iteratie: 5, Nieuwe oplossing score van: -1379 > -1383, WO_36_M_Hui en WO_79_V_Wie zijn hiervoor gewisseld.
[2023-10-08 23:00:38,962] *eet_gang_optimizer* Bij iteratie: 22, Nieuwe oplossing score van: -1373 > -1379, VW_12_V_Sja en VW_43_M_Mar zijn hiervoor gewisseld.
[2023-10-08 23:00:39,173] *eet_gang_optimizer* Bij iteratie: 2, Nieuwe oplossing score van: -1313 > -1373, WO_38_V_Eek en WO_7_M_San zijn hiervoor gewisseld.
[2023-10-08 23:00:39,443] *eet_gang_optimizer* Bij iteratie: 3, Nieuwe oplossing score van: -1301 > -1313, VW_70_V_Cha en WO_38_V_Eek zijn hiervoor gewisseld.
[2023-10-08 23:00:40,035] *eet_gang_optimizer* Bij iteratie: 9, Nieuwe oplossing score van: -1276 > -1301, VW_5_M_Car en WO_67_V_Jea zijn hiervoor gewisseld.
[2023-10-08 23:00:40,497] *kook_gang_optimizer* Bij iteratie: 1, Nieuwe oplossing score van: -1275 > -1276, VW_13 en VW_33 zijn hiervoor gewisseld.
[2023-10-08 23:00:41,499] *eet_gang_optimizer* Bij iteratie: 10, Nieuwe oplossing score van: -1274 > -1275, VW_33_V_Het en WO_36_V_Ren zijn hiervoor gewisseld.
[2023-10-08 23:00:41,578] *eet_gang_optimizer* Bij iteratie: 0, Nieuwe oplossing score van: -1262 > -1274, NEW_3_V_Mel en WO_75_M_Jur zijn hiervoor gewisseld.
[2023-10-08 23:00:41,864] *eet_gang_optimizer* Bij iteratie: 5, Nieuwe oplossing score van: -1256 > -1262, WO_32_M_Ber en WO_32a_V_Gem zijn hiervoor gewisseld.
[2023-10-08 23:00:42,742] *kook_gang_optimizer* Bij iteratie: 2, Nieuwe oplossing score van: -1234 > -1256, WO_13 en WO_27 zijn hiervoor gewisseld.
[2023-10-08 23:00:43,228] *kook_gang_optimizer* Bij iteratie: 8, Nieuwe oplossing score van: -1224 > -1234, VW_5 en WO_53 zijn hiervoor gewisseld.
[2023-10-08 23:00:43,657] *eet_gang_optimizer* Bij iteratie: 8, Nieuwe oplossing score van: -1213 > -1224, VW_18_M_Mic en WO_69_V_Ant zijn hiervoor gewisseld.
[2023-10-08 23:00:44,005] *eet_gang_optimizer* Bij iteratie: 4, Nieuwe oplossing score van: -1202 > -1213, VW_33_V_Tru en WO_13_M_Lau zijn hiervoor gewisseld.
[2023-10-08 23:00:44,315] *eet_gang_optimizer* Bij iteratie: 6, Nieuwe oplossing score van: -1178 > -1202, VW_70_M_Bas en VW_9_M_Rob zijn hiervoor gewisseld.
[2023-10-08 23:00:45,051] *eet_gang_optimizer* Bij iteratie: 6, Nieuwe oplossing score van: -1166 > -1178, WO_26_M_Rod en WO_40_V_Mar zijn hiervoor gewisseld.
[2023-10-08 23:00:46,421] *eet_gang_optimizer* Bij iteratie: 31, Nieuwe oplossing score van: -1158 > -1166, WO_27_V_Mar en WO_49_M_Joo zijn hiervoor gewisseld.
[2023-10-08 23:00:47,106] *kook_gang_optimizer* Bij iteratie: 2, Nieuwe oplossing score van: -1140 > -1158, VW_32 en WO_52 zijn hiervoor gewisseld.
[2023-10-08 23:00:47,848] *eet_gang_optimizer* Bij iteratie: 3, Nieuwe oplossing score van: -1135 > -1140, WO_16_V_Lie en WO_9_M_Phi zijn hiervoor gewisseld.
[2023-10-08 23:00:47,923] *kook_gang_optimizer* Bij iteratie: 0, Nieuwe oplossing score van: -1122 > -1135, VW_32 en WO_45 zijn hiervoor gewisseld.
[2023-10-08 23:00:48,239] *kook_gang_optimizer* Bij iteratie: 6, Nieuwe oplossing score van: -1094 > -1122, VW_23 en VW_8 zijn hiervoor gewisseld.
[2023-10-08 23:00:48,298] *eet_gang_optimizer* Bij iteratie: 0, Nieuwe oplossing score van: -1082 > -1094, VW_13_V_Con en WO_40_V_Mar zijn hiervoor gewisseld.
[2023-10-08 23:00:48,720] *kook_gang_optimizer* Bij iteratie: 9, Nieuwe oplossing score van: -1074 > -1082, VW_12 en VW_9 zijn hiervoor gewisseld.
[2023-10-08 23:00:50,136] *kook_gang_optimizer* Bij iteratie: 17, Nieuwe oplossing score van: -1062 > -1074, WO_36 en WO_45 zijn hiervoor gewisseld.
[2023-10-08 23:00:50,257] *eet_gang_optimizer* Bij iteratie: 1, Nieuwe oplossing score van: -1044 > -1062, VW_35_V_Ros en VW_43_V_Sjo zijn hiervoor gewisseld.
[2023-10-08 23:00:50,737] *kook_gang_optimizer* Bij iteratie: 0, Nieuwe oplossing score van: -1043 > -1044, VW_9 en WO_71 zijn hiervoor gewisseld.
[2023-10-08 23:00:51,496] *kook_gang_optimizer* Bij iteratie: 11, Nieuwe oplossing score van: -1037 > -1043, WO_36 en WO_53 zijn hiervoor gewisseld.
[2023-10-08 23:00:52,163] *eet_gang_optimizer* Bij iteratie: 9, Nieuwe oplossing score van: -1025 > -1037, WO_32_V_Ing en WO_50_V_Nic zijn hiervoor gewisseld.
[2023-10-08 23:00:53,291] *kook_gang_optimizer* Bij iteratie: 15, Nieuwe oplossing score van: -1008 > -1025, WO_21 en WO_49 zijn hiervoor gewisseld.
[2023-10-08 23:00:53,780] *kook_gang_optimizer* Bij iteratie: 3, Nieuwe oplossing score van: -980 > -1008, WO_23 en WO_61 zijn hiervoor gewisseld.
[2023-10-08 23:00:54,183] *eet_gang_optimizer* Bij iteratie: 1, Nieuwe oplossing score van: -961 > -980, VW_5_M_Car en VW_6_V_Len zijn hiervoor gewisseld.
[2023-10-08 23:00:54,864] *eet_gang_optimizer* Bij iteratie: 5, Nieuwe oplossing score van: -955 > -961, VW_6_V_Len en WO_51_M_Jan zijn hiervoor gewisseld.
[2023-10-08 23:00:55,647] *eet_gang_optimizer* Bij iteratie: 15, Nieuwe oplossing score van: -949 > -955, WO_50_V_Nic en WO_71_M_Kar zijn hiervoor gewisseld.
[2023-10-08 23:00:56,693] *kook_gang_optimizer* Bij iteratie: 10, Nieuwe oplossing score van: -947 > -949, WO_55 en WO_87 zijn hiervoor gewisseld.
[2023-10-08 23:00:57,031] *eet_gang_optimizer* Bij iteratie: 1, Nieuwe oplossing score van: -935 > -947, WO_21_V_Pau en WO_87_V_Mad zijn hiervoor gewisseld.
[2023-10-08 23:00:58,120] *kook_gang_optimizer* Bij iteratie: 25, Nieuwe oplossing score van: -928 > -935, VW_25 en VW_39 zijn hiervoor gewisseld.
[2023-10-08 23:00:58,674] *kook_gang_optimizer* Bij iteratie: 12, Nieuwe oplossing score van: -924 > -928, VW_31 en VW_5 zijn hiervoor gewisseld.
[2023-10-08 23:00:58,894] *kook_gang_optimizer* Bij iteratie: 4, Nieuwe oplossing score van: -904 > -924, VW_32 en VW_9 zijn hiervoor gewisseld.
[2023-10-08 23:00:59,771] *eet_gang_optimizer* Bij iteratie: 13, Nieuwe oplossing score van: -903 > -904, NEW_1_M_Erw en WO_27_M_Dan zijn hiervoor gewisseld.
[2023-10-08 23:01:00,256] *eet_gang_optimizer* Bij iteratie: 3, Nieuwe oplossing score van: -901 > -903, VW_25_V_Ano en WO_20_M_Aad zijn hiervoor gewisseld.
[2023-10-08 23:01:00,384] *eet_gang_optimizer* Bij iteratie: 1, Nieuwe oplossing score van: -895 > -901, VW_72_M_Pie en WO_81_M_Jan zijn hiervoor gewisseld.
[2023-10-08 23:01:00,735] *kook_gang_optimizer* Bij iteratie: 0, Nieuwe oplossing score van: -883 > -895, WO_16 en WO_55 zijn hiervoor gewisseld.
[2023-10-08 23:01:01,278] *eet_gang_optimizer* Bij iteratie: 6, Nieuwe oplossing score van: -875 > -883, VW_23_M_Lar en WO_52_V_Eli zijn hiervoor gewisseld.
[2023-10-08 23:01:01,863] *eet_gang_optimizer* Bij iteratie: 0, Nieuwe oplossing score van: -864 > -875, WO_26_M_Rod en WO_50_M_Fli zijn hiervoor gewisseld.
[2023-10-08 23:01:02,123] *eet_gang_optimizer* Bij iteratie: 2, Nieuwe oplossing score van: -860 > -864, VW_51_V_Eli en WO_13_M_Lau zijn hiervoor gewisseld.
[2023-10-08 23:01:02,319] *eet_gang_optimizer* Bij iteratie: 3, Nieuwe oplossing score van: -859 > -860, WO_1_M_And en WO_67_M_Rob zijn hiervoor gewisseld.
[2023-10-08 23:01:02,617] *eet_gang_optimizer* Bij iteratie: 6, Nieuwe oplossing score van: -858 > -859, NEW_3_M_Rob en WO_38_M_Jaa zijn hiervoor gewisseld.
[2023-10-08 23:01:02,932] *eet_gang_optimizer* Bij iteratie: 6, Nieuwe oplossing score van: -852 > -858, VW_33_V_Tru en VW_9_V_Rie zijn hiervoor gewisseld.
[2023-10-08 23:01:03,204] *kook_gang_optimizer* Bij iteratie: 4, Nieuwe oplossing score van: -831 > -852, VW_32 en WO_1 zijn hiervoor gewisseld.
[2023-10-08 23:01:04,685] *eet_gang_optimizer* Bij iteratie: 2, Nieuwe oplossing score van: -819 > -831, VW_70_V_Cha en WO_9_V_Ell zijn hiervoor gewisseld.
[2023-10-08 23:01:05,296] *eet_gang_optimizer* Bij iteratie: 0, Nieuwe oplossing score van: -800 > -819, VW_12_V_Sja en VW_32_V_Wen zijn hiervoor gewisseld.
[2023-10-08 23:01:05,797] *kook_gang_optimizer* Bij iteratie: 11, Nieuwe oplossing score van: -794 > -800, VW_13 en WO_16 zijn hiervoor gewisseld.
[2023-10-08 23:01:06,073] *eet_gang_optimizer* Bij iteratie: 3, Nieuwe oplossing score van: -776 > -794, VW_39_M_Bar en WO_75_M_Jur zijn hiervoor gewisseld.
[2023-10-08 23:01:06,524] *eet_gang_optimizer* Bij iteratie: 1, Nieuwe oplossing score van: -775 > -776, VW_57_V_Ann en WO_27_M_Dan zijn hiervoor gewisseld.
[2023-10-08 23:01:06,963] *kook_gang_optimizer* Bij iteratie: 10, Nieuwe oplossing score van: -759 > -775, WO_20 en WO_49 zijn hiervoor gewisseld.
[2023-10-08 23:01:08,356] *eet_gang_optimizer* Bij iteratie: 6, Nieuwe oplossing score van: -741 > -759, WO_23_V_Mon en WO_24_M_Ray zijn hiervoor gewisseld.
[2023-10-08 23:01:09,022] *kook_gang_optimizer* Bij iteratie: 15, Nieuwe oplossing score van: -734 > -741, VW_3 en VW_46 zijn hiervoor gewisseld.
[2023-10-08 23:01:09,496] *kook_gang_optimizer* Bij iteratie: 2, Nieuwe oplossing score van: -728 > -734, VW_12 en WO_53 zijn hiervoor gewisseld.
[2023-10-08 23:01:09,564] *eet_gang_optimizer* Bij iteratie: 0, Nieuwe oplossing score van: -722 > -728, VW_12_V_Sja en WO_38_V_Eek zijn hiervoor gewisseld.
[2023-10-08 23:01:10,313] *eet_gang_optimizer* Bij iteratie: 17, Nieuwe oplossing score van: -720 > -722, VW_70_V_Cha en WO_38_M_Jaa zijn hiervoor gewisseld.
[2023-10-08 23:01:10,978] *eet_gang_optimizer* Bij iteratie: 7, Nieuwe oplossing score van: -714 > -720, WO_75_M_Jur en WO_9_V_Ell zijn hiervoor gewisseld.
[2023-10-08 23:01:11,929] *kook_gang_optimizer* Bij iteratie: 21, Nieuwe oplossing score van: -704 > -714, VW_51 en WO_21 zijn hiervoor gewisseld.
[2023-10-08 23:01:14,175] *eet_gang_optimizer* Bij iteratie: 59, Nieuwe oplossing score van: -697 > -704, VW_46_V_Bre en WO_36_M_Hui zijn hiervoor gewisseld.
[2023-10-08 23:01:16,283] *kook_gang_optimizer* Bij iteratie: 49, Nieuwe oplossing score van: -680 > -697, VW_39 en WO_50 zijn hiervoor gewisseld.
[2023-10-08 23:01:17,203] *eet_gang_optimizer* Bij iteratie: 7, Nieuwe oplossing score van: -673 > -680, WO_32a_V_Gem en WO_67_M_Rob zijn hiervoor gewisseld.
[2023-10-08 23:01:18,741] *eet_gang_optimizer* Bij iteratie: 40, Nieuwe oplossing score van: -667 > -673, VW_20_V_Ber en WO_16_V_Lie zijn hiervoor gewisseld.
[2023-10-08 23:01:19,470] *kook_gang_optimizer* Bij iteratie: 15, Nieuwe oplossing score van: -661 > -667, VW_27 en WO_71 zijn hiervoor gewisseld.
[2023-10-08 23:01:20,707] *kook_gang_optimizer* Bij iteratie: 24, Nieuwe oplossing score van: -656 > -661, VW_13 en VW_8 zijn hiervoor gewisseld.
[2023-10-08 23:01:21,578] *eet_gang_optimizer* Bij iteratie: 16, Nieuwe oplossing score van: -651 > -656, WO_13_V_Sim en WO_85_V_Fem zijn hiervoor gewisseld.
[2023-10-08 23:01:24,035] *kook_gang_optimizer* Bij iteratie: 62, Nieuwe oplossing score van: -641 > -651, VW_62 en WO_16 zijn hiervoor gewisseld.
[2023-10-08 23:01:27,579] *kook_gang_optimizer* Bij iteratie: 89, Nieuwe oplossing score van: -629 > -641, VW_43 en VW_70 zijn hiervoor gewisseld.
[2023-10-08 23:01:28,934] *eet_gang_optimizer* Bij iteratie: 2, Nieuwe oplossing score van: -616 > -629, VW_13_V_Con en WO_21_V_Pau zijn hiervoor gewisseld.
[2023-10-08 23:01:31,184] *eet_gang_optimizer* Bij iteratie: 56, Nieuwe oplossing score van: -602 > -616, WO_36_V_Ren en WO_45_V_Kar zijn hiervoor gewisseld.
[2023-10-08 23:01:32,813] *kook_gang_optimizer* Bij iteratie: 16, Nieuwe oplossing score van: -601 > -602, VW_51 en VW_70 zijn hiervoor gewisseld.
[2023-10-08 23:01:34,771] *kook_gang_optimizer* Bij iteratie: 45, Nieuwe oplossing score van: -597 > -601, VW_27 en VW_31 zijn hiervoor gewisseld.
[2023-10-08 23:01:36,415] *kook_gang_optimizer* Bij iteratie: 28, Nieuwe oplossing score van: -596 > -597, WO_36 en WO_38 zijn hiervoor gewisseld.
[2023-10-08 23:01:39,802] *kook_gang_optimizer* Bij iteratie: 83, Nieuwe oplossing score van: -553 > -596, VW_20 en WO_7 zijn hiervoor gewisseld.
[2023-10-08 23:01:42,867] *kook_gang_optimizer* Bij iteratie: 77, Nieuwe oplossing score van: -548 > -553, WO_13 en WO_24 zijn hiervoor gewisseld.
[2023-10-08 23:01:44,958] *kook_gang_optimizer* Bij iteratie: 8, Nieuwe oplossing score van: -542 > -548, WO_26 en WO_71 zijn hiervoor gewisseld.
[2023-10-08 23:01:45,175] *eet_gang_optimizer* Bij iteratie: 4, Nieuwe oplossing score van: -535 > -542, VW_57_V_Ann en WO_85_M_Wil zijn hiervoor gewisseld.
[2023-10-08 23:01:47,605] *eet_gang_optimizer* Bij iteratie: 61, Nieuwe oplossing score van: -529 > -535, VW_6_V_Len en VW_8_V_Let zijn hiervoor gewisseld.
[2023-10-08 23:01:51,016] *kook_gang_optimizer* Bij iteratie: 86, Nieuwe oplossing score van: -528 > -529, VW_21 en WO_20 zijn hiervoor gewisseld.
[2023-10-08 23:01:51,477] *eet_gang_optimizer* Bij iteratie: 10, Nieuwe oplossing score van: -522 > -528, VW_13_M_Mar en VW_31_V_Jan zijn hiervoor gewisseld.
[2023-10-08 23:01:52,084] *kook_gang_optimizer* Bij iteratie: 14, Nieuwe oplossing score van: -511 > -522, VW_25 en VW_3 zijn hiervoor gewisseld.
[2023-10-08 23:01:52,405] *eet_gang_optimizer* Bij iteratie: 7, Nieuwe oplossing score van: -510 > -511, VW_21_V_Ale en WO_40_V_Mar zijn hiervoor gewisseld.
[2023-10-08 23:01:52,800] *eet_gang_optimizer* Bij iteratie: 9, Nieuwe oplossing score van: -505 > -510, WO_13_M_Lau en WO_67_V_Jea zijn hiervoor gewisseld.
[2023-10-08 23:01:53,778] *eet_gang_optimizer* Bij iteratie: 24, Nieuwe oplossing score van: -499 > -505, WO_75_M_Jur en WO_81_V_Jan zijn hiervoor gewisseld.
[2023-10-08 23:01:54,883] *eet_gang_optimizer* Bij iteratie: 2, Nieuwe oplossing score van: -495 > -499, NEW_1_V_Eug en WO_16_V_Lie zijn hiervoor gewisseld.
[2023-10-08 23:01:56,212] *eet_gang_optimizer* Bij iteratie: 2, Nieuwe oplossing score van: -493 > -495, WO_16_V_Lie en WO_71_M_Kar zijn hiervoor gewisseld.
[2023-10-08 23:01:57,470] *eet_gang_optimizer* Bij iteratie: 24, Nieuwe oplossing score van: -481 > -493, VW_62_V_Ale en WO_32a_V_Gem zijn hiervoor gewisseld.
[2023-10-08 23:01:59,319] *kook_gang_optimizer* Bij iteratie: 46, Nieuwe oplossing score van: -477 > -481, WO_38 en WO_53 zijn hiervoor gewisseld.
[2023-10-08 23:02:00,413] *kook_gang_optimizer* Bij iteratie: 15, Nieuwe oplossing score van: -475 > -477, VW_27 en WO_7 zijn hiervoor gewisseld.
[2023-10-08 23:02:00,985] *eet_gang_optimizer* Bij iteratie: 14, Nieuwe oplossing score van: -473 > -475, VW_18_M_Mic en WO_24_M_Ray zijn hiervoor gewisseld.
[2023-10-08 23:02:02,099] *kook_gang_optimizer* Bij iteratie: 6, Nieuwe oplossing score van: -469 > -473, VW_15 en WO_49 zijn hiervoor gewisseld.
[2023-10-08 23:02:03,885] *kook_gang_optimizer* Bij iteratie: 40, Nieuwe oplossing score van: -467 > -469, VW_5 en WO_32 zijn hiervoor gewisseld.
[2023-10-08 23:02:05,290] *kook_gang_optimizer* Bij iteratie: 22, Nieuwe oplossing score van: -466 > -467, WO_13 en WO_24 zijn hiervoor gewisseld.
[2023-10-08 23:02:05,573] *eet_gang_optimizer* Bij iteratie: 6, Nieuwe oplossing score van: -460 > -466, VW_43_V_Sjo en WO_9_V_Ell zijn hiervoor gewisseld.
[2023-10-08 23:02:08,634] *kook_gang_optimizer* Bij iteratie: 76, Nieuwe oplossing score van: -459 > -460, VW_3 en WO_21 zijn hiervoor gewisseld.
[2023-10-08 23:02:09,015] *eet_gang_optimizer* Bij iteratie: 1, Nieuwe oplossing score van: -458 > -459, VW_25_M_Joo en WO_40_V_Bir zijn hiervoor gewisseld.
[2023-10-08 23:02:12,528] *eet_gang_optimizer* Bij iteratie: 83, Nieuwe oplossing score van: -452 > -458, VW_6_V_Len en WO_85_M_Wil zijn hiervoor gewisseld.
[2023-10-08 23:02:16,264] *eet_gang_optimizer* Bij iteratie: 89, Nieuwe oplossing score van: -428 > -452, VW_27_M_Luc en VW_9_M_Rob zijn hiervoor gewisseld.
[2023-10-08 23:02:16,527] *eet_gang_optimizer* Bij iteratie: 4, Nieuwe oplossing score van: -411 > -428, VW_51_M_Coe en WO_81_V_Jan zijn hiervoor gewisseld.
[2023-10-08 23:02:17,901] *eet_gang_optimizer* Bij iteratie: 35, Nieuwe oplossing score van: -406 > -411, VW_51_V_Eli en WO_33_V_Lou zijn hiervoor gewisseld.
[2023-10-08 23:02:20,504] *kook_gang_optimizer* Bij iteratie: 53, Nieuwe oplossing score van: -400 > -406, VW_72 en WO_7 zijn hiervoor gewisseld.
[2023-10-08 23:02:22,931] *kook_gang_optimizer* Bij iteratie: 47, Nieuwe oplossing score van: -393 > -400, VW_18 en WO_1 zijn hiervoor gewisseld.
[2023-10-08 23:02:25,980] *kook_gang_optimizer* Bij iteratie: 77, Nieuwe oplossing score van: -385 > -393, VW_5 en WO_1 zijn hiervoor gewisseld.
[2023-10-08 23:02:33,781] *kook_gang_optimizer* Bij iteratie: 200, Nieuwe oplossing score van: -383 > -385, VW_23 en VW_70 zijn hiervoor gewisseld.
[2023-10-08 23:02:36,123] *eet_gang_optimizer* Bij iteratie: 58, Nieuwe oplossing score van: -376 > -383, VW_20_V_Ber en VW_5_V_Jud zijn hiervoor gewisseld.
[2023-10-08 23:02:36,348] *eet_gang_optimizer* Bij iteratie: 4, Nieuwe oplossing score van: -374 > -376, VW_23_M_Lar en VW_51_M_Coe zijn hiervoor gewisseld.
[2023-10-08 23:02:38,095] *eet_gang_optimizer* Bij iteratie: 41, Nieuwe oplossing score van: -369 > -374, WO_32_M_Ber en WO_9_V_Ell zijn hiervoor gewisseld.
[2023-10-08 23:02:43,809] *kook_gang_optimizer* Bij iteratie: 142, Nieuwe oplossing score van: -367 > -369, VW_13 en VW_35 zijn hiervoor gewisseld.
[2023-10-08 23:02:47,603] *eet_gang_optimizer* Bij iteratie: 68, Nieuwe oplossing score van: -366 > -367, VW_6_V_Len en WO_32_M_Ber zijn hiervoor gewisseld.
[2023-10-08 23:02:49,336] *kook_gang_optimizer* Bij iteratie: 43, Nieuwe oplossing score van: -363 > -366, VW_3 en WO_24 zijn hiervoor gewisseld.
[2023-10-08 23:02:50,336] *eet_gang_optimizer* Bij iteratie: 9, Nieuwe oplossing score van: -357 > -363, VW_15_V_Aim en VW_43_M_Mar zijn hiervoor gewisseld.
[2023-10-08 23:02:53,011] *kook_gang_optimizer* Bij iteratie: 65, Nieuwe oplossing score van: -353 > -357, VW_39 en WO_38 zijn hiervoor gewisseld.
[2023-10-08 23:02:57,121] *eet_gang_optimizer* Bij iteratie: 106, Nieuwe oplossing score van: -346 > -353, WO_40_V_Mar en WO_69_M_Han zijn hiervoor gewisseld.
[2023-10-08 23:03:01,528] *kook_gang_optimizer* Bij iteratie: 102, Nieuwe oplossing score van: -340 > -346, VW_35 en WO_13 zijn hiervoor gewisseld.
[2023-10-08 23:03:04,300] *kook_gang_optimizer* Bij iteratie: 58, Nieuwe oplossing score van: -338 > -340, WO_7 en WO_87 zijn hiervoor gewisseld.
[2023-10-08 23:03:04,952] *kook_gang_optimizer* Bij iteratie: 0, Nieuwe oplossing score van: -333 > -338, VW_39 en WO_23 zijn hiervoor gewisseld.
[2023-10-08 23:03:11,434] *kook_gang_optimizer* Bij iteratie: 166, Nieuwe oplossing score van: -332 > -333, VW_31 en WO_40 zijn hiervoor gewisseld.
[2023-10-08 23:03:16,702] *kook_gang_optimizer* Bij iteratie: 137, Nieuwe oplossing score van: -331 > -332, VW_15 en WO_55 zijn hiervoor gewisseld.
[2023-10-08 23:03:31,578] *kook_gang_optimizer* Bij iteratie: 361, Nieuwe oplossing score van: -325 > -331, VW_62 en WO_81 zijn hiervoor gewisseld.
[2023-10-08 23:03:38,292] *eet_gang_optimizer* Bij iteratie: 177, Nieuwe oplossing score van: -324 > -325, VW_3_M_Huu en WO_24_V_Jea zijn hiervoor gewisseld.
[2023-10-08 23:03:41,333] *kook_gang_optimizer* Bij iteratie: 76, Nieuwe oplossing score van: -317 > -324, WO_20 en WO_45 zijn hiervoor gewisseld.
[2023-10-08 23:03:51,208] *kook_gang_optimizer* Bij iteratie: 237, Nieuwe oplossing score van: -314 > -317, VW_21 en WO_38 zijn hiervoor gewisseld.
[2023-10-08 23:03:56,449] *kook_gang_optimizer* Bij iteratie: 124, Nieuwe oplossing score van: -311 > -314, VW_21 en WO_13 zijn hiervoor gewisseld.
[2023-10-08 23:03:58,322] *kook_gang_optimizer* Bij iteratie: 48, Nieuwe oplossing score van: -301 > -311, VW_13 en VW_21 zijn hiervoor gewisseld.
[2023-10-08 23:04:08,349] *kook_gang_optimizer* Bij iteratie: 231, Nieuwe oplossing score van: -290 > -301, VW_27 en VW_9 zijn hiervoor gewisseld.
[2023-10-08 23:04:09,353] *eet_gang_optimizer* Bij iteratie: 25, Nieuwe oplossing score van: -282 > -290, NEW_3_M_Rob en WO_51_V_Dia zijn hiervoor gewisseld.
[2023-10-08 23:04:10,562] *kook_gang_optimizer* Bij iteratie: 31, Nieuwe oplossing score van: -281 > -282, VW_13 en VW_70 zijn hiervoor gewisseld.
[2023-10-08 23:04:19,137] *eet_gang_optimizer* Bij iteratie: 230, Nieuwe oplossing score van: -279 > -281, WO_1_M_And en WO_53_V_Pat zijn hiervoor gewisseld.
[2023-10-08 23:04:19,787] *eet_gang_optimizer* Bij iteratie: 16, Nieuwe oplossing score van: -275 > -279, WO_21_V_Pau en WO_41_M_Wim zijn hiervoor gewisseld.
[2023-10-08 23:04:24,390] *kook_gang_optimizer* Bij iteratie: 122, Nieuwe oplossing score van: -272 > -275, VW_33 en WO_36 zijn hiervoor gewisseld.
[2023-10-08 23:04:36,599] *eet_gang_optimizer* Bij iteratie: 321, Nieuwe oplossing score van: -271 > -272, VW_12_M_Pet en WO_79_M_Rob zijn hiervoor gewisseld.
[2023-10-08 23:04:39,388] *eet_gang_optimizer* Bij iteratie: 71, Nieuwe oplossing score van: -270 > -271, VW_70_V_Cha en WO_16_M_Fre zijn hiervoor gewisseld.
[2023-10-08 23:04:44,317] *eet_gang_optimizer* Bij iteratie: 128, Nieuwe oplossing score van: -269 > -270, VW_3_V_Cla en VW_51_V_Eli zijn hiervoor gewisseld.
[2023-10-08 23:04:49,872] *eet_gang_optimizer* Bij iteratie: 148, Nieuwe oplossing score van: -268 > -269, VW_9_V_Rie en WO_27_V_Mar zijn hiervoor gewisseld.
[2023-10-08 23:04:58,220] *kook_gang_optimizer* Bij iteratie: 218, Nieuwe oplossing score van: -267 > -268, VW_25 en VW_3 zijn hiervoor gewisseld.
[2023-10-08 23:05:01,044] *kook_gang_optimizer* Bij iteratie: 72, Nieuwe oplossing score van: -265 > -267, VW_33 en VW_39 zijn hiervoor gewisseld.
[2023-10-08 23:05:03,205] *eet_gang_optimizer* Bij iteratie: 56, Nieuwe oplossing score van: -264 > -265, VW_21_V_Ale en WO_57_V_May zijn hiervoor gewisseld.
[2023-10-08 23:05:11,511] *eet_gang_optimizer* Bij iteratie: 220, Nieuwe oplossing score van: -258 > -264, WO_21_V_Pau en WO_36_M_Hui zijn hiervoor gewisseld.
[2023-10-08 23:05:19,951] *eet_gang_optimizer* Bij iteratie: 227, Nieuwe oplossing score van: -257 > -258, VW_12_M_Pet en VW_57_M_Lou zijn hiervoor gewisseld.
[2023-10-08 23:05:20,484] *eet_gang_optimizer* Bij iteratie: 13, Nieuwe oplossing score van: -256 > -257, VW_21_V_Ale en WO_27_V_Mar zijn hiervoor gewisseld.
[2023-10-08 23:05:48,419] *kook_gang_optimizer* Bij iteratie: 750, Nieuwe oplossing score van: -255 > -256, WO_21 en WO_40 zijn hiervoor gewisseld.
[2023-10-08 23:05:49,494] *eet_gang_optimizer* Bij iteratie: 27, Nieuwe oplossing score van: -254 > -255, VW_25_M_Joo en WO_16_V_Lie zijn hiervoor gewisseld.
[2023-10-08 23:06:05,192] *eet_gang_optimizer* Bij iteratie: 403, Nieuwe oplossing score van: -248 > -254, VW_3_V_Cla en WO_81_M_Jan zijn hiervoor gewisseld.
[2023-10-08 23:06:10,158] *kook_gang_optimizer* Bij iteratie: 128, Nieuwe oplossing score van: -247 > -248, VW_18 en VW_5 zijn hiervoor gewisseld.
[2023-10-08 23:06:44,912] *kook_gang_optimizer* Bij iteratie: 934, Nieuwe oplossing score van: -246 > -247, VW_46 en VW_5 zijn hiervoor gewisseld.
[2023-10-08 23:07:14,009] *eet_gang_optimizer* Bij iteratie: 771, Nieuwe oplossing score van: -245 > -246, WO_53_M_Ola en WO_77_V_Maa zijn hiervoor gewisseld.
[2023-10-08 23:08:22,451] *kook_gang_optimizer* Timeout: 600000s trying eet_gang_optimizer
[2023-10-08 23:08:42,147] *eet_gang_optimizer* Bij iteratie: 469, Nieuwe oplossing score van: -244 > -245, VW_20_M_Wil en WO_77_M_Twa zijn hiervoor gewisseld.
[2023-10-08 23:08:43,864] *eet_gang_optimizer* Bij iteratie: 39, Nieuwe oplossing score van: -241 > -244, VW_8_M_Fra en WO_55_V_Han zijn hiervoor gewisseld.
[2023-10-08 23:09:52,173] *kook_gang_optimizer* Timeout: 600000s trying eet_gang_optimizer
[2023-10-08 23:10:00,409] *eet_gang_optimizer* Bij iteratie: 216, Nieuwe oplossing score van: -240 > -241, WO_1_M_And en WO_36_M_Hui zijn hiervoor gewisseld.
[2023-10-08 23:10:05,330] *eet_gang_optimizer* Bij iteratie: 130, Nieuwe oplossing score van: -239 > -240, VW_21_M_Koo en VW_62_M_Rob zijn hiervoor gewisseld.
[2023-10-08 23:11:09,771] *kook_gang_optimizer* Timeout: 600000s trying eet_gang_optimizer
[2023-10-08 23:11:15,407] *eet_gang_optimizer* Bij iteratie: 148, Nieuwe oplossing score van: -238 > -239, VW_18_M_Mic en WO_69_V_Ant zijn hiervoor gewisseld.
[2023-10-08 23:11:18,529] *eet_gang_optimizer* Bij iteratie: 82, Nieuwe oplossing score van: -237 > -238, VW_32_M_Mic en WO_11_M_Bas zijn hiervoor gewisseld.
[2023-10-08 23:11:44,596] *kook_gang_optimizer* Bij iteratie: 693, Nieuwe oplossing score van: -236 > -237, VW_25 en VW_43 zijn hiervoor gewisseld.
[2023-10-08 23:12:16,990] *eet_gang_optimizer* Bij iteratie: 859, Nieuwe oplossing score van: -235 > -236, VW_57_M_Lou en WO_49_M_Joo zijn hiervoor gewisseld.
[2023-10-08 23:12:24,467] *eet_gang_optimizer* Bij iteratie: 196, Nieuwe oplossing score van: -234 > -235, WO_27_M_Dan en WO_69_V_Ant zijn hiervoor gewisseld.
[2023-10-08 23:13:28,627] *kook_gang_optimizer* Timeout: 600000s trying eet_gang_optimizer
[2023-10-08 23:13:34,296] *eet_gang_optimizer* Bij iteratie: 150, Nieuwe oplossing score van: -233 > -234, WO_41_M_Wim en WO_7_V_Mon zijn hiervoor gewisseld.
[2023-10-08 23:14:38,817] *kook_gang_optimizer* Timeout: 600000s trying eet_gang_optimizer
[2023-10-08 23:15:00,212] *eet_gang_optimizer* Bij iteratie: 565, Nieuwe oplossing score van: -232 > -233, VW_31_M_Pau en WO_32a_M_Too zijn hiervoor gewisseld.
[2023-10-08 23:15:18,102] *eet_gang_optimizer* Bij iteratie: 476, Nieuwe oplossing score van: -231 > -232, VW_5_V_Jud en WO_24_V_Jea zijn hiervoor gewisseld.
[2023-10-08 23:15:38,944] *eet_gang_optimizer* Bij iteratie: 551, Nieuwe oplossing score van: -230 > -231, VW_70_M_Bas en WO_1_V_Bir zijn hiervoor gewisseld.
[2023-10-08 23:16:43,237] *kook_gang_optimizer* Timeout: 600000s trying eet_gang_optimizer
[2023-10-08 23:16:47,759] *eet_gang_optimizer* Bij iteratie: 120, Nieuwe oplossing score van: -226 > -230, VW_15_V_Aim en WO_36_M_Hui zijn hiervoor gewisseld.
[2023-10-08 23:17:35,032] *eet_gang_optimizer* Bij iteratie: 1256, Nieuwe oplossing score van: -225 > -226, VW_5_V_Jud en VW_6_V_Len zijn hiervoor gewisseld.
[2023-10-08 23:18:42,290] *kook_gang_optimizer* Timeout: 600000s trying eet_gang_optimizer
[2023-10-08 23:19:39,236] *eet_gang_optimizer* Bij iteratie: 1461, Nieuwe oplossing score van: -219 > -225, WO_24_M_Ray en WO_9_V_Ell zijn hiervoor gewisseld.
[2023-10-08 23:20:08,152] *eet_gang_optimizer* Bij iteratie: 753, Nieuwe oplossing score van: -218 > -219, WO_36_M_Hui en WO_55_V_Han zijn hiervoor gewisseld.
[2023-10-08 23:21:12,806] *kook_gang_optimizer* Timeout: 600000s trying eet_gang_optimizer
[2023-10-08 23:23:03,525] *eet_gang_optimizer* Bij iteratie: 2926, Nieuwe oplossing score van: -217 > -218, VW_21_M_Koo en WO_67_V_Jea zijn hiervoor gewisseld.
[2023-10-08 23:24:08,585] *kook_gang_optimizer* Timeout: 600000s trying eet_gang_optimizer
[2023-10-08 23:24:22,808] *eet_gang_optimizer* Bij iteratie: 370, Nieuwe oplossing score van: -216 > -217, VW_33_V_Het en WO_36_V_Ren zijn hiervoor gewisseld.
[2023-10-08 23:25:28,743] *kook_gang_optimizer* Timeout: 600000s trying eet_gang_optimizer
[2023-10-08 23:25:48,267] *eet_gang_optimizer* Bij iteratie: 514, Nieuwe oplossing score van: -215 > -216, VW_62_V_Ale en VW_68_M_Chr zijn hiervoor gewisseld.
[2023-10-08 23:26:03,825] *eet_gang_optimizer* Bij iteratie: 411, Nieuwe oplossing score van: -214 > -215, VW_8_M_Fra en WO_49_M_Joo zijn hiervoor gewisseld.
[2023-10-08 23:27:12,563] *kook_gang_optimizer* Timeout: 600000s trying eet_gang_optimizer
[2023-10-08 23:27:21,751] *eet_gang_optimizer* Bij iteratie: 233, Nieuwe oplossing score van: -213 > -214, VW_39_M_Bar en WO_32a_M_Too zijn hiervoor gewisseld.
[2023-10-08 23:28:28,025] *kook_gang_optimizer* Timeout: 600000s trying eet_gang_optimizer
[2023-10-08 23:32:03,923] *eet_gang_optimizer* Bij iteratie: 5692, Nieuwe oplossing score van: -212 > -213, VW_6_V_Len en VW_8_V_Let zijn hiervoor gewisseld.
[2023-10-08 23:33:09,091] *kook_gang_optimizer* Timeout: 600000s trying eet_gang_optimizer
[2023-10-08 23:48:46,329] *eet_gang_optimize* Timeout: 600000s Optimizer stopping ...
[2023-10-08 23:48:46,826] *eet_gang_optimizer* Bij iteratie: 1, Nieuwe oplossing score van: -1726 > -1744, VW_43_M_Mar en WO_11_M_Bas zijn hiervoor gewisseld.
[2023-10-08 23:48:46,919] *eet_gang_optimizer* Bij iteratie: 1, Nieuwe oplossing score van: -1724 > -1726, VW_39_M_Bar en VW_43_V_Sjo zijn hiervoor gewisseld.
[2023-10-08 23:48:47,187] *eet_gang_optimizer* Bij iteratie: 5, Nieuwe oplossing score van: -1722 > -1724, WO_23_V_Mon en WO_61_M_Ren zijn hiervoor gewisseld.
[2023-10-08 23:48:47,313] *eet_gang_optimizer* Bij iteratie: 2, Nieuwe oplossing score van: -1715 > -1722, VW_20_V_Ber en WO_36_M_Hui zijn hiervoor gewisseld.
[2023-10-08 23:48:47,553] *eet_gang_optimizer* Bij iteratie: 5, Nieuwe oplossing score van: -1687 > -1715, VW_35_V_Ros en WO_51_M_Jan zijn hiervoor gewisseld.
[2023-10-08 23:48:47,611] *eet_gang_optimizer* Bij iteratie: 0, Nieuwe oplossing score van: -1646 > -1687, VW_12_M_Pet en VW_39_V_Ann zijn hiervoor gewisseld.
[2023-10-08 23:48:47,664] *kook_gang_optimizer* Bij iteratie: 0, Nieuwe oplossing score van: -1608 > -1646, WO_33 en WO_75 zijn hiervoor gewisseld.
[2023-10-08 23:48:47,716] *kook_gang_optimizer* Bij iteratie: 0, Nieuwe oplossing score van: -1592 > -1608, VW_70 en WO_40 zijn hiervoor gewisseld.
[2023-10-08 23:48:48,000] *kook_gang_optimizer* Bij iteratie: 6, Nieuwe oplossing score van: -1590 > -1592, VW_43 en VW_51 zijn hiervoor gewisseld.
[2023-10-08 23:48:48,237] *kook_gang_optimizer* Bij iteratie: 5, Nieuwe oplossing score van: -1572 > -1590, VW_12 en WO_81 zijn hiervoor gewisseld.
[2023-10-08 23:48:48,291] *kook_gang_optimizer* Bij iteratie: 0, Nieuwe oplossing score van: -1564 > -1572, WO_52 en WO_75 zijn hiervoor gewisseld.
[2023-10-08 23:48:48,343] *kook_gang_optimizer* Bij iteratie: 0, Nieuwe oplossing score van: -1555 > -1564, VW_35 en WO_69 zijn hiervoor gewisseld.
[2023-10-08 23:48:48,396] *kook_gang_optimizer* Bij iteratie: 0, Nieuwe oplossing score van: -1507 > -1555, VW_3 en WO_45 zijn hiervoor gewisseld.
[2023-10-08 23:48:48,451] *kook_gang_optimizer* Bij iteratie: 0, Nieuwe oplossing score van: -1506 > -1507, VW_20 en WO_53 zijn hiervoor gewisseld.
[2023-10-08 23:48:48,510] *eet_gang_optimizer* Bij iteratie: 0, Nieuwe oplossing score van: -1463 > -1506, VW_15_V_Aim en WO_16_M_Fre zijn hiervoor gewisseld.
[2023-10-08 23:48:48,568] *eet_gang_optimizer* Bij iteratie: 0, Nieuwe oplossing score van: -1438 > -1463, VW_18_M_Mic en VW_62_M_Rob zijn hiervoor gewisseld.
[2023-10-08 23:48:48,626] *eet_gang_optimizer* Bij iteratie: 0, Nieuwe oplossing score van: -1418 > -1438, VW_21_M_Koo en VW_8_M_Fra zijn hiervoor gewisseld.
[2023-10-08 23:48:48,679] *kook_gang_optimizer* Bij iteratie: 0, Nieuwe oplossing score van: -1383 > -1418, WO_33 en WO_69 zijn hiervoor gewisseld.
[2023-10-08 23:48:48,735] *eet_gang_optimizer* Bij iteratie: 0, Nieuwe oplossing score van: -1369 > -1383, WO_40_V_Mar en WO_71_M_Kar zijn hiervoor gewisseld.
[2023-10-08 23:48:48,827] *eet_gang_optimizer* Bij iteratie: 1, Nieuwe oplossing score van: -1351 > -1369, WO_21_V_Pau en WO_50_V_Nic zijn hiervoor gewisseld.
[2023-10-08 23:48:48,954] *eet_gang_optimizer* Bij iteratie: 2, Nieuwe oplossing score van: -1321 > -1351, VW_46_V_Bre en WO_7_V_Mon zijn hiervoor gewisseld.
[2023-10-08 23:48:49,272] *kook_gang_optimizer* Bij iteratie: 6, Nieuwe oplossing score van: -1318 > -1321, VW_13 en VW_51 zijn hiervoor gewisseld.
[2023-10-08 23:48:49,512] *eet_gang_optimizer* Bij iteratie: 5, Nieuwe oplossing score van: -1311 > -1318, VW_57_V_Ann en WO_61_M_Ren zijn hiervoor gewisseld.
[2023-10-08 23:48:49,902] *eet_gang_optimizer* Bij iteratie: 9, Nieuwe oplossing score van: -1306 > -1311, VW_3_M_Huu en VW_68_M_Chr zijn hiervoor gewisseld.
[2023-10-08 23:48:50,372] *eet_gang_optimizer* Bij iteratie: 11, Nieuwe oplossing score van: -1294 > -1306, VW_18_V_Yol en WO_52_M_Ton zijn hiervoor gewisseld.
[2023-10-08 23:48:50,540] *eet_gang_optimizer* Bij iteratie: 3, Nieuwe oplossing score van: -1271 > -1294, VW_20_V_Ber en WO_75_V_Deb zijn hiervoor gewisseld.
[2023-10-08 23:48:51,032] *eet_gang_optimizer* Bij iteratie: 11, Nieuwe oplossing score van: -1265 > -1271, VW_31_M_Pau en WO_81_M_Jan zijn hiervoor gewisseld.
[2023-10-08 23:48:51,197] *kook_gang_optimizer* Bij iteratie: 3, Nieuwe oplossing score van: -1205 > -1265, WO_52 en WO_7 zijn hiervoor gewisseld.
[2023-10-08 23:48:51,323] *kook_gang_optimizer* Bij iteratie: 2, Nieuwe oplossing score van: -1195 > -1205, WO_77 en WO_81 zijn hiervoor gewisseld.
[2023-10-08 23:48:51,449] *kook_gang_optimizer* Bij iteratie: 2, Nieuwe oplossing score van: -1184 > -1195, VW_21 en WO_85 zijn hiervoor gewisseld.
[2023-10-08 23:48:51,504] *kook_gang_optimizer* Bij iteratie: 0, Nieuwe oplossing score van: -1181 > -1184, WO_49 en WO_53 zijn hiervoor gewisseld.
[2023-10-08 23:48:51,596] *eet_gang_optimizer* Bij iteratie: 1, Nieuwe oplossing score van: -1164 > -1181, VW_13_M_Mar en WO_23_M_Bar zijn hiervoor gewisseld.
[2023-10-08 23:48:52,112] *kook_gang_optimizer* Bij iteratie: 12, Nieuwe oplossing score van: -1153 > -1164, VW_32 en WO_24 zijn hiervoor gewisseld.
[2023-10-08 23:48:52,322] *eet_gang_optimizer* Bij iteratie: 4, Nieuwe oplossing score van: -1142 > -1153, VW_21_M_Koo en WO_27_V_Mar zijn hiervoor gewisseld.
[2023-10-08 23:48:52,413] *kook_gang_optimizer* Bij iteratie: 1, Nieuwe oplossing score van: -1140 > -1142, VW_9 en WO_61 zijn hiervoor gewisseld.
[2023-10-08 23:48:52,617] *eet_gang_optimizer* Bij iteratie: 4, Nieuwe oplossing score van: -1123 > -1140, VW_21_V_Ale en WO_32a_V_Gem zijn hiervoor gewisseld.
[2023-10-08 23:48:52,706] *kook_gang_optimizer* Bij iteratie: 1, Nieuwe oplossing score van: -1118 > -1123, VW_12 en WO_61 zijn hiervoor gewisseld.
[2023-10-08 23:48:53,215] *eet_gang_optimizer* Bij iteratie: 11, Nieuwe oplossing score van: -1105 > -1118, VW_5_M_Car en WO_52_V_Eli zijn hiervoor gewisseld.
[2023-10-08 23:48:53,814] *kook_gang_optimizer* Bij iteratie: 14, Nieuwe oplossing score van: -1104 > -1105, VW_5 en WO_53 zijn hiervoor gewisseld.
[2023-10-08 23:48:54,286] *kook_gang_optimizer* Bij iteratie: 11, Nieuwe oplossing score van: -1055 > -1104, VW_12 en WO_53 zijn hiervoor gewisseld.
[2023-10-08 23:48:54,897] *kook_gang_optimizer* Bij iteratie: 14, Nieuwe oplossing score van: -1025 > -1055, WO_7 en WO_75 zijn hiervoor gewisseld.
[2023-10-08 23:48:55,177] *eet_gang_optimizer* Bij iteratie: 6, Nieuwe oplossing score van: -1024 > -1025, VW_9_M_Rob en WO_77_M_Twa zijn hiervoor gewisseld.
[2023-10-08 23:48:55,590] *eet_gang_optimizer* Bij iteratie: 9, Nieuwe oplossing score van: -1018 > -1024, WO_20_V_Ast en WO_85_M_Wil zijn hiervoor gewisseld.
[2023-10-08 23:48:56,165] *kook_gang_optimizer* Bij iteratie: 14, Nieuwe oplossing score van: -1009 > -1018, WO_21 en WO_77 zijn hiervoor gewisseld.
[2023-10-08 23:48:56,351] *kook_gang_optimizer* Bij iteratie: 3, Nieuwe oplossing score van: -1005 > -1009, VW_70 en WO_40 zijn hiervoor gewisseld.
[2023-10-08 23:48:56,839] *eet_gang_optimizer* Bij iteratie: 11, Nieuwe oplossing score van: -991 > -1005, VW_68_V_Mar en WO_27_M_Dan zijn hiervoor gewisseld.
[2023-10-08 23:48:57,008] *eet_gang_optimizer* Bij iteratie: 3, Nieuwe oplossing score van: -973 > -991, WO_16_V_Lie en WO_69_V_Ant zijn hiervoor gewisseld.
[2023-10-08 23:48:57,751] *kook_gang_optimizer* Bij iteratie: 18, Nieuwe oplossing score van: -961 > -973, VW_33 en WO_50 zijn hiervoor gewisseld.
[2023-10-08 23:48:58,506] *kook_gang_optimizer* Bij iteratie: 18, Nieuwe oplossing score van: -950 > -961, VW_25 en VW_51 zijn hiervoor gewisseld.
[2023-10-08 23:48:58,561] *kook_gang_optimizer* Bij iteratie: 0, Nieuwe oplossing score van: -944 > -950, VW_20 en VW_62 zijn hiervoor gewisseld.
[2023-10-08 23:48:58,656] *eet_gang_optimizer* Bij iteratie: 1, Nieuwe oplossing score van: -937 > -944, NEW_3_M_Rob en VW_68_M_Chr zijn hiervoor gewisseld.
[2023-10-08 23:48:58,749] *kook_gang_optimizer* Bij iteratie: 1, Nieuwe oplossing score van: -933 > -937, WO_24 en WO_32 zijn hiervoor gewisseld.
[2023-10-08 23:48:58,841] *eet_gang_optimizer* Bij iteratie: 1, Nieuwe oplossing score van: -922 > -933, VW_15_M_Ger en WO_77_M_Twa zijn hiervoor gewisseld.
[2023-10-08 23:48:58,975] *eet_gang_optimizer* Bij iteratie: 2, Nieuwe oplossing score van: -918 > -922, WO_51_V_Dia en WO_53_V_Pat zijn hiervoor gewisseld.
[2023-10-08 23:48:59,701] *kook_gang_optimizer* Bij iteratie: 18, Nieuwe oplossing score van: -912 > -918, VW_57 en WO_81 zijn hiervoor gewisseld.
[2023-10-08 23:48:59,758] *eet_gang_optimizer* Bij iteratie: 0, Nieuwe oplossing score van: -900 > -912, WO_24_M_Ray en WO_33_V_Lou zijn hiervoor gewisseld.
[2023-10-08 23:49:00,137] *eet_gang_optimizer* Bij iteratie: 8, Nieuwe oplossing score van: -898 > -900, VW_9_M_Rob en WO_24_M_Ray zijn hiervoor gewisseld.
[2023-10-08 23:49:01,525] *kook_gang_optimizer* Bij iteratie: 34, Nieuwe oplossing score van: -893 > -898, WO_26 en WO_33 zijn hiervoor gewisseld.
[2023-10-08 23:49:02,093] *kook_gang_optimizer* Bij iteratie: 13, Nieuwe oplossing score van: -892 > -893, VW_20 en VW_57 zijn hiervoor gewisseld.
[2023-10-08 23:49:02,540] *eet_gang_optimizer* Bij iteratie: 10, Nieuwe oplossing score van: -877 > -892, VW_33_V_Het en WO_41_M_Wim zijn hiervoor gewisseld.
[2023-10-08 23:49:02,597] *eet_gang_optimizer* Bij iteratie: 0, Nieuwe oplossing score van: -872 > -877, VW_25_V_Ano en VW_51_V_Eli zijn hiervoor gewisseld.
[2023-10-08 23:49:03,255] *eet_gang_optimizer* Bij iteratie: 16, Nieuwe oplossing score van: -871 > -872, VW_25_V_Ano en WO_67_V_Jea zijn hiervoor gewisseld.
[2023-10-08 23:49:03,419] *eet_gang_optimizer* Bij iteratie: 3, Nieuwe oplossing score van: -866 > -871, WO_85_V_Fem en WO_87_V_Mad zijn hiervoor gewisseld.
[2023-10-08 23:49:03,610] *eet_gang_optimizer* Bij iteratie: 3, Nieuwe oplossing score van: -860 > -866, VW_15_V_Aim en WO_20_V_Ast zijn hiervoor gewisseld.
[2023-10-08 23:49:03,702] *eet_gang_optimizer* Bij iteratie: 1, Nieuwe oplossing score van: -848 > -860, VW_21_M_Koo en VW_5_V_Jud zijn hiervoor gewisseld.
[2023-10-08 23:49:04,356] *kook_gang_optimizer* Bij iteratie: 16, Nieuwe oplossing score van: -847 > -848, VW_18 en WO_75 zijn hiervoor gewisseld.
[2023-10-08 23:49:04,414] *eet_gang_optimizer* Bij iteratie: 0, Nieuwe oplossing score van: -835 > -847, VW_25_V_Ano en VW_33_V_Het zijn hiervoor gewisseld.
[2023-10-08 23:49:04,936] *kook_gang_optimizer* Bij iteratie: 12, Nieuwe oplossing score van: -816 > -835, VW_51 en WO_51 zijn hiervoor gewisseld.
[2023-10-08 23:49:06,109] *kook_gang_optimizer* Bij iteratie: 29, Nieuwe oplossing score van: -804 > -816, WO_13 en WO_40 zijn hiervoor gewisseld.
[2023-10-08 23:49:06,581] *kook_gang_optimizer* Bij iteratie: 11, Nieuwe oplossing score van: -796 > -804, WO_32 en WO_77 zijn hiervoor gewisseld.
[2023-10-08 23:49:06,857] *eet_gang_optimizer* Bij iteratie: 6, Nieuwe oplossing score van: -788 > -796, WO_38_M_Jaa en WO_45_M_Die zijn hiervoor gewisseld.
[2023-10-08 23:49:06,912] *kook_gang_optimizer* Bij iteratie: 0, Nieuwe oplossing score van: -777 > -788, VW_33 en WO_87 zijn hiervoor gewisseld.
[2023-10-08 23:49:07,595] *kook_gang_optimizer* Bij iteratie: 16, Nieuwe oplossing score van: -772 > -777, VW_35 en WO_77 zijn hiervoor gewisseld.
[2023-10-08 23:49:07,768] *eet_gang_optimizer* Bij iteratie: 3, Nieuwe oplossing score van: -766 > -772, WO_40_V_Mar en WO_51_V_Dia zijn hiervoor gewisseld.
[2023-10-08 23:49:07,936] *eet_gang_optimizer* Bij iteratie: 3, Nieuwe oplossing score van: -753 > -766, VW_32_V_Wen en WO_38_V_Eek zijn hiervoor gewisseld.
[2023-10-08 23:49:08,142] *kook_gang_optimizer* Bij iteratie: 4, Nieuwe oplossing score van: -741 > -753, WO_50 en WO_77 zijn hiervoor gewisseld.
[2023-10-08 23:49:08,309] *eet_gang_optimizer* Bij iteratie: 3, Nieuwe oplossing score van: -735 > -741, VW_35_V_Ros en VW_43_M_Mar zijn hiervoor gewisseld.
[2023-10-08 23:49:10,367] *kook_gang_optimizer* Bij iteratie: 53, Nieuwe oplossing score van: -728 > -735, WO_21 en WO_50 zijn hiervoor gewisseld.
[2023-10-08 23:49:10,926] *eet_gang_optimizer* Bij iteratie: 13, Nieuwe oplossing score van: -725 > -728, WO_23_V_Mon en WO_52_M_Ton zijn hiervoor gewisseld.
[2023-10-08 23:49:11,477] *eet_gang_optimizer* Bij iteratie: 13, Nieuwe oplossing score van: -719 > -725, WO_1_M_And en WO_67_M_Rob zijn hiervoor gewisseld.
[2023-10-08 23:49:11,773] *eet_gang_optimizer* Bij iteratie: 6, Nieuwe oplossing score van: -707 > -719, WO_50_V_Nic en WO_9_V_Ell zijn hiervoor gewisseld.
[2023-10-08 23:49:11,907] *eet_gang_optimizer* Bij iteratie: 2, Nieuwe oplossing score van: -702 > -707, VW_9_M_Rob en WO_71_V_Mar zijn hiervoor gewisseld.
[2023-10-08 23:49:12,575] *kook_gang_optimizer* Bij iteratie: 16, Nieuwe oplossing score van: -690 > -702, VW_51 en WO_27 zijn hiervoor gewisseld.
[2023-10-08 23:49:12,669] *eet_gang_optimizer* Bij iteratie: 1, Nieuwe oplossing score van: -683 > -690, VW_31_M_Pau en VW_51_V_Eli zijn hiervoor gewisseld.
[2023-10-08 23:49:13,251] *eet_gang_optimizer* Bij iteratie: 14, Nieuwe oplossing score van: -682 > -683, VW_51_M_Coe en WO_7_M_San zijn hiervoor gewisseld.
[2023-10-08 23:49:13,513] *kook_gang_optimizer* Bij iteratie: 5, Nieuwe oplossing score van: -681 > -682, VW_39 en WO_49 zijn hiervoor gewisseld.
[2023-10-08 23:49:13,644] *eet_gang_optimizer* Bij iteratie: 2, Nieuwe oplossing score van: -669 > -681, VW_3_V_Cla en VW_6_V_Len zijn hiervoor gewisseld.
[2023-10-08 23:49:15,489] *kook_gang_optimizer* Bij iteratie: 47, Nieuwe oplossing score van: -662 > -669, WO_61 en WO_87 zijn hiervoor gewisseld.
[2023-10-08 23:49:15,587] *eet_gang_optimizer* Bij iteratie: 1, Nieuwe oplossing score van: -651 > -662, VW_21_M_Koo en WO_61_V_Ger zijn hiervoor gewisseld.
[2023-10-08 23:49:15,903] *kook_gang_optimizer* Bij iteratie: 6, Nieuwe oplossing score van: -650 > -651, WO_26 en WO_69 zijn hiervoor gewisseld.
[2023-10-08 23:49:17,042] *eet_gang_optimizer* Bij iteratie: 29, Nieuwe oplossing score van: -635 > -650, WO_38_M_Jaa en WO_69_M_Han zijn hiervoor gewisseld.
[2023-10-08 23:49:17,511] *eet_gang_optimizer* Bij iteratie: 11, Nieuwe oplossing score van: -634 > -635, VW_18_V_Yol en VW_9_V_Rie zijn hiervoor gewisseld.
[2023-10-08 23:49:18,400] *eet_gang_optimizer* Bij iteratie: 22, Nieuwe oplossing score van: -623 > -634, VW_18_M_Mic en WO_36_M_Hui zijn hiervoor gewisseld.
[2023-10-08 23:49:19,239] *kook_gang_optimizer* Bij iteratie: 21, Nieuwe oplossing score van: -611 > -623, WO_20 en WO_26 zijn hiervoor gewisseld.
[2023-10-08 23:49:19,562] *kook_gang_optimizer* Bij iteratie: 6, Nieuwe oplossing score van: -599 > -611, VW_33 en VW_57 zijn hiervoor gewisseld.
[2023-10-08 23:49:20,214] *eet_gang_optimizer* Bij iteratie: 15, Nieuwe oplossing score van: -587 > -599, VW_68_M_Chr en VW_72_M_Pie zijn hiervoor gewisseld.
[2023-10-08 23:49:20,981] *kook_gang_optimizer* Bij iteratie: 19, Nieuwe oplossing score van: -569 > -587, WO_40 en WO_51 zijn hiervoor gewisseld.
[2023-10-08 23:49:21,708] *kook_gang_optimizer* Bij iteratie: 17, Nieuwe oplossing score van: -552 > -569, VW_5 en WO_24 zijn hiervoor gewisseld.
[2023-10-08 23:49:22,098] *eet_gang_optimizer* Bij iteratie: 9, Nieuwe oplossing score van: -540 > -552, VW_12_V_Sja en WO_67_V_Jea zijn hiervoor gewisseld.
[2023-10-08 23:49:22,491] *eet_gang_optimizer* Bij iteratie: 9, Nieuwe oplossing score van: -536 > -540, VW_3_V_Cla en WO_24_V_Jea zijn hiervoor gewisseld.
[2023-10-08 23:49:22,901] *eet_gang_optimizer* Bij iteratie: 9, Nieuwe oplossing score van: -530 > -536, VW_57_M_Lou en VW_72_V_Len zijn hiervoor gewisseld.
[2023-10-08 23:49:23,807] *kook_gang_optimizer* Bij iteratie: 23, Nieuwe oplossing score van: -529 > -530, VW_43 en WO_24 zijn hiervoor gewisseld.
[2023-10-08 23:49:24,588] *kook_gang_optimizer* Bij iteratie: 19, Nieuwe oplossing score van: -506 > -529, VW_27 en VW_9 zijn hiervoor gewisseld.
[2023-10-08 23:49:25,543] *kook_gang_optimizer* Bij iteratie: 24, Nieuwe oplossing score van: -499 > -506, VW_15 en WO_81 zijn hiervoor gewisseld.
[2023-10-08 23:49:25,832] *kook_gang_optimizer* Bij iteratie: 6, Nieuwe oplossing score van: -497 > -499, VW_25 en WO_45 zijn hiervoor gewisseld.
[2023-10-08 23:49:26,657] *eet_gang_optimizer* Bij iteratie: 20, Nieuwe oplossing score van: -491 > -497, WO_21_M_Han en WO_27_M_Dan zijn hiervoor gewisseld.
[2023-10-08 23:49:30,636] *eet_gang_optimizer* Bij iteratie: 101, Nieuwe oplossing score van: -483 > -491, VW_35_M_Roe en WO_75_M_Jur zijn hiervoor gewisseld.
[2023-10-08 23:49:31,060] *eet_gang_optimizer* Bij iteratie: 10, Nieuwe oplossing score van: -476 > -483, WO_40_V_Mar en WO_55_V_Han zijn hiervoor gewisseld.
[2023-10-08 23:49:31,829] *kook_gang_optimizer* Bij iteratie: 18, Nieuwe oplossing score van: -463 > -476, VW_18 en WO_16 zijn hiervoor gewisseld.
[2023-10-08 23:49:33,076] *eet_gang_optimizer* Bij iteratie: 32, Nieuwe oplossing score van: -462 > -463, WO_67_V_Jea en WO_71_M_Kar zijn hiervoor gewisseld.
[2023-10-08 23:49:33,228] *eet_gang_optimizer* Bij iteratie: 2, Nieuwe oplossing score van: -457 > -462, VW_46_V_Bre en WO_27_M_Dan zijn hiervoor gewisseld.
[2023-10-08 23:49:38,802] *kook_gang_optimizer* Bij iteratie: 146, Nieuwe oplossing score van: -452 > -457, WO_45 en WO_61 zijn hiervoor gewisseld.
[2023-10-08 23:49:39,118] *eet_gang_optimizer* Bij iteratie: 7, Nieuwe oplossing score van: -447 > -452, WO_32_V_Ing en WO_40_V_Mar zijn hiervoor gewisseld.
[2023-10-08 23:49:39,173] *eet_gang_optimizer* Bij iteratie: 0, Nieuwe oplossing score van: -435 > -447, WO_67_V_Jea en WO_85_V_Fem zijn hiervoor gewisseld.
[2023-10-08 23:49:43,699] *eet_gang_optimizer* Bij iteratie: 116, Nieuwe oplossing score van: -421 > -435, VW_33_V_Tru en WO_71_V_Mar zijn hiervoor gewisseld.
[2023-10-08 23:49:47,957] *eet_gang_optimizer* Bij iteratie: 111, Nieuwe oplossing score van: -416 > -421, VW_5_V_Jud en WO_32a_V_Gem zijn hiervoor gewisseld.
[2023-10-08 23:49:48,589] *eet_gang_optimizer* Bij iteratie: 15, Nieuwe oplossing score van: -415 > -416, VW_32_M_Mic en WO_7_V_Mon zijn hiervoor gewisseld.
[2023-10-08 23:49:50,922] *eet_gang_optimizer* Bij iteratie: 60, Nieuwe oplossing score van: -413 > -415, NEW_3_V_Mel en WO_77_M_Twa zijn hiervoor gewisseld.
[2023-10-08 23:49:51,830] *kook_gang_optimizer* Bij iteratie: 23, Nieuwe oplossing score van: -410 > -413, VW_12 en WO_40 zijn hiervoor gewisseld.
[2023-10-08 23:49:55,055] *eet_gang_optimizer* Bij iteratie: 84, Nieuwe oplossing score van: -409 > -410, WO_26_M_Rod en WO_81_V_Jan zijn hiervoor gewisseld.
[2023-10-08 23:49:55,149] *eet_gang_optimizer* Bij iteratie: 1, Nieuwe oplossing score van: -408 > -409, VW_18_V_Yol en VW_68_V_Mar zijn hiervoor gewisseld.
[2023-10-08 23:49:55,856] *kook_gang_optimizer* Bij iteratie: 17, Nieuwe oplossing score van: -404 > -408, VW_3 en WO_51 zijn hiervoor gewisseld.
[2023-10-08 23:49:55,911] *eet_gang_optimizer* Bij iteratie: 0, Nieuwe oplossing score van: -401 > -404, NEW_1_M_Erw en WO_40_V_Mar zijn hiervoor gewisseld.
[2023-10-08 23:50:09,489] *kook_gang_optimizer* Bij iteratie: 355, Nieuwe oplossing score van: -400 > -401, VW_18 en WO_33 zijn hiervoor gewisseld.
[2023-10-08 23:50:10,731] *eet_gang_optimizer* Bij iteratie: 31, Nieuwe oplossing score van: -394 > -400, WO_23_M_Bar en WO_32a_M_Too zijn hiervoor gewisseld.
[2023-10-08 23:50:12,967] *kook_gang_optimizer* Bij iteratie: 58, Nieuwe oplossing score van: -389 > -394, VW_15 en VW_62 zijn hiervoor gewisseld.
[2023-10-08 23:50:14,459] *kook_gang_optimizer* Bij iteratie: 36, Nieuwe oplossing score van: -388 > -389, VW_8 en WO_40 zijn hiervoor gewisseld.
[2023-10-08 23:50:18,405] *eet_gang_optimizer* Bij iteratie: 103, Nieuwe oplossing score van: -376 > -388, VW_43_V_Sjo en WO_33_M_Ari zijn hiervoor gewisseld.
[2023-10-08 23:50:23,844] *eet_gang_optimizer* Bij iteratie: 142, Nieuwe oplossing score van: -359 > -376, NEW_1_V_Eug en WO_16_V_Lie zijn hiervoor gewisseld.
[2023-10-08 23:50:30,884] *eet_gang_optimizer* Bij iteratie: 182, Nieuwe oplossing score van: -357 > -359, VW_21_M_Koo en WO_24_V_Jea zijn hiervoor gewisseld.
[2023-10-08 23:50:31,495] *eet_gang_optimizer* Bij iteratie: 13, Nieuwe oplossing score van: -351 > -357, VW_43_V_Sjo en WO_41_M_Wim zijn hiervoor gewisseld.
[2023-10-08 23:50:55,036] *kook_gang_optimizer* Bij iteratie: 592, Nieuwe oplossing score van: -345 > -351, VW_62 en WO_52 zijn hiervoor gewisseld.
[2023-10-08 23:50:55,784] *eet_gang_optimizer* Bij iteratie: 18, Nieuwe oplossing score van: -341 > -345, VW_8_M_Fra en WO_61_V_Ger zijn hiervoor gewisseld.
[2023-10-08 23:51:01,259] *kook_gang_optimizer* Bij iteratie: 136, Nieuwe oplossing score van: -337 > -341, VW_23 en WO_75 zijn hiervoor gewisseld.
[2023-10-08 23:51:01,808] *kook_gang_optimizer* Bij iteratie: 13, Nieuwe oplossing score van: -336 > -337, WO_26 en WO_87 zijn hiervoor gewisseld.
[2023-10-08 23:51:02,523] *eet_gang_optimizer* Bij iteratie: 17, Nieuwe oplossing score van: -331 > -336, VW_31_M_Pau en WO_53_V_Pat zijn hiervoor gewisseld.
[2023-10-08 23:51:07,191] *kook_gang_optimizer* Bij iteratie: 115, Nieuwe oplossing score van: -328 > -331, VW_70 en WO_45 zijn hiervoor gewisseld.
[2023-10-08 23:51:13,558] *eet_gang_optimizer* Bij iteratie: 152, Nieuwe oplossing score van: -327 > -328, VW_13_M_Mar en VW_27_M_Luc zijn hiervoor gewisseld.
[2023-10-08 23:51:17,054] *kook_gang_optimizer* Bij iteratie: 85, Nieuwe oplossing score van: -325 > -327, VW_70 en WO_69 zijn hiervoor gewisseld.
[2023-10-08 23:51:27,461] *kook_gang_optimizer* Bij iteratie: 265, Nieuwe oplossing score van: -322 > -325, VW_3 en WO_69 zijn hiervoor gewisseld.
[2023-10-08 23:51:29,733] *eet_gang_optimizer* Bij iteratie: 58, Nieuwe oplossing score van: -321 > -322, WO_16_M_Fre en WO_52_V_Eli zijn hiervoor gewisseld.
[2023-10-08 23:52:35,839] *kook_gang_optimizer* Timeout: 600000s trying eet_gang_optimizer
[2023-10-08 23:52:39,881] *eet_gang_optimizer* Bij iteratie: 105, Nieuwe oplossing score van: -318 > -321, WO_49_V_Van en WO_61_V_Ger zijn hiervoor gewisseld.
[2023-10-08 23:53:45,374] *kook_gang_optimizer* Timeout: 600000s trying eet_gang_optimizer
[2023-10-08 23:53:47,791] *eet_gang_optimizer* Bij iteratie: 63, Nieuwe oplossing score van: -311 > -318, WO_51_M_Jan en WO_85_M_Wil zijn hiervoor gewisseld.
[2023-10-08 23:54:52,277] *kook_gang_optimizer* Timeout: 600000s trying eet_gang_optimizer
[2023-10-08 23:54:52,597] *eet_gang_optimizer* Bij iteratie: 7, Nieuwe oplossing score van: -310 > -311, WO_1_M_And en WO_53_V_Pat zijn hiervoor gewisseld.
[2023-10-08 23:54:53,643] *eet_gang_optimizer* Bij iteratie: 27, Nieuwe oplossing score van: -307 > -310, VW_12_V_Sja en WO_9_M_Phi zijn hiervoor gewisseld.
[2023-10-08 23:54:54,315] *eet_gang_optimizer* Bij iteratie: 16, Nieuwe oplossing score van: -306 > -307, WO_26_M_Rod en WO_61_V_Ger zijn hiervoor gewisseld.
[2023-10-08 23:54:57,121] *eet_gang_optimizer* Bij iteratie: 73, Nieuwe oplossing score van: -305 > -306, VW_51_M_Coe en WO_26_M_Rod zijn hiervoor gewisseld.
[2023-10-08 23:55:00,478] *eet_gang_optimizer* Bij iteratie: 88, Nieuwe oplossing score van: -304 > -305, WO_23_V_Mon en WO_49_M_Joo zijn hiervoor gewisseld.
[2023-10-08 23:55:03,491] *kook_gang_optimizer* Bij iteratie: 79, Nieuwe oplossing score van: -300 > -304, VW_12 en VW_18 zijn hiervoor gewisseld.
[2023-10-08 23:55:36,410] *kook_gang_optimizer* Bij iteratie: 876, Nieuwe oplossing score van: -299 > -300, VW_31 en WO_53 zijn hiervoor gewisseld.
[2023-10-08 23:55:39,436] *eet_gang_optimizer* Bij iteratie: 79, Nieuwe oplossing score van: -297 > -299, WO_21_M_Han en WO_32_M_Ber zijn hiervoor gewisseld.
[2023-10-08 23:55:40,313] *kook_gang_optimizer* Bij iteratie: 22, Nieuwe oplossing score van: -291 > -297, VW_57 en VW_72 zijn hiervoor gewisseld.
[2023-10-08 23:55:46,797] *kook_gang_optimizer* Bij iteratie: 170, Nieuwe oplossing score van: -290 > -291, WO_26 en WO_38 zijn hiervoor gewisseld.
[2023-10-08 23:56:00,028] *eet_gang_optimizer* Bij iteratie: 351, Nieuwe oplossing score van: -284 > -290, VW_25_V_Ano en WO_24_V_Jea zijn hiervoor gewisseld.
[2023-10-08 23:56:02,471] *eet_gang_optimizer* Bij iteratie: 64, Nieuwe oplossing score van: -283 > -284, VW_13_M_Mar en WO_55_V_Han zijn hiervoor gewisseld.
[2023-10-08 23:56:16,563] *eet_gang_optimizer* Bij iteratie: 372, Nieuwe oplossing score van: -277 > -283, VW_15_M_Ger en WO_49_V_Van zijn hiervoor gewisseld.
[2023-10-08 23:56:40,010] *kook_gang_optimizer* Bij iteratie: 622, Nieuwe oplossing score van: -272 > -277, VW_72 en WO_38 zijn hiervoor gewisseld.
[2023-10-08 23:56:42,416] *eet_gang_optimizer* Bij iteratie: 61, Nieuwe oplossing score van: -260 > -272, WO_21_M_Han en WO_52_M_Ton zijn hiervoor gewisseld.
[2023-10-08 23:56:43,509] *eet_gang_optimizer* Bij iteratie: 27, Nieuwe oplossing score van: -259 > -260, WO_61_V_Ger en WO_81_V_Jan zijn hiervoor gewisseld.
[2023-10-08 23:57:49,475] *kook_gang_optimizer* Timeout: 600000s trying eet_gang_optimizer
[2023-10-08 23:57:55,882] *eet_gang_optimizer* Bij iteratie: 165, Nieuwe oplossing score van: -258 > -259, VW_18_M_Mic en WO_49_M_Joo zijn hiervoor gewisseld.
[2023-10-08 23:57:59,063] *eet_gang_optimizer* Bij iteratie: 81, Nieuwe oplossing score van: -257 > -258, VW_5_V_Jud en VW_72_V_Len zijn hiervoor gewisseld.
[2023-10-08 23:57:59,200] *eet_gang_optimizer* Bij iteratie: 2, Nieuwe oplossing score van: -256 > -257, VW_23_M_Lar en VW_27_M_Luc zijn hiervoor gewisseld.
[2023-10-08 23:59:05,044] *kook_gang_optimizer* Timeout: 600000s trying eet_gang_optimizer
[2023-10-08 23:59:06,069] *eet_gang_optimizer* Bij iteratie: 25, Nieuwe oplossing score van: -255 > -256, VW_62_V_Ale en WO_41_V_Ann zijn hiervoor gewisseld.
[2023-10-08 23:59:25,794] *eet_gang_optimizer* Bij iteratie: 503, Nieuwe oplossing score van: -254 > -255, VW_9_M_Rob en WO_21_M_Han zijn hiervoor gewisseld.
[2023-10-08 23:59:34,577] *eet_gang_optimizer* Bij iteratie: 224, Nieuwe oplossing score van: -253 > -254, VW_31_V_Jan en VW_32_M_Mic zijn hiervoor gewisseld.
[2023-10-08 23:59:56,019] *eet_gang_optimizer* Bij iteratie: 545, Nieuwe oplossing score van: -252 > -253, WO_27_V_Mar en WO_53_M_Ola zijn hiervoor gewisseld.
[2023-10-09 00:01:02,782] *kook_gang_optimizer* Timeout: 600000s trying eet_gang_optimizer
[2023-10-09 00:01:06,534] *eet_gang_optimizer* Bij iteratie: 96, Nieuwe oplossing score van: -251 > -252, WO_20_M_Aad en WO_40_V_Mar zijn hiervoor gewisseld.
[2023-10-09 00:01:10,864] *eet_gang_optimizer* Bij iteratie: 111, Nieuwe oplossing score van: -250 > -251, VW_25_V_Ano en WO_71_M_Kar zijn hiervoor gewisseld.
[2023-10-09 00:01:15,802] *eet_gang_optimizer* Bij iteratie: 125, Nieuwe oplossing score van: -249 > -250, VW_51_M_Coe en VW_51_V_Eli zijn hiervoor gewisseld.
[2023-10-09 00:02:22,511] *kook_gang_optimizer* Timeout: 600000s trying eet_gang_optimizer
[2023-10-09 00:02:25,065] *eet_gang_optimizer* Bij iteratie: 64, Nieuwe oplossing score van: -248 > -249, VW_21_M_Koo en VW_21_V_Ale zijn hiervoor gewisseld.
