[2023-10-09 10:49:36,626] *kook_gang_optimizer* Bij iteratie: 1, Nieuwe oplossing score van: -1741 > -1744, VW_32 en WO_79 zijn hiervoor gewisseld.
[2023-10-09 10:49:36,681] *eet_gang_optimizer* Bij iteratie: 0, Nieuwe oplossing score van: -1735 > -1741, WO_32_V_Ing en WO_9_M_Phi zijn hiervoor gewisseld.
[2023-10-09 10:49:36,735] *kook_gang_optimizer* Bij iteratie: 0, Nieuwe oplossing score van: -1693 > -1735, VW_5 en VW_70 zijn hiervoor gewisseld.
[2023-10-09 10:49:36,860] *kook_gang_optimizer* Bij iteratie: 2, Nieuwe oplossing score van: -1663 > -1693, VW_70 en WO_81 zijn hiervoor gewisseld.
[2023-10-09 10:49:37,072] *kook_gang_optimizer* Bij iteratie: 4, Nieuwe oplossing score van: -1609 > -1663, WO_52 en WO_53 zijn hiervoor gewisseld.
[2023-10-09 10:49:37,418] *eet_gang_optimizer* Bij iteratie: 7, Nieuwe oplossing score van: -1578 > -1609, VW_39_M_Bar en WO_36_M_Hui zijn hiervoor gewisseld.
[2023-10-09 10:49:37,508] *kook_gang_optimizer* Bij iteratie: 1, Nieuwe oplossing score van: -1566 > -1578, VW_35 en WO_20 zijn hiervoor gewisseld.
[2023-10-09 10:49:37,638] *kook_gang_optimizer* Bij iteratie: 2, Nieuwe oplossing score van: -1555 > -1566, VW_13 en WO_81 zijn hiervoor gewisseld.
[2023-10-09 10:49:37,802] *kook_gang_optimizer* Bij iteratie: 3, Nieuwe oplossing score van: -1485 > -1555, VW_3 en WO_32 zijn hiervoor gewisseld.
[2023-10-09 10:49:37,895] *eet_gang_optimizer* Bij iteratie: 1, Nieuwe oplossing score van: -1471 > -1485, VW_21_M_Koo en WO_85_M_Wil zijn hiervoor gewisseld.
[2023-10-09 10:49:38,022] *kook_gang_optimizer* Bij iteratie: 2, Nieuwe oplossing score van: -1460 > -1471, VW_13 en WO_20 zijn hiervoor gewisseld.
[2023-10-09 10:49:38,409] *eet_gang_optimizer* Bij iteratie: 9, Nieuwe oplossing score van: -1452 > -1460, WO_75_M_Jur en WO_81_M_Jan zijn hiervoor gewisseld.
[2023-10-09 10:49:38,462] *kook_gang_optimizer* Bij iteratie: 0, Nieuwe oplossing score van: -1451 > -1452, VW_13 en VW_21 zijn hiervoor gewisseld.
[2023-10-09 10:49:38,517] *eet_gang_optimizer* Bij iteratie: 0, Nieuwe oplossing score van: -1438 > -1451, VW_12_V_Sja en VW_39_M_Bar zijn hiervoor gewisseld.
[2023-10-09 10:49:38,870] *eet_gang_optimizer* Bij iteratie: 8, Nieuwe oplossing score van: -1425 > -1438, VW_62_M_Rob en WO_27_M_Dan zijn hiervoor gewisseld.
[2023-10-09 10:49:38,987] *eet_gang_optimizer* Bij iteratie: 1, Nieuwe oplossing score van: -1412 > -1425, WO_32_M_Ber en WO_9_V_Ell zijn hiervoor gewisseld.
[2023-10-09 10:49:39,224] *kook_gang_optimizer* Bij iteratie: 5, Nieuwe oplossing score van: -1409 > -1412, VW_15 en VW_31 zijn hiervoor gewisseld.
[2023-10-09 10:49:39,574] *eet_gang_optimizer* Bij iteratie: 8, Nieuwe oplossing score van: -1397 > -1409, WO_21_V_Pau en WO_45_M_Die zijn hiervoor gewisseld.
[2023-10-09 10:49:40,179] *kook_gang_optimizer* Bij iteratie: 15, Nieuwe oplossing score van: -1349 > -1397, VW_43 en WO_50 zijn hiervoor gewisseld.
[2023-10-09 10:49:40,381] *eet_gang_optimizer* Bij iteratie: 4, Nieuwe oplossing score van: -1342 > -1349, VW_72_M_Pie en WO_67_V_Jea zijn hiervoor gewisseld.
[2023-10-09 10:49:40,621] *eet_gang_optimizer* Bij iteratie: 5, Nieuwe oplossing score van: -1332 > -1342, VW_5_M_Car en WO_40_V_Mar zijn hiervoor gewisseld.
[2023-10-09 10:49:40,885] *eet_gang_optimizer* Bij iteratie: 5, Nieuwe oplossing score van: -1321 > -1332, WO_27_M_Dan en WO_50_M_Fli zijn hiervoor gewisseld.
[2023-10-09 10:49:40,975] *kook_gang_optimizer* Bij iteratie: 1, Nieuwe oplossing score van: -1319 > -1321, VW_51 en WO_81 zijn hiervoor gewisseld.
[2023-10-09 10:49:41,250] *kook_gang_optimizer* Bij iteratie: 6, Nieuwe oplossing score van: -1293 > -1319, VW_32 en WO_33 zijn hiervoor gewisseld.
[2023-10-09 10:49:41,347] *eet_gang_optimizer* Bij iteratie: 1, Nieuwe oplossing score van: -1292 > -1293, VW_15_V_Aim en WO_1_V_Bir zijn hiervoor gewisseld.
[2023-10-09 10:49:41,403] *eet_gang_optimizer* Bij iteratie: 0, Nieuwe oplossing score van: -1262 > -1292, VW_39_V_Ann en WO_49_V_Van zijn hiervoor gewisseld.
[2023-10-09 10:49:41,756] *kook_gang_optimizer* Bij iteratie: 8, Nieuwe oplossing score van: -1252 > -1262, VW_32 en VW_57 zijn hiervoor gewisseld.
[2023-10-09 10:49:41,811] *eet_gang_optimizer* Bij iteratie: 0, Nieuwe oplossing score van: -1247 > -1252, VW_70_V_Cha en WO_61_M_Ren zijn hiervoor gewisseld.
[2023-10-09 10:49:42,167] *kook_gang_optimizer* Bij iteratie: 8, Nieuwe oplossing score van: -1224 > -1247, WO_16 en WO_69 zijn hiervoor gewisseld.
[2023-10-09 10:49:42,690] *kook_gang_optimizer* Bij iteratie: 12, Nieuwe oplossing score van: -1186 > -1224, WO_16 en WO_7 zijn hiervoor gewisseld.
[2023-10-09 10:49:42,817] *kook_gang_optimizer* Bij iteratie: 2, Nieuwe oplossing score van: -1185 > -1186, VW_15 en WO_81 zijn hiervoor gewisseld.
[2023-10-09 10:49:43,133] *eet_gang_optimizer* Bij iteratie: 7, Nieuwe oplossing score van: -1171 > -1185, VW_68_M_Chr en WO_36_V_Ren zijn hiervoor gewisseld.
[2023-10-09 10:49:43,190] *eet_gang_optimizer* Bij iteratie: 0, Nieuwe oplossing score van: -1147 > -1171, VW_33_V_Het en VW_72_V_Len zijn hiervoor gewisseld.
[2023-10-09 10:49:43,247] *eet_gang_optimizer* Bij iteratie: 0, Nieuwe oplossing score van: -1129 > -1147, WO_20_V_Ast en WO_71_M_Kar zijn hiervoor gewisseld.
[2023-10-09 10:49:43,450] *eet_gang_optimizer* Bij iteratie: 4, Nieuwe oplossing score van: -1117 > -1129, NEW_3_M_Rob en NEW_3_V_Mel zijn hiervoor gewisseld.
[2023-10-09 10:49:43,543] *eet_gang_optimizer* Bij iteratie: 1, Nieuwe oplossing score van: -1112 > -1117, WO_32_V_Ing en WO_41_V_Ann zijn hiervoor gewisseld.
[2023-10-09 10:49:43,671] *eet_gang_optimizer* Bij iteratie: 2, Nieuwe oplossing score van: -1106 > -1112, VW_21_V_Ale en WO_79_V_Wie zijn hiervoor gewisseld.
[2023-10-09 10:49:43,727] *eet_gang_optimizer* Bij iteratie: 0, Nieuwe oplossing score van: -1100 > -1106, WO_49_V_Van en WO_9_M_Phi zijn hiervoor gewisseld.
[2023-10-09 10:49:43,820] *eet_gang_optimizer* Bij iteratie: 1, Nieuwe oplossing score van: -1094 > -1100, NEW_3_M_Rob en WO_36_V_Ren zijn hiervoor gewisseld.
[2023-10-09 10:49:44,603] *kook_gang_optimizer* Bij iteratie: 19, Nieuwe oplossing score van: -1079 > -1094, VW_21 en WO_16 zijn hiervoor gewisseld.
[2023-10-09 10:49:44,734] *eet_gang_optimizer* Bij iteratie: 2, Nieuwe oplossing score van: -1060 > -1079, WO_24_V_Jea en WO_85_M_Wil zijn hiervoor gewisseld.
[2023-10-09 10:49:44,866] *eet_gang_optimizer* Bij iteratie: 2, Nieuwe oplossing score van: -1043 > -1060, WO_51_M_Jan en WO_85_V_Fem zijn hiervoor gewisseld.
[2023-10-09 10:49:45,107] *eet_gang_optimizer* Bij iteratie: 5, Nieuwe oplossing score van: -1032 > -1043, WO_27_V_Mar en WO_51_M_Jan zijn hiervoor gewisseld.
[2023-10-09 10:49:45,280] *kook_gang_optimizer* Bij iteratie: 3, Nieuwe oplossing score van: -1026 > -1032, VW_70 en WO_51 zijn hiervoor gewisseld.
[2023-10-09 10:49:45,903] *eet_gang_optimizer* Bij iteratie: 15, Nieuwe oplossing score van: -1020 > -1026, NEW_1_V_Eug en WO_52_V_Eli zijn hiervoor gewisseld.
[2023-10-09 10:49:46,144] *eet_gang_optimizer* Bij iteratie: 5, Nieuwe oplossing score van: -1002 > -1020, WO_20_M_Aad en WO_21_V_Pau zijn hiervoor gewisseld.
[2023-10-09 10:49:46,406] *eet_gang_optimizer* Bij iteratie: 5, Nieuwe oplossing score van: -989 > -1002, WO_53_M_Ola en WO_71_M_Kar zijn hiervoor gewisseld.
[2023-10-09 10:49:46,753] *kook_gang_optimizer* Bij iteratie: 8, Nieuwe oplossing score van: -977 > -989, VW_27 en VW_32 zijn hiervoor gewisseld.
[2023-10-09 10:49:46,809] *eet_gang_optimizer* Bij iteratie: 0, Nieuwe oplossing score van: -962 > -977, VW_31_V_Jan en VW_35_V_Ros zijn hiervoor gewisseld.
[2023-10-09 10:49:47,122] *eet_gang_optimizer* Bij iteratie: 7, Nieuwe oplossing score van: -938 > -962, VW_31_V_Jan en WO_81_V_Jan zijn hiervoor gewisseld.
[2023-10-09 10:49:48,561] *eet_gang_optimizer* Bij iteratie: 37, Nieuwe oplossing score van: -931 > -938, VW_20_M_Wil en VW_57_V_Ann zijn hiervoor gewisseld.
[2023-10-09 10:49:49,247] *kook_gang_optimizer* Bij iteratie: 17, Nieuwe oplossing score van: -922 > -931, VW_35 en WO_36 zijn hiervoor gewisseld.
[2023-10-09 10:49:49,375] *kook_gang_optimizer* Bij iteratie: 2, Nieuwe oplossing score van: -910 > -922, VW_5 en WO_13 zijn hiervoor gewisseld.
[2023-10-09 10:49:50,482] *kook_gang_optimizer* Bij iteratie: 28, Nieuwe oplossing score van: -898 > -910, VW_21 en VW_57 zijn hiervoor gewisseld.
[2023-10-09 10:49:50,980] *kook_gang_optimizer* Bij iteratie: 12, Nieuwe oplossing score van: -894 > -898, VW_70 en WO_33 zijn hiervoor gewisseld.
[2023-10-09 10:49:51,074] *eet_gang_optimizer* Bij iteratie: 1, Nieuwe oplossing score van: -890 > -894, WO_32_M_Ber en WO_67_M_Rob zijn hiervoor gewisseld.
[2023-10-09 10:49:51,166] *eet_gang_optimizer* Bij iteratie: 1, Nieuwe oplossing score van: -878 > -890, VW_6_V_Len en WO_9_V_Ell zijn hiervoor gewisseld.
[2023-10-09 10:49:51,256] *kook_gang_optimizer* Bij iteratie: 1, Nieuwe oplossing score van: -877 > -878, VW_25 en WO_13 zijn hiervoor gewisseld.
[2023-10-09 10:49:51,773] *eet_gang_optimizer* Bij iteratie: 12, Nieuwe oplossing score van: -876 > -877, VW_15_M_Ger en WO_1_V_Bir zijn hiervoor gewisseld.
[2023-10-09 10:49:51,864] *kook_gang_optimizer* Bij iteratie: 1, Nieuwe oplossing score van: -866 > -876, VW_33 en WO_51 zijn hiervoor gewisseld.
[2023-10-09 10:49:52,735] *kook_gang_optimizer* Bij iteratie: 22, Nieuwe oplossing score van: -858 > -866, VW_33 en VW_57 zijn hiervoor gewisseld.
[2023-10-09 10:49:53,046] *eet_gang_optimizer* Bij iteratie: 7, Nieuwe oplossing score van: -833 > -858, WO_1_V_Bir en WO_50_V_Nic zijn hiervoor gewisseld.
[2023-10-09 10:49:53,310] *eet_gang_optimizer* Bij iteratie: 5, Nieuwe oplossing score van: -827 > -833, VW_62_M_Rob en WO_79_V_Wie zijn hiervoor gewisseld.
[2023-10-09 10:49:54,284] *kook_gang_optimizer* Bij iteratie: 25, Nieuwe oplossing score van: -815 > -827, VW_18 en WO_13 zijn hiervoor gewisseld.
[2023-10-09 10:49:54,521] *kook_gang_optimizer* Bij iteratie: 5, Nieuwe oplossing score van: -788 > -815, WO_69 en WO_7 zijn hiervoor gewisseld.
[2023-10-09 10:49:54,651] *eet_gang_optimizer* Bij iteratie: 2, Nieuwe oplossing score van: -782 > -788, WO_21_V_Pau en WO_61_V_Ger zijn hiervoor gewisseld.
[2023-10-09 10:49:55,025] *eet_gang_optimizer* Bij iteratie: 8, Nieuwe oplossing score van: -776 > -782, WO_71_V_Mar en WO_81_V_Jan zijn hiervoor gewisseld.
[2023-10-09 10:49:55,301] *eet_gang_optimizer* Bij iteratie: 6, Nieuwe oplossing score van: -741 > -776, VW_70_M_Bas en WO_53_M_Ola zijn hiervoor gewisseld.
[2023-10-09 10:49:55,723] *kook_gang_optimizer* Bij iteratie: 10, Nieuwe oplossing score van: -735 > -741, VW_32 en VW_35 zijn hiervoor gewisseld.
[2023-10-09 10:49:55,878] *kook_gang_optimizer* Bij iteratie: 3, Nieuwe oplossing score van: -719 > -735, WO_21 en WO_49 zijn hiervoor gewisseld.
[2023-10-09 10:49:55,999] *eet_gang_optimizer* Bij iteratie: 2, Nieuwe oplossing score van: -707 > -719, VW_25_V_Ano en WO_13_V_Sim zijn hiervoor gewisseld.
[2023-10-09 10:49:56,118] *kook_gang_optimizer* Bij iteratie: 2, Nieuwe oplossing score van: -701 > -707, WO_16 en WO_77 zijn hiervoor gewisseld.
[2023-10-09 10:49:56,519] *eet_gang_optimizer* Bij iteratie: 10, Nieuwe oplossing score van: -689 > -701, VW_21_M_Koo en WO_75_M_Jur zijn hiervoor gewisseld.
