[2023-10-09 13:10:45,249] *kook_gang_optimizer* Bij iteratie: 1, Nieuwe oplossing score van: -1718 > -1744, VW_32 en VW_35 zijn hiervoor gewisseld.
[2023-10-09 13:10:45,781] *eet_gang_optimizer* Bij iteratie: 13, Nieuwe oplossing score van: -1715 > -1718, VW_20_M_Wil en WO_85_V_Fem zijn hiervoor gewisseld.
[2023-10-09 13:10:46,105] *eet_gang_optimizer* Bij iteratie: 7, Nieuwe oplossing score van: -1697 > -1715, WO_32a_V_Gem en WO_40_V_Bir zijn hiervoor gewisseld.
[2023-10-09 13:10:46,157] *kook_gang_optimizer* Bij iteratie: 0, Nieuwe oplossing score van: -1691 > -1697, VW_27 en WO_77 zijn hiervoor gewisseld.
[2023-10-09 13:10:46,207] *kook_gang_optimizer* Bij iteratie: 0, Nieuwe oplossing score van: -1638 > -1691, VW_46 en WO_40 zijn hiervoor gewisseld.
[2023-10-09 13:10:46,295] *kook_gang_optimizer* Bij iteratie: 1, Nieuwe oplossing score van: -1618 > -1638, VW_31 en VW_39 zijn hiervoor gewisseld.
[2023-10-09 13:10:46,459] *eet_gang_optimizer* Bij iteratie: 3, Nieuwe oplossing score van: -1611 > -1618, WO_26_V_Ver en WO_67_V_Jea zijn hiervoor gewisseld.
[2023-10-09 13:10:46,738] *kook_gang_optimizer* Bij iteratie: 6, Nieuwe oplossing score van: -1599 > -1611, VW_31 en WO_50 zijn hiervoor gewisseld.
[2023-10-09 13:10:47,327] *eet_gang_optimizer* Bij iteratie: 15, Nieuwe oplossing score van: -1592 > -1599, VW_8_M_Fra en WO_13_V_Sim zijn hiervoor gewisseld.
[2023-10-09 13:10:47,876] *eet_gang_optimizer* Bij iteratie: 14, Nieuwe oplossing score van: -1562 > -1592, WO_71_V_Mar en WO_77_M_Twa zijn hiervoor gewisseld.
[2023-10-09 13:10:48,180] *kook_gang_optimizer* Bij iteratie: 7, Nieuwe oplossing score van: -1522 > -1562, VW_32 en WO_41 zijn hiervoor gewisseld.
[2023-10-09 13:10:48,266] *kook_gang_optimizer* Bij iteratie: 1, Nieuwe oplossing score van: -1498 > -1522, WO_16 en WO_75 zijn hiervoor gewisseld.
[2023-10-09 13:10:48,332] *kook_gang_optimizer* Bij iteratie: 0, Nieuwe oplossing score van: -1482 > -1498, VW_35 en VW_70 zijn hiervoor gewisseld.
[2023-10-09 13:10:48,525] *kook_gang_optimizer* Bij iteratie: 4, Nieuwe oplossing score van: -1456 > -1482, WO_53 en WO_7 zijn hiervoor gewisseld.
[2023-10-09 13:10:48,718] *kook_gang_optimizer* Bij iteratie: 4, Nieuwe oplossing score van: -1445 > -1456, VW_25 en WO_1 zijn hiervoor gewisseld.
[2023-10-09 13:10:48,807] *kook_gang_optimizer* Bij iteratie: 1, Nieuwe oplossing score van: -1440 > -1445, VW_31 en VW_32 zijn hiervoor gewisseld.
[2023-10-09 13:10:48,967] *kook_gang_optimizer* Bij iteratie: 3, Nieuwe oplossing score van: -1418 > -1440, VW_3 en WO_36 zijn hiervoor gewisseld.
[2023-10-09 13:10:49,053] *kook_gang_optimizer* Bij iteratie: 1, Nieuwe oplossing score van: -1398 > -1418, VW_5 en WO_50 zijn hiervoor gewisseld.
[2023-10-09 13:10:49,357] *eet_gang_optimizer* Bij iteratie: 7, Nieuwe oplossing score van: -1397 > -1398, NEW_1_M_Erw en WO_53_M_Ola zijn hiervoor gewisseld.
[2023-10-09 13:10:49,408] *kook_gang_optimizer* Bij iteratie: 0, Nieuwe oplossing score van: -1392 > -1397, WO_38 en WO_71 zijn hiervoor gewisseld.
[2023-10-09 13:10:49,858] *eet_gang_optimizer* Bij iteratie: 11, Nieuwe oplossing score van: -1374 > -1392, WO_45_M_Die en WO_50_V_Nic zijn hiervoor gewisseld.
[2023-10-09 13:10:49,947] *kook_gang_optimizer* Bij iteratie: 1, Nieuwe oplossing score van: -1355 > -1374, VW_27 en WO_51 zijn hiervoor gewisseld.
[2023-10-09 13:10:50,704] *eet_gang_optimizer* Bij iteratie: 19, Nieuwe oplossing score van: -1333 > -1355, WO_49_M_Joo en WO_85_V_Fem zijn hiervoor gewisseld.
[2023-10-09 13:10:50,937] *kook_gang_optimizer* Bij iteratie: 5, Nieuwe oplossing score van: -1317 > -1333, WO_20 en WO_53 zijn hiervoor gewisseld.
[2023-10-09 13:10:51,093] *kook_gang_optimizer* Bij iteratie: 3, Nieuwe oplossing score van: -1306 > -1317, VW_12 en WO_85 zijn hiervoor gewisseld.
[2023-10-09 13:10:51,182] *eet_gang_optimizer* Bij iteratie: 1, Nieuwe oplossing score van: -1300 > -1306, VW_21_M_Koo en WO_27_M_Dan zijn hiervoor gewisseld.
[2023-10-09 13:10:51,304] *kook_gang_optimizer* Bij iteratie: 2, Nieuwe oplossing score van: -1284 > -1300, WO_33 en WO_87 zijn hiervoor gewisseld.
[2023-10-09 13:10:51,431] *eet_gang_optimizer* Bij iteratie: 2, Nieuwe oplossing score van: -1278 > -1284, VW_8_M_Fra en WO_45_M_Die zijn hiervoor gewisseld.
[2023-10-09 13:10:51,696] *eet_gang_optimizer* Bij iteratie: 6, Nieuwe oplossing score van: -1276 > -1278, VW_51_V_Eli en WO_53_V_Pat zijn hiervoor gewisseld.
[2023-10-09 13:10:51,829] *kook_gang_optimizer* Bij iteratie: 2, Nieuwe oplossing score van: -1268 > -1276, VW_9 en WO_41 zijn hiervoor gewisseld.
[2023-10-09 13:10:52,097] *eet_gang_optimizer* Bij iteratie: 6, Nieuwe oplossing score van: -1267 > -1268, WO_67_V_Jea en WO_75_V_Deb zijn hiervoor gewisseld.
[2023-10-09 13:10:52,151] *eet_gang_optimizer* Bij iteratie: 0, Nieuwe oplossing score van: -1252 > -1267, VW_15_M_Ger en WO_55_V_Han zijn hiervoor gewisseld.
[2023-10-09 13:10:52,203] *kook_gang_optimizer* Bij iteratie: 0, Nieuwe oplossing score van: -1240 > -1252, VW_3 en WO_50 zijn hiervoor gewisseld.
[2023-10-09 13:10:52,504] *eet_gang_optimizer* Bij iteratie: 7, Nieuwe oplossing score van: -1234 > -1240, VW_57_V_Ann en WO_50_V_Nic zijn hiervoor gewisseld.
[2023-10-09 13:10:52,695] *eet_gang_optimizer* Bij iteratie: 4, Nieuwe oplossing score van: -1229 > -1234, WO_20_M_Aad en WO_67_M_Rob zijn hiervoor gewisseld.
[2023-10-09 13:10:52,785] *eet_gang_optimizer* Bij iteratie: 1, Nieuwe oplossing score van: -1211 > -1229, VW_57_M_Lou en WO_9_V_Ell zijn hiervoor gewisseld.
[2023-10-09 13:10:52,869] *kook_gang_optimizer* Bij iteratie: 1, Nieuwe oplossing score van: -1158 > -1211, WO_20 en WO_69 zijn hiervoor gewisseld.
[2023-10-09 13:10:52,993] *eet_gang_optimizer* Bij iteratie: 2, Nieuwe oplossing score van: -1145 > -1158, VW_39_M_Bar en WO_9_M_Phi zijn hiervoor gewisseld.
[2023-10-09 13:10:53,289] *kook_gang_optimizer* Bij iteratie: 7, Nieuwe oplossing score van: -1144 > -1145, WO_77 en WO_87 zijn hiervoor gewisseld.
[2023-10-09 13:10:53,410] *kook_gang_optimizer* Bij iteratie: 2, Nieuwe oplossing score van: -1134 > -1144, WO_41 en WO_75 zijn hiervoor gewisseld.
[2023-10-09 13:10:53,899] *eet_gang_optimizer* Bij iteratie: 12, Nieuwe oplossing score van: -1105 > -1134, VW_13_M_Mar en WO_33_M_Ari zijn hiervoor gewisseld.
[2023-10-09 13:10:54,562] *eet_gang_optimizer* Bij iteratie: 17, Nieuwe oplossing score van: -1099 > -1105, VW_8_M_Fra en WO_32a_V_Gem zijn hiervoor gewisseld.
[2023-10-09 13:10:54,616] *eet_gang_optimizer* Bij iteratie: 0, Nieuwe oplossing score van: -1097 > -1099, VW_3_V_Cla en VW_32_M_Mic zijn hiervoor gewisseld.
[2023-10-09 13:10:54,669] *eet_gang_optimizer* Bij iteratie: 0, Nieuwe oplossing score van: -1077 > -1097, WO_45_M_Die en WO_45_V_Kar zijn hiervoor gewisseld.
[2023-10-09 13:10:54,829] *eet_gang_optimizer* Bij iteratie: 3, Nieuwe oplossing score van: -1070 > -1077, VW_15_V_Aim en VW_5_V_Jud zijn hiervoor gewisseld.
[2023-10-09 13:10:55,005] *eet_gang_optimizer* Bij iteratie: 3, Nieuwe oplossing score van: -1061 > -1070, WO_53_V_Pat en WO_71_M_Kar zijn hiervoor gewisseld.
[2023-10-09 13:10:55,059] *eet_gang_optimizer* Bij iteratie: 0, Nieuwe oplossing score van: -1049 > -1061, VW_70_M_Bas en WO_36_V_Ren zijn hiervoor gewisseld.
[2023-10-09 13:10:55,910] *kook_gang_optimizer* Bij iteratie: 22, Nieuwe oplossing score van: -1048 > -1049, VW_51 en WO_45 zijn hiervoor gewisseld.
[2023-10-09 13:10:56,070] *kook_gang_optimizer* Bij iteratie: 3, Nieuwe oplossing score van: -1044 > -1048, VW_72 en WO_87 zijn hiervoor gewisseld.
[2023-10-09 13:10:56,484] *eet_gang_optimizer* Bij iteratie: 10, Nieuwe oplossing score van: -1043 > -1044, VW_20_V_Ber en WO_40_V_Bir zijn hiervoor gewisseld.
[2023-10-09 13:10:56,571] *kook_gang_optimizer* Bij iteratie: 1, Nieuwe oplossing score van: -1039 > -1043, WO_71 en WO_75 zijn hiervoor gewisseld.
[2023-10-09 13:10:57,325] *kook_gang_optimizer* Bij iteratie: 19, Nieuwe oplossing score van: -1027 > -1039, WO_52 en WO_71 zijn hiervoor gewisseld.
[2023-10-09 13:10:57,593] *eet_gang_optimizer* Bij iteratie: 6, Nieuwe oplossing score van: -1003 > -1027, VW_62_M_Rob en VW_9_M_Rob zijn hiervoor gewisseld.
[2023-10-09 13:10:57,643] *kook_gang_optimizer* Bij iteratie: 0, Nieuwe oplossing score van: -979 > -1003, WO_7 en WO_87 zijn hiervoor gewisseld.
[2023-10-09 13:10:57,695] *kook_gang_optimizer* Bij iteratie: 0, Nieuwe oplossing score van: -973 > -979, VW_51 en WO_40 zijn hiervoor gewisseld.
[2023-10-09 13:10:58,110] *kook_gang_optimizer* Bij iteratie: 10, Nieuwe oplossing score van: -972 > -973, VW_25 en VW_51 zijn hiervoor gewisseld.
[2023-10-09 13:10:58,305] *eet_gang_optimizer* Bij iteratie: 4, Nieuwe oplossing score van: -936 > -972, NEW_3_M_Rob en WO_41_V_Ann zijn hiervoor gewisseld.
[2023-10-09 13:10:58,359] *eet_gang_optimizer* Bij iteratie: 0, Nieuwe oplossing score van: -924 > -936, WO_16_V_Lie en WO_71_M_Kar zijn hiervoor gewisseld.
[2023-10-09 13:10:58,412] *eet_gang_optimizer* Bij iteratie: 0, Nieuwe oplossing score van: -911 > -924, WO_49_V_Van en WO_9_V_Ell zijn hiervoor gewisseld.
[2023-10-09 13:10:59,767] *eet_gang_optimizer* Bij iteratie: 36, Nieuwe oplossing score van: -908 > -911, WO_36_M_Hui en WO_61_V_Ger zijn hiervoor gewisseld.
[2023-10-09 13:11:00,210] *eet_gang_optimizer* Bij iteratie: 11, Nieuwe oplossing score van: -901 > -908, VW_43_V_Sjo en WO_38_M_Jaa zijn hiervoor gewisseld.
[2023-10-09 13:11:00,523] *kook_gang_optimizer* Bij iteratie: 7, Nieuwe oplossing score van: -893 > -901, VW_46 en VW_5 zijn hiervoor gewisseld.
[2023-10-09 13:11:00,964] *eet_gang_optimizer* Bij iteratie: 11, Nieuwe oplossing score van: -887 > -893, WO_32_M_Ber en WO_52_M_Ton zijn hiervoor gewisseld.
[2023-10-09 13:11:02,260] *kook_gang_optimizer* Bij iteratie: 35, Nieuwe oplossing score van: -879 > -887, VW_33 en WO_71 zijn hiervoor gewisseld.
[2023-10-09 13:11:02,387] *eet_gang_optimizer* Bij iteratie: 2, Nieuwe oplossing score van: -867 > -879, VW_39_V_Ann en WO_23_M_Bar zijn hiervoor gewisseld.
[2023-10-09 13:11:02,475] *eet_gang_optimizer* Bij iteratie: 1, Nieuwe oplossing score van: -844 > -867, VW_25_M_Joo en VW_39_V_Ann zijn hiervoor gewisseld.
[2023-10-09 13:11:02,631] *kook_gang_optimizer* Bij iteratie: 3, Nieuwe oplossing score van: -833 > -844, WO_26 en WO_38 zijn hiervoor gewisseld.
[2023-10-09 13:11:03,493] *kook_gang_optimizer* Bij iteratie: 23, Nieuwe oplossing score van: -825 > -833, VW_51 en WO_1 zijn hiervoor gewisseld.
[2023-10-09 13:11:05,950] *kook_gang_optimizer* Bij iteratie: 66, Nieuwe oplossing score van: -807 > -825, VW_13 en VW_43 zijn hiervoor gewisseld.
[2023-10-09 13:11:06,003] *eet_gang_optimizer* Bij iteratie: 0, Nieuwe oplossing score van: -796 > -807, VW_51_M_Coe en WO_33_V_Lou zijn hiervoor gewisseld.
[2023-10-09 13:11:07,338] *kook_gang_optimizer* Bij iteratie: 36, Nieuwe oplossing score van: -776 > -796, WO_32 en WO_38 zijn hiervoor gewisseld.
[2023-10-09 13:11:07,461] *kook_gang_optimizer* Bij iteratie: 2, Nieuwe oplossing score van: -774 > -776, VW_62 en WO_32 zijn hiervoor gewisseld.
[2023-10-09 13:11:07,653] *kook_gang_optimizer* Bij iteratie: 4, Nieuwe oplossing score van: -765 > -774, VW_5 en WO_38 zijn hiervoor gewisseld.
[2023-10-09 13:11:08,063] *kook_gang_optimizer* Bij iteratie: 10, Nieuwe oplossing score van: -752 > -765, VW_3 en VW_32 zijn hiervoor gewisseld.
[2023-10-09 13:11:08,435] *eet_gang_optimizer* Bij iteratie: 9, Nieuwe oplossing score van: -724 > -752, VW_21_M_Koo en WO_24_M_Ray zijn hiervoor gewisseld.
[2023-10-09 13:11:08,926] *kook_gang_optimizer* Bij iteratie: 12, Nieuwe oplossing score van: -723 > -724, VW_33 en WO_41 zijn hiervoor gewisseld.
[2023-10-09 13:11:09,971] *kook_gang_optimizer* Bij iteratie: 28, Nieuwe oplossing score van: -713 > -723, WO_49 en WO_77 zijn hiervoor gewisseld.
[2023-10-09 13:11:11,208] *kook_gang_optimizer* Bij iteratie: 33, Nieuwe oplossing score van: -709 > -713, WO_33 en WO_51 zijn hiervoor gewisseld.
[2023-10-09 13:11:11,647] *kook_gang_optimizer* Bij iteratie: 11, Nieuwe oplossing score van: -706 > -709, VW_23 en VW_32 zijn hiervoor gewisseld.
[2023-10-09 13:11:12,528] *eet_gang_optimizer* Bij iteratie: 23, Nieuwe oplossing score van: -699 > -706, WO_20_M_Aad en WO_24_M_Ray zijn hiervoor gewisseld.
[2023-10-09 13:11:13,287] *kook_gang_optimizer* Bij iteratie: 20, Nieuwe oplossing score van: -698 > -699, VW_27 en VW_32 zijn hiervoor gewisseld.
[2023-10-09 13:11:14,271] *kook_gang_optimizer* Bij iteratie: 26, Nieuwe oplossing score van: -697 > -698, WO_24 en WO_53 zijn hiervoor gewisseld.
[2023-10-09 13:11:15,175] *eet_gang_optimizer* Bij iteratie: 23, Nieuwe oplossing score van: -686 > -697, VW_18_V_Yol en WO_11_M_Bas zijn hiervoor gewisseld.
[2023-10-09 13:11:15,550] *eet_gang_optimizer* Bij iteratie: 9, Nieuwe oplossing score van: -669 > -686, VW_62_V_Ale en WO_16_V_Lie zijn hiervoor gewisseld.
[2023-10-09 13:11:17,556] *eet_gang_optimizer* Bij iteratie: 54, Nieuwe oplossing score van: -665 > -669, WO_41_M_Wim en WO_67_V_Jea zijn hiervoor gewisseld.
[2023-10-09 13:11:18,850] *kook_gang_optimizer* Bij iteratie: 34, Nieuwe oplossing score van: -662 > -665, VW_51 en WO_75 zijn hiervoor gewisseld.
[2023-10-09 13:11:18,902] *kook_gang_optimizer* Bij iteratie: 0, Nieuwe oplossing score van: -661 > -662, WO_45 en WO_50 zijn hiervoor gewisseld.
[2023-10-09 13:11:19,555] *kook_gang_optimizer* Bij iteratie: 17, Nieuwe oplossing score van: -657 > -661, VW_70 en WO_20 zijn hiervoor gewisseld.
[2023-10-09 13:11:20,435] *eet_gang_optimizer* Bij iteratie: 23, Nieuwe oplossing score van: -651 > -657, VW_35_V_Ros en WO_9_M_Phi zijn hiervoor gewisseld.
[2023-10-09 13:11:23,627] *kook_gang_optimizer* Bij iteratie: 88, Nieuwe oplossing score van: -646 > -651, WO_16 en WO_71 zijn hiervoor gewisseld.
[2023-10-09 13:11:23,823] *eet_gang_optimizer* Bij iteratie: 4, Nieuwe oplossing score van: -634 > -646, VW_20_M_Wil en VW_68_V_Mar zijn hiervoor gewisseld.
[2023-10-09 13:11:24,383] *kook_gang_optimizer* Bij iteratie: 14, Nieuwe oplossing score van: -633 > -634, VW_3 en WO_16 zijn hiervoor gewisseld.
[2023-10-09 13:11:25,527] *eet_gang_optimizer* Bij iteratie: 30, Nieuwe oplossing score van: -626 > -633, VW_21_V_Ale en WO_16_M_Fre zijn hiervoor gewisseld.
[2023-10-09 13:11:28,736] *kook_gang_optimizer* Bij iteratie: 88, Nieuwe oplossing score van: -618 > -626, WO_49 en WO_85 zijn hiervoor gewisseld.
[2023-10-09 13:11:31,301] *kook_gang_optimizer* Bij iteratie: 70, Nieuwe oplossing score van: -613 > -618, WO_24 en WO_50 zijn hiervoor gewisseld.
[2023-10-09 13:11:31,389] *eet_gang_optimizer* Bij iteratie: 1, Nieuwe oplossing score van: -602 > -613, VW_27_M_Rob en WO_16_V_Lie zijn hiervoor gewisseld.
[2023-10-09 13:11:31,545] *kook_gang_optimizer* Bij iteratie: 3, Nieuwe oplossing score van: -595 > -602, VW_13 en WO_32 zijn hiervoor gewisseld.
[2023-10-09 13:11:31,879] *eet_gang_optimizer* Bij iteratie: 8, Nieuwe oplossing score van: -588 > -595, WO_49_V_Van en WO_67_V_Jea zijn hiervoor gewisseld.
[2023-10-09 13:11:33,982] *kook_gang_optimizer* Bij iteratie: 57, Nieuwe oplossing score van: -586 > -588, WO_1 en WO_36 zijn hiervoor gewisseld.
[2023-10-09 13:11:35,730] *kook_gang_optimizer* Bij iteratie: 45, Nieuwe oplossing score van: -584 > -586, WO_55 en WO_77 zijn hiervoor gewisseld.
[2023-10-09 13:11:37,478] *kook_gang_optimizer* Bij iteratie: 46, Nieuwe oplossing score van: -580 > -584, VW_72 en WO_26 zijn hiervoor gewisseld.
[2023-10-09 13:11:37,711] *kook_gang_optimizer* Bij iteratie: 4, Nieuwe oplossing score van: -576 > -580, VW_32 en WO_49 zijn hiervoor gewisseld.
[2023-10-09 13:11:38,323] *eet_gang_optimizer* Bij iteratie: 14, Nieuwe oplossing score van: -569 > -576, WO_27_V_Mar en WO_41_V_Ann zijn hiervoor gewisseld.
[2023-10-09 13:11:41,832] *kook_gang_optimizer* Bij iteratie: 94, Nieuwe oplossing score van: -558 > -569, VW_12 en VW_13 zijn hiervoor gewisseld.
[2023-10-09 13:11:47,093] *kook_gang_optimizer* Bij iteratie: 140, Nieuwe oplossing score van: -551 > -558, VW_15 en WO_87 zijn hiervoor gewisseld.
[2023-10-09 13:11:49,990] *eet_gang_optimizer* Bij iteratie: 77, Nieuwe oplossing score van: -550 > -551, WO_27_M_Dan en WO_57_V_May zijn hiervoor gewisseld.
[2023-10-09 13:11:53,489] *kook_gang_optimizer* Bij iteratie: 91, Nieuwe oplossing score van: -543 > -550, WO_13 en WO_53 zijn hiervoor gewisseld.
[2023-10-09 13:11:53,986] *kook_gang_optimizer* Bij iteratie: 12, Nieuwe oplossing score van: -531 > -543, VW_3 en WO_69 zijn hiervoor gewisseld.
[2023-10-09 13:11:56,287] *kook_gang_optimizer* Bij iteratie: 61, Nieuwe oplossing score van: -530 > -531, WO_45 en WO_50 zijn hiervoor gewisseld.
