[2023-10-06 22:01:46,554] *kook_gang_optimizer* Bij iteratie: 2, Nieuwe oplossing score van: -964 > -968, VW_20 en WO_51 zijn hiervoor gewisselt.
[2023-10-06 22:01:46,785] *eet_gang_optimizer* Bij iteratie: 1, Nieuwe oplossing score van: -962 > -964, VW_32_M_Mic en WO_87_V_Mad zijn hiervoor gewisselt.
[2023-10-06 22:01:47,434] *kook_gang_optimizer* Bij iteratie: 17, Nieuwe oplossing score van: -961 > -962, VW_39 en WO_36 zijn hiervoor gewisselt.
[2023-10-06 22:01:47,778] *kook_gang_optimizer* Bij iteratie: 8, Nieuwe oplossing score van: -952 > -961, VW_3 en WO_77 zijn hiervoor gewisselt.
[2023-10-06 22:01:50,347] *kook_gang_optimizer* Bij iteratie: 69, Nieuwe oplossing score van: -941 > -952, VW_25 en WO_71 zijn hiervoor gewisselt.
[2023-10-06 22:01:50,640] *eet_gang_optimizer* Bij iteratie: 2, Nieuwe oplossing score van: -937 > -941, VW_18_V_Yol en WO_33_M_Ari zijn hiervoor gewisselt.
[2023-10-06 22:01:50,983] *eet_gang_optimizer* Bij iteratie: 2, Nieuwe oplossing score van: -931 > -937, VW_23_V_Ils en WO_61_V_Ger zijn hiervoor gewisselt.
[2023-10-06 22:01:51,168] *eet_gang_optimizer* Bij iteratie: 1, Nieuwe oplossing score van: -925 > -931, VW_39_M_Bar en VW_9_V_Rie zijn hiervoor gewisselt.
[2023-10-06 22:01:51,241] *kook_gang_optimizer* Bij iteratie: 1, Nieuwe oplossing score van: -921 > -925, WO_36 en WO_45 zijn hiervoor gewisselt.
[2023-10-06 22:01:51,501] *eet_gang_optimizer* Bij iteratie: 2, Nieuwe oplossing score van: -916 > -921, WO_51_M_Jan en WO_71_V_Mar zijn hiervoor gewisselt.
[2023-10-06 22:01:51,688] *kook_gang_optimizer* Bij iteratie: 4, Nieuwe oplossing score van: -913 > -916, WO_1 en WO_27 zijn hiervoor gewisselt.
[2023-10-06 22:01:51,799] *kook_gang_optimizer* Bij iteratie: 2, Nieuwe oplossing score van: -910 > -913, WO_24 en WO_27 zijn hiervoor gewisselt.
[2023-10-06 22:01:51,875] *kook_gang_optimizer* Bij iteratie: 1, Nieuwe oplossing score van: -898 > -910, WO_21 en WO_71 zijn hiervoor gewisselt.
[2023-10-06 22:01:52,423] *kook_gang_optimizer* Bij iteratie: 14, Nieuwe oplossing score van: -897 > -898, VW_18 en WO_1 zijn hiervoor gewisselt.
[2023-10-06 22:01:52,535] *kook_gang_optimizer* Bij iteratie: 2, Nieuwe oplossing score van: -894 > -897, WO_27 en WO_77 zijn hiervoor gewisselt.
[2023-10-06 22:01:52,739] *kook_gang_optimizer* Bij iteratie: 4, Nieuwe oplossing score van: -892 > -894, WO_45 en WO_53 zijn hiervoor gewisselt.
[2023-10-06 22:01:54,301] *kook_gang_optimizer* Bij iteratie: 42, Nieuwe oplossing score van: -891 > -892, VW_57 en WO_77 zijn hiervoor gewisselt.
[2023-10-06 22:01:54,933] *kook_gang_optimizer* Bij iteratie: 16, Nieuwe oplossing score van: -890 > -891, VW_18 en WO_16 zijn hiervoor gewisselt.
[2023-10-06 22:01:56,830] *kook_gang_optimizer* Bij iteratie: 51, Nieuwe oplossing score van: -866 > -890, VW_51 en WO_24 zijn hiervoor gewisselt.
[2023-10-06 22:01:59,616] *kook_gang_optimizer* Bij iteratie: 75, Nieuwe oplossing score van: -859 > -866, WO_69 en WO_75 zijn hiervoor gewisselt.
[2023-10-06 22:01:59,798] *kook_gang_optimizer* Bij iteratie: 4, Nieuwe oplossing score van: -853 > -859, VW_31 en WO_41 zijn hiervoor gewisselt.
[2023-10-06 22:02:00,162] *eet_gang_optimizer* Bij iteratie: 3, Nieuwe oplossing score van: -847 > -853, WO_20_V_Ast en WO_71_V_Mar zijn hiervoor gewisselt.
[2023-10-06 22:02:00,272] *kook_gang_optimizer* Bij iteratie: 2, Nieuwe oplossing score van: -842 > -847, WO_53 en WO_71 zijn hiervoor gewisselt.
[2023-10-06 22:02:00,600] *eet_gang_optimizer* Bij iteratie: 2, Nieuwe oplossing score van: -837 > -842, VW_39_V_Ann en VW_70_V_Cha zijn hiervoor gewisselt.
[2023-10-06 22:02:01,191] *kook_gang_optimizer* Bij iteratie: 15, Nieuwe oplossing score van: -835 > -837, VW_20 en WO_23 zijn hiervoor gewisselt.
[2023-10-06 22:02:01,955] *kook_gang_optimizer* Bij iteratie: 20, Nieuwe oplossing score van: -834 > -835, VW_70 en WO_40 zijn hiervoor gewisselt.
[2023-10-06 22:02:02,623] *eet_gang_optimizer* Bij iteratie: 5, Nieuwe oplossing score van: -823 > -834, VW_13_V_Con en WO_40_V_Bir zijn hiervoor gewisselt.
[2023-10-06 22:02:03,417] *eet_gang_optimizer* Bij iteratie: 7, Nieuwe oplossing score van: -822 > -823, VW_8_M_Fra en WO_13_M_Lau zijn hiervoor gewisselt.
[2023-10-06 22:02:03,493] *eet_gang_optimizer* Bij iteratie: 0, Nieuwe oplossing score van: -816 > -822, VW_23_M_Lar en WO_27_M_Dan zijn hiervoor gewisselt.
[2023-10-06 22:02:04,525] *kook_gang_optimizer* Bij iteratie: 27, Nieuwe oplossing score van: -814 > -816, WO_13 en WO_87 zijn hiervoor gewisselt.
[2023-10-06 22:02:04,926] *eet_gang_optimizer* Bij iteratie: 3, Nieuwe oplossing score van: -808 > -814, VW_57_V_Ann en WO_45_V_Kar zijn hiervoor gewisselt.
[2023-10-06 22:02:05,003] *eet_gang_optimizer* Bij iteratie: 0, Nieuwe oplossing score van: -807 > -808, WO_40_V_Mar en WO_41_V_Ann zijn hiervoor gewisselt.
[2023-10-06 22:02:05,901] *kook_gang_optimizer* Bij iteratie: 24, Nieuwe oplossing score van: -793 > -807, VW_25 en WO_52 zijn hiervoor gewisselt.
[2023-10-06 22:02:06,520] *eet_gang_optimizer* Bij iteratie: 5, Nieuwe oplossing score van: -781 > -793, WO_33_M_Ari en WO_50_M_Fli zijn hiervoor gewisselt.
[2023-10-06 22:02:06,998] *kook_gang_optimizer* Bij iteratie: 13, Nieuwe oplossing score van: -779 > -781, VW_51 en WO_21 zijn hiervoor gewisselt.
[2023-10-06 22:02:07,070] *eet_gang_optimizer* Bij iteratie: 0, Nieuwe oplossing score van: -767 > -779, WO_45_V_Kar en WO_50_M_Fli zijn hiervoor gewisselt.
[2023-10-06 22:02:08,256] *eet_gang_optimizer* Bij iteratie: 11, Nieuwe oplossing score van: -766 > -767, VW_51_M_Coe en WO_51_M_Jan zijn hiervoor gewisselt.
[2023-10-06 22:02:08,534] *eet_gang_optimizer* Bij iteratie: 2, Nieuwe oplossing score van: -761 > -766, VW_12_V_Sja en VW_62_M_Rob zijn hiervoor gewisselt.
[2023-10-06 22:02:08,846] *kook_gang_optimizer* Bij iteratie: 8, Nieuwe oplossing score van: -757 > -761, VW_39 en VW_70 zijn hiervoor gewisselt.
[2023-10-06 22:02:08,994] *kook_gang_optimizer* Bij iteratie: 3, Nieuwe oplossing score van: -738 > -757, VW_5 en WO_1 zijn hiervoor gewisselt.
[2023-10-06 22:02:09,067] *eet_gang_optimizer* Bij iteratie: 0, Nieuwe oplossing score van: -733 > -738, VW_12_V_Sja en WO_45_V_Kar zijn hiervoor gewisselt.
[2023-10-06 22:02:09,653] *kook_gang_optimizer* Bij iteratie: 16, Nieuwe oplossing score van: -732 > -733, VW_9 en WO_71 zijn hiervoor gewisselt.
[2023-10-06 22:02:09,725] *eet_gang_optimizer* Bij iteratie: 0, Nieuwe oplossing score van: -727 > -732, VW_20_V_Ber en WO_24_V_Jea zijn hiervoor gewisselt.
[2023-10-06 22:02:10,560] *kook_gang_optimizer* Bij iteratie: 23, Nieuwe oplossing score van: -721 > -727, WO_69 en WO_7 zijn hiervoor gewisselt.
[2023-10-06 22:02:11,438] *kook_gang_optimizer* Bij iteratie: 25, Nieuwe oplossing score van: -720 > -721, VW_27 en VW_5 zijn hiervoor gewisselt.
[2023-10-06 22:02:11,710] *kook_gang_optimizer* Bij iteratie: 7, Nieuwe oplossing score van: -700 > -720, VW_27 en VW_51 zijn hiervoor gewisselt.
[2023-10-06 22:02:12,304] *eet_gang_optimizer* Bij iteratie: 5, Nieuwe oplossing score van: -695 > -700, VW_25_V_Ano en WO_16_M_Fre zijn hiervoor gewisselt.
[2023-10-06 22:02:13,356] *eet_gang_optimizer* Bij iteratie: 10, Nieuwe oplossing score van: -693 > -695, WO_77_V_Maa en WO_79_M_Rob zijn hiervoor gewisselt.
[2023-10-06 22:02:15,859] *kook_gang_optimizer* Bij iteratie: 72, Nieuwe oplossing score van: -676 > -693, VW_20 en WO_53 zijn hiervoor gewisselt.
[2023-10-06 22:02:20,934] *kook_gang_optimizer* Bij iteratie: 147, Nieuwe oplossing score van: -675 > -676, VW_27 en WO_85 zijn hiervoor gewisselt.
[2023-10-06 22:02:22,232] *eet_gang_optimizer* Bij iteratie: 12, Nieuwe oplossing score van: -671 > -675, WO_36_V_Ren en WO_81_M_Jan zijn hiervoor gewisselt.
[2023-10-06 22:02:22,963] *kook_gang_optimizer* Bij iteratie: 20, Nieuwe oplossing score van: -668 > -671, VW_32 en WO_50 zijn hiervoor gewisselt.
[2023-10-06 22:02:25,810] *kook_gang_optimizer* Bij iteratie: 82, Nieuwe oplossing score van: -667 > -668, VW_23 en WO_27 zijn hiervoor gewisselt.
[2023-10-06 22:02:25,966] *eet_gang_optimizer* Bij iteratie: 1, Nieuwe oplossing score van: -652 > -667, WO_13_M_Lau en WO_9_M_Phi zijn hiervoor gewisselt.
[2023-10-06 22:02:28,343] *kook_gang_optimizer* Bij iteratie: 67, Nieuwe oplossing score van: -650 > -652, VW_25 en WO_85 zijn hiervoor gewisselt.
[2023-10-06 22:02:29,145] *kook_gang_optimizer* Bij iteratie: 22, Nieuwe oplossing score van: -644 > -650, WO_40 en WO_52 zijn hiervoor gewisselt.
[2023-10-06 22:02:29,487] *eet_gang_optimizer* Bij iteratie: 3, Nieuwe oplossing score van: -639 > -644, WO_38_V_Eek en WO_69_V_Ant zijn hiervoor gewisselt.
[2023-10-06 22:02:30,102] *eet_gang_optimizer* Bij iteratie: 5, Nieuwe oplossing score van: -629 > -639, VW_31_V_Jan en WO_75_V_Deb zijn hiervoor gewisselt.
[2023-10-06 22:02:30,206] *eet_gang_optimizer* Bij iteratie: 0, Nieuwe oplossing score van: -612 > -629, WO_13_M_Lau en WO_9_V_Ell zijn hiervoor gewisselt.
[2023-10-06 22:02:30,310] *eet_gang_optimizer* Bij iteratie: 0, Nieuwe oplossing score van: -608 > -612, NEW_3_M_Rob en WO_81_V_Jan zijn hiervoor gewisselt.
[2023-10-06 22:02:31,242] *kook_gang_optimizer* Bij iteratie: 26, Nieuwe oplossing score van: -604 > -608, VW_25 en WO_24 zijn hiervoor gewisselt.
[2023-10-06 22:02:31,724] *eet_gang_optimizer* Bij iteratie: 4, Nieuwe oplossing score van: -598 > -604, VW_62_M_Rob en WO_51_V_Dia zijn hiervoor gewisselt.
[2023-10-06 22:02:33,392] *eet_gang_optimizer* Bij iteratie: 16, Nieuwe oplossing score van: -597 > -598, VW_39_M_Bar en WO_13_M_Lau zijn hiervoor gewisselt.
[2023-10-06 22:02:34,833] *eet_gang_optimizer* Bij iteratie: 13, Nieuwe oplossing score van: -592 > -597, VW_15_V_Aim en WO_16_M_Fre zijn hiervoor gewisselt.
[2023-10-06 22:02:35,188] *eet_gang_optimizer* Bij iteratie: 3, Nieuwe oplossing score van: -582 > -592, VW_18_V_Yol en WO_1_V_Bir zijn hiervoor gewisselt.
[2023-10-06 22:02:35,732] *eet_gang_optimizer* Bij iteratie: 5, Nieuwe oplossing score van: -580 > -582, WO_9_M_Phi en WO_9_V_Ell zijn hiervoor gewisselt.
[2023-10-06 22:02:37,342] *eet_gang_optimizer* Bij iteratie: 15, Nieuwe oplossing score van: -574 > -580, VW_68_V_Mar en WO_27_V_Mar zijn hiervoor gewisselt.
[2023-10-06 22:02:37,514] *eet_gang_optimizer* Bij iteratie: 1, Nieuwe oplossing score van: -567 > -574, VW_31_V_Jan en VW_8_M_Fra zijn hiervoor gewisselt.
[2023-10-06 22:02:38,313] *eet_gang_optimizer* Bij iteratie: 7, Nieuwe oplossing score van: -561 > -567, VW_68_M_Chr en WO_69_V_Ant zijn hiervoor gewisselt.
[2023-10-06 22:02:40,079] *kook_gang_optimizer* Bij iteratie: 50, Nieuwe oplossing score van: -552 > -561, VW_25 en WO_85 zijn hiervoor gewisselt.
[2023-10-06 22:02:40,387] *kook_gang_optimizer* Bij iteratie: 8, Nieuwe oplossing score van: -551 > -552, VW_18 en VW_33 zijn hiervoor gewisselt.
[2023-10-06 22:02:41,031] *eet_gang_optimizer* Bij iteratie: 6, Nieuwe oplossing score van: -546 > -551, NEW_3_M_Rob en WO_32_M_Ber zijn hiervoor gewisselt.
[2023-10-06 22:02:41,891] *eet_gang_optimizer* Bij iteratie: 8, Nieuwe oplossing score van: -540 > -546, VW_13_M_Mar en VW_23_M_Lar zijn hiervoor gewisselt.
[2023-10-06 22:02:46,473] *eet_gang_optimizer* Bij iteratie: 44, Nieuwe oplossing score van: -529 > -540, VW_13_M_Mar en WO_49_V_Van zijn hiervoor gewisselt.
[2023-10-06 22:02:47,154] *eet_gang_optimizer* Bij iteratie: 6, Nieuwe oplossing score van: -528 > -529, VW_8_V_Let en WO_67_V_Jea zijn hiervoor gewisselt.
[2023-10-06 22:02:47,545] *eet_gang_optimizer* Bij iteratie: 3, Nieuwe oplossing score van: -523 > -528, VW_20_V_Ber en VW_62_V_Ale zijn hiervoor gewisselt.
[2023-10-06 22:02:49,756] *kook_gang_optimizer* Bij iteratie: 63, Nieuwe oplossing score van: -522 > -523, VW_8 en WO_45 zijn hiervoor gewisselt.
[2023-10-06 22:02:50,403] *eet_gang_optimizer* Bij iteratie: 6, Nieuwe oplossing score van: -516 > -522, WO_61_V_Ger en WO_7_V_Mon zijn hiervoor gewisselt.
[2023-10-06 22:02:51,536] *kook_gang_optimizer* Bij iteratie: 32, Nieuwe oplossing score van: -508 > -516, VW_3 en WO_49 zijn hiervoor gewisselt.
[2023-10-06 22:02:52,101] *eet_gang_optimizer* Bij iteratie: 5, Nieuwe oplossing score van: -502 > -508, VW_9_M_Rob en WO_85_M_Wil zijn hiervoor gewisselt.
[2023-10-06 22:02:54,808] *kook_gang_optimizer* Bij iteratie: 78, Nieuwe oplossing score van: -501 > -502, VW_13 en WO_87 zijn hiervoor gewisselt.
[2023-10-06 22:02:59,921] *kook_gang_optimizer* Bij iteratie: 148, Nieuwe oplossing score van: -494 > -501, VW_3 en WO_21 zijn hiervoor gewisselt.
[2023-10-06 22:03:00,027] *eet_gang_optimizer* Bij iteratie: 0, Nieuwe oplossing score van: -484 > -494, VW_9_M_Rob en WO_52_M_Ton zijn hiervoor gewisselt.
[2023-10-06 22:03:00,374] *eet_gang_optimizer* Bij iteratie: 3, Nieuwe oplossing score van: -481 > -484, WO_1_M_And en WO_75_M_Jur zijn hiervoor gewisselt.
[2023-10-06 22:03:00,513] *eet_gang_optimizer* Bij iteratie: 1, Nieuwe oplossing score van: -480 > -481, VW_39_M_Bar en WO_61_M_Ren zijn hiervoor gewisselt.
[2023-10-06 22:03:12,839] *kook_gang_optimizer* Bij iteratie: 356, Nieuwe oplossing score van: -479 > -480, VW_12 en WO_52 zijn hiervoor gewisselt.
[2023-10-06 22:03:12,917] *eet_gang_optimizer* Bij iteratie: 0, Nieuwe oplossing score van: -472 > -479, VW_70_M_Bas en VW_8_M_Fra zijn hiervoor gewisselt.
[2023-10-06 22:03:13,091] *kook_gang_optimizer* Bij iteratie: 4, Nieuwe oplossing score van: -470 > -472, VW_33 en VW_5 zijn hiervoor gewisselt.
[2023-10-06 22:03:14,496] *eet_gang_optimizer* Bij iteratie: 13, Nieuwe oplossing score van: -469 > -470, NEW_3_M_Rob en VW_18_M_Mic zijn hiervoor gewisselt.
[2023-10-06 22:03:16,040] *eet_gang_optimizer* Bij iteratie: 14, Nieuwe oplossing score van: -467 > -469, VW_21_V_Ale en WO_81_V_Jan zijn hiervoor gewisselt.
[2023-10-06 22:03:16,387] *eet_gang_optimizer* Bij iteratie: 3, Nieuwe oplossing score van: -463 > -467, WO_77_V_Maa en WO_87_V_Mad zijn hiervoor gewisselt.
[2023-10-06 22:03:22,527] *kook_gang_optimizer* Bij iteratie: 179, Nieuwe oplossing score van: -461 > -463, VW_18 en VW_32 zijn hiervoor gewisselt.
[2023-10-06 22:03:42,447] *kook_gang_optimizer* Bij iteratie: 557, Nieuwe oplossing score van: -458 > -461, VW_20 en WO_51 zijn hiervoor gewisselt.
[2023-10-06 22:03:51,718] *kook_gang_optimizer* Bij iteratie: 266, Nieuwe oplossing score van: -453 > -458, VW_20 en WO_45 zijn hiervoor gewisselt.
[2023-10-06 22:03:51,926] *eet_gang_optimizer* Bij iteratie: 1, Nieuwe oplossing score van: -451 > -453, VW_72_V_Len en WO_32_M_Ber zijn hiervoor gewisselt.
[2023-10-06 22:03:53,964] *eet_gang_optimizer* Bij iteratie: 19, Nieuwe oplossing score van: -445 > -451, WO_27_M_Dan en WO_9_V_Ell zijn hiervoor gewisselt.
[2023-10-06 22:03:55,531] *eet_gang_optimizer* Bij iteratie: 15, Nieuwe oplossing score van: -432 > -445, VW_35_M_Roe en WO_23_V_Mon zijn hiervoor gewisselt.
[2023-10-06 22:04:00,191] *kook_gang_optimizer* Bij iteratie: 135, Nieuwe oplossing score van: -427 > -432, VW_8 en WO_20 zijn hiervoor gewisselt.
[2023-10-06 22:04:02,147] *kook_gang_optimizer* Bij iteratie: 56, Nieuwe oplossing score van: -425 > -427, VW_23 en WO_13 zijn hiervoor gewisselt.
[2023-10-06 22:04:15,069] *kook_gang_optimizer* Bij iteratie: 372, Nieuwe oplossing score van: -424 > -425, WO_51 en WO_69 zijn hiervoor gewisselt.
[2023-10-06 22:04:19,213] *eet_gang_optimizer* Bij iteratie: 39, Nieuwe oplossing score van: -417 > -424, WO_53_V_Pat en WO_61_M_Ren zijn hiervoor gewisselt.
[2023-10-06 22:04:20,478] *kook_gang_optimizer* Bij iteratie: 35, Nieuwe oplossing score van: -411 > -417, WO_21 en WO_24 zijn hiervoor gewisselt.
[2023-10-06 22:04:24,618] *kook_gang_optimizer* Bij iteratie: 115, Nieuwe oplossing score van: -410 > -411, WO_26 en WO_77 zijn hiervoor gewisselt.
[2023-10-06 22:04:26,564] *eet_gang_optimizer* Bij iteratie: 18, Nieuwe oplossing score van: -409 > -410, VW_6_V_Len en WO_53_M_Ola zijn hiervoor gewisselt.
[2023-10-06 22:04:27,184] *kook_gang_optimizer* Bij iteratie: 17, Nieuwe oplossing score van: -408 > -409, VW_18 en WO_26 zijn hiervoor gewisselt.
[2023-10-06 22:04:32,818] *eet_gang_optimizer* Bij iteratie: 53, Nieuwe oplossing score van: -404 > -408, VW_25_M_Joo en WO_41_V_Ann zijn hiervoor gewisselt.
[2023-10-06 22:04:33,469] *eet_gang_optimizer* Bij iteratie: 6, Nieuwe oplossing score van: -403 > -404, VW_18_V_Yol en WO_45_V_Kar zijn hiervoor gewisselt.
[2023-10-06 22:04:33,985] *eet_gang_optimizer* Bij iteratie: 4, Nieuwe oplossing score van: -402 > -403, WO_49_V_Van en WO_52_V_Eli zijn hiervoor gewisselt.
[2023-10-06 22:05:06,412] *kook_gang_optimizer* Bij iteratie: 922, Nieuwe oplossing score van: -401 > -402, WO_55 en WO_77 zijn hiervoor gewisselt.
[2023-10-06 22:05:08,474] *kook_gang_optimizer* Bij iteratie: 58, Nieuwe oplossing score van: -391 > -401, WO_20 en WO_27 zijn hiervoor gewisselt.
[2023-10-06 22:05:12,171] *kook_gang_optimizer* Bij iteratie: 106, Nieuwe oplossing score van: -389 > -391, WO_26 en WO_33 zijn hiervoor gewisselt.
[2023-10-06 22:05:14,347] *eet_gang_optimizer* Bij iteratie: 20, Nieuwe oplossing score van: -378 > -389, VW_3_V_Cla en WO_26_M_Rod zijn hiervoor gewisselt.
[2023-10-06 22:05:20,564] *eet_gang_optimizer* Bij iteratie: 59, Nieuwe oplossing score van: -377 > -378, WO_77_V_Maa en WO_87_V_Mad zijn hiervoor gewisselt.
[2023-10-06 22:05:29,001] *eet_gang_optimizer* Bij iteratie: 81, Nieuwe oplossing score van: -376 > -377, WO_71_V_Mar en WO_87_V_Mad zijn hiervoor gewisselt.
[2023-10-06 22:05:32,876] *kook_gang_optimizer* Bij iteratie: 109, Nieuwe oplossing score van: -374 > -376, WO_20 en WO_27 zijn hiervoor gewisselt.
[2023-10-06 22:05:38,389] *kook_gang_optimizer* Bij iteratie: 156, Nieuwe oplossing score van: -371 > -374, VW_70 en WO_45 zijn hiervoor gewisselt.
[2023-10-06 22:05:49,235] *kook_gang_optimizer* Bij iteratie: 308, Nieuwe oplossing score van: -369 > -371, WO_55 en WO_87 zijn hiervoor gewisselt.
[2023-10-06 22:05:50,842] *eet_gang_optimizer* Bij iteratie: 15, Nieuwe oplossing score van: -363 > -369, NEW_3_M_Rob en WO_23_M_Bar zijn hiervoor gewisselt.
[2023-10-06 22:05:55,374] *eet_gang_optimizer* Bij iteratie: 43, Nieuwe oplossing score van: -360 > -363, VW_9_V_Rie en WO_1_M_And zijn hiervoor gewisselt.
[2023-10-06 22:06:05,684] *kook_gang_optimizer* Bij iteratie: 298, Nieuwe oplossing score van: -359 > -360, VW_25 en VW_5 zijn hiervoor gewisselt.
[2023-10-06 22:06:17,414] *eet_gang_optimizer* Bij iteratie: 114, Nieuwe oplossing score van: -358 > -359, VW_8_V_Let en WO_23_M_Bar zijn hiervoor gewisselt.
[2023-10-06 22:06:24,124] *kook_gang_optimizer* Bij iteratie: 194, Nieuwe oplossing score van: -357 > -358, WO_26 en WO_52 zijn hiervoor gewisselt.
[2023-10-06 22:06:30,316] *kook_gang_optimizer* Bij iteratie: 177, Nieuwe oplossing score van: -353 > -357, VW_9 en WO_52 zijn hiervoor gewisselt.
[2023-10-06 22:06:32,124] *eet_gang_optimizer* Bij iteratie: 17, Nieuwe oplossing score van: -352 > -353, VW_5_V_Jud en VW_57_M_Lou zijn hiervoor gewisselt.
[2023-10-06 22:07:30,705] *kook_gang_optimizer* Timeout: 600s trying eet_gang_optimizer
[2023-10-06 22:07:39,006] *eet_gang_optimizer* Bij iteratie: 80, Nieuwe oplossing score van: -347 > -352, VW_6_V_Len en WO_41_M_Wim zijn hiervoor gewisselt.
[2023-10-06 22:07:50,998] *eet_gang_optimizer* Bij iteratie: 117, Nieuwe oplossing score van: -346 > -347, VW_12_M_Pet en WO_20_V_Ast zijn hiervoor gewisselt.
[2023-10-06 22:07:54,900] *eet_gang_optimizer* Bij iteratie: 37, Nieuwe oplossing score van: -343 > -346, WO_36_V_Ren en WO_41_M_Wim zijn hiervoor gewisselt.
[2023-10-06 22:07:57,826] *eet_gang_optimizer* Bij iteratie: 28, Nieuwe oplossing score van: -337 > -343, NEW_3_V_Mel en VW_9_M_Rob zijn hiervoor gewisselt.
[2023-10-06 22:08:01,768] *eet_gang_optimizer* Bij iteratie: 38, Nieuwe oplossing score van: -333 > -337, VW_51_V_Eli en WO_26_M_Rod zijn hiervoor gewisselt.
[2023-10-06 22:08:11,185] *kook_gang_optimizer* Bij iteratie: 275, Nieuwe oplossing score van: -332 > -333, VW_23 en WO_26 zijn hiervoor gewisselt.
[2023-10-06 22:08:12,058] *eet_gang_optimizer* Bij iteratie: 8, Nieuwe oplossing score van: -326 > -332, NEW_3_V_Mel en WO_32a_V_Gem zijn hiervoor gewisselt.
[2023-10-06 22:08:14,446] *eet_gang_optimizer* Bij iteratie: 23, Nieuwe oplossing score van: -324 > -326, VW_20_M_Wil en VW_5_M_Car zijn hiervoor gewisselt.
[2023-10-06 22:08:16,807] *eet_gang_optimizer* Bij iteratie: 22, Nieuwe oplossing score van: -323 > -324, VW_8_M_Fra en WO_16_M_Fre zijn hiervoor gewisselt.
[2023-10-06 22:08:38,073] *kook_gang_optimizer* Bij iteratie: 622, Nieuwe oplossing score van: -322 > -323, VW_33 en WO_87 zijn hiervoor gewisselt.
[2023-10-06 22:08:56,283] *kook_gang_optimizer* Bij iteratie: 531, Nieuwe oplossing score van: -317 > -322, VW_39 en WO_24 zijn hiervoor gewisselt.
[2023-10-06 22:09:07,650] *eet_gang_optimizer* Bij iteratie: 111, Nieuwe oplossing score van: -316 > -317, VW_25_V_Ano en WO_79_M_Rob zijn hiervoor gewisselt.
[2023-10-06 22:09:10,634] *kook_gang_optimizer* Bij iteratie: 86, Nieuwe oplossing score van: -310 > -316, VW_70 en WO_69 zijn hiervoor gewisselt.
[2023-10-06 22:10:09,457] *kook_gang_optimizer* Timeout: 600s trying eet_gang_optimizer
[2023-10-06 22:10:21,760] *eet_gang_optimizer* Bij iteratie: 120, Nieuwe oplossing score van: -309 > -310, VW_21_M_Koo en WO_21_M_Han zijn hiervoor gewisselt.
[2023-10-06 22:10:29,135] *eet_gang_optimizer* Bij iteratie: 71, Nieuwe oplossing score van: -307 > -309, VW_13_V_Con en WO_81_V_Jan zijn hiervoor gewisselt.
[2023-10-06 22:10:38,568] *eet_gang_optimizer* Bij iteratie: 91, Nieuwe oplossing score van: -300 > -307, VW_51_M_Coe en WO_32_M_Ber zijn hiervoor gewisselt.
[2023-10-06 22:10:46,627] *eet_gang_optimizer* Bij iteratie: 78, Nieuwe oplossing score van: -299 > -300, NEW_1_M_Erw en VW_39_V_Ann zijn hiervoor gewisselt.
[2023-10-06 22:10:52,434] *eet_gang_optimizer* Bij iteratie: 56, Nieuwe oplossing score van: -293 > -299, VW_27_M_Rob en WO_40_V_Mar zijn hiervoor gewisselt.
[2023-10-06 22:11:51,442] *kook_gang_optimizer* Timeout: 600s trying eet_gang_optimizer
[2023-10-06 22:11:52,085] *eet_gang_optimizer* Bij iteratie: 6, Nieuwe oplossing score van: -287 > -293, VW_3_V_Cla en WO_32a_M_Too zijn hiervoor gewisselt.
[2023-10-06 22:12:50,594] *kook_gang_optimizer* Timeout: 600s trying eet_gang_optimizer
[2023-10-06 22:12:53,872] *eet_gang_optimizer* Bij iteratie: 31, Nieuwe oplossing score van: -282 > -287, VW_15_V_Aim en WO_11_M_Bas zijn hiervoor gewisselt.
[2023-10-06 22:13:52,647] *kook_gang_optimizer* Timeout: 600s trying eet_gang_optimizer
[2023-10-06 22:14:01,975] *eet_gang_optimizer* Bij iteratie: 83, Nieuwe oplossing score van: -281 > -282, VW_51_M_Coe en VW_70_V_Cha zijn hiervoor gewisselt.
[2023-10-06 22:15:00,828] *kook_gang_optimizer* Timeout: 600s trying eet_gang_optimizer
[2023-10-06 22:15:03,560] *eet_gang_optimizer* Bij iteratie: 26, Nieuwe oplossing score van: -280 > -281, WO_49_V_Van en WO_81_M_Jan zijn hiervoor gewisselt.
[2023-10-06 22:15:04,404] *eet_gang_optimizer* Bij iteratie: 8, Nieuwe oplossing score van: -279 > -280, WO_23_V_Mon en WO_32_V_Ing zijn hiervoor gewisselt.
[2023-10-06 22:15:48,743] *eet_gang_optimizer* Bij iteratie: 434, Nieuwe oplossing score van: -278 > -279, VW_46_V_Bre en WO_45_V_Kar zijn hiervoor gewisselt.
[2023-10-06 22:16:47,352] *kook_gang_optimizer* Timeout: 600s trying eet_gang_optimizer
[2023-10-06 22:16:55,913] *eet_gang_optimizer* Bij iteratie: 82, Nieuwe oplossing score van: -277 > -278, NEW_1_M_Erw en WO_27_V_Mar zijn hiervoor gewisselt.
[2023-10-06 22:17:54,062] *kook_gang_optimizer* Timeout: 600s trying eet_gang_optimizer
[2023-10-06 22:18:20,620] *eet_gang_optimizer* Bij iteratie: 260, Nieuwe oplossing score van: -276 > -277, WO_32_V_Ing en WO_57_V_May zijn hiervoor gewisselt.
[2023-10-06 22:18:21,306] *eet_gang_optimizer* Bij iteratie: 6, Nieuwe oplossing score van: -275 > -276, VW_62_V_Ale en WO_9_M_Phi zijn hiervoor gewisselt.
[2023-10-06 22:19:08,760] *eet_gang_optimizer* Bij iteratie: 466, Nieuwe oplossing score van: -274 > -275, WO_67_V_Jea en WO_75_V_Deb zijn hiervoor gewisselt.
[2023-10-06 22:20:06,957] *kook_gang_optimizer* Timeout: 600s trying eet_gang_optimizer
[2023-10-06 22:21:09,058] *eet_gang_optimizer* Bij iteratie: 609, Nieuwe oplossing score van: -273 > -274, VW_15_V_Aim en VW_70_V_Cha zijn hiervoor gewisselt.
[2023-10-06 22:22:07,336] *kook_gang_optimizer* Timeout: 600s trying eet_gang_optimizer
[2023-10-06 22:22:18,266] *eet_gang_optimizer* Bij iteratie: 107, Nieuwe oplossing score van: -272 > -273, VW_15_M_Ger en VW_18_V_Yol zijn hiervoor gewisselt.
[2023-10-06 22:23:16,784] *kook_gang_optimizer* Timeout: 600s trying eet_gang_optimizer
[2023-10-06 22:23:31,046] *eet_gang_optimizer* Bij iteratie: 139, Nieuwe oplossing score van: -271 > -272, VW_31_M_Pau en WO_71_V_Mar zijn hiervoor gewisselt.
[2023-10-06 22:24:04,064] *eet_gang_optimizer* Bij iteratie: 324, Nieuwe oplossing score van: -270 > -271, WO_1_V_Bir en WO_32_V_Ing zijn hiervoor gewisselt.
[2023-10-06 22:25:07,534] *eet_gang_optimizer* Bij iteratie: 622, Nieuwe oplossing score van: -269 > -270, WO_13_V_Sim en WO_38_M_Jaa zijn hiervoor gewisselt.
[2023-10-06 22:26:13,370] *eet_gang_optimizer* Bij iteratie: 645, Nieuwe oplossing score van: -268 > -269, WO_40_V_Mar en WO_52_V_Eli zijn hiervoor gewisselt.
[2023-10-06 22:27:11,704] *kook_gang_optimizer* Timeout: 600s trying eet_gang_optimizer
[2023-10-06 22:27:50,824] *eet_gang_optimizer* Bij iteratie: 383, Nieuwe oplossing score van: -267 > -268, NEW_3_M_Rob en WO_41_V_Ann zijn hiervoor gewisselt.
[2023-10-06 22:28:49,255] *kook_gang_optimizer* Timeout: 600s trying eet_gang_optimizer
[2023-10-06 22:33:49,865] *eet_gang_optimizer* Bij iteratie: 2960, Nieuwe oplossing score van: -266 > -267, WO_32_M_Ber en WO_85_V_Fem zijn hiervoor gewisselt.
[2023-10-06 22:36:25,599] *eet_gang_optimizer* Bij iteratie: 1540, Nieuwe oplossing score van: -265 > -266, VW_12_V_Sja en VW_51_M_Coe zijn hiervoor gewisselt.
[2023-10-06 22:37:23,922] *kook_gang_optimizer* Timeout: 600s trying eet_gang_optimizer
[2023-10-06 22:47:23,968] *eet_gang_optimize* Timeout: 600s Optimizer stopping ...
