[2023-10-09 12:20:47,006] *kook_gang_optimizer* Bij iteratie: 1, Nieuwe oplossing score van: -1720 > -1744, VW_35 en VW_51 zijn hiervoor gewisseld.
[2023-10-09 12:20:47,056] *kook_gang_optimizer* Bij iteratie: 0, Nieuwe oplossing score van: -1672 > -1720, WO_49 en WO_50 zijn hiervoor gewisseld.
[2023-10-09 12:20:47,243] *kook_gang_optimizer* Bij iteratie: 4, Nieuwe oplossing score van: -1636 > -1672, VW_32 en WO_41 zijn hiervoor gewisseld.
[2023-10-09 12:20:47,362] *kook_gang_optimizer* Bij iteratie: 2, Nieuwe oplossing score van: -1603 > -1636, WO_40 en WO_49 zijn hiervoor gewisseld.
[2023-10-09 12:20:47,933] *eet_gang_optimizer* Bij iteratie: 15, Nieuwe oplossing score van: -1585 > -1603, NEW_1_V_Eug en WO_32a_V_Gem zijn hiervoor gewisseld.
[2023-10-09 12:20:48,123] *kook_gang_optimizer* Bij iteratie: 4, Nieuwe oplossing score van: -1571 > -1585, VW_39 en WO_77 zijn hiervoor gewisseld.
[2023-10-09 12:20:48,461] *eet_gang_optimizer* Bij iteratie: 8, Nieuwe oplossing score van: -1559 > -1571, VW_8_V_Let en WO_9_M_Phi zijn hiervoor gewisseld.
[2023-10-09 12:20:48,512] *kook_gang_optimizer* Bij iteratie: 0, Nieuwe oplossing score van: -1534 > -1559, VW_23 en WO_27 zijn hiervoor gewisseld.
[2023-10-09 12:20:48,878] *eet_gang_optimizer* Bij iteratie: 9, Nieuwe oplossing score van: -1510 > -1534, WO_1_M_And en WO_24_M_Ray zijn hiervoor gewisseld.
[2023-10-09 12:20:49,001] *eet_gang_optimizer* Bij iteratie: 2, Nieuwe oplossing score van: -1486 > -1510, VW_27_M_Rob en WO_26_V_Ver zijn hiervoor gewisseld.
[2023-10-09 12:20:49,061] *kook_gang_optimizer* Bij iteratie: 0, Nieuwe oplossing score van: -1468 > -1486, VW_57 en WO_33 zijn hiervoor gewisseld.
[2023-10-09 12:20:49,369] *eet_gang_optimizer* Bij iteratie: 7, Nieuwe oplossing score van: -1466 > -1468, WO_33_V_Lou en WO_49_M_Joo zijn hiervoor gewisseld.
[2023-10-09 12:20:49,497] *eet_gang_optimizer* Bij iteratie: 2, Nieuwe oplossing score van: -1438 > -1466, VW_31_M_Pau en WO_38_V_Eek zijn hiervoor gewisseld.
[2023-10-09 12:20:49,551] *eet_gang_optimizer* Bij iteratie: 0, Nieuwe oplossing score van: -1432 > -1438, NEW_1_M_Erw en VW_68_V_Mar zijn hiervoor gewisseld.
[2023-10-09 12:20:49,602] *kook_gang_optimizer* Bij iteratie: 0, Nieuwe oplossing score van: -1414 > -1432, VW_31 en VW_35 zijn hiervoor gewisseld.
[2023-10-09 12:20:49,654] *kook_gang_optimizer* Bij iteratie: 0, Nieuwe oplossing score van: -1407 > -1414, WO_27 en WO_75 zijn hiervoor gewisseld.
[2023-10-09 12:20:49,881] *kook_gang_optimizer* Bij iteratie: 5, Nieuwe oplossing score van: -1385 > -1407, VW_62 en WO_71 zijn hiervoor gewisseld.
[2023-10-09 12:20:49,973] *eet_gang_optimizer* Bij iteratie: 1, Nieuwe oplossing score van: -1379 > -1385, VW_33_V_Tru en VW_43_M_Mar zijn hiervoor gewisseld.
[2023-10-09 12:20:50,321] *eet_gang_optimizer* Bij iteratie: 8, Nieuwe oplossing score van: -1372 > -1379, VW_39_M_Bar en WO_33_V_Lou zijn hiervoor gewisseld.
[2023-10-09 12:20:50,482] *kook_gang_optimizer* Bij iteratie: 3, Nieuwe oplossing score van: -1356 > -1372, WO_13 en WO_77 zijn hiervoor gewisseld.
[2023-10-09 12:20:50,714] *kook_gang_optimizer* Bij iteratie: 5, Nieuwe oplossing score van: -1310 > -1356, VW_72 en WO_51 zijn hiervoor gewisseld.
[2023-10-09 12:20:51,356] *kook_gang_optimizer* Bij iteratie: 16, Nieuwe oplossing score van: -1296 > -1310, WO_23 en WO_40 zijn hiervoor gewisseld.
[2023-10-09 12:20:51,525] *eet_gang_optimizer* Bij iteratie: 3, Nieuwe oplossing score van: -1295 > -1296, VW_15_V_Aim en WO_9_M_Phi zijn hiervoor gewisseld.
[2023-10-09 12:20:51,648] *eet_gang_optimizer* Bij iteratie: 2, Nieuwe oplossing score van: -1293 > -1295, WO_26_V_Ver en WO_69_M_Han zijn hiervoor gewisseld.
[2023-10-09 12:20:51,852] *eet_gang_optimizer* Bij iteratie: 4, Nieuwe oplossing score van: -1285 > -1293, NEW_1_V_Eug en VW_25_M_Joo zijn hiervoor gewisseld.
[2023-10-09 12:20:52,012] *eet_gang_optimizer* Bij iteratie: 3, Nieuwe oplossing score van: -1284 > -1285, VW_33_V_Tru en WO_41_V_Ann zijn hiervoor gewisseld.
[2023-10-09 12:20:52,201] *kook_gang_optimizer* Bij iteratie: 4, Nieuwe oplossing score van: -1279 > -1284, VW_3 en WO_38 zijn hiervoor gewisseld.
[2023-10-09 12:20:52,254] *eet_gang_optimizer* Bij iteratie: 0, Nieuwe oplossing score van: -1260 > -1279, VW_18_V_Yol en VW_31_V_Jan zijn hiervoor gewisseld.
[2023-10-09 12:20:52,409] *kook_gang_optimizer* Bij iteratie: 3, Nieuwe oplossing score van: -1212 > -1260, WO_33 en WO_7 zijn hiervoor gewisseld.
[2023-10-09 12:20:52,570] *kook_gang_optimizer* Bij iteratie: 3, Nieuwe oplossing score van: -1200 > -1212, VW_39 en WO_45 zijn hiervoor gewisseld.
[2023-10-09 12:20:52,902] *kook_gang_optimizer* Bij iteratie: 8, Nieuwe oplossing score van: -1162 > -1200, VW_57 en WO_71 zijn hiervoor gewisseld.
[2023-10-09 12:20:52,956] *eet_gang_optimizer* Bij iteratie: 0, Nieuwe oplossing score van: -1150 > -1162, WO_20_M_Aad en WO_9_V_Ell zijn hiervoor gewisseld.
[2023-10-09 12:20:53,112] *kook_gang_optimizer* Bij iteratie: 3, Nieuwe oplossing score van: -1138 > -1150, VW_43 en WO_40 zijn hiervoor gewisseld.
[2023-10-09 12:20:53,163] *kook_gang_optimizer* Bij iteratie: 0, Nieuwe oplossing score van: -1131 > -1138, VW_39 en WO_27 zijn hiervoor gewisseld.
[2023-10-09 12:20:53,425] *kook_gang_optimizer* Bij iteratie: 6, Nieuwe oplossing score van: -1125 > -1131, VW_27 en WO_71 zijn hiervoor gewisseld.
[2023-10-09 12:20:53,629] *kook_gang_optimizer* Bij iteratie: 4, Nieuwe oplossing score van: -1122 > -1125, VW_3 en WO_1 zijn hiervoor gewisseld.
[2023-10-09 12:20:53,751] *kook_gang_optimizer* Bij iteratie: 2, Nieuwe oplossing score van: -1120 > -1122, VW_8 en WO_85 zijn hiervoor gewisseld.
[2023-10-09 12:20:53,872] *kook_gang_optimizer* Bij iteratie: 2, Nieuwe oplossing score van: -1108 > -1120, VW_3 en VW_5 zijn hiervoor gewisseld.
[2023-10-09 12:20:53,961] *eet_gang_optimizer* Bij iteratie: 1, Nieuwe oplossing score van: -1103 > -1108, WO_23_V_Mon en WO_9_M_Phi zijn hiervoor gewisseld.
[2023-10-09 12:20:54,154] *kook_gang_optimizer* Bij iteratie: 4, Nieuwe oplossing score van: -1079 > -1103, VW_3 en VW_70 zijn hiervoor gewisseld.
[2023-10-09 12:20:54,346] *eet_gang_optimizer* Bij iteratie: 4, Nieuwe oplossing score van: -1072 > -1079, VW_27_M_Luc en VW_68_V_Mar zijn hiervoor gewisseld.
[2023-10-09 12:20:54,469] *eet_gang_optimizer* Bij iteratie: 2, Nieuwe oplossing score van: -1060 > -1072, VW_18_V_Yol en WO_85_M_Wil zijn hiervoor gewisseld.
[2023-10-09 12:20:55,009] *kook_gang_optimizer* Bij iteratie: 14, Nieuwe oplossing score van: -1049 > -1060, VW_8 en WO_24 zijn hiervoor gewisseld.
[2023-10-09 12:20:55,951] *eet_gang_optimizer* Bij iteratie: 14, Nieuwe oplossing score van: -1041 > -1049, VW_46_V_Bre en WO_26_V_Ver zijn hiervoor gewisseld.
[2023-10-09 12:20:56,520] *eet_gang_optimizer* Bij iteratie: 1, Nieuwe oplossing score van: -1024 > -1041, NEW_3_M_Rob en VW_20_M_Wil zijn hiervoor gewisseld.
[2023-10-09 12:20:56,656] *eet_gang_optimizer* Bij iteratie: 0, Nieuwe oplossing score van: -1012 > -1024, NEW_1_M_Erw en NEW_3_M_Rob zijn hiervoor gewisseld.
[2023-10-09 12:20:56,923] *eet_gang_optimizer* Bij iteratie: 6, Nieuwe oplossing score van: -1002 > -1012, VW_25_V_Ano en WO_23_V_Mon zijn hiervoor gewisseld.
[2023-10-09 12:20:57,193] *kook_gang_optimizer* Bij iteratie: 6, Nieuwe oplossing score van: -982 > -1002, VW_3 en VW_51 zijn hiervoor gewisseld.
[2023-10-09 12:20:57,747] *eet_gang_optimizer* Bij iteratie: 14, Nieuwe oplossing score van: -965 > -982, NEW_3_M_Rob en WO_27_M_Dan zijn hiervoor gewisseld.
[2023-10-09 12:20:57,871] *eet_gang_optimizer* Bij iteratie: 2, Nieuwe oplossing score van: -959 > -965, NEW_1_M_Erw en WO_71_V_Mar zijn hiervoor gewisseld.
[2023-10-09 12:20:57,972] *eet_gang_optimizer* Bij iteratie: 1, Nieuwe oplossing score van: -937 > -959, WO_23_V_Mon en WO_71_V_Mar zijn hiervoor gewisseld.
[2023-10-09 12:20:58,097] *eet_gang_optimizer* Bij iteratie: 2, Nieuwe oplossing score van: -932 > -937, VW_12_M_Pet en VW_51_V_Eli zijn hiervoor gewisseld.
[2023-10-09 12:20:58,648] *kook_gang_optimizer* Bij iteratie: 14, Nieuwe oplossing score van: -918 > -932, WO_26 en WO_52 zijn hiervoor gewisseld.
[2023-10-09 12:20:58,984] *kook_gang_optimizer* Bij iteratie: 8, Nieuwe oplossing score van: -913 > -918, VW_13 en WO_81 zijn hiervoor gewisseld.
[2023-10-09 12:20:59,181] *eet_gang_optimizer* Bij iteratie: 4, Nieuwe oplossing score van: -909 > -913, WO_40_V_Bir en WO_71_V_Mar zijn hiervoor gewisseld.
[2023-10-09 12:20:59,342] *eet_gang_optimizer* Bij iteratie: 3, Nieuwe oplossing score van: -891 > -909, WO_32_M_Ber en WO_32_V_Ing zijn hiervoor gewisseld.
[2023-10-09 12:20:59,392] *kook_gang_optimizer* Bij iteratie: 0, Nieuwe oplossing score van: -886 > -891, VW_33 en WO_16 zijn hiervoor gewisseld.
[2023-10-09 12:20:59,447] *eet_gang_optimizer* Bij iteratie: 0, Nieuwe oplossing score van: -885 > -886, VW_25_V_Ano en WO_52_M_Ton zijn hiervoor gewisseld.
[2023-10-09 12:20:59,574] *eet_gang_optimizer* Bij iteratie: 2, Nieuwe oplossing score van: -879 > -885, VW_8_M_Fra en WO_61_V_Ger zijn hiervoor gewisseld.
[2023-10-09 12:21:00,068] *eet_gang_optimizer* Bij iteratie: 12, Nieuwe oplossing score van: -869 > -879, VW_12_V_Sja en WO_81_M_Jan zijn hiervoor gewisseld.
[2023-10-09 12:21:00,939] *kook_gang_optimizer* Bij iteratie: 23, Nieuwe oplossing score van: -868 > -869, WO_1 en WO_53 zijn hiervoor gewisseld.
[2023-10-09 12:21:01,311] *kook_gang_optimizer* Bij iteratie: 9, Nieuwe oplossing score van: -842 > -868, VW_62 en WO_7 zijn hiervoor gewisseld.
[2023-10-09 12:21:03,332] *kook_gang_optimizer* Bij iteratie: 55, Nieuwe oplossing score van: -838 > -842, VW_3 en VW_39 zijn hiervoor gewisseld.
[2023-10-09 12:21:03,741] *eet_gang_optimizer* Bij iteratie: 10, Nieuwe oplossing score van: -829 > -838, VW_32_M_Mic en WO_33_V_Lou zijn hiervoor gewisseld.
[2023-10-09 12:21:03,830] *eet_gang_optimizer* Bij iteratie: 1, Nieuwe oplossing score van: -825 > -829, VW_27_M_Rob en VW_43_M_Mar zijn hiervoor gewisseld.
[2023-10-09 12:21:04,093] *eet_gang_optimizer* Bij iteratie: 6, Nieuwe oplossing score van: -819 > -825, NEW_3_V_Mel en VW_68_V_Mar zijn hiervoor gewisseld.
[2023-10-09 12:21:04,438] *eet_gang_optimizer* Bij iteratie: 8, Nieuwe oplossing score van: -803 > -819, VW_68_V_Mar en VW_72_V_Len zijn hiervoor gewisseld.
[2023-10-09 12:21:04,491] *eet_gang_optimizer* Bij iteratie: 0, Nieuwe oplossing score van: -802 > -803, WO_1_V_Bir en WO_53_V_Pat zijn hiervoor gewisseld.
[2023-10-09 12:21:05,154] *kook_gang_optimizer* Bij iteratie: 17, Nieuwe oplossing score van: -801 > -802, VW_27 en WO_45 zijn hiervoor gewisseld.
[2023-10-09 12:21:05,205] *kook_gang_optimizer* Bij iteratie: 0, Nieuwe oplossing score van: -783 > -801, WO_53 en WO_61 zijn hiervoor gewisseld.
[2023-10-09 12:21:06,290] *kook_gang_optimizer* Bij iteratie: 29, Nieuwe oplossing score van: -778 > -783, VW_43 en WO_13 zijn hiervoor gewisseld.
[2023-10-09 12:21:07,363] *kook_gang_optimizer* Bij iteratie: 29, Nieuwe oplossing score van: -771 > -778, VW_3 en WO_16 zijn hiervoor gewisseld.
[2023-10-09 12:21:07,595] *eet_gang_optimizer* Bij iteratie: 5, Nieuwe oplossing score van: -766 > -771, WO_53_V_Pat en WO_75_M_Jur zijn hiervoor gewisseld.
[2023-10-09 12:21:08,374] *eet_gang_optimizer* Bij iteratie: 20, Nieuwe oplossing score van: -748 > -766, WO_24_V_Jea en WO_71_V_Mar zijn hiervoor gewisseld.
[2023-10-09 12:21:09,063] *kook_gang_optimizer* Bij iteratie: 18, Nieuwe oplossing score van: -747 > -748, WO_55 en WO_87 zijn hiervoor gewisseld.
[2023-10-09 12:21:09,726] *kook_gang_optimizer* Bij iteratie: 17, Nieuwe oplossing score van: -743 > -747, WO_13 en WO_40 zijn hiervoor gewisseld.
