[2023-10-09 12:38:11,428] *eet_gang_optimizer* Bij iteratie: 4, Nieuwe oplossing score van: -1733 > -1744, VW_23_V_Ils en WO_41_M_Wim zijn hiervoor gewisseld.
[2023-10-09 12:38:11,607] *eet_gang_optimizer* Bij iteratie: 3, Nieuwe oplossing score van: -1727 > -1733, WO_50_V_Nic en WO_53_M_Ola zijn hiervoor gewisseld.
[2023-10-09 12:38:11,900] *kook_gang_optimizer* Bij iteratie: 6, Nieuwe oplossing score van: -1715 > -1727, WO_13 en WO_20 zijn hiervoor gewisseld.
[2023-10-09 12:38:12,078] *eet_gang_optimizer* Bij iteratie: 3, Nieuwe oplossing score van: -1702 > -1715, VW_21_V_Ale en VW_35_M_Roe zijn hiervoor gewisseld.
[2023-10-09 12:38:12,249] *eet_gang_optimizer* Bij iteratie: 3, Nieuwe oplossing score van: -1691 > -1702, VW_62_M_Rob en WO_67_M_Rob zijn hiervoor gewisseld.
[2023-10-09 12:38:12,344] *kook_gang_optimizer* Bij iteratie: 1, Nieuwe oplossing score van: -1653 > -1691, VW_39 en VW_46 zijn hiervoor gewisseld.
[2023-10-09 12:38:12,440] *kook_gang_optimizer* Bij iteratie: 1, Nieuwe oplossing score van: -1614 > -1653, VW_25 en WO_75 zijn hiervoor gewisseld.
[2023-10-09 12:38:12,615] *eet_gang_optimizer* Bij iteratie: 3, Nieuwe oplossing score van: -1596 > -1614, VW_3_V_Cla en WO_81_M_Jan zijn hiervoor gewisseld.
[2023-10-09 12:38:12,675] *eet_gang_optimizer* Bij iteratie: 0, Nieuwe oplossing score van: -1578 > -1596, NEW_1_M_Erw en VW_35_V_Ros zijn hiervoor gewisseld.
[2023-10-09 12:38:13,257] *eet_gang_optimizer* Bij iteratie: 13, Nieuwe oplossing score van: -1529 > -1578, WO_51_V_Dia en WO_67_V_Jea zijn hiervoor gewisseld.
[2023-10-09 12:38:13,510] *eet_gang_optimizer* Bij iteratie: 5, Nieuwe oplossing score van: -1510 > -1529, VW_20_V_Ber en WO_40_V_Mar zijn hiervoor gewisseld.
[2023-10-09 12:38:13,881] *eet_gang_optimizer* Bij iteratie: 8, Nieuwe oplossing score van: -1503 > -1510, VW_18_M_Mic en WO_61_V_Ger zijn hiervoor gewisseld.
[2023-10-09 12:38:13,939] *eet_gang_optimizer* Bij iteratie: 0, Nieuwe oplossing score van: -1479 > -1503, VW_70_V_Cha en WO_81_V_Jan zijn hiervoor gewisseld.
[2023-10-09 12:38:14,040] *eet_gang_optimizer* Bij iteratie: 1, Nieuwe oplossing score van: -1477 > -1479, VW_21_V_Ale en VW_57_V_Ann zijn hiervoor gewisseld.
[2023-10-09 12:38:14,181] *eet_gang_optimizer* Bij iteratie: 2, Nieuwe oplossing score van: -1466 > -1477, VW_18_V_Yol en WO_27_V_Mar zijn hiervoor gewisseld.
[2023-10-09 12:38:14,317] *kook_gang_optimizer* Bij iteratie: 2, Nieuwe oplossing score van: -1453 > -1466, VW_23 en VW_57 zijn hiervoor gewisseld.
[2023-10-09 12:38:14,575] *eet_gang_optimizer* Bij iteratie: 5, Nieuwe oplossing score van: -1445 > -1453, WO_69_V_Ant en WO_71_V_Mar zijn hiervoor gewisseld.
[2023-10-09 12:38:14,759] *kook_gang_optimizer* Bij iteratie: 3, Nieuwe oplossing score van: -1427 > -1445, VW_13 en VW_9 zijn hiervoor gewisseld.
[2023-10-09 12:38:14,936] *kook_gang_optimizer* Bij iteratie: 3, Nieuwe oplossing score van: -1397 > -1427, VW_33 en VW_35 zijn hiervoor gewisseld.
[2023-10-09 12:38:15,033] *kook_gang_optimizer* Bij iteratie: 1, Nieuwe oplossing score van: -1386 > -1397, VW_32 en WO_77 zijn hiervoor gewisseld.
[2023-10-09 12:38:15,287] *eet_gang_optimizer* Bij iteratie: 5, Nieuwe oplossing score van: -1385 > -1386, VW_8_M_Fra en WO_23_V_Mon zijn hiervoor gewisseld.
[2023-10-09 12:38:15,543] *eet_gang_optimizer* Bij iteratie: 5, Nieuwe oplossing score van: -1375 > -1385, VW_20_V_Ber en VW_5_V_Jud zijn hiervoor gewisseld.
[2023-10-09 12:38:15,615] *eet_gang_optimizer* Bij iteratie: 0, Nieuwe oplossing score van: -1346 > -1375, VW_12_M_Pet en WO_45_V_Kar zijn hiervoor gewisseld.
[2023-10-09 12:38:16,227] *kook_gang_optimizer* Bij iteratie: 14, Nieuwe oplossing score van: -1335 > -1346, VW_31 en VW_35 zijn hiervoor gewisseld.
[2023-10-09 12:38:16,323] *kook_gang_optimizer* Bij iteratie: 1, Nieuwe oplossing score van: -1303 > -1335, VW_21 en VW_35 zijn hiervoor gewisseld.
[2023-10-09 12:38:16,381] *eet_gang_optimizer* Bij iteratie: 0, Nieuwe oplossing score van: -1268 > -1303, VW_3_M_Huu en WO_87_V_Mad zijn hiervoor gewisseld.
[2023-10-09 12:38:16,439] *eet_gang_optimizer* Bij iteratie: 0, Nieuwe oplossing score van: -1251 > -1268, VW_68_M_Chr en WO_32_V_Ing zijn hiervoor gewisseld.
[2023-10-09 12:38:16,499] *eet_gang_optimizer* Bij iteratie: 0, Nieuwe oplossing score van: -1238 > -1251, VW_51_M_Coe en WO_50_M_Fli zijn hiervoor gewisseld.
[2023-10-09 12:38:16,759] *kook_gang_optimizer* Bij iteratie: 5, Nieuwe oplossing score van: -1205 > -1238, VW_32 en WO_50 zijn hiervoor gewisseld.
[2023-10-09 12:38:17,437] *eet_gang_optimizer* Bij iteratie: 16, Nieuwe oplossing score van: -1192 > -1205, VW_23_V_Ils en VW_25_V_Ano zijn hiervoor gewisseld.
[2023-10-09 12:38:17,495] *eet_gang_optimizer* Bij iteratie: 0, Nieuwe oplossing score van: -1186 > -1192, VW_62_M_Rob en WO_24_M_Ray zijn hiervoor gewisseld.
[2023-10-09 12:38:18,248] *eet_gang_optimizer* Bij iteratie: 18, Nieuwe oplossing score van: -1175 > -1186, VW_5_M_Car en WO_53_V_Pat zijn hiervoor gewisseld.
[2023-10-09 12:38:18,345] *eet_gang_optimizer* Bij iteratie: 1, Nieuwe oplossing score van: -1163 > -1175, VW_9_M_Rob en WO_27_V_Mar zijn hiervoor gewisseld.
[2023-10-09 12:38:18,479] *kook_gang_optimizer* Bij iteratie: 2, Nieuwe oplossing score van: -1152 > -1163, WO_23 en WO_79 zijn hiervoor gewisseld.
[2023-10-09 12:38:18,627] *eet_gang_optimizer* Bij iteratie: 2, Nieuwe oplossing score van: -1145 > -1152, VW_43_M_Mar en WO_61_M_Ren zijn hiervoor gewisseld.
[2023-10-09 12:38:18,762] *kook_gang_optimizer* Bij iteratie: 2, Nieuwe oplossing score van: -1129 > -1145, WO_16 en WO_26 zijn hiervoor gewisseld.
[2023-10-09 12:38:18,935] *kook_gang_optimizer* Bij iteratie: 3, Nieuwe oplossing score van: -1121 > -1129, VW_62 en WO_51 zijn hiervoor gewisseld.
[2023-10-09 12:38:19,266] *kook_gang_optimizer* Bij iteratie: 7, Nieuwe oplossing score van: -1102 > -1121, VW_23 en VW_39 zijn hiervoor gewisseld.
[2023-10-09 12:38:19,642] *eet_gang_optimizer* Bij iteratie: 8, Nieuwe oplossing score van: -1090 > -1102, VW_33_V_Het en WO_40_V_Bir zijn hiervoor gewisseld.
[2023-10-09 12:38:20,053] *eet_gang_optimizer* Bij iteratie: 9, Nieuwe oplossing score van: -1079 > -1090, VW_18_V_Yol en WO_51_M_Jan zijn hiervoor gewisseld.
[2023-10-09 12:38:20,430] *kook_gang_optimizer* Bij iteratie: 8, Nieuwe oplossing score van: -1076 > -1079, VW_13 en VW_25 zijn hiervoor gewisseld.
[2023-10-09 12:38:20,528] *eet_gang_optimizer* Bij iteratie: 1, Nieuwe oplossing score van: -1075 > -1076, VW_20_M_Wil en WO_36_M_Hui zijn hiervoor gewisseld.
[2023-10-09 12:38:20,661] *kook_gang_optimizer* Bij iteratie: 2, Nieuwe oplossing score van: -1065 > -1075, VW_23 en WO_36 zijn hiervoor gewisseld.
[2023-10-09 12:38:20,720] *eet_gang_optimizer* Bij iteratie: 0, Nieuwe oplossing score van: -1064 > -1065, VW_18_V_Yol en WO_81_V_Jan zijn hiervoor gewisseld.
[2023-10-09 12:38:20,855] *eet_gang_optimizer* Bij iteratie: 2, Nieuwe oplossing score van: -1060 > -1064, VW_25_V_Ano en WO_61_M_Ren zijn hiervoor gewisseld.
[2023-10-09 12:38:21,106] *kook_gang_optimizer* Bij iteratie: 5, Nieuwe oplossing score van: -1054 > -1060, WO_32 en WO_50 zijn hiervoor gewisseld.
[2023-10-09 12:38:21,510] *kook_gang_optimizer* Bij iteratie: 9, Nieuwe oplossing score van: -1047 > -1054, VW_12 en VW_51 zijn hiervoor gewisseld.
[2023-10-09 12:38:21,722] *eet_gang_optimizer* Bij iteratie: 4, Nieuwe oplossing score van: -1035 > -1047, NEW_3_M_Rob en WO_26_M_Rod zijn hiervoor gewisseld.
[2023-10-09 12:38:22,051] *kook_gang_optimizer* Bij iteratie: 7, Nieuwe oplossing score van: -1021 > -1035, VW_12 en WO_79 zijn hiervoor gewisseld.
[2023-10-09 12:38:22,520] *kook_gang_optimizer* Bij iteratie: 10, Nieuwe oplossing score van: -1004 > -1021, VW_72 en WO_23 zijn hiervoor gewisseld.
[2023-10-09 12:38:22,851] *eet_gang_optimizer* Bij iteratie: 7, Nieuwe oplossing score van: -992 > -1004, VW_57_M_Lou en WO_75_M_Jur zijn hiervoor gewisseld.
[2023-10-09 12:38:23,101] *kook_gang_optimizer* Bij iteratie: 5, Nieuwe oplossing score van: -976 > -992, VW_35 en WO_77 zijn hiervoor gewisseld.
[2023-10-09 12:38:23,510] *eet_gang_optimizer* Bij iteratie: 9, Nieuwe oplossing score van: -957 > -976, WO_13_V_Sim en WO_16_V_Lie zijn hiervoor gewisseld.
[2023-10-09 12:38:23,921] *eet_gang_optimizer* Bij iteratie: 9, Nieuwe oplossing score van: -945 > -957, WO_52_V_Eli en WO_53_V_Pat zijn hiervoor gewisseld.
[2023-10-09 12:38:24,185] *kook_gang_optimizer* Bij iteratie: 5, Nieuwe oplossing score van: -941 > -945, VW_12 en VW_8 zijn hiervoor gewisseld.
[2023-10-09 12:38:24,280] *kook_gang_optimizer* Bij iteratie: 1, Nieuwe oplossing score van: -939 > -941, VW_8 en WO_36 zijn hiervoor gewisseld.
[2023-10-09 12:38:26,421] *eet_gang_optimizer* Bij iteratie: 53, Nieuwe oplossing score van: -927 > -939, VW_8_M_Fra en WO_38_M_Jaa zijn hiervoor gewisseld.
[2023-10-09 12:38:27,260] *kook_gang_optimizer* Bij iteratie: 20, Nieuwe oplossing score van: -924 > -927, VW_31 en WO_52 zijn hiervoor gewisseld.
[2023-10-09 12:38:27,354] *kook_gang_optimizer* Bij iteratie: 1, Nieuwe oplossing score van: -914 > -924, VW_18 en WO_81 zijn hiervoor gewisseld.
[2023-10-09 12:38:27,971] *eet_gang_optimizer* Bij iteratie: 14, Nieuwe oplossing score van: -908 > -914, VW_33_V_Het en WO_9_V_Ell zijn hiervoor gewisseld.
[2023-10-09 12:38:28,687] *eet_gang_optimizer* Bij iteratie: 17, Nieuwe oplossing score van: -897 > -908, WO_24_M_Ray en WO_67_M_Rob zijn hiervoor gewisseld.
[2023-10-09 12:38:29,137] *eet_gang_optimizer* Bij iteratie: 10, Nieuwe oplossing score van: -891 > -897, VW_27_M_Luc en WO_53_M_Ola zijn hiervoor gewisseld.
[2023-10-09 12:38:29,232] *kook_gang_optimizer* Bij iteratie: 1, Nieuwe oplossing score van: -887 > -891, VW_23 en WO_24 zijn hiervoor gewisseld.
[2023-10-09 12:38:29,292] *eet_gang_optimizer* Bij iteratie: 0, Nieuwe oplossing score van: -881 > -887, VW_70_M_Bas en WO_53_V_Pat zijn hiervoor gewisseld.
[2023-10-09 12:38:29,509] *eet_gang_optimizer* Bij iteratie: 4, Nieuwe oplossing score van: -857 > -881, VW_15_V_Aim en VW_57_V_Ann zijn hiervoor gewisseld.
[2023-10-09 12:38:31,879] *eet_gang_optimizer* Bij iteratie: 59, Nieuwe oplossing score van: -851 > -857, VW_23_M_Lar en WO_27_V_Mar zijn hiervoor gewisseld.
[2023-10-09 12:38:32,045] *kook_gang_optimizer* Bij iteratie: 3, Nieuwe oplossing score van: -844 > -851, VW_21 en WO_27 zijn hiervoor gewisseld.
[2023-10-09 12:38:32,211] *kook_gang_optimizer* Bij iteratie: 3, Nieuwe oplossing score van: -835 > -844, VW_23 en WO_41 zijn hiervoor gewisseld.
[2023-10-09 12:38:32,495] *eet_gang_optimizer* Bij iteratie: 6, Nieuwe oplossing score van: -830 > -835, WO_52_V_Eli en WO_61_M_Ren zijn hiervoor gewisseld.
[2023-10-09 12:38:33,155] *kook_gang_optimizer* Bij iteratie: 16, Nieuwe oplossing score van: -819 > -830, VW_25 en VW_32 zijn hiervoor gewisseld.
[2023-10-09 12:38:33,502] *kook_gang_optimizer* Bij iteratie: 8, Nieuwe oplossing score van: -809 > -819, WO_16 en WO_23 zijn hiervoor gewisseld.
[2023-10-09 12:38:33,557] *eet_gang_optimizer* Bij iteratie: 0, Nieuwe oplossing score van: -785 > -809, VW_31_M_Pau en WO_32a_V_Gem zijn hiervoor gewisseld.
[2023-10-09 12:38:33,832] *kook_gang_optimizer* Bij iteratie: 6, Nieuwe oplossing score van: -773 > -785, VW_9 en WO_87 zijn hiervoor gewisseld.
[2023-10-09 12:38:34,553] *kook_gang_optimizer* Bij iteratie: 18, Nieuwe oplossing score van: -769 > -773, WO_16 en WO_69 zijn hiervoor gewisseld.
[2023-10-09 12:38:34,760] *eet_gang_optimizer* Bij iteratie: 4, Nieuwe oplossing score van: -767 > -769, NEW_3_M_Rob en VW_23_V_Ils zijn hiervoor gewisseld.
[2023-10-09 12:38:34,903] *eet_gang_optimizer* Bij iteratie: 2, Nieuwe oplossing score van: -761 > -767, WO_23_V_Mon en WO_9_M_Phi zijn hiervoor gewisseld.
[2023-10-09 12:38:35,328] *eet_gang_optimizer* Bij iteratie: 10, Nieuwe oplossing score van: -755 > -761, VW_43_M_Mar en VW_43_V_Sjo zijn hiervoor gewisseld.
[2023-10-09 12:38:36,698] *eet_gang_optimizer* Bij iteratie: 35, Nieuwe oplossing score van: -749 > -755, NEW_1_M_Erw en WO_79_V_Wie zijn hiervoor gewisseld.
[2023-10-09 12:38:37,735] *eet_gang_optimizer* Bij iteratie: 26, Nieuwe oplossing score van: -748 > -749, VW_5_V_Jud en WO_21_V_Pau zijn hiervoor gewisseld.
[2023-10-09 12:38:37,830] *eet_gang_optimizer* Bij iteratie: 1, Nieuwe oplossing score van: -742 > -748, WO_20_M_Aad en WO_32a_V_Gem zijn hiervoor gewisseld.
[2023-10-09 12:38:37,923] *eet_gang_optimizer* Bij iteratie: 1, Nieuwe oplossing score van: -731 > -742, VW_68_M_Chr en WO_77_M_Twa zijn hiervoor gewisseld.
[2023-10-09 12:38:41,384] *kook_gang_optimizer* Bij iteratie: 90, Nieuwe oplossing score van: -725 > -731, VW_43 en WO_36 zijn hiervoor gewisseld.
[2023-10-09 12:38:41,948] *kook_gang_optimizer* Bij iteratie: 13, Nieuwe oplossing score van: -719 > -725, WO_32 en WO_50 zijn hiervoor gewisseld.
[2023-10-09 12:38:42,115] *eet_gang_optimizer* Bij iteratie: 3, Nieuwe oplossing score van: -713 > -719, WO_52_M_Ton en WO_69_M_Han zijn hiervoor gewisseld.
[2023-10-09 12:38:42,470] *kook_gang_optimizer* Bij iteratie: 8, Nieuwe oplossing score van: -699 > -713, VW_33 en WO_33 zijn hiervoor gewisseld.
[2023-10-09 12:38:42,524] *kook_gang_optimizer* Bij iteratie: 0, Nieuwe oplossing score van: -697 > -699, VW_70 en WO_1 zijn hiervoor gewisseld.
[2023-10-09 12:38:42,660] *eet_gang_optimizer* Bij iteratie: 2, Nieuwe oplossing score van: -690 > -697, WO_32a_M_Too en WO_45_V_Kar zijn hiervoor gewisseld.
[2023-10-09 12:38:43,574] *eet_gang_optimizer* Bij iteratie: 22, Nieuwe oplossing score van: -684 > -690, NEW_1_M_Erw en WO_9_V_Ell zijn hiervoor gewisseld.
[2023-10-09 12:38:45,263] *kook_gang_optimizer* Bij iteratie: 43, Nieuwe oplossing score van: -678 > -684, WO_36 en WO_85 zijn hiervoor gewisseld.
[2023-10-09 12:38:45,350] *eet_gang_optimizer* Bij iteratie: 0, Nieuwe oplossing score van: -677 > -678, VW_15_V_Aim en WO_20_V_Ast zijn hiervoor gewisseld.
[2023-10-09 12:38:45,794] *eet_gang_optimizer* Bij iteratie: 9, Nieuwe oplossing score van: -671 > -677, WO_69_V_Ant en WO_75_V_Deb zijn hiervoor gewisseld.
[2023-10-09 12:38:47,596] *eet_gang_optimizer* Bij iteratie: 45, Nieuwe oplossing score van: -660 > -671, VW_25_M_Joo en WO_61_V_Ger zijn hiervoor gewisseld.
[2023-10-09 12:38:48,533] *eet_gang_optimizer* Bij iteratie: 24, Nieuwe oplossing score van: -648 > -660, NEW_1_V_Eug en NEW_3_M_Rob zijn hiervoor gewisseld.
[2023-10-09 12:38:48,903] *kook_gang_optimizer* Bij iteratie: 8, Nieuwe oplossing score van: -642 > -648, VW_31 en WO_13 zijn hiervoor gewisseld.
[2023-10-09 12:38:49,289] *eet_gang_optimizer* Bij iteratie: 9, Nieuwe oplossing score van: -630 > -642, VW_9_V_Rie en WO_32_M_Ber zijn hiervoor gewisseld.
[2023-10-09 12:38:49,537] *kook_gang_optimizer* Bij iteratie: 5, Nieuwe oplossing score van: -629 > -630, VW_21 en VW_32 zijn hiervoor gewisseld.
[2023-10-09 12:38:49,902] *eet_gang_optimizer* Bij iteratie: 8, Nieuwe oplossing score van: -617 > -629, VW_35_V_Ros en VW_6_V_Len zijn hiervoor gewisseld.
[2023-10-09 12:38:54,426] *kook_gang_optimizer* Bij iteratie: 116, Nieuwe oplossing score van: -593 > -617, VW_39 en WO_7 zijn hiervoor gewisseld.
[2023-10-09 12:38:54,598] *eet_gang_optimizer* Bij iteratie: 3, Nieuwe oplossing score van: -592 > -593, VW_18_M_Mic en WO_32a_V_Gem zijn hiervoor gewisseld.
[2023-10-09 12:38:54,946] *kook_gang_optimizer* Bij iteratie: 7, Nieuwe oplossing score van: -582 > -592, VW_12 en WO_36 zijn hiervoor gewisseld.
[2023-10-09 12:38:55,125] *kook_gang_optimizer* Bij iteratie: 3, Nieuwe oplossing score van: -576 > -582, WO_61 en WO_81 zijn hiervoor gewisseld.
[2023-10-09 12:38:56,711] *kook_gang_optimizer* Bij iteratie: 39, Nieuwe oplossing score van: -569 > -576, VW_46 en VW_8 zijn hiervoor gewisseld.
[2023-10-09 12:38:59,199] *kook_gang_optimizer* Bij iteratie: 64, Nieuwe oplossing score van: -568 > -569, WO_40 en WO_81 zijn hiervoor gewisseld.
[2023-10-09 12:39:00,146] *kook_gang_optimizer* Bij iteratie: 24, Nieuwe oplossing score van: -559 > -568, WO_20 en WO_38 zijn hiervoor gewisseld.
[2023-10-09 12:39:04,438] *eet_gang_optimizer* Bij iteratie: 112, Nieuwe oplossing score van: -558 > -559, VW_39_V_Ann en WO_11_M_Bas zijn hiervoor gewisseld.
[2023-10-09 12:39:04,966] *kook_gang_optimizer* Bij iteratie: 13, Nieuwe oplossing score van: -553 > -558, WO_1 en WO_49 zijn hiervoor gewisseld.
