[2023-10-06 17:58:14,002] *kook_gang_optimizer* Bij iteratie: 1, Nieuwe oplossing score van: -2072 > -2076, VW_18 en WO_7 zijn hiervoor gewisselt.
[2023-10-06 17:58:14,039] *kook_gang_optimizer* Bij iteratie: 0, Nieuwe oplossing score van: -2061 > -2072, WO_21 en WO_85 zijn hiervoor gewisselt.
[2023-10-06 17:58:14,120] *eet_gang_optimizer* Bij iteratie: 0, Nieuwe oplossing score van: -2044 > -2061, VW_13_V_Con en VW_39_V_Ann zijn hiervoor gewisselt.
[2023-10-06 17:58:14,195] *eet_gang_optimizer* Bij iteratie: 0, Nieuwe oplossing score van: -2038 > -2044, VW_62_V_Ale en WO_52_M_Ton zijn hiervoor gewisselt.
[2023-10-06 17:58:14,267] *kook_gang_optimizer* Bij iteratie: 1, Nieuwe oplossing score van: -2025 > -2038, WO_32 en WO_75 zijn hiervoor gewisselt.
[2023-10-06 17:58:14,418] *eet_gang_optimizer* Bij iteratie: 1, Nieuwe oplossing score van: -2007 > -2025, WO_26_V_Ver en WO_71_M_Kar zijn hiervoor gewisselt.
[2023-10-06 17:58:14,460] *kook_gang_optimizer* Bij iteratie: 0, Nieuwe oplossing score van: -1964 > -2007, WO_16 en WO_26 zijn hiervoor gewisselt.
[2023-10-06 17:58:14,534] *kook_gang_optimizer* Bij iteratie: 1, Nieuwe oplossing score van: -1935 > -1964, WO_21 en WO_50 zijn hiervoor gewisselt.
[2023-10-06 17:58:14,678] *eet_gang_optimizer* Bij iteratie: 1, Nieuwe oplossing score van: -1898 > -1935, VW_13_V_Con en WO_51_V_Dia zijn hiervoor gewisselt.
[2023-10-06 17:58:14,751] *kook_gang_optimizer* Bij iteratie: 1, Nieuwe oplossing score van: -1877 > -1898, VW_20 en WO_41 zijn hiervoor gewisselt.
[2023-10-06 17:58:14,787] *kook_gang_optimizer* Bij iteratie: 0, Nieuwe oplossing score van: -1863 > -1877, VW_70 en WO_85 zijn hiervoor gewisselt.
[2023-10-06 17:58:14,968] *kook_gang_optimizer* Bij iteratie: 4, Nieuwe oplossing score van: -1850 > -1863, WO_36 en WO_79 zijn hiervoor gewisselt.
[2023-10-06 17:58:15,266] *kook_gang_optimizer* Bij iteratie: 7, Nieuwe oplossing score van: -1818 > -1850, VW_18 en WO_52 zijn hiervoor gewisselt.
[2023-10-06 17:58:15,375] *kook_gang_optimizer* Bij iteratie: 2, Nieuwe oplossing score van: -1783 > -1818, VW_23 en VW_51 zijn hiervoor gewisselt.
[2023-10-06 17:58:15,630] *kook_gang_optimizer* Bij iteratie: 6, Nieuwe oplossing score van: -1759 > -1783, VW_27 en WO_87 zijn hiervoor gewisselt.
[2023-10-06 17:58:15,744] *eet_gang_optimizer* Bij iteratie: 0, Nieuwe oplossing score van: -1706 > -1759, WO_27_V_Mar en WO_53_V_Pat zijn hiervoor gewisselt.
[2023-10-06 17:58:15,782] *eet_gang_optimizer* Bij iteratie: 0, Nieuwe oplossing score van: -1682 > -1706, VW_31_V_Jan en WO_41_V_Ann zijn hiervoor gewisselt.
[2023-10-06 17:58:15,966] *kook_gang_optimizer* Bij iteratie: 4, Nieuwe oplossing score van: -1669 > -1682, WO_1 en WO_77 zijn hiervoor gewisselt.
[2023-10-06 17:58:16,192] *kook_gang_optimizer* Bij iteratie: 5, Nieuwe oplossing score van: -1636 > -1669, VW_51 en WO_20 zijn hiervoor gewisselt.
[2023-10-06 17:58:16,409] *kook_gang_optimizer* Bij iteratie: 5, Nieuwe oplossing score van: -1618 > -1636, VW_15 en VW_43 zijn hiervoor gewisselt.
[2023-10-06 17:58:16,448] *kook_gang_optimizer* Bij iteratie: 0, Nieuwe oplossing score van: -1608 > -1618, VW_39 en WO_79 zijn hiervoor gewisselt.
[2023-10-06 17:58:16,525] *eet_gang_optimizer* Bij iteratie: 0, Nieuwe oplossing score van: -1607 > -1608, VW_32_M_Mic en WO_26_V_Ver zijn hiervoor gewisselt.
[2023-10-06 17:58:16,704] *kook_gang_optimizer* Bij iteratie: 4, Nieuwe oplossing score van: -1603 > -1607, VW_9 en WO_41 zijn hiervoor gewisselt.
[2023-10-06 17:58:17,080] *eet_gang_optimizer* Bij iteratie: 3, Nieuwe oplossing score van: -1591 > -1603, VW_18_V_Yol en VW_72_M_Pie zijn hiervoor gewisselt.
[2023-10-06 17:58:17,226] *kook_gang_optimizer* Bij iteratie: 3, Nieuwe oplossing score van: -1590 > -1591, WO_26 en WO_36 zijn hiervoor gewisselt.
[2023-10-06 17:58:17,338] *eet_gang_optimizer* Bij iteratie: 0, Nieuwe oplossing score van: -1588 > -1590, VW_32_M_Mic en VW_70_V_Cha zijn hiervoor gewisselt.
[2023-10-06 17:58:17,413] *eet_gang_optimizer* Bij iteratie: 0, Nieuwe oplossing score van: -1583 > -1588, VW_39_V_Ann en WO_24_V_Jea zijn hiervoor gewisselt.
[2023-10-06 17:58:17,449] *kook_gang_optimizer* Bij iteratie: 0, Nieuwe oplossing score van: -1582 > -1583, VW_13 en WO_27 zijn hiervoor gewisselt.
[2023-10-06 17:58:17,524] *eet_gang_optimizer* Bij iteratie: 0, Nieuwe oplossing score van: -1556 > -1582, WO_13_V_Sim en WO_75_M_Jur zijn hiervoor gewisselt.
[2023-10-06 17:58:17,563] *eet_gang_optimizer* Bij iteratie: 0, Nieuwe oplossing score van: -1526 > -1556, VW_25_M_Joo en VW_68_M_Chr zijn hiervoor gewisselt.
[2023-10-06 17:58:17,953] *eet_gang_optimizer* Bij iteratie: 3, Nieuwe oplossing score van: -1513 > -1526, VW_68_V_Mar en WO_81_V_Jan zijn hiervoor gewisselt.
[2023-10-06 17:58:18,074] *eet_gang_optimizer* Bij iteratie: 0, Nieuwe oplossing score van: -1494 > -1513, VW_51_V_Eli en WO_87_V_Mad zijn hiervoor gewisselt.
[2023-10-06 17:58:18,151] *kook_gang_optimizer* Bij iteratie: 1, Nieuwe oplossing score van: -1487 > -1494, WO_26 en WO_53 zijn hiervoor gewisselt.
[2023-10-06 17:58:18,372] *kook_gang_optimizer* Bij iteratie: 5, Nieuwe oplossing score van: -1465 > -1487, VW_25 en WO_49 zijn hiervoor gewisselt.
[2023-10-06 17:58:18,663] *eet_gang_optimizer* Bij iteratie: 2, Nieuwe oplossing score van: -1447 > -1465, VW_39_M_Bar en WO_36_M_Hui zijn hiervoor gewisselt.
[2023-10-06 17:58:18,736] *kook_gang_optimizer* Bij iteratie: 1, Nieuwe oplossing score van: -1423 > -1447, VW_12 en WO_13 zijn hiervoor gewisselt.
[2023-10-06 17:58:19,172] *kook_gang_optimizer* Bij iteratie: 10, Nieuwe oplossing score van: -1393 > -1423, VW_5 en WO_81 zijn hiervoor gewisselt.
[2023-10-06 17:58:19,353] *kook_gang_optimizer* Bij iteratie: 4, Nieuwe oplossing score van: -1392 > -1393, VW_20 en VW_33 zijn hiervoor gewisselt.
[2023-10-06 17:58:19,502] *eet_gang_optimizer* Bij iteratie: 1, Nieuwe oplossing score van: -1371 > -1392, VW_39_M_Bar en VW_8_M_Fra zijn hiervoor gewisselt.
[2023-10-06 17:58:19,577] *eet_gang_optimizer* Bij iteratie: 0, Nieuwe oplossing score van: -1343 > -1371, VW_15_V_Aim en WO_75_M_Jur zijn hiervoor gewisselt.
[2023-10-06 17:58:20,085] *kook_gang_optimizer* Bij iteratie: 13, Nieuwe oplossing score van: -1311 > -1343, VW_20 en WO_71 zijn hiervoor gewisselt.
[2023-10-06 17:58:20,125] *eet_gang_optimizer* Bij iteratie: 0, Nieuwe oplossing score van: -1305 > -1311, WO_16_M_Fre en WO_81_V_Jan zijn hiervoor gewisselt.
[2023-10-06 17:58:20,233] *kook_gang_optimizer* Bij iteratie: 2, Nieuwe oplossing score van: -1285 > -1305, WO_21 en WO_49 zijn hiervoor gewisselt.
[2023-10-06 17:58:20,345] *eet_gang_optimizer* Bij iteratie: 0, Nieuwe oplossing score van: -1271 > -1285, VW_23_M_Lar en WO_1_V_Bir zijn hiervoor gewisselt.
[2023-10-06 17:58:20,865] *eet_gang_optimizer* Bij iteratie: 4, Nieuwe oplossing score van: -1263 > -1271, WO_36_V_Ren en WO_38_V_Eek zijn hiervoor gewisselt.
[2023-10-06 17:58:20,903] *kook_gang_optimizer* Bij iteratie: 0, Nieuwe oplossing score van: -1251 > -1263, VW_20 en WO_51 zijn hiervoor gewisselt.
[2023-10-06 17:58:21,336] *kook_gang_optimizer* Bij iteratie: 11, Nieuwe oplossing score van: -1240 > -1251, VW_3 en WO_36 zijn hiervoor gewisselt.
[2023-10-06 17:58:21,372] *kook_gang_optimizer* Bij iteratie: 0, Nieuwe oplossing score van: -1235 > -1240, WO_24 en WO_26 zijn hiervoor gewisselt.
[2023-10-06 17:58:21,518] *eet_gang_optimizer* Bij iteratie: 1, Nieuwe oplossing score van: -1205 > -1235, VW_35_V_Ros en WO_20_M_Aad zijn hiervoor gewisselt.
[2023-10-06 17:58:22,173] *kook_gang_optimizer* Bij iteratie: 16, Nieuwe oplossing score van: -1193 > -1205, WO_36 en WO_45 zijn hiervoor gewisselt.
[2023-10-06 17:58:23,002] *kook_gang_optimizer* Bij iteratie: 21, Nieuwe oplossing score van: -1187 > -1193, VW_43 en WO_20 zijn hiervoor gewisselt.
[2023-10-06 17:58:23,769] *kook_gang_optimizer* Bij iteratie: 20, Nieuwe oplossing score van: -1180 > -1187, VW_13 en WO_55 zijn hiervoor gewisselt.
[2023-10-06 17:58:23,995] *kook_gang_optimizer* Bij iteratie: 5, Nieuwe oplossing score van: -1149 > -1180, WO_61 en WO_7 zijn hiervoor gewisselt.
[2023-10-06 17:58:24,031] *kook_gang_optimizer* Bij iteratie: 0, Nieuwe oplossing score van: -1142 > -1149, VW_57 en WO_69 zijn hiervoor gewisselt.
[2023-10-06 17:58:24,139] *kook_gang_optimizer* Bij iteratie: 2, Nieuwe oplossing score van: -1128 > -1142, WO_77 en WO_85 zijn hiervoor gewisselt.
[2023-10-06 17:58:24,282] *kook_gang_optimizer* Bij iteratie: 3, Nieuwe oplossing score van: -1121 > -1128, WO_52 en WO_87 zijn hiervoor gewisselt.
[2023-10-06 17:58:24,533] *kook_gang_optimizer* Bij iteratie: 6, Nieuwe oplossing score van: -1102 > -1121, VW_35 en WO_24 zijn hiervoor gewisselt.
[2023-10-06 17:58:24,569] *kook_gang_optimizer* Bij iteratie: 0, Nieuwe oplossing score van: -1094 > -1102, VW_39 en WO_41 zijn hiervoor gewisselt.
[2023-10-06 17:58:25,000] *eet_gang_optimizer* Bij iteratie: 3, Nieuwe oplossing score van: -1053 > -1094, VW_25_V_Ano en WO_52_V_Eli zijn hiervoor gewisselt.
[2023-10-06 17:58:25,961] *kook_gang_optimizer* Bij iteratie: 25, Nieuwe oplossing score van: -1047 > -1053, VW_62 en WO_49 zijn hiervoor gewisselt.
[2023-10-06 17:58:26,287] *eet_gang_optimizer* Bij iteratie: 2, Nieuwe oplossing score van: -1036 > -1047, VW_13_M_Mar en WO_79_V_Wie zijn hiervoor gewisselt.
[2023-10-06 17:58:26,362] *eet_gang_optimizer* Bij iteratie: 0, Nieuwe oplossing score van: -1026 > -1036, WO_27_M_Dan en WO_32_M_Ber zijn hiervoor gewisselt.
[2023-10-06 17:58:26,615] *eet_gang_optimizer* Bij iteratie: 2, Nieuwe oplossing score van: -1014 > -1026, VW_39_V_Ann en VW_57_V_Ann zijn hiervoor gewisselt.
[2023-10-06 17:58:27,025] *eet_gang_optimizer* Bij iteratie: 3, Nieuwe oplossing score van: -995 > -1014, VW_33_V_Tru en WO_67_M_Rob zijn hiervoor gewisselt.
[2023-10-06 17:58:27,634] *eet_gang_optimizer* Bij iteratie: 5, Nieuwe oplossing score van: -966 > -995, WO_69_V_Ant en WO_9_M_Phi zijn hiervoor gewisselt.
[2023-10-06 17:58:27,792] *eet_gang_optimizer* Bij iteratie: 1, Nieuwe oplossing score van: -954 > -966, WO_13_M_Lau en WO_71_V_Mar zijn hiervoor gewisselt.
[2023-10-06 17:58:28,512] *eet_gang_optimizer* Bij iteratie: 6, Nieuwe oplossing score van: -945 > -954, WO_27_M_Dan en WO_36_V_Ren zijn hiervoor gewisselt.
[2023-10-06 17:58:29,267] *kook_gang_optimizer* Bij iteratie: 18, Nieuwe oplossing score van: -938 > -945, VW_39 en VW_62 zijn hiervoor gewisselt.
[2023-10-06 17:58:30,240] *kook_gang_optimizer* Bij iteratie: 25, Nieuwe oplossing score van: -927 > -938, VW_18 en VW_57 zijn hiervoor gewisselt.
[2023-10-06 17:58:30,941] *kook_gang_optimizer* Bij iteratie: 18, Nieuwe oplossing score van: -914 > -927, VW_33 en WO_23 zijn hiervoor gewisselt.
[2023-10-06 17:58:31,053] *eet_gang_optimizer* Bij iteratie: 0, Nieuwe oplossing score van: -913 > -914, VW_43_M_Mar en VW_8_V_Let zijn hiervoor gewisselt.
[2023-10-06 17:58:33,683] *kook_gang_optimizer* Bij iteratie: 72, Nieuwe oplossing score van: -904 > -913, WO_38 en WO_53 zijn hiervoor gewisselt.
[2023-10-06 17:58:34,081] *eet_gang_optimizer* Bij iteratie: 3, Nieuwe oplossing score van: -892 > -904, WO_67_V_Jea en WO_79_M_Rob zijn hiervoor gewisselt.
[2023-10-06 17:58:34,527] *eet_gang_optimizer* Bij iteratie: 4, Nieuwe oplossing score van: -891 > -892, VW_18_V_Yol en WO_40_V_Mar zijn hiervoor gewisselt.
[2023-10-06 17:58:35,012] *eet_gang_optimizer* Bij iteratie: 4, Nieuwe oplossing score van: -884 > -891, VW_51_M_Coe en WO_51_V_Dia zijn hiervoor gewisselt.
[2023-10-06 17:58:35,223] *eet_gang_optimizer* Bij iteratie: 1, Nieuwe oplossing score van: -878 > -884, VW_51_V_Eli en WO_24_V_Jea zijn hiervoor gewisselt.
[2023-10-06 17:58:35,257] *kook_gang_optimizer* Bij iteratie: 0, Nieuwe oplossing score van: -871 > -878, VW_5 en WO_32 zijn hiervoor gewisselt.
[2023-10-06 17:58:35,681] *eet_gang_optimizer* Bij iteratie: 3, Nieuwe oplossing score van: -859 > -871, VW_31_V_Jan en WO_11_M_Bas zijn hiervoor gewisselt.
[2023-10-06 17:58:35,988] *eet_gang_optimizer* Bij iteratie: 2, Nieuwe oplossing score van: -847 > -859, VW_13_V_Con en WO_52_M_Ton zijn hiervoor gewisselt.
[2023-10-06 17:58:36,192] *kook_gang_optimizer* Bij iteratie: 5, Nieuwe oplossing score van: -839 > -847, WO_26 en WO_77 zijn hiervoor gewisselt.
[2023-10-06 17:58:36,827] *kook_gang_optimizer* Bij iteratie: 16, Nieuwe oplossing score van: -835 > -839, VW_25 en WO_38 zijn hiervoor gewisselt.
[2023-10-06 17:58:37,197] *kook_gang_optimizer* Bij iteratie: 9, Nieuwe oplossing score van: -817 > -835, VW_43 en WO_81 zijn hiervoor gewisselt.
[2023-10-06 17:58:37,482] *kook_gang_optimizer* Bij iteratie: 6, Nieuwe oplossing score van: -815 > -817, WO_21 en WO_27 zijn hiervoor gewisselt.
[2023-10-06 17:58:37,523] *kook_gang_optimizer* Bij iteratie: 0, Nieuwe oplossing score van: -808 > -815, VW_43 en VW_51 zijn hiervoor gewisselt.
[2023-10-06 17:58:39,485] *kook_gang_optimizer* Bij iteratie: 55, Nieuwe oplossing score van: -802 > -808, VW_13 en VW_25 zijn hiervoor gewisselt.
[2023-10-06 17:58:41,658] *kook_gang_optimizer* Bij iteratie: 62, Nieuwe oplossing score van: -801 > -802, VW_23 en VW_3 zijn hiervoor gewisselt.
[2023-10-06 17:58:42,735] *eet_gang_optimizer* Bij iteratie: 9, Nieuwe oplossing score van: -796 > -801, WO_36_M_Hui en WO_61_V_Ger zijn hiervoor gewisselt.
[2023-10-06 17:58:42,806] *eet_gang_optimizer* Bij iteratie: 0, Nieuwe oplossing score van: -789 > -796, WO_36_M_Hui en WO_45_V_Kar zijn hiervoor gewisselt.
[2023-10-06 17:58:43,094] *eet_gang_optimizer* Bij iteratie: 2, Nieuwe oplossing score van: -783 > -789, WO_33_V_Lou en WO_69_M_Han zijn hiervoor gewisselt.
[2023-10-06 17:58:43,334] *eet_gang_optimizer* Bij iteratie: 2, Nieuwe oplossing score van: -772 > -783, VW_31_V_Jan en WO_77_M_Twa zijn hiervoor gewisselt.
[2023-10-06 17:58:43,788] *eet_gang_optimizer* Bij iteratie: 4, Nieuwe oplossing score van: -760 > -772, VW_35_M_Roe en VW_39_V_Ann zijn hiervoor gewisselt.
[2023-10-06 17:58:45,099] *kook_gang_optimizer* Bij iteratie: 38, Nieuwe oplossing score van: -756 > -760, VW_23 en VW_39 zijn hiervoor gewisselt.
[2023-10-06 17:58:45,933] *kook_gang_optimizer* Bij iteratie: 23, Nieuwe oplossing score van: -748 > -756, VW_21 en WO_77 zijn hiervoor gewisselt.
[2023-10-06 17:58:46,274] *eet_gang_optimizer* Bij iteratie: 3, Nieuwe oplossing score van: -741 > -748, VW_25_M_Joo en WO_16_M_Fre zijn hiervoor gewisselt.
[2023-10-06 17:58:46,726] *eet_gang_optimizer* Bij iteratie: 4, Nieuwe oplossing score van: -735 > -741, WO_27_M_Dan en WO_77_M_Twa zijn hiervoor gewisselt.
[2023-10-06 17:58:47,266] *eet_gang_optimizer* Bij iteratie: 5, Nieuwe oplossing score van: -723 > -735, NEW_1_V_Eug en WO_26_V_Ver zijn hiervoor gewisselt.
[2023-10-06 17:58:47,435] *eet_gang_optimizer* Bij iteratie: 1, Nieuwe oplossing score van: -715 > -723, VW_3_M_Huu en WO_67_M_Rob zijn hiervoor gewisselt.
[2023-10-06 17:58:49,098] *kook_gang_optimizer* Bij iteratie: 48, Nieuwe oplossing score van: -708 > -715, VW_32 en WO_79 zijn hiervoor gewisselt.
[2023-10-06 17:58:49,377] *eet_gang_optimizer* Bij iteratie: 2, Nieuwe oplossing score van: -696 > -708, WO_21_V_Pau en WO_57_V_May zijn hiervoor gewisselt.
[2023-10-06 17:58:49,998] *eet_gang_optimizer* Bij iteratie: 5, Nieuwe oplossing score van: -690 > -696, VW_46_V_Bre en WO_50_M_Fli zijn hiervoor gewisselt.
[2023-10-06 17:58:50,445] *eet_gang_optimizer* Bij iteratie: 4, Nieuwe oplossing score van: -673 > -690, NEW_1_V_Eug en VW_5_M_Car zijn hiervoor gewisselt.
[2023-10-06 17:58:50,586] *eet_gang_optimizer* Bij iteratie: 1, Nieuwe oplossing score van: -671 > -673, WO_77_M_Twa en WO_85_M_Wil zijn hiervoor gewisselt.
[2023-10-06 17:58:51,383] *kook_gang_optimizer* Bij iteratie: 22, Nieuwe oplossing score van: -670 > -671, VW_21 en WO_26 zijn hiervoor gewisselt.
[2023-10-06 17:58:51,993] *kook_gang_optimizer* Bij iteratie: 17, Nieuwe oplossing score van: -669 > -670, WO_38 en WO_41 zijn hiervoor gewisselt.
[2023-10-06 17:58:52,233] *kook_gang_optimizer* Bij iteratie: 6, Nieuwe oplossing score van: -663 > -669, VW_15 en WO_49 zijn hiervoor gewisselt.
[2023-10-06 17:58:52,575] *kook_gang_optimizer* Bij iteratie: 9, Nieuwe oplossing score van: -657 > -663, VW_9 en WO_23 zijn hiervoor gewisselt.
[2023-10-06 17:58:53,168] *kook_gang_optimizer* Bij iteratie: 16, Nieuwe oplossing score van: -652 > -657, VW_21 en WO_1 zijn hiervoor gewisselt.
[2023-10-06 17:58:55,145] *kook_gang_optimizer* Bij iteratie: 56, Nieuwe oplossing score van: -651 > -652, VW_23 en VW_51 zijn hiervoor gewisselt.
[2023-10-06 17:58:55,527] *eet_gang_optimizer* Bij iteratie: 3, Nieuwe oplossing score van: -638 > -651, VW_3_V_Cla en WO_41_M_Wim zijn hiervoor gewisselt.
[2023-10-06 17:58:58,077] *kook_gang_optimizer* Bij iteratie: 73, Nieuwe oplossing score van: -637 > -638, VW_62 en WO_1 zijn hiervoor gewisselt.
[2023-10-06 17:58:59,728] *eet_gang_optimizer* Bij iteratie: 15, Nieuwe oplossing score van: -626 > -637, VW_21_V_Ale en VW_9_V_Rie zijn hiervoor gewisselt.
[2023-10-06 17:59:00,323] *eet_gang_optimizer* Bij iteratie: 5, Nieuwe oplossing score van: -615 > -626, VW_12_V_Sja en VW_70_V_Cha zijn hiervoor gewisselt.
[2023-10-06 17:59:00,662] *kook_gang_optimizer* Bij iteratie: 8, Nieuwe oplossing score van: -609 > -615, WO_20 en WO_77 zijn hiervoor gewisselt.
[2023-10-06 17:59:00,972] *eet_gang_optimizer* Bij iteratie: 2, Nieuwe oplossing score van: -597 > -609, WO_55_V_Han en WO_81_M_Jan zijn hiervoor gewisselt.
[2023-10-06 17:59:01,252] *eet_gang_optimizer* Bij iteratie: 2, Nieuwe oplossing score van: -581 > -597, VW_3_M_Huu en WO_32a_M_Too zijn hiervoor gewisselt.
[2023-10-06 17:59:01,558] *kook_gang_optimizer* Bij iteratie: 8, Nieuwe oplossing score van: -570 > -581, VW_25 en WO_55 zijn hiervoor gewisselt.
[2023-10-06 17:59:01,769] *eet_gang_optimizer* Bij iteratie: 1, Nieuwe oplossing score van: -558 > -570, VW_6_V_Len en WO_9_V_Ell zijn hiervoor gewisselt.
[2023-10-06 17:59:02,079] *eet_gang_optimizer* Bij iteratie: 2, Nieuwe oplossing score van: -553 > -558, VW_13_V_Con en WO_61_M_Ren zijn hiervoor gewisselt.
[2023-10-06 17:59:02,402] *kook_gang_optimizer* Bij iteratie: 8, Nieuwe oplossing score van: -550 > -553, VW_31 en WO_55 zijn hiervoor gewisselt.
[2023-10-06 17:59:03,793] *kook_gang_optimizer* Bij iteratie: 38, Nieuwe oplossing score van: -541 > -550, VW_15 en WO_75 zijn hiervoor gewisselt.
[2023-10-06 17:59:03,947] *kook_gang_optimizer* Bij iteratie: 3, Nieuwe oplossing score van: -536 > -541, VW_15 en VW_43 zijn hiervoor gewisselt.
[2023-10-06 17:59:04,464] *eet_gang_optimizer* Bij iteratie: 4, Nieuwe oplossing score van: -535 > -536, WO_41_V_Ann en WO_81_V_Jan zijn hiervoor gewisselt.
[2023-10-06 17:59:04,532] *kook_gang_optimizer* Bij iteratie: 1, Nieuwe oplossing score van: -523 > -535, VW_25 en WO_24 zijn hiervoor gewisselt.
[2023-10-06 17:59:06,635] *kook_gang_optimizer* Bij iteratie: 57, Nieuwe oplossing score van: -517 > -523, VW_27 en WO_1 zijn hiervoor gewisselt.
[2023-10-06 17:59:06,811] *kook_gang_optimizer* Bij iteratie: 4, Nieuwe oplossing score van: -510 > -517, VW_13 en VW_9 zijn hiervoor gewisselt.
[2023-10-06 17:59:10,793] *eet_gang_optimizer* Bij iteratie: 38, Nieuwe oplossing score van: -504 > -510, WO_23_M_Bar en WO_61_M_Ren zijn hiervoor gewisselt.
[2023-10-06 17:59:13,153] *eet_gang_optimizer* Bij iteratie: 22, Nieuwe oplossing score van: -492 > -504, VW_62_V_Ale en WO_75_V_Deb zijn hiervoor gewisselt.
[2023-10-06 17:59:14,538] *eet_gang_optimizer* Bij iteratie: 12, Nieuwe oplossing score van: -480 > -492, VW_12_V_Sja en VW_3_V_Cla zijn hiervoor gewisselt.
[2023-10-06 17:59:15,614] *kook_gang_optimizer* Bij iteratie: 30, Nieuwe oplossing score van: -473 > -480, VW_15 en VW_72 zijn hiervoor gewisselt.
[2023-10-06 17:59:15,952] *eet_gang_optimizer* Bij iteratie: 3, Nieuwe oplossing score van: -471 > -473, WO_45_V_Kar en WO_51_M_Jan zijn hiervoor gewisselt.
[2023-10-06 17:59:18,288] *kook_gang_optimizer* Bij iteratie: 67, Nieuwe oplossing score van: -466 > -471, VW_31 en VW_72 zijn hiervoor gewisselt.
[2023-10-06 17:59:18,323] *kook_gang_optimizer* Bij iteratie: 0, Nieuwe oplossing score van: -456 > -466, WO_40 en WO_45 zijn hiervoor gewisselt.
[2023-10-06 17:59:21,366] *kook_gang_optimizer* Bij iteratie: 87, Nieuwe oplossing score van: -455 > -456, WO_36 en WO_40 zijn hiervoor gewisselt.
[2023-10-06 17:59:23,349] *eet_gang_optimizer* Bij iteratie: 19, Nieuwe oplossing score van: -454 > -455, VW_25_V_Ano en WO_24_M_Ray zijn hiervoor gewisselt.
[2023-10-06 17:59:26,786] *kook_gang_optimizer* Bij iteratie: 100, Nieuwe oplossing score van: -452 > -454, VW_20 en VW_5 zijn hiervoor gewisselt.
[2023-10-06 17:59:27,205] *kook_gang_optimizer* Bij iteratie: 11, Nieuwe oplossing score van: -447 > -452, WO_36 en WO_45 zijn hiervoor gewisselt.
[2023-10-06 17:59:29,380] *eet_gang_optimizer* Bij iteratie: 21, Nieuwe oplossing score van: -446 > -447, VW_5_V_Jud en WO_27_V_Mar zijn hiervoor gewisselt.
[2023-10-06 17:59:37,322] *kook_gang_optimizer* Bij iteratie: 231, Nieuwe oplossing score van: -442 > -446, WO_1 en WO_61 zijn hiervoor gewisselt.
[2023-10-06 17:59:38,886] *kook_gang_optimizer* Bij iteratie: 45, Nieuwe oplossing score van: -435 > -442, VW_31 en WO_77 zijn hiervoor gewisselt.
[2023-10-06 17:59:39,158] *eet_gang_optimizer* Bij iteratie: 2, Nieuwe oplossing score van: -429 > -435, VW_9_V_Rie en WO_40_V_Bir zijn hiervoor gewisselt.
[2023-10-06 17:59:40,053] *eet_gang_optimizer* Bij iteratie: 8, Nieuwe oplossing score van: -428 > -429, VW_23_M_Lar en WO_40_V_Mar zijn hiervoor gewisselt.
[2023-10-06 17:59:40,358] *eet_gang_optimizer* Bij iteratie: 2, Nieuwe oplossing score van: -422 > -428, VW_31_V_Jan en WO_13_M_Lau zijn hiervoor gewisselt.
[2023-10-06 17:59:47,600] *kook_gang_optimizer* Bij iteratie: 212, Nieuwe oplossing score van: -421 > -422, WO_13 en WO_87 zijn hiervoor gewisselt.
[2023-10-06 17:59:57,162] *kook_gang_optimizer* Bij iteratie: 278, Nieuwe oplossing score van: -419 > -421, VW_3 en VW_32 zijn hiervoor gewisselt.
[2023-10-06 18:00:02,199] *eet_gang_optimizer* Bij iteratie: 49, Nieuwe oplossing score van: -414 > -419, VW_20_M_Wil en WO_26_V_Ver zijn hiervoor gewisselt.
[2023-10-06 18:00:03,762] *eet_gang_optimizer* Bij iteratie: 15, Nieuwe oplossing score van: -407 > -414, VW_35_V_Ros en WO_26_V_Ver zijn hiervoor gewisselt.
[2023-10-06 18:00:04,386] *kook_gang_optimizer* Bij iteratie: 17, Nieuwe oplossing score van: -405 > -407, VW_13 en WO_41 zijn hiervoor gewisselt.
[2023-10-06 18:00:05,582] *eet_gang_optimizer* Bij iteratie: 11, Nieuwe oplossing score van: -402 > -405, WO_38_V_Eek en WO_53_M_Ola zijn hiervoor gewisselt.
[2023-10-06 18:00:18,664] *kook_gang_optimizer* Bij iteratie: 382, Nieuwe oplossing score van: -398 > -402, WO_36 en WO_79 zijn hiervoor gewisselt.
[2023-10-06 18:00:19,268] *eet_gang_optimizer* Bij iteratie: 5, Nieuwe oplossing score van: -391 > -398, WO_32_V_Ing en WO_49_V_Van zijn hiervoor gewisselt.
[2023-10-06 18:00:20,666] *eet_gang_optimizer* Bij iteratie: 13, Nieuwe oplossing score van: -386 > -391, VW_43_V_Sjo en VW_51_M_Coe zijn hiervoor gewisselt.
[2023-10-06 18:00:23,516] *eet_gang_optimizer* Bij iteratie: 27, Nieuwe oplossing score van: -385 > -386, WO_67_V_Jea en WO_7_V_Mon zijn hiervoor gewisselt.
[2023-10-06 18:00:26,023] *kook_gang_optimizer* Bij iteratie: 73, Nieuwe oplossing score van: -384 > -385, VW_62 en WO_49 zijn hiervoor gewisselt.
[2023-10-06 18:00:38,991] *kook_gang_optimizer* Bij iteratie: 380, Nieuwe oplossing score van: -378 > -384, WO_49 en WO_75 zijn hiervoor gewisselt.
[2023-10-06 18:00:40,048] *kook_gang_optimizer* Bij iteratie: 30, Nieuwe oplossing score van: -377 > -378, VW_57 en WO_16 zijn hiervoor gewisselt.
[2023-10-06 18:00:40,457] *eet_gang_optimizer* Bij iteratie: 3, Nieuwe oplossing score van: -370 > -377, WO_36_V_Ren en WO_67_V_Jea zijn hiervoor gewisselt.
[2023-10-06 18:01:10,599] *kook_gang_optimizer* Bij iteratie: 882, Nieuwe oplossing score van: -369 > -370, VW_9 en WO_24 zijn hiervoor gewisselt.
[2023-10-06 18:01:49,154] *kook_gang_optimizer* Bij iteratie: 1125, Nieuwe oplossing score van: -364 > -369, VW_70 en VW_9 zijn hiervoor gewisselt.
[2023-10-06 18:02:27,641] *kook_gang_optimizer* Bij iteratie: 1119, Nieuwe oplossing score van: -363 > -364, VW_70 en WO_32 zijn hiervoor gewisselt.
[2023-10-06 18:03:27,494] *kook_gang_optimizer* Timeout: 360s trying eet_gang_optimizer
[2023-10-06 18:03:28,627] *eet_gang_optimizer* Bij iteratie: 10, Nieuwe oplossing score van: -358 > -363, VW_20_V_Ber en VW_21_V_Ale zijn hiervoor gewisselt.
[2023-10-06 18:04:29,510] *kook_gang_optimizer* Timeout: 360s trying eet_gang_optimizer
[2023-10-06 18:04:31,104] *eet_gang_optimizer* Bij iteratie: 15, Nieuwe oplossing score van: -352 > -358, VW_23_V_Ils en WO_67_V_Jea zijn hiervoor gewisselt.
[2023-10-06 18:04:31,361] *eet_gang_optimizer* Bij iteratie: 2, Nieuwe oplossing score van: -351 > -352, WO_32_V_Ing en WO_7_V_Mon zijn hiervoor gewisselt.
[2023-10-06 18:05:29,858] *kook_gang_optimizer* Timeout: 360s trying eet_gang_optimizer
[2023-10-06 18:05:33,783] *eet_gang_optimizer* Bij iteratie: 38, Nieuwe oplossing score van: -350 > -351, VW_32_M_Mic en WO_53_M_Ola zijn hiervoor gewisselt.
[2023-10-06 18:06:32,007] *kook_gang_optimizer* Timeout: 360s trying eet_gang_optimizer
[2023-10-06 18:06:34,008] *eet_gang_optimizer* Bij iteratie: 19, Nieuwe oplossing score van: -349 > -350, VW_12_V_Sja en WO_1_M_And zijn hiervoor gewisselt.
[2023-10-06 18:06:35,228] *eet_gang_optimizer* Bij iteratie: 11, Nieuwe oplossing score van: -344 > -349, WO_32a_M_Too en WO_67_M_Rob zijn hiervoor gewisselt.
[2023-10-06 18:06:36,086] *eet_gang_optimizer* Bij iteratie: 8, Nieuwe oplossing score van: -343 > -344, WO_23_M_Bar en WO_38_V_Eek zijn hiervoor gewisselt.
[2023-10-06 18:07:34,130] *kook_gang_optimizer* Timeout: 360s trying eet_gang_optimizer
[2023-10-06 18:07:34,268] *eet_gang_optimizer* Bij iteratie: 1, Nieuwe oplossing score van: -342 > -343, WO_67_M_Rob en WO_9_V_Ell zijn hiervoor gewisselt.
[2023-10-06 18:08:32,713] *kook_gang_optimizer* Timeout: 360s trying eet_gang_optimizer
[2023-10-06 18:08:37,199] *eet_gang_optimizer* Bij iteratie: 43, Nieuwe oplossing score van: -341 > -342, WO_11_M_Bas en WO_13_V_Sim zijn hiervoor gewisselt.
[2023-10-06 18:08:52,002] *kook_gang_optimizer* Bij iteratie: 425, Nieuwe oplossing score van: -331 > -341, VW_35 en WO_41 zijn hiervoor gewisselt.
[2023-10-06 18:09:05,526] *kook_gang_optimizer* Bij iteratie: 359, Nieuwe oplossing score van: -330 > -331, VW_70 en WO_41 zijn hiervoor gewisselt.
[2023-10-06 18:09:05,847] *eet_gang_optimizer* Bij iteratie: 2, Nieuwe oplossing score van: -329 > -330, VW_32_M_Mic en WO_41_V_Ann zijn hiervoor gewisselt.
[2023-10-06 18:09:21,541] *eet_gang_optimizer* Bij iteratie: 144, Nieuwe oplossing score van: -328 > -329, VW_31_V_Jan en VW_35_M_Roe zijn hiervoor gewisselt.
[2023-10-06 18:10:20,106] *kook_gang_optimizer* Timeout: 360s trying eet_gang_optimizer
[2023-10-06 18:10:22,597] *eet_gang_optimizer* Bij iteratie: 24, Nieuwe oplossing score van: -327 > -328, VW_68_V_Mar en WO_57_M_Gij zijn hiervoor gewisselt.
[2023-10-06 18:10:26,503] *eet_gang_optimizer* Bij iteratie: 38, Nieuwe oplossing score van: -326 > -327, WO_16_M_Fre en WO_69_M_Han zijn hiervoor gewisselt.
[2023-10-06 18:10:28,311] *eet_gang_optimizer* Bij iteratie: 17, Nieuwe oplossing score van: -324 > -326, VW_21_V_Ale en VW_9_V_Rie zijn hiervoor gewisselt.
[2023-10-06 18:10:33,183] *eet_gang_optimizer* Bij iteratie: 47, Nieuwe oplossing score van: -323 > -324, NEW_1_V_Eug en WO_36_V_Ren zijn hiervoor gewisselt.
[2023-10-06 18:11:06,637] *kook_gang_optimizer* Bij iteratie: 983, Nieuwe oplossing score van: -320 > -323, VW_31 en WO_77 zijn hiervoor gewisselt.
[2023-10-06 18:11:07,808] *eet_gang_optimizer* Bij iteratie: 11, Nieuwe oplossing score van: -319 > -320, WO_67_M_Rob en WO_75_V_Deb zijn hiervoor gewisselt.
[2023-10-06 18:11:21,840] *eet_gang_optimizer* Bij iteratie: 136, Nieuwe oplossing score van: -318 > -319, VW_3_M_Huu en WO_1_V_Bir zijn hiervoor gewisselt.
[2023-10-06 18:11:27,325] *eet_gang_optimizer* Bij iteratie: 53, Nieuwe oplossing score van: -317 > -318, VW_18_V_Yol en WO_13_V_Sim zijn hiervoor gewisselt.
[2023-10-06 18:12:29,400] *kook_gang_optimizer* Timeout: 360s trying eet_gang_optimizer
[2023-10-06 18:12:39,906] *eet_gang_optimizer* Bij iteratie: 97, Nieuwe oplossing score van: -311 > -317, VW_15_M_Ger en WO_51_V_Dia zijn hiervoor gewisselt.
[2023-10-06 18:12:40,835] *eet_gang_optimizer* Bij iteratie: 8, Nieuwe oplossing score van: -310 > -311, VW_27_M_Luc en WO_23_V_Mon zijn hiervoor gewisselt.
[2023-10-06 18:13:46,596] *kook_gang_optimizer* Timeout: 360s trying eet_gang_optimizer
[2023-10-06 18:13:59,027] *eet_gang_optimizer* Bij iteratie: 120, Nieuwe oplossing score van: -309 > -310, VW_21_M_Koo en VW_57_M_Lou zijn hiervoor gewisselt.
[2023-10-06 18:14:30,483] *kook_gang_optimizer* Bij iteratie: 906, Nieuwe oplossing score van: -308 > -309, WO_41 en WO_50 zijn hiervoor gewisselt.
[2023-10-06 18:14:31,103] *eet_gang_optimizer* Bij iteratie: 5, Nieuwe oplossing score van: -307 > -308, VW_5_V_Jud en WO_24_V_Jea zijn hiervoor gewisselt.
[2023-10-06 18:14:33,551] *eet_gang_optimizer* Bij iteratie: 23, Nieuwe oplossing score van: -306 > -307, VW_68_V_Mar en WO_26_V_Ver zijn hiervoor gewisselt.
[2023-10-06 18:15:33,058] *kook_gang_optimizer* Timeout: 360s trying eet_gang_optimizer
[2023-10-06 18:15:41,629] *eet_gang_optimizer* Bij iteratie: 77, Nieuwe oplossing score van: -305 > -306, VW_57_V_Ann en WO_13_M_Lau zijn hiervoor gewisselt.
[2023-10-06 18:16:42,661] *kook_gang_optimizer* Timeout: 360s trying eet_gang_optimizer
[2023-10-06 18:16:43,625] *eet_gang_optimizer* Bij iteratie: 9, Nieuwe oplossing score van: -304 > -305, NEW_1_M_Erw en VW_23_M_Lar zijn hiervoor gewisselt.
[2023-10-06 18:16:50,104] *eet_gang_optimizer* Bij iteratie: 61, Nieuwe oplossing score van: -299 > -304, VW_32_M_Mic en WO_51_V_Dia zijn hiervoor gewisselt.
[2023-10-06 18:17:50,253] *kook_gang_optimizer* Timeout: 360s trying eet_gang_optimizer
[2023-10-06 18:18:02,574] *eet_gang_optimizer* Bij iteratie: 119, Nieuwe oplossing score van: -298 > -299, WO_38_V_Eek en WO_51_V_Dia zijn hiervoor gewisselt.
[2023-10-06 18:19:04,245] *kook_gang_optimizer* Timeout: 360s trying eet_gang_optimizer
[2023-10-06 18:19:04,383] *eet_gang_optimizer* Bij iteratie: 1, Nieuwe oplossing score van: -291 > -298, VW_20_M_Wil en WO_50_M_Fli zijn hiervoor gewisselt.
[2023-10-06 18:20:12,662] *kook_gang_optimizer* Timeout: 360s trying eet_gang_optimizer
[2023-10-06 18:20:44,662] *eet_gang_optimizer* Bij iteratie: 280, Nieuwe oplossing score van: -290 > -291, NEW_3_M_Rob en WO_24_V_Jea zijn hiervoor gewisselt.
[2023-10-06 18:21:50,006] *kook_gang_optimizer* Timeout: 360s trying eet_gang_optimizer
[2023-10-06 18:21:52,448] *eet_gang_optimizer* Bij iteratie: 21, Nieuwe oplossing score van: -285 > -290, VW_13_M_Mar en VW_31_M_Pau zijn hiervoor gewisselt.
[2023-10-06 18:22:55,964] *kook_gang_optimizer* Timeout: 360s trying eet_gang_optimizer
[2023-10-06 18:22:59,384] *eet_gang_optimizer* Bij iteratie: 29, Nieuwe oplossing score van: -284 > -285, VW_32_V_Wen en WO_11_M_Bas zijn hiervoor gewisselt.
[2023-10-06 18:24:03,976] *kook_gang_optimizer* Timeout: 360s trying eet_gang_optimizer
[2023-10-06 18:24:34,878] *eet_gang_optimizer* Bij iteratie: 259, Nieuwe oplossing score van: -283 > -284, WO_61_V_Ger en WO_79_M_Rob zijn hiervoor gewisselt.
[2023-10-06 18:25:44,906] *kook_gang_optimizer* Timeout: 360s trying eet_gang_optimizer
[2023-10-06 18:25:58,983] *eet_gang_optimizer* Bij iteratie: 117, Nieuwe oplossing score van: -278 > -283, VW_46_V_Jor en WO_67_V_Jea zijn hiervoor gewisselt.
[2023-10-06 18:27:08,279] *kook_gang_optimizer* Timeout: 360s trying eet_gang_optimizer
[2023-10-06 18:28:24,852] *eet_gang_optimizer* Bij iteratie: 645, Nieuwe oplossing score van: -277 > -278, VW_8_V_Let en WO_71_V_Mar zijn hiervoor gewisselt.
[2023-10-06 18:28:40,117] *eet_gang_optimizer* Bij iteratie: 127, Nieuwe oplossing score van: -276 > -277, WO_11_M_Bas en WO_67_V_Jea zijn hiervoor gewisselt.
[2023-10-06 18:29:47,890] *kook_gang_optimizer* Timeout: 360s trying eet_gang_optimizer
[2023-10-06 18:31:08,730] *eet_gang_optimizer* Bij iteratie: 644, Nieuwe oplossing score van: -275 > -276, WO_57_V_May en WO_69_V_Ant zijn hiervoor gewisselt.
[2023-10-06 18:32:17,672] *kook_gang_optimizer* Timeout: 360s trying eet_gang_optimizer
[2023-10-06 18:32:46,249] *eet_gang_optimizer* Bij iteratie: 227, Nieuwe oplossing score van: -274 > -275, VW_70_M_Bas en WO_61_V_Ger zijn hiervoor gewisselt.
[2023-10-06 18:33:56,437] *kook_gang_optimizer* Timeout: 360s trying eet_gang_optimizer
[2023-10-06 18:33:56,842] *eet_gang_optimizer* Bij iteratie: 3, Nieuwe oplossing score van: -273 > -274, VW_31_M_Pau en WO_75_V_Deb zijn hiervoor gewisselt.
[2023-10-06 18:35:05,997] *kook_gang_optimizer* Timeout: 360s trying eet_gang_optimizer
[2023-10-06 18:35:36,838] *eet_gang_optimizer* Bij iteratie: 246, Nieuwe oplossing score van: -271 > -273, WO_13_M_Lau en WO_23_V_Mon zijn hiervoor gewisselt.
[2023-10-06 18:36:43,828] *kook_gang_optimizer* Timeout: 360s trying eet_gang_optimizer
[2023-10-06 18:38:56,596] *eet_gang_optimizer* Bij iteratie: 1079, Nieuwe oplossing score van: -270 > -271, WO_27_V_Mar en WO_50_V_Nic zijn hiervoor gewisselt.
[2023-10-06 18:39:56,576] *kook_gang_optimizer* Timeout: 360s trying eet_gang_optimizer
[2023-10-06 18:40:33,503] *eet_gang_optimizer* Bij iteratie: 354, Nieuwe oplossing score van: -269 > -270, VW_32_M_Mic en WO_45_V_Kar zijn hiervoor gewisselt.
[2023-10-06 18:41:32,508] *kook_gang_optimizer* Timeout: 360s trying eet_gang_optimizer
[2023-10-06 18:41:39,678] *eet_gang_optimizer* Bij iteratie: 69, Nieuwe oplossing score van: -268 > -269, VW_13_V_Con en WO_61_M_Ren zijn hiervoor gewisselt.
[2023-10-06 18:42:38,181] *kook_gang_optimizer* Timeout: 360s trying eet_gang_optimizer
[2023-10-06 18:42:42,587] *eet_gang_optimizer* Bij iteratie: 43, Nieuwe oplossing score van: -267 > -268, WO_27_V_Mar en WO_69_M_Han zijn hiervoor gewisselt.
[2023-10-06 18:43:04,883] *eet_gang_optimizer* Bij iteratie: 218, Nieuwe oplossing score van: -266 > -267, NEW_3_M_Rob en WO_9_M_Phi zijn hiervoor gewisselt.
[2023-10-06 18:47:40,063] *eet_gang_optimizer* Bij iteratie: 2681, Nieuwe oplossing score van: -265 > -266, WO_41_V_Ann en WO_69_M_Han zijn hiervoor gewisselt.
[2023-10-06 18:47:52,461] *kook_gang_optimizer* Bij iteratie: 365, Nieuwe oplossing score van: -264 > -265, VW_31 en WO_77 zijn hiervoor gewisselt.
[2023-10-06 18:48:50,579] *kook_gang_optimizer* Timeout: 360s trying eet_gang_optimizer
[2023-10-06 18:50:05,897] *eet_gang_optimizer* Bij iteratie: 741, Nieuwe oplossing score van: -263 > -264, WO_38_V_Eek en WO_85_V_Fem zijn hiervoor gewisselt.
[2023-10-06 18:55:35,394] *eet_gang_optimizer* Bij iteratie: 3214, Nieuwe oplossing score van: -262 > -263, VW_51_V_Eli en WO_32a_V_Gem zijn hiervoor gewisselt.
[2023-10-06 18:56:34,635] *kook_gang_optimizer* Timeout: 360s trying eet_gang_optimizer
[2023-10-06 19:02:34,651] *eet_gang_optimize* Timeout: 360s Optimizer stopping ...
[2023-10-06 19:25:48,140] *eet_gang_optimizer* Bij iteratie: 1, Nieuwe oplossing score van: -2040 > -2076, WO_20_V_Ast en WO_50_M_Fli zijn hiervoor gewisselt.
[2023-10-06 19:25:48,359] *eet_gang_optimizer* Bij iteratie: 1, Nieuwe oplossing score van: -2029 > -2040, WO_33_V_Lou en WO_87_V_Mad zijn hiervoor gewisselt.
[2023-10-06 19:25:48,543] *eet_gang_optimizer* Bij iteratie: 1, Nieuwe oplossing score van: -1994 > -2029, VW_32_M_Mic en WO_26_M_Rod zijn hiervoor gewisselt.
[2023-10-06 19:25:48,581] *eet_gang_optimizer* Bij iteratie: 0, Nieuwe oplossing score van: -1977 > -1994, VW_27_M_Luc en VW_8_V_Let zijn hiervoor gewisselt.
[2023-10-06 19:25:48,660] *eet_gang_optimizer* Bij iteratie: 0, Nieuwe oplossing score van: -1953 > -1977, VW_15_V_Aim en WO_50_V_Nic zijn hiervoor gewisselt.
[2023-10-06 19:25:48,926] *eet_gang_optimizer* Bij iteratie: 2, Nieuwe oplossing score van: -1941 > -1953, WO_36_M_Hui en WO_71_V_Mar zijn hiervoor gewisselt.
[2023-10-06 19:25:49,002] *eet_gang_optimizer* Bij iteratie: 0, Nieuwe oplossing score van: -1916 > -1941, WO_13_V_Sim en WO_26_M_Rod zijn hiervoor gewisselt.
[2023-10-06 19:25:49,112] *kook_gang_optimizer* Bij iteratie: 2, Nieuwe oplossing score van: -1906 > -1916, VW_15 en WO_79 zijn hiervoor gewisselt.
[2023-10-06 19:25:49,149] *kook_gang_optimizer* Bij iteratie: 0, Nieuwe oplossing score van: -1881 > -1906, WO_32 en WO_50 zijn hiervoor gewisselt.
[2023-10-06 19:25:49,236] *kook_gang_optimizer* Bij iteratie: 1, Nieuwe oplossing score van: -1840 > -1881, VW_43 en VW_5 zijn hiervoor gewisselt.
[2023-10-06 19:25:49,302] *kook_gang_optimizer* Bij iteratie: 0, Nieuwe oplossing score van: -1835 > -1840, VW_39 en WO_38 zijn hiervoor gewisselt.
[2023-10-06 19:25:49,454] *kook_gang_optimizer* Bij iteratie: 2, Nieuwe oplossing score van: -1799 > -1835, VW_3 en WO_20 zijn hiervoor gewisselt.
[2023-10-06 19:25:49,493] *kook_gang_optimizer* Bij iteratie: 0, Nieuwe oplossing score van: -1768 > -1799, WO_27 en WO_45 zijn hiervoor gewisselt.
[2023-10-06 19:25:49,566] *kook_gang_optimizer* Bij iteratie: 1, Nieuwe oplossing score van: -1759 > -1768, VW_25 en VW_62 zijn hiervoor gewisselt.
[2023-10-06 19:25:49,678] *eet_gang_optimizer* Bij iteratie: 0, Nieuwe oplossing score van: -1751 > -1759, VW_15_V_Aim en VW_46_V_Jor zijn hiervoor gewisselt.
[2023-10-06 19:25:49,714] *kook_gang_optimizer* Bij iteratie: 0, Nieuwe oplossing score van: -1746 > -1751, VW_31 en VW_35 zijn hiervoor gewisselt.
[2023-10-06 19:25:49,860] *kook_gang_optimizer* Bij iteratie: 3, Nieuwe oplossing score van: -1727 > -1746, WO_21 en WO_36 zijn hiervoor gewisselt.
[2023-10-06 19:25:49,933] *kook_gang_optimizer* Bij iteratie: 1, Nieuwe oplossing score van: -1708 > -1727, VW_3 en VW_5 zijn hiervoor gewisselt.
[2023-10-06 19:25:50,442] *kook_gang_optimizer* Bij iteratie: 12, Nieuwe oplossing score van: -1699 > -1708, VW_51 en WO_36 zijn hiervoor gewisselt.
[2023-10-06 19:25:50,516] *eet_gang_optimizer* Bij iteratie: 0, Nieuwe oplossing score van: -1665 > -1699, VW_32_M_Mic en WO_1_M_And zijn hiervoor gewisselt.
[2023-10-06 19:25:50,847] *kook_gang_optimizer* Bij iteratie: 8, Nieuwe oplossing score van: -1637 > -1665, VW_12 en VW_51 zijn hiervoor gewisselt.
[2023-10-06 19:25:50,957] *eet_gang_optimizer* Bij iteratie: 0, Nieuwe oplossing score van: -1631 > -1637, WO_11_M_Bas en WO_9_M_Phi zijn hiervoor gewisselt.
[2023-10-06 19:25:51,236] *kook_gang_optimizer* Bij iteratie: 6, Nieuwe oplossing score van: -1620 > -1631, VW_8 en WO_21 zijn hiervoor gewisselt.
[2023-10-06 19:25:51,313] *eet_gang_optimizer* Bij iteratie: 0, Nieuwe oplossing score van: -1614 > -1620, WO_13_M_Lau en WO_49_M_Joo zijn hiervoor gewisselt.
[2023-10-06 19:25:51,387] *kook_gang_optimizer* Bij iteratie: 1, Nieuwe oplossing score van: -1597 > -1614, VW_13 en WO_27 zijn hiervoor gewisselt.
[2023-10-06 19:25:51,427] *kook_gang_optimizer* Bij iteratie: 0, Nieuwe oplossing score van: -1548 > -1597, WO_27 en WO_49 zijn hiervoor gewisselt.
[2023-10-06 19:25:51,465] *kook_gang_optimizer* Bij iteratie: 0, Nieuwe oplossing score van: -1528 > -1548, VW_62 en WO_33 zijn hiervoor gewisselt.
[2023-10-06 19:25:51,680] *kook_gang_optimizer* Bij iteratie: 5, Nieuwe oplossing score van: -1490 > -1528, VW_15 en WO_38 zijn hiervoor gewisselt.
[2023-10-06 19:25:51,753] *kook_gang_optimizer* Bij iteratie: 1, Nieuwe oplossing score van: -1488 > -1490, VW_25 en WO_21 zijn hiervoor gewisselt.
[2023-10-06 19:25:51,825] *kook_gang_optimizer* Bij iteratie: 1, Nieuwe oplossing score van: -1487 > -1488, VW_15 en WO_13 zijn hiervoor gewisselt.
[2023-10-06 19:25:51,864] *kook_gang_optimizer* Bij iteratie: 0, Nieuwe oplossing score van: -1477 > -1487, WO_26 en WO_45 zijn hiervoor gewisselt.
[2023-10-06 19:25:52,086] *eet_gang_optimizer* Bij iteratie: 1, Nieuwe oplossing score van: -1469 > -1477, VW_3_V_Cla en WO_53_M_Ola zijn hiervoor gewisselt.
[2023-10-06 19:25:52,232] *kook_gang_optimizer* Bij iteratie: 3, Nieuwe oplossing score van: -1444 > -1469, WO_45 en WO_53 zijn hiervoor gewisselt.
[2023-10-06 19:25:52,376] *kook_gang_optimizer* Bij iteratie: 3, Nieuwe oplossing score van: -1428 > -1444, VW_51 en WO_77 zijn hiervoor gewisselt.
[2023-10-06 19:25:53,288] *kook_gang_optimizer* Bij iteratie: 24, Nieuwe oplossing score van: -1423 > -1428, VW_39 en WO_27 zijn hiervoor gewisselt.
[2023-10-06 19:25:53,402] *eet_gang_optimizer* Bij iteratie: 0, Nieuwe oplossing score van: -1413 > -1423, VW_18_V_Yol en WO_51_V_Dia zijn hiervoor gewisselt.
[2023-10-06 19:25:54,132] *eet_gang_optimizer* Bij iteratie: 6, Nieuwe oplossing score van: -1387 > -1413, VW_20_V_Ber en WO_71_M_Kar zijn hiervoor gewisselt.
[2023-10-06 19:25:54,319] *eet_gang_optimizer* Bij iteratie: 1, Nieuwe oplossing score van: -1363 > -1387, NEW_3_M_Rob en VW_46_V_Jor zijn hiervoor gewisselt.
[2023-10-06 19:25:54,587] *eet_gang_optimizer* Bij iteratie: 2, Nieuwe oplossing score van: -1357 > -1363, VW_35_M_Roe en WO_24_M_Ray zijn hiervoor gewisselt.
[2023-10-06 19:25:54,872] *kook_gang_optimizer* Bij iteratie: 7, Nieuwe oplossing score van: -1338 > -1357, VW_33 en WO_51 zijn hiervoor gewisselt.
[2023-10-06 19:25:54,911] *eet_gang_optimizer* Bij iteratie: 0, Nieuwe oplossing score van: -1302 > -1338, VW_33_V_Het en WO_75_V_Deb zijn hiervoor gewisselt.
[2023-10-06 19:25:55,550] *kook_gang_optimizer* Bij iteratie: 17, Nieuwe oplossing score van: -1272 > -1302, WO_13 en WO_50 zijn hiervoor gewisselt.
[2023-10-06 19:25:55,731] *eet_gang_optimizer* Bij iteratie: 1, Nieuwe oplossing score van: -1266 > -1272, NEW_3_M_Rob en WO_23_V_Mon zijn hiervoor gewisselt.
[2023-10-06 19:25:56,125] *eet_gang_optimizer* Bij iteratie: 3, Nieuwe oplossing score van: -1242 > -1266, VW_18_V_Yol en WO_16_M_Fre zijn hiervoor gewisselt.
[2023-10-06 19:25:56,642] *eet_gang_optimizer* Bij iteratie: 4, Nieuwe oplossing score van: -1241 > -1242, WO_23_M_Bar en WO_67_V_Jea zijn hiervoor gewisselt.
[2023-10-06 19:25:56,714] *kook_gang_optimizer* Bij iteratie: 1, Nieuwe oplossing score van: -1217 > -1241, VW_23 en WO_20 zijn hiervoor gewisselt.
[2023-10-06 19:25:56,861] *eet_gang_optimizer* Bij iteratie: 1, Nieuwe oplossing score van: -1216 > -1217, VW_23_V_Ils en VW_27_M_Luc zijn hiervoor gewisselt.
[2023-10-06 19:25:57,150] *eet_gang_optimizer* Bij iteratie: 2, Nieuwe oplossing score van: -1211 > -1216, VW_70_M_Bas en WO_27_M_Dan zijn hiervoor gewisselt.
[2023-10-06 19:25:57,226] *eet_gang_optimizer* Bij iteratie: 0, Nieuwe oplossing score van: -1199 > -1211, NEW_3_M_Rob en WO_21_M_Han zijn hiervoor gewisselt.
[2023-10-06 19:25:58,083] *kook_gang_optimizer* Bij iteratie: 22, Nieuwe oplossing score van: -1182 > -1199, VW_12 en WO_16 zijn hiervoor gewisselt.
[2023-10-06 19:25:58,266] *kook_gang_optimizer* Bij iteratie: 4, Nieuwe oplossing score van: -1173 > -1182, VW_18 en VW_27 zijn hiervoor gewisselt.
[2023-10-06 19:25:58,378] *kook_gang_optimizer* Bij iteratie: 2, Nieuwe oplossing score van: -1167 > -1173, WO_13 en WO_33 zijn hiervoor gewisselt.
[2023-10-06 19:25:58,593] *eet_gang_optimizer* Bij iteratie: 1, Nieuwe oplossing score van: -1155 > -1167, WO_40_V_Bir en WO_81_M_Jan zijn hiervoor gewisselt.
[2023-10-06 19:25:58,705] *eet_gang_optimizer* Bij iteratie: 0, Nieuwe oplossing score van: -1149 > -1155, VW_35_M_Roe en VW_46_V_Jor zijn hiervoor gewisselt.
[2023-10-06 19:25:59,277] *eet_gang_optimizer* Bij iteratie: 4, Nieuwe oplossing score van: -1125 > -1149, NEW_3_V_Mel en VW_3_M_Huu zijn hiervoor gewisselt.
[2023-10-06 19:25:59,434] *kook_gang_optimizer* Bij iteratie: 3, Nieuwe oplossing score van: -1097 > -1125, WO_71 en WO_85 zijn hiervoor gewisselt.
[2023-10-06 19:26:00,023] *eet_gang_optimizer* Bij iteratie: 5, Nieuwe oplossing score van: -1089 > -1097, VW_31_M_Pau en WO_32a_M_Too zijn hiervoor gewisselt.
[2023-10-06 19:26:00,584] *eet_gang_optimizer* Bij iteratie: 4, Nieuwe oplossing score van: -1088 > -1089, NEW_1_M_Erw en WO_26_M_Rod zijn hiervoor gewisselt.
[2023-10-06 19:26:00,661] *eet_gang_optimizer* Bij iteratie: 0, Nieuwe oplossing score van: -1058 > -1088, WO_32_V_Ing en WO_32a_V_Gem zijn hiervoor gewisselt.
[2023-10-06 19:26:02,026] *kook_gang_optimizer* Bij iteratie: 36, Nieuwe oplossing score van: -1052 > -1058, VW_51 en WO_13 zijn hiervoor gewisselt.
[2023-10-06 19:26:02,496] *kook_gang_optimizer* Bij iteratie: 12, Nieuwe oplossing score van: -1051 > -1052, VW_51 en VW_72 zijn hiervoor gewisselt.
[2023-10-06 19:26:02,607] *eet_gang_optimizer* Bij iteratie: 0, Nieuwe oplossing score van: -1039 > -1051, WO_27_V_Mar en WO_79_M_Rob zijn hiervoor gewisselt.
[2023-10-06 19:26:03,438] *kook_gang_optimizer* Bij iteratie: 22, Nieuwe oplossing score van: -1037 > -1039, VW_46 en WO_24 zijn hiervoor gewisselt.
[2023-10-06 19:26:03,688] *kook_gang_optimizer* Bij iteratie: 6, Nieuwe oplossing score van: -1024 > -1037, VW_39 en WO_41 zijn hiervoor gewisselt.
[2023-10-06 19:26:03,903] *eet_gang_optimizer* Bij iteratie: 1, Nieuwe oplossing score van: -1014 > -1024, VW_25_V_Ano en VW_5_V_Jud zijn hiervoor gewisselt.
[2023-10-06 19:26:04,618] *kook_gang_optimizer* Bij iteratie: 19, Nieuwe oplossing score van: -1009 > -1014, VW_3 en WO_38 zijn hiervoor gewisselt.
[2023-10-06 19:26:04,738] *kook_gang_optimizer* Bij iteratie: 2, Nieuwe oplossing score van: -1005 > -1009, VW_18 en VW_20 zijn hiervoor gewisselt.
[2023-10-06 19:26:04,881] *kook_gang_optimizer* Bij iteratie: 3, Nieuwe oplossing score van: -975 > -1005, VW_33 en WO_7 zijn hiervoor gewisselt.
[2023-10-06 19:26:05,491] *kook_gang_optimizer* Bij iteratie: 16, Nieuwe oplossing score van: -969 > -975, WO_50 en WO_79 zijn hiervoor gewisselt.
[2023-10-06 19:26:05,604] *eet_gang_optimizer* Bij iteratie: 0, Nieuwe oplossing score van: -957 > -969, VW_6_V_Len en WO_20_V_Ast zijn hiervoor gewisselt.
[2023-10-06 19:26:08,488] *kook_gang_optimizer* Bij iteratie: 81, Nieuwe oplossing score van: -943 > -957, VW_70 en VW_8 zijn hiervoor gewisselt.
[2023-10-06 19:26:08,626] *kook_gang_optimizer* Bij iteratie: 3, Nieuwe oplossing score van: -940 > -943, VW_21 en VW_35 zijn hiervoor gewisselt.
[2023-10-06 19:26:09,898] *eet_gang_optimizer* Bij iteratie: 11, Nieuwe oplossing score van: -936 > -940, VW_25_V_Ano en WO_16_V_Lie zijn hiervoor gewisselt.
[2023-10-06 19:26:10,002] *kook_gang_optimizer* Bij iteratie: 2, Nieuwe oplossing score van: -931 > -936, VW_25 en VW_43 zijn hiervoor gewisselt.
[2023-10-06 19:26:10,331] *eet_gang_optimizer* Bij iteratie: 2, Nieuwe oplossing score van: -926 > -931, VW_20_M_Wil en WO_41_V_Ann zijn hiervoor gewisselt.
[2023-10-06 19:26:10,925] *kook_gang_optimizer* Bij iteratie: 15, Nieuwe oplossing score van: -921 > -926, VW_23 en WO_32 zijn hiervoor gewisselt.
[2023-10-06 19:26:12,239] *kook_gang_optimizer* Bij iteratie: 36, Nieuwe oplossing score van: -915 > -921, VW_20 en VW_33 zijn hiervoor gewisselt.
[2023-10-06 19:26:12,582] *kook_gang_optimizer* Bij iteratie: 9, Nieuwe oplossing score van: -910 > -915, VW_12 en VW_15 zijn hiervoor gewisselt.
[2023-10-06 19:26:13,719] *kook_gang_optimizer* Bij iteratie: 32, Nieuwe oplossing score van: -909 > -910, WO_26 en WO_87 zijn hiervoor gewisselt.
[2023-10-06 19:26:15,053] *kook_gang_optimizer* Bij iteratie: 38, Nieuwe oplossing score van: -907 > -909, VW_5 en WO_49 zijn hiervoor gewisselt.
[2023-10-06 19:26:15,173] *eet_gang_optimizer* Bij iteratie: 0, Nieuwe oplossing score van: -902 > -907, VW_12_M_Pet en WO_81_M_Jan zijn hiervoor gewisselt.
[2023-10-06 19:26:15,343] *eet_gang_optimizer* Bij iteratie: 1, Nieuwe oplossing score van: -896 > -902, WO_33_V_Lou en WO_9_V_Ell zijn hiervoor gewisselt.
[2023-10-06 19:26:15,649] *kook_gang_optimizer* Bij iteratie: 8, Nieuwe oplossing score van: -890 > -896, VW_3 en VW_5 zijn hiervoor gewisselt.
[2023-10-06 19:26:15,967] *eet_gang_optimizer* Bij iteratie: 2, Nieuwe oplossing score van: -885 > -890, VW_6_V_Len en WO_51_M_Jan zijn hiervoor gewisselt.
[2023-10-06 19:26:16,272] *kook_gang_optimizer* Bij iteratie: 8, Nieuwe oplossing score van: -879 > -885, VW_25 en VW_46 zijn hiervoor gewisselt.
[2023-10-06 19:26:16,477] *eet_gang_optimizer* Bij iteratie: 1, Nieuwe oplossing score van: -873 > -879, WO_27_M_Dan en WO_45_M_Die zijn hiervoor gewisselt.
[2023-10-06 19:26:16,647] *eet_gang_optimizer* Bij iteratie: 1, Nieuwe oplossing score van: -870 > -873, VW_68_V_Mar en WO_1_M_And zijn hiervoor gewisselt.
[2023-10-06 19:26:18,082] *kook_gang_optimizer* Bij iteratie: 41, Nieuwe oplossing score van: -858 > -870, VW_33 en WO_61 zijn hiervoor gewisselt.
[2023-10-06 19:26:18,354] *eet_gang_optimizer* Bij iteratie: 2, Nieuwe oplossing score van: -852 > -858, WO_21_M_Han en WO_79_M_Rob zijn hiervoor gewisselt.
[2023-10-06 19:26:19,102] *eet_gang_optimizer* Bij iteratie: 7, Nieuwe oplossing score van: -834 > -852, WO_21_M_Han en WO_69_M_Han zijn hiervoor gewisselt.
[2023-10-06 19:26:19,798] *kook_gang_optimizer* Bij iteratie: 19, Nieuwe oplossing score van: -832 > -834, WO_51 en WO_75 zijn hiervoor gewisselt.
[2023-10-06 19:26:19,899] *kook_gang_optimizer* Bij iteratie: 2, Nieuwe oplossing score van: -830 > -832, VW_33 en VW_9 zijn hiervoor gewisselt.
[2023-10-06 19:26:20,101] *kook_gang_optimizer* Bij iteratie: 5, Nieuwe oplossing score van: -809 > -830, WO_33 en WO_61 zijn hiervoor gewisselt.
[2023-10-06 19:26:20,821] *kook_gang_optimizer* Bij iteratie: 20, Nieuwe oplossing score van: -799 > -809, WO_51 en WO_85 zijn hiervoor gewisselt.
[2023-10-06 19:26:22,950] *kook_gang_optimizer* Bij iteratie: 61, Nieuwe oplossing score van: -793 > -799, VW_9 en WO_7 zijn hiervoor gewisselt.
[2023-10-06 19:26:24,979] *kook_gang_optimizer* Bij iteratie: 59, Nieuwe oplossing score van: -790 > -793, VW_31 en VW_35 zijn hiervoor gewisselt.
[2023-10-06 19:26:26,786] *kook_gang_optimizer* Bij iteratie: 51, Nieuwe oplossing score van: -788 > -790, VW_23 en WO_16 zijn hiervoor gewisselt.
[2023-10-06 19:26:27,334] *kook_gang_optimizer* Bij iteratie: 15, Nieuwe oplossing score van: -782 > -788, VW_25 en WO_38 zijn hiervoor gewisselt.
[2023-10-06 19:26:28,356] *eet_gang_optimizer* Bij iteratie: 9, Nieuwe oplossing score van: -771 > -782, VW_27_M_Luc en WO_36_M_Hui zijn hiervoor gewisselt.
[2023-10-06 19:26:28,391] *kook_gang_optimizer* Bij iteratie: 0, Nieuwe oplossing score van: -767 > -771, VW_20 en WO_69 zijn hiervoor gewisselt.
[2023-10-06 19:26:28,528] *eet_gang_optimizer* Bij iteratie: 1, Nieuwe oplossing score van: -761 > -767, VW_18_M_Mic en VW_35_V_Ros zijn hiervoor gewisselt.
[2023-10-06 19:26:30,816] *kook_gang_optimizer* Bij iteratie: 66, Nieuwe oplossing score van: -755 > -761, VW_21 en WO_79 zijn hiervoor gewisselt.
[2023-10-06 19:26:31,439] *kook_gang_optimizer* Bij iteratie: 17, Nieuwe oplossing score van: -751 > -755, WO_24 en WO_40 zijn hiervoor gewisselt.
[2023-10-06 19:26:31,509] *eet_gang_optimizer* Bij iteratie: 0, Nieuwe oplossing score van: -738 > -751, VW_32_V_Wen en WO_23_V_Mon zijn hiervoor gewisselt.
[2023-10-06 19:26:31,748] *kook_gang_optimizer* Bij iteratie: 6, Nieuwe oplossing score van: -735 > -738, VW_13 en VW_23 zijn hiervoor gewisselt.
[2023-10-06 19:26:31,887] *eet_gang_optimizer* Bij iteratie: 1, Nieuwe oplossing score van: -723 > -735, VW_33_V_Tru en WO_21_V_Pau zijn hiervoor gewisselt.
[2023-10-06 19:26:36,441] *kook_gang_optimizer* Bij iteratie: 132, Nieuwe oplossing score van: -715 > -723, VW_12 en WO_24 zijn hiervoor gewisselt.
[2023-10-06 19:26:37,209] *kook_gang_optimizer* Bij iteratie: 22, Nieuwe oplossing score van: -714 > -715, WO_32 en WO_36 zijn hiervoor gewisselt.
[2023-10-06 19:26:37,312] *eet_gang_optimizer* Bij iteratie: 0, Nieuwe oplossing score van: -708 > -714, VW_31_M_Pau en VW_43_V_Sjo zijn hiervoor gewisselt.
[2023-10-06 19:26:37,429] *eet_gang_optimizer* Bij iteratie: 0, Nieuwe oplossing score van: -702 > -708, VW_39_V_Ann en WO_20_M_Aad zijn hiervoor gewisselt.
[2023-10-06 19:26:37,700] *eet_gang_optimizer* Bij iteratie: 2, Nieuwe oplossing score van: -694 > -702, WO_38_V_Eek en WO_67_M_Rob zijn hiervoor gewisselt.
[2023-10-06 19:26:38,039] *kook_gang_optimizer* Bij iteratie: 9, Nieuwe oplossing score van: -692 > -694, VW_25 en WO_36 zijn hiervoor gewisselt.
[2023-10-06 19:26:38,736] *eet_gang_optimizer* Bij iteratie: 6, Nieuwe oplossing score van: -691 > -692, VW_18_V_Yol en WO_32_V_Ing zijn hiervoor gewisselt.
[2023-10-06 19:26:39,357] *kook_gang_optimizer* Bij iteratie: 17, Nieuwe oplossing score van: -690 > -691, VW_13 en VW_57 zijn hiervoor gewisselt.
[2023-10-06 19:26:40,673] *eet_gang_optimizer* Bij iteratie: 12, Nieuwe oplossing score van: -689 > -690, VW_20_V_Ber en WO_77_M_Twa zijn hiervoor gewisselt.
[2023-10-06 19:26:42,923] *eet_gang_optimizer* Bij iteratie: 21, Nieuwe oplossing score van: -683 > -689, WO_23_M_Bar en WO_71_V_Mar zijn hiervoor gewisselt.
[2023-10-06 19:26:43,027] *eet_gang_optimizer* Bij iteratie: 0, Nieuwe oplossing score van: -677 > -683, VW_32_V_Wen en VW_43_M_Mar zijn hiervoor gewisselt.
[2023-10-06 19:26:47,459] *kook_gang_optimizer* Bij iteratie: 128, Nieuwe oplossing score van: -659 > -677, VW_31 en WO_77 zijn hiervoor gewisselt.
[2023-10-06 19:26:48,295] *eet_gang_optimizer* Bij iteratie: 7, Nieuwe oplossing score van: -658 > -659, VW_43_M_Mar en WO_49_M_Joo zijn hiervoor gewisselt.
[2023-10-06 19:26:49,916] *kook_gang_optimizer* Bij iteratie: 46, Nieuwe oplossing score van: -657 > -658, VW_23 en WO_38 zijn hiervoor gewisselt.
[2023-10-06 19:26:50,490] *eet_gang_optimizer* Bij iteratie: 5, Nieuwe oplossing score van: -655 > -657, WO_49_M_Joo en WO_61_M_Ren zijn hiervoor gewisselt.
[2023-10-06 19:26:52,360] *eet_gang_optimizer* Bij iteratie: 18, Nieuwe oplossing score van: -654 > -655, VW_12_M_Pet en WO_55_V_Han zijn hiervoor gewisselt.
[2023-10-06 19:26:53,788] *eet_gang_optimizer* Bij iteratie: 13, Nieuwe oplossing score van: -649 > -654, VW_9_V_Rie en WO_36_V_Ren zijn hiervoor gewisselt.
[2023-10-06 19:26:54,128] *kook_gang_optimizer* Bij iteratie: 9, Nieuwe oplossing score van: -638 > -649, VW_35 en WO_45 zijn hiervoor gewisselt.
[2023-10-06 19:26:55,405] *kook_gang_optimizer* Bij iteratie: 36, Nieuwe oplossing score van: -590 > -638, VW_33 en WO_7 zijn hiervoor gewisselt.
[2023-10-06 19:26:56,488] *eet_gang_optimizer* Bij iteratie: 10, Nieuwe oplossing score van: -586 > -590, WO_51_M_Jan en WO_9_V_Ell zijn hiervoor gewisselt.
[2023-10-06 19:26:56,695] *eet_gang_optimizer* Bij iteratie: 1, Nieuwe oplossing score van: -584 > -586, VW_5_M_Car en VW_62_V_Ale zijn hiervoor gewisselt.
[2023-10-06 19:26:58,359] *eet_gang_optimizer* Bij iteratie: 16, Nieuwe oplossing score van: -571 > -584, VW_6_V_Len en WO_53_M_Ola zijn hiervoor gewisselt.
[2023-10-06 19:26:59,253] *eet_gang_optimizer* Bij iteratie: 8, Nieuwe oplossing score van: -565 > -571, VW_25_M_Joo en WO_85_M_Wil zijn hiervoor gewisselt.
[2023-10-06 19:27:02,431] *eet_gang_optimizer* Bij iteratie: 31, Nieuwe oplossing score van: -559 > -565, VW_70_V_Cha en WO_21_M_Han zijn hiervoor gewisselt.
[2023-10-06 19:27:07,566] *eet_gang_optimizer* Bij iteratie: 49, Nieuwe oplossing score van: -558 > -559, VW_43_M_Mar en WO_69_V_Ant zijn hiervoor gewisselt.
[2023-10-06 19:27:15,035] *kook_gang_optimizer* Bij iteratie: 217, Nieuwe oplossing score van: -545 > -558, VW_18 en VW_20 zijn hiervoor gewisselt.
[2023-10-06 19:27:20,284] *kook_gang_optimizer* Bij iteratie: 152, Nieuwe oplossing score van: -542 > -545, VW_18 en VW_27 zijn hiervoor gewisselt.
[2023-10-06 19:27:23,066] *kook_gang_optimizer* Bij iteratie: 81, Nieuwe oplossing score van: -531 > -542, WO_33 en WO_40 zijn hiervoor gewisselt.
[2023-10-06 19:27:23,317] *eet_gang_optimizer* Bij iteratie: 2, Nieuwe oplossing score van: -530 > -531, WO_61_V_Ger en WO_77_V_Maa zijn hiervoor gewisselt.
[2023-10-06 19:27:23,696] *kook_gang_optimizer* Bij iteratie: 10, Nieuwe oplossing score van: -529 > -530, WO_45 en WO_55 zijn hiervoor gewisselt.
[2023-10-06 19:27:24,173] *eet_gang_optimizer* Bij iteratie: 4, Nieuwe oplossing score van: -524 > -529, WO_36_V_Ren en WO_49_M_Joo zijn hiervoor gewisselt.
[2023-10-06 19:27:28,190] *kook_gang_optimizer* Bij iteratie: 115, Nieuwe oplossing score van: -523 > -524, VW_62 en WO_45 zijn hiervoor gewisselt.
[2023-10-06 19:27:37,882] *kook_gang_optimizer* Bij iteratie: 282, Nieuwe oplossing score van: -519 > -523, VW_43 en WO_49 zijn hiervoor gewisselt.
[2023-10-06 19:27:37,951] *eet_gang_optimizer* Bij iteratie: 0, Nieuwe oplossing score van: -512 > -519, VW_18_M_Mic en WO_41_M_Wim zijn hiervoor gewisselt.
[2023-10-06 19:27:40,581] *kook_gang_optimizer* Bij iteratie: 76, Nieuwe oplossing score van: -510 > -512, VW_20 en WO_69 zijn hiervoor gewisselt.
[2023-10-06 19:27:47,536] *kook_gang_optimizer* Bij iteratie: 202, Nieuwe oplossing score van: -505 > -510, VW_39 en WO_36 zijn hiervoor gewisselt.
[2023-10-06 19:27:48,492] *eet_gang_optimizer* Bij iteratie: 9, Nieuwe oplossing score van: -499 > -505, VW_35_M_Roe en VW_70_M_Bas zijn hiervoor gewisselt.
[2023-10-06 19:27:59,424] *kook_gang_optimizer* Bij iteratie: 319, Nieuwe oplossing score van: -494 > -499, WO_13 en WO_41 zijn hiervoor gewisselt.
[2023-10-06 19:27:59,878] *eet_gang_optimizer* Bij iteratie: 4, Nieuwe oplossing score van: -493 > -494, VW_68_M_Chr en WO_77_M_Twa zijn hiervoor gewisselt.
[2023-10-06 19:28:07,534] *kook_gang_optimizer* Bij iteratie: 220, Nieuwe oplossing score van: -491 > -493, VW_57 en WO_38 zijn hiervoor gewisselt.
[2023-10-06 19:28:14,513] *kook_gang_optimizer* Bij iteratie: 204, Nieuwe oplossing score van: -490 > -491, VW_23 en VW_32 zijn hiervoor gewisselt.
[2023-10-06 19:28:15,131] *eet_gang_optimizer* Bij iteratie: 5, Nieuwe oplossing score van: -484 > -490, WO_36_V_Ren en WO_41_M_Wim zijn hiervoor gewisselt.
[2023-10-06 19:28:15,167] *eet_gang_optimizer* Bij iteratie: 0, Nieuwe oplossing score van: -479 > -484, VW_46_V_Jor en WO_49_M_Joo zijn hiervoor gewisselt.
[2023-10-06 19:28:15,575] *kook_gang_optimizer* Bij iteratie: 11, Nieuwe oplossing score van: -475 > -479, VW_20 en WO_16 zijn hiervoor gewisselt.
[2023-10-06 19:28:22,531] *kook_gang_optimizer* Bij iteratie: 203, Nieuwe oplossing score van: -466 > -475, VW_33 en WO_38 zijn hiervoor gewisselt.
[2023-10-06 19:28:25,258] *kook_gang_optimizer* Bij iteratie: 78, Nieuwe oplossing score van: -465 > -466, VW_9 en WO_26 zijn hiervoor gewisselt.
[2023-10-06 19:28:26,692] *kook_gang_optimizer* Bij iteratie: 41, Nieuwe oplossing score van: -464 > -465, VW_9 en WO_45 zijn hiervoor gewisselt.
[2023-10-06 19:28:26,997] *eet_gang_optimizer* Bij iteratie: 2, Nieuwe oplossing score van: -463 > -464, VW_68_M_Chr en WO_32_V_Ing zijn hiervoor gewisselt.
[2023-10-06 19:28:29,147] *kook_gang_optimizer* Bij iteratie: 62, Nieuwe oplossing score van: -455 > -463, WO_40 en WO_41 zijn hiervoor gewisselt.
[2023-10-06 19:28:30,287] *eet_gang_optimizer* Bij iteratie: 10, Nieuwe oplossing score van: -441 > -455, VW_15_V_Aim en WO_41_M_Wim zijn hiervoor gewisselt.
[2023-10-06 19:28:31,893] *eet_gang_optimizer* Bij iteratie: 15, Nieuwe oplossing score van: -440 > -441, VW_21_V_Ale en VW_32_M_Mic zijn hiervoor gewisselt.
[2023-10-06 19:28:33,248] *eet_gang_optimizer* Bij iteratie: 13, Nieuwe oplossing score van: -439 > -440, VW_3_V_Cla en VW_8_M_Fra zijn hiervoor gewisselt.
[2023-10-06 19:28:38,096] *kook_gang_optimizer* Bij iteratie: 142, Nieuwe oplossing score van: -435 > -439, VW_18 en WO_16 zijn hiervoor gewisselt.
[2023-10-06 19:28:38,734] *kook_gang_optimizer* Bij iteratie: 18, Nieuwe oplossing score van: -434 > -435, VW_18 en WO_36 zijn hiervoor gewisselt.
[2023-10-06 19:28:51,759] *kook_gang_optimizer* Bij iteratie: 377, Nieuwe oplossing score van: -431 > -434, VW_39 en WO_41 zijn hiervoor gewisselt.
[2023-10-06 19:28:52,697] *eet_gang_optimizer* Bij iteratie: 9, Nieuwe oplossing score van: -430 > -431, VW_27_M_Luc en WO_38_M_Jaa zijn hiervoor gewisselt.
[2023-10-06 19:28:53,416] *kook_gang_optimizer* Bij iteratie: 20, Nieuwe oplossing score van: -427 > -430, VW_32 en WO_38 zijn hiervoor gewisselt.
[2023-10-06 19:29:16,857] *kook_gang_optimizer* Bij iteratie: 687, Nieuwe oplossing score van: -424 > -427, VW_13 en WO_38 zijn hiervoor gewisselt.
[2023-10-06 19:29:17,063] *eet_gang_optimizer* Bij iteratie: 1, Nieuwe oplossing score van: -412 > -424, VW_33_V_Het en WO_81_M_Jan zijn hiervoor gewisselt.
[2023-10-06 19:29:18,345] *eet_gang_optimizer* Bij iteratie: 12, Nieuwe oplossing score van: -411 > -412, WO_24_V_Jea en WO_32_V_Ing zijn hiervoor gewisselt.
[2023-10-06 19:29:24,251] *kook_gang_optimizer* Bij iteratie: 166, Nieuwe oplossing score van: -408 > -411, VW_13 en WO_69 zijn hiervoor gewisselt.
[2023-10-06 19:29:29,763] *kook_gang_optimizer* Bij iteratie: 150, Nieuwe oplossing score van: -403 > -408, VW_18 en WO_36 zijn hiervoor gewisselt.
[2023-10-06 19:29:30,603] *eet_gang_optimizer* Bij iteratie: 7, Nieuwe oplossing score van: -397 > -403, VW_32_M_Mic en WO_33_M_Ari zijn hiervoor gewisselt.
[2023-10-06 19:29:31,764] *kook_gang_optimizer* Bij iteratie: 32, Nieuwe oplossing score van: -395 > -397, WO_33 en WO_38 zijn hiervoor gewisselt.
[2023-10-06 19:29:31,973] *eet_gang_optimizer* Bij iteratie: 1, Nieuwe oplossing score van: -390 > -395, VW_68_M_Chr en VW_68_V_Mar zijn hiervoor gewisselt.
[2023-10-06 19:29:33,289] *kook_gang_optimizer* Bij iteratie: 37, Nieuwe oplossing score van: -388 > -390, VW_23 en WO_38 zijn hiervoor gewisselt.
[2023-10-06 19:29:34,494] *eet_gang_optimizer* Bij iteratie: 11, Nieuwe oplossing score van: -386 > -388, WO_16_V_Lie en WO_85_V_Fem zijn hiervoor gewisselt.
[2023-10-06 19:29:38,190] *eet_gang_optimizer* Bij iteratie: 35, Nieuwe oplossing score van: -381 > -386, VW_5_M_Car en WO_61_M_Ren zijn hiervoor gewisselt.
[2023-10-06 19:29:54,814] *kook_gang_optimizer* Bij iteratie: 483, Nieuwe oplossing score van: -380 > -381, VW_5 en WO_27 zijn hiervoor gewisselt.
[2023-10-06 19:29:58,524] *eet_gang_optimizer* Bij iteratie: 36, Nieuwe oplossing score van: -379 > -380, VW_12_V_Sja en WO_75_V_Deb zijn hiervoor gewisselt.
[2023-10-06 19:29:59,142] *kook_gang_optimizer* Bij iteratie: 17, Nieuwe oplossing score van: -378 > -379, VW_15 en WO_69 zijn hiervoor gewisselt.
[2023-10-06 19:30:01,784] *eet_gang_optimizer* Bij iteratie: 25, Nieuwe oplossing score van: -377 > -378, VW_23_M_Lar en WO_50_V_Nic zijn hiervoor gewisselt.
[2023-10-06 19:30:03,483] *kook_gang_optimizer* Bij iteratie: 49, Nieuwe oplossing score van: -371 > -377, WO_33 en WO_7 zijn hiervoor gewisselt.
[2023-10-06 19:30:08,506] *eet_gang_optimizer* Bij iteratie: 49, Nieuwe oplossing score van: -365 > -371, NEW_3_V_Mel en WO_32a_M_Too zijn hiervoor gewisselt.
[2023-10-06 19:30:19,959] *kook_gang_optimizer* Bij iteratie: 336, Nieuwe oplossing score van: -364 > -365, VW_27 en WO_51 zijn hiervoor gewisselt.
[2023-10-06 19:30:30,073] *kook_gang_optimizer* Bij iteratie: 296, Nieuwe oplossing score van: -358 > -364, VW_62 en WO_51 zijn hiervoor gewisselt.
[2023-10-06 19:30:33,399] *eet_gang_optimizer* Bij iteratie: 32, Nieuwe oplossing score van: -352 > -358, WO_11_M_Bas en WO_79_M_Rob zijn hiervoor gewisselt.
[2023-10-06 19:30:36,931] *eet_gang_optimizer* Bij iteratie: 34, Nieuwe oplossing score van: -351 > -352, WO_33_M_Ari en WO_67_M_Rob zijn hiervoor gewisselt.
[2023-10-06 19:30:46,467] *kook_gang_optimizer* Bij iteratie: 279, Nieuwe oplossing score van: -349 > -351, VW_21 en WO_45 zijn hiervoor gewisselt.
[2023-10-06 19:30:46,604] *eet_gang_optimizer* Bij iteratie: 1, Nieuwe oplossing score van: -342 > -349, WO_20_V_Ast en WO_67_M_Rob zijn hiervoor gewisselt.
[2023-10-06 19:30:47,454] *eet_gang_optimizer* Bij iteratie: 8, Nieuwe oplossing score van: -338 > -342, VW_68_M_Chr en WO_77_V_Maa zijn hiervoor gewisselt.
[2023-10-06 19:30:50,623] *eet_gang_optimizer* Bij iteratie: 31, Nieuwe oplossing score van: -335 > -338, VW_27_M_Luc en WO_49_V_Van zijn hiervoor gewisselt.
[2023-10-06 19:30:53,593] *eet_gang_optimizer* Bij iteratie: 29, Nieuwe oplossing score van: -334 > -335, WO_26_V_Ver en WO_52_V_Eli zijn hiervoor gewisselt.
[2023-10-06 19:31:00,617] *eet_gang_optimizer* Bij iteratie: 69, Nieuwe oplossing score van: -333 > -334, VW_25_M_Joo en VW_6_V_Len zijn hiervoor gewisselt.
[2023-10-06 19:31:30,581] *kook_gang_optimizer* Bij iteratie: 882, Nieuwe oplossing score van: -332 > -333, VW_32 en WO_77 zijn hiervoor gewisselt.
[2023-10-06 19:31:31,265] *eet_gang_optimizer* Bij iteratie: 6, Nieuwe oplossing score van: -331 > -332, VW_33_V_Het en WO_36_M_Hui zijn hiervoor gewisselt.
[2023-10-06 19:31:35,605] *eet_gang_optimizer* Bij iteratie: 42, Nieuwe oplossing score van: -325 > -331, VW_57_M_Lou en WO_21_M_Han zijn hiervoor gewisselt.
[2023-10-06 19:31:39,730] *eet_gang_optimizer* Bij iteratie: 40, Nieuwe oplossing score van: -324 > -325, NEW_1_M_Erw en WO_53_M_Ola zijn hiervoor gewisselt.
[2023-10-06 19:31:52,797] *eet_gang_optimizer* Bij iteratie: 128, Nieuwe oplossing score van: -323 > -324, VW_15_M_Ger en WO_20_M_Aad zijn hiervoor gewisselt.
[2023-10-06 19:31:58,714] *eet_gang_optimizer* Bij iteratie: 58, Nieuwe oplossing score van: -322 > -323, VW_32_M_Mic en WO_75_M_Jur zijn hiervoor gewisselt.
[2023-10-06 19:32:52,106] *kook_gang_optimizer* Bij iteratie: 1581, Nieuwe oplossing score van: -320 > -322, VW_32 en WO_20 zijn hiervoor gewisselt.
[2023-10-06 19:32:59,658] *eet_gang_optimizer* Bij iteratie: 74, Nieuwe oplossing score van: -319 > -320, VW_15_M_Ger en VW_8_M_Fra zijn hiervoor gewisselt.
[2023-10-06 19:33:02,542] *eet_gang_optimizer* Bij iteratie: 28, Nieuwe oplossing score van: -318 > -319, VW_21_M_Koo en WO_75_M_Jur zijn hiervoor gewisselt.
[2023-10-06 19:33:07,228] *eet_gang_optimizer* Bij iteratie: 46, Nieuwe oplossing score van: -312 > -318, VW_6_V_Len en WO_81_M_Jan zijn hiervoor gewisselt.
[2023-10-06 19:33:32,828] *eet_gang_optimizer* Bij iteratie: 252, Nieuwe oplossing score van: -311 > -312, VW_43_V_Sjo en VW_68_V_Mar zijn hiervoor gewisselt.
[2023-10-06 19:33:56,680] *eet_gang_optimizer* Bij iteratie: 235, Nieuwe oplossing score van: -309 > -311, VW_62_M_Rob en WO_87_V_Mad zijn hiervoor gewisselt.
[2023-10-06 19:34:05,764] *eet_gang_optimizer* Bij iteratie: 89, Nieuwe oplossing score van: -308 > -309, VW_12_V_Sja en WO_50_M_Fli zijn hiervoor gewisselt.
[2023-10-06 19:35:03,819] *kook_gang_optimizer* Timeout: 600s trying eet_gang_optimizer
[2023-10-06 19:35:09,951] *eet_gang_optimizer* Bij iteratie: 60, Nieuwe oplossing score van: -302 > -308, VW_20_M_Wil en VW_72_M_Pie zijn hiervoor gewisselt.
[2023-10-06 19:36:08,194] *kook_gang_optimizer* Timeout: 600s trying eet_gang_optimizer
[2023-10-06 19:36:13,136] *eet_gang_optimizer* Bij iteratie: 48, Nieuwe oplossing score van: -296 > -302, WO_36_V_Ren en WO_9_M_Phi zijn hiervoor gewisselt.
[2023-10-06 19:36:14,962] *eet_gang_optimizer* Bij iteratie: 17, Nieuwe oplossing score van: -295 > -296, WO_16_M_Fre en WO_20_V_Ast zijn hiervoor gewisselt.
[2023-10-06 19:37:12,904] *kook_gang_optimizer* Timeout: 600s trying eet_gang_optimizer
[2023-10-06 19:37:51,853] *eet_gang_optimizer* Bij iteratie: 382, Nieuwe oplossing score van: -294 > -295, WO_23_M_Bar en WO_61_V_Ger zijn hiervoor gewisselt.
[2023-10-06 19:38:50,119] *kook_gang_optimizer* Timeout: 600s trying eet_gang_optimizer
[2023-10-06 19:39:25,242] *eet_gang_optimizer* Bij iteratie: 345, Nieuwe oplossing score van: -293 > -294, VW_35_V_Ros en WO_9_M_Phi zijn hiervoor gewisselt.
[2023-10-06 19:40:23,211] *kook_gang_optimizer* Timeout: 600s trying eet_gang_optimizer
[2023-10-06 19:40:41,830] *eet_gang_optimizer* Bij iteratie: 182, Nieuwe oplossing score van: -292 > -293, WO_61_M_Ren en WO_85_M_Wil zijn hiervoor gewisselt.
[2023-10-06 19:41:40,636] *kook_gang_optimizer* Timeout: 600s trying eet_gang_optimizer
[2023-10-06 19:42:03,282] *eet_gang_optimizer* Bij iteratie: 219, Nieuwe oplossing score van: -291 > -292, VW_68_M_Chr en WO_79_M_Rob zijn hiervoor gewisselt.
[2023-10-06 19:42:12,781] *eet_gang_optimizer* Bij iteratie: 93, Nieuwe oplossing score van: -290 > -291, WO_40_V_Mar en WO_51_V_Dia zijn hiervoor gewisselt.
[2023-10-06 19:43:06,469] *eet_gang_optimizer* Bij iteratie: 526, Nieuwe oplossing score van: -288 > -290, WO_67_V_Jea en WO_85_V_Fem zijn hiervoor gewisselt.
[2023-10-06 19:44:38,218] *eet_gang_optimizer* Bij iteratie: 894, Nieuwe oplossing score van: -287 > -288, VW_68_M_Chr en WO_26_M_Rod zijn hiervoor gewisselt.
[2023-10-06 19:44:43,495] *eet_gang_optimizer* Bij iteratie: 52, Nieuwe oplossing score van: -286 > -287, VW_8_V_Let en WO_9_V_Ell zijn hiervoor gewisselt.
[2023-10-06 19:45:41,069] *kook_gang_optimizer* Timeout: 600s trying eet_gang_optimizer
[2023-10-06 19:45:42,497] *eet_gang_optimizer* Bij iteratie: 13, Nieuwe oplossing score van: -285 > -286, WO_41_V_Ann en WO_49_V_Van zijn hiervoor gewisselt.
[2023-10-06 19:46:40,077] *kook_gang_optimizer* Timeout: 600s trying eet_gang_optimizer
[2023-10-06 19:47:53,390] *eet_gang_optimizer* Bij iteratie: 721, Nieuwe oplossing score van: -284 > -285, VW_13_V_Con en VW_57_M_Lou zijn hiervoor gewisselt.
[2023-10-06 19:48:06,451] *eet_gang_optimizer* Bij iteratie: 128, Nieuwe oplossing score van: -283 > -284, VW_20_M_Wil en WO_11_M_Bas zijn hiervoor gewisselt.
[2023-10-06 19:49:04,497] *kook_gang_optimizer* Timeout: 600s trying eet_gang_optimizer
[2023-10-06 19:50:25,373] *eet_gang_optimizer* Bij iteratie: 793, Nieuwe oplossing score van: -282 > -283, VW_31_M_Pau en WO_20_V_Ast zijn hiervoor gewisselt.
[2023-10-06 19:51:23,137] *kook_gang_optimizer* Timeout: 600s trying eet_gang_optimizer
[2023-10-06 19:52:19,657] *eet_gang_optimizer* Bij iteratie: 558, Nieuwe oplossing score van: -281 > -282, VW_33_V_Tru en WO_9_M_Phi zijn hiervoor gewisselt.
[2023-10-06 19:52:28,434] *eet_gang_optimizer* Bij iteratie: 87, Nieuwe oplossing score van: -277 > -281, VW_21_M_Koo en WO_81_V_Jan zijn hiervoor gewisselt.
[2023-10-06 19:53:25,834] *kook_gang_optimizer* Timeout: 600s trying eet_gang_optimizer
[2023-10-06 19:54:56,126] *eet_gang_optimizer* Bij iteratie: 898, Nieuwe oplossing score van: -276 > -277, VW_12_V_Sja en WO_55_V_Han zijn hiervoor gewisselt.
[2023-10-06 19:55:53,719] *kook_gang_optimizer* Timeout: 600s trying eet_gang_optimizer
[2023-10-06 19:56:33,862] *eet_gang_optimizer* Bij iteratie: 398, Nieuwe oplossing score van: -275 > -276, VW_13_M_Mar en VW_3_M_Huu zijn hiervoor gewisselt.
[2023-10-06 19:57:31,501] *kook_gang_optimizer* Timeout: 600s trying eet_gang_optimizer
[2023-10-06 20:03:15,233] *eet_gang_optimizer* Bij iteratie: 3406, Nieuwe oplossing score van: -274 > -275, VW_32_V_Wen en VW_39_V_Ann zijn hiervoor gewisselt.
[2023-10-06 20:13:15,244] *eet_gang_optimizer* Timeout: 600s trying kook_gang_optimizer
[2023-10-06 20:14:12,822] *kook_gang_optimizer* Timeout: 600s Optimizer stopping ...
[2023-10-06 21:19:25,992] *eet_gang_optimizer* Bij iteratie: 144, Nieuwe oplossing score van: -300 > -302, WO_20_M_Aad en WO_41_M_Wim zijn hiervoor gewisselt.
[2023-10-06 21:19:33,578] *eet_gang_optimizer* Bij iteratie: 71, Nieuwe oplossing score van: -299 > -300, VW_27_M_Luc en VW_32_V_Wen zijn hiervoor gewisselt.
[2023-10-06 21:19:48,604] *kook_gang_optimizer* Bij iteratie: 436, Nieuwe oplossing score van: -298 > -299, VW_18 en WO_26 zijn hiervoor gewisselt.
[2023-10-06 21:19:53,015] *eet_gang_optimizer* Bij iteratie: 42, Nieuwe oplossing score van: -297 > -298, VW_43_M_Mar en WO_53_V_Pat zijn hiervoor gewisselt.
[2023-10-06 21:19:55,014] *kook_gang_optimizer* Bij iteratie: 58, Nieuwe oplossing score van: -295 > -297, VW_20 en WO_20 zijn hiervoor gewisselt.
[2023-10-06 21:19:59,722] *eet_gang_optimizer* Bij iteratie: 44, Nieuwe oplossing score van: -294 > -295, NEW_1_M_Erw en WO_38_V_Eek zijn hiervoor gewisselt.
[2023-10-06 21:21:29,321] *eet_gang_optimizer* Bij iteratie: 61, Nieuwe oplossing score van: -301 > -302, VW_21_V_Ale en WO_67_M_Rob zijn hiervoor gewisselt.
[2023-10-06 21:21:33,276] *kook_gang_optimizer* Bij iteratie: 107, Nieuwe oplossing score van: -296 > -301, VW_51 en WO_13 zijn hiervoor gewisselt.
[2023-10-06 21:21:57,494] *kook_gang_optimizer* Bij iteratie: 694, Nieuwe oplossing score van: -295 > -296, VW_5 en WO_13 zijn hiervoor gewisselt.
[2023-10-06 21:22:13,391] *kook_gang_optimizer* Bij iteratie: 464, Nieuwe oplossing score van: -293 > -295, WO_20 en WO_51 zijn hiervoor gewisselt.
[2023-10-06 21:22:25,766] *eet_gang_optimizer* Bij iteratie: 121, Nieuwe oplossing score van: -292 > -293, WO_38_M_Jaa en WO_40_V_Mar zijn hiervoor gewisselt.
[2023-10-06 21:22:30,725] *eet_gang_optimizer* Bij iteratie: 48, Nieuwe oplossing score van: -288 > -292, WO_45_V_Kar en WO_51_M_Jan zijn hiervoor gewisselt.
[2023-10-06 21:22:33,002] *kook_gang_optimizer* Bij iteratie: 66, Nieuwe oplossing score van: -287 > -288, VW_18 en WO_26 zijn hiervoor gewisselt.
[2023-10-06 21:23:15,452] *eet_gang_optimizer* Bij iteratie: 419, Nieuwe oplossing score van: -286 > -287, VW_20_V_Ber en VW_70_V_Cha zijn hiervoor gewisselt.
[2023-10-06 21:23:27,135] *eet_gang_optimizer* Bij iteratie: 114, Nieuwe oplossing score van: -280 > -286, WO_20_M_Aad en WO_41_M_Wim zijn hiervoor gewisselt.
[2023-10-06 21:23:31,155] *eet_gang_optimizer* Bij iteratie: 39, Nieuwe oplossing score van: -276 > -280, NEW_3_V_Mel en WO_71_M_Kar zijn hiervoor gewisselt.
[2023-10-06 21:24:29,295] *kook_gang_optimizer* Timeout: 600s trying eet_gang_optimizer
[2023-10-06 21:24:33,541] *eet_gang_optimizer* Bij iteratie: 41, Nieuwe oplossing score van: -275 > -276, VW_6_V_Len en WO_67_M_Rob zijn hiervoor gewisselt.
[2023-10-06 21:24:35,673] *eet_gang_optimizer* Bij iteratie: 20, Nieuwe oplossing score van: -273 > -275, VW_13_V_Con en WO_1_M_And zijn hiervoor gewisselt.
[2023-10-06 21:25:33,937] *kook_gang_optimizer* Timeout: 600s trying eet_gang_optimizer
[2023-10-06 21:26:15,469] *eet_gang_optimizer* Bij iteratie: 408, Nieuwe oplossing score van: -272 > -273, VW_15_V_Aim en WO_50_V_Nic zijn hiervoor gewisselt.
[2023-10-06 21:27:13,467] *kook_gang_optimizer* Timeout: 600s trying eet_gang_optimizer
[2023-10-06 21:27:15,706] *eet_gang_optimizer* Bij iteratie: 21, Nieuwe oplossing score van: -271 > -272, WO_26_V_Ver en WO_41_V_Ann zijn hiervoor gewisselt.
[2023-10-06 21:28:13,633] *kook_gang_optimizer* Timeout: 600s trying eet_gang_optimizer
[2023-10-06 21:28:16,063] *eet_gang_optimizer* Bij iteratie: 23, Nieuwe oplossing score van: -270 > -271, VW_72_V_Len en WO_26_V_Ver zijn hiervoor gewisselt.
[2023-10-06 21:28:40,301] *eet_gang_optimizer* Bij iteratie: 240, Nieuwe oplossing score van: -268 > -270, VW_68_M_Chr en WO_13_V_Sim zijn hiervoor gewisselt.
[2023-10-06 21:30:26,986] *eet_gang_optimizer* Bij iteratie: 1053, Nieuwe oplossing score van: -267 > -268, VW_13_V_Con en WO_13_V_Sim zijn hiervoor gewisselt.
[2023-10-06 21:30:33,682] *eet_gang_optimizer* Bij iteratie: 66, Nieuwe oplossing score van: -265 > -267, VW_13_M_Mar en WO_32_V_Ing zijn hiervoor gewisselt.
[2023-10-06 21:30:36,153] *eet_gang_optimizer* Bij iteratie: 24, Nieuwe oplossing score van: -264 > -265, WO_32_V_Ing en WO_7_V_Mon zijn hiervoor gewisselt.
[2023-10-06 21:31:34,588] *kook_gang_optimizer* Timeout: 600s trying eet_gang_optimizer
[2023-10-06 21:31:48,404] *eet_gang_optimizer* Bij iteratie: 135, Nieuwe oplossing score van: -263 > -264, VW_27_M_Luc en VW_32_V_Wen zijn hiervoor gewisselt.
[2023-10-06 21:32:52,493] *eet_gang_optimizer* Bij iteratie: 630, Nieuwe oplossing score van: -262 > -263, VW_25_V_Ano en WO_20_V_Ast zijn hiervoor gewisselt.
[2023-10-06 21:32:54,992] *kook_gang_optimizer* Bij iteratie: 73, Nieuwe oplossing score van: -261 > -262, VW_43 en WO_49 zijn hiervoor gewisselt.
[2023-10-06 21:33:53,361] *kook_gang_optimizer* Timeout: 600s trying eet_gang_optimizer
[2023-10-06 21:35:56,699] *eet_gang_optimizer* Bij iteratie: 1213, Nieuwe oplossing score van: -260 > -261, VW_12_V_Sja en WO_41_M_Wim zijn hiervoor gewisselt.
[2023-10-06 21:37:01,358] *eet_gang_optimizer* Bij iteratie: 637, Nieuwe oplossing score van: -259 > -260, VW_62_V_Ale en WO_41_M_Wim zijn hiervoor gewisselt.
[2023-10-06 21:38:43,765] *eet_gang_optimizer* Bij iteratie: 1011, Nieuwe oplossing score van: -258 > -259, NEW_1_V_Eug en WO_24_V_Jea zijn hiervoor gewisselt.
[2023-10-06 21:48:43,773] *eet_gang_optimizer* Timeout: 600s trying kook_gang_optimizer
[2023-10-06 21:49:42,303] *kook_gang_optimizer* Timeout: 600s Optimizer stopping ...
[2023-10-06 21:50:22,049] *kook_gang_optimizer* Bij iteratie: 405, Nieuwe oplossing score van: -300 > -302, VW_20 en WO_20 zijn hiervoor gewisselt.
[2023-10-06 21:50:26,382] *eet_gang_optimizer* Bij iteratie: 39, Nieuwe oplossing score van: -298 > -300, WO_32a_M_Too en WO_67_M_Rob zijn hiervoor gewisselt.
[2023-10-06 21:50:27,257] *eet_gang_optimizer* Bij iteratie: 8, Nieuwe oplossing score van: -297 > -298, VW_15_V_Aim en VW_43_V_Sjo zijn hiervoor gewisselt.
[2023-10-06 21:51:54,600] *kook_gang_optimizer* Bij iteratie: 1, Nieuwe oplossing score van: -300 > -302, WO_20 en WO_51 zijn hiervoor gewisselt.
[2023-10-06 21:51:54,753] *eet_gang_optimizer* Bij iteratie: 1, Nieuwe oplossing score van: -299 > -300, VW_13_M_Mar en WO_16_M_Fre zijn hiervoor gewisselt.
[2023-10-06 21:52:12,846] *kook_gang_optimizer* Bij iteratie: 495, Nieuwe oplossing score van: -298 > -299, VW_18 en WO_26 zijn hiervoor gewisselt.
[2023-10-06 21:52:22,124] *eet_gang_optimizer* Bij iteratie: 88, Nieuwe oplossing score van: -297 > -298, WO_75_M_Jur en WO_87_V_Mad zijn hiervoor gewisselt.
[2023-10-06 21:52:42,590] *eet_gang_optimizer* Bij iteratie: 200, Nieuwe oplossing score van: -291 > -297, WO_20_M_Aad en WO_41_M_Wim zijn hiervoor gewisselt.
[2023-10-06 21:54:04,637] *kook_gang_optimizer* Bij iteratie: 267, Nieuwe oplossing score van: -300 > -302, WO_20 en WO_51 zijn hiervoor gewisselt.
[2023-10-06 21:54:12,937] *kook_gang_optimizer* Bij iteratie: 226, Nieuwe oplossing score van: -299 > -300, VW_18 en WO_26 zijn hiervoor gewisselt.
[2023-10-06 21:54:21,884] *kook_gang_optimizer* Bij iteratie: 259, Nieuwe oplossing score van: -295 > -299, VW_43 en WO_49 zijn hiervoor gewisselt.
[2023-10-06 21:54:27,080] *kook_gang_optimizer* Bij iteratie: 151, Nieuwe oplossing score van: -293 > -295, WO_27 en WO_49 zijn hiervoor gewisselt.
[2023-10-06 21:54:32,546] *eet_gang_optimizer* Bij iteratie: 52, Nieuwe oplossing score van: -292 > -293, VW_5_V_Jud en WO_7_V_Mon zijn hiervoor gewisselt.
[2023-10-06 21:55:03,028] *kook_gang_optimizer* Bij iteratie: 1, Nieuwe oplossing score van: -2070 > -2076, WO_20 en WO_40 zijn hiervoor gewisselt.
[2023-10-06 21:55:03,066] *kook_gang_optimizer* Bij iteratie: 0, Nieuwe oplossing score van: -2004 > -2070, WO_7 en WO_87 zijn hiervoor gewisselt.
[2023-10-06 21:55:03,102] *kook_gang_optimizer* Bij iteratie: 0, Nieuwe oplossing score van: -2001 > -2004, VW_25 en VW_31 zijn hiervoor gewisselt.
[2023-10-06 21:55:03,142] *kook_gang_optimizer* Bij iteratie: 0, Nieuwe oplossing score van: -1983 > -2001, VW_33 en WO_27 zijn hiervoor gewisselt.
[2023-10-06 21:55:03,216] *kook_gang_optimizer* Bij iteratie: 1, Nieuwe oplossing score van: -1900 > -1983, VW_23 en VW_32 zijn hiervoor gewisselt.
[2023-10-06 21:55:03,550] *kook_gang_optimizer* Bij iteratie: 8, Nieuwe oplossing score van: -1883 > -1900, VW_12 en WO_1 zijn hiervoor gewisselt.
[2023-10-06 21:55:03,625] *eet_gang_optimizer* Bij iteratie: 0, Nieuwe oplossing score van: -1882 > -1883, VW_20_V_Ber en VW_57_M_Lou zijn hiervoor gewisselt.
[2023-10-06 21:55:03,662] *kook_gang_optimizer* Bij iteratie: 0, Nieuwe oplossing score van: -1856 > -1882, VW_62 en WO_45 zijn hiervoor gewisselt.
[2023-10-06 21:55:03,776] *eet_gang_optimizer* Bij iteratie: 0, Nieuwe oplossing score van: -1840 > -1856, VW_23_M_Lar en VW_25_V_Ano zijn hiervoor gewisselt.
[2023-10-06 21:55:03,957] *kook_gang_optimizer* Bij iteratie: 4, Nieuwe oplossing score van: -1814 > -1840, VW_43 en WO_38 zijn hiervoor gewisselt.
[2023-10-06 21:55:04,070] *kook_gang_optimizer* Bij iteratie: 2, Nieuwe oplossing score van: -1796 > -1814, VW_35 en WO_79 zijn hiervoor gewisselt.
[2023-10-06 21:55:04,179] *kook_gang_optimizer* Bij iteratie: 2, Nieuwe oplossing score van: -1791 > -1796, WO_45 en WO_61 zijn hiervoor gewisselt.
[2023-10-06 21:55:04,304] *kook_gang_optimizer* Bij iteratie: 2, Nieuwe oplossing score van: -1782 > -1791, VW_13 en VW_35 zijn hiervoor gewisselt.
[2023-10-06 21:55:04,378] *eet_gang_optimizer* Bij iteratie: 0, Nieuwe oplossing score van: -1764 > -1782, NEW_1_V_Eug en WO_33_M_Ari zijn hiervoor gewisselt.
[2023-10-06 21:55:04,524] *kook_gang_optimizer* Bij iteratie: 3, Nieuwe oplossing score van: -1752 > -1764, WO_21 en WO_85 zijn hiervoor gewisselt.
[2023-10-06 21:55:04,600] *kook_gang_optimizer* Bij iteratie: 1, Nieuwe oplossing score van: -1686 > -1752, VW_13 en WO_26 zijn hiervoor gewisselt.
[2023-10-06 21:55:04,639] *eet_gang_optimizer* Bij iteratie: 0, Nieuwe oplossing score van: -1658 > -1686, VW_25_V_Ano en WO_67_M_Rob zijn hiervoor gewisselt.
[2023-10-06 21:55:04,753] *eet_gang_optimizer* Bij iteratie: 0, Nieuwe oplossing score van: -1627 > -1658, WO_51_M_Jan en WO_55_V_Han zijn hiervoor gewisselt.
[2023-10-06 21:55:04,900] *eet_gang_optimizer* Bij iteratie: 1, Nieuwe oplossing score van: -1613 > -1627, VW_57_M_Lou en WO_32_M_Ber zijn hiervoor gewisselt.
[2023-10-06 21:55:04,939] *eet_gang_optimizer* Bij iteratie: 0, Nieuwe oplossing score van: -1590 > -1613, VW_70_V_Cha en WO_1_V_Bir zijn hiervoor gewisselt.
[2023-10-06 21:55:05,050] *eet_gang_optimizer* Bij iteratie: 0, Nieuwe oplossing score van: -1578 > -1590, VW_8_V_Let en WO_53_V_Pat zijn hiervoor gewisselt.
[2023-10-06 21:55:05,702] *kook_gang_optimizer* Bij iteratie: 17, Nieuwe oplossing score van: -1570 > -1578, VW_23 en WO_32 zijn hiervoor gewisselt.
[2023-10-06 21:55:05,739] *kook_gang_optimizer* Bij iteratie: 0, Nieuwe oplossing score van: -1511 > -1570, VW_35 en WO_21 zijn hiervoor gewisselt.
[2023-10-06 21:55:05,994] *kook_gang_optimizer* Bij iteratie: 6, Nieuwe oplossing score van: -1475 > -1511, WO_13 en WO_38 zijn hiervoor gewisselt.
[2023-10-06 21:55:06,228] *eet_gang_optimizer* Bij iteratie: 1, Nieuwe oplossing score van: -1474 > -1475, VW_21_M_Koo en VW_39_V_Ann zijn hiervoor gewisselt.
[2023-10-06 21:55:06,338] *kook_gang_optimizer* Bij iteratie: 2, Nieuwe oplossing score van: -1470 > -1474, VW_23 en WO_41 zijn hiervoor gewisselt.
[2023-10-06 21:55:06,773] *kook_gang_optimizer* Bij iteratie: 11, Nieuwe oplossing score van: -1464 > -1470, VW_31 en VW_70 zijn hiervoor gewisselt.
[2023-10-06 21:55:06,847] *eet_gang_optimizer* Bij iteratie: 0, Nieuwe oplossing score van: -1452 > -1464, NEW_1_V_Eug en WO_40_V_Bir zijn hiervoor gewisselt.
[2023-10-06 21:55:06,884] *kook_gang_optimizer* Bij iteratie: 0, Nieuwe oplossing score van: -1450 > -1452, VW_46 en WO_49 zijn hiervoor gewisselt.
[2023-10-06 21:55:07,215] *kook_gang_optimizer* Bij iteratie: 8, Nieuwe oplossing score van: -1443 > -1450, WO_41 en WO_69 zijn hiervoor gewisselt.
[2023-10-06 21:55:07,253] *kook_gang_optimizer* Bij iteratie: 0, Nieuwe oplossing score van: -1405 > -1443, VW_9 en WO_7 zijn hiervoor gewisselt.
[2023-10-06 21:55:07,436] *eet_gang_optimizer* Bij iteratie: 1, Nieuwe oplossing score van: -1388 > -1405, WO_38_M_Jaa en WO_71_V_Mar zijn hiervoor gewisselt.
[2023-10-06 21:55:07,582] *kook_gang_optimizer* Bij iteratie: 3, Nieuwe oplossing score van: -1380 > -1388, VW_3 en VW_51 zijn hiervoor gewisselt.
[2023-10-06 21:55:07,700] *eet_gang_optimizer* Bij iteratie: 0, Nieuwe oplossing score van: -1375 > -1380, WO_45_V_Kar en WO_81_V_Jan zijn hiervoor gewisselt.
[2023-10-06 21:55:08,007] *eet_gang_optimizer* Bij iteratie: 2, Nieuwe oplossing score van: -1362 > -1375, WO_13_V_Sim en WO_71_M_Kar zijn hiervoor gewisselt.
[2023-10-06 21:55:08,261] *eet_gang_optimizer* Bij iteratie: 2, Nieuwe oplossing score van: -1351 > -1362, NEW_3_M_Rob en VW_68_V_Mar zijn hiervoor gewisselt.
[2023-10-06 21:55:08,370] *kook_gang_optimizer* Bij iteratie: 2, Nieuwe oplossing score van: -1329 > -1351, WO_27 en WO_52 zijn hiervoor gewisselt.
[2023-10-06 21:55:08,876] *kook_gang_optimizer* Bij iteratie: 13, Nieuwe oplossing score van: -1319 > -1329, VW_9 en WO_61 zijn hiervoor gewisselt.
[2023-10-06 21:55:09,058] *kook_gang_optimizer* Bij iteratie: 4, Nieuwe oplossing score van: -1295 > -1319, WO_50 en WO_51 zijn hiervoor gewisselt.
[2023-10-06 21:55:09,277] *eet_gang_optimizer* Bij iteratie: 1, Nieuwe oplossing score van: -1277 > -1295, WO_16_M_Fre en WO_52_V_Eli zijn hiervoor gewisselt.
[2023-10-06 21:55:09,506] *kook_gang_optimizer* Bij iteratie: 5, Nieuwe oplossing score van: -1265 > -1277, WO_20 en WO_81 zijn hiervoor gewisselt.
[2023-10-06 21:55:09,542] *kook_gang_optimizer* Bij iteratie: 0, Nieuwe oplossing score van: -1247 > -1265, VW_72 en WO_16 zijn hiervoor gewisselt.
[2023-10-06 21:55:09,688] *kook_gang_optimizer* Bij iteratie: 3, Nieuwe oplossing score van: -1234 > -1247, VW_15 en WO_77 zijn hiervoor gewisselt.
[2023-10-06 21:55:10,014] *eet_gang_optimizer* Bij iteratie: 2, Nieuwe oplossing score van: -1226 > -1234, WO_32a_M_Too en WO_40_V_Bir zijn hiervoor gewisselt.
[2023-10-06 21:55:10,161] *eet_gang_optimizer* Bij iteratie: 1, Nieuwe oplossing score van: -1213 > -1226, VW_51_M_Coe en WO_51_M_Jan zijn hiervoor gewisselt.
[2023-10-06 21:55:10,305] *kook_gang_optimizer* Bij iteratie: 3, Nieuwe oplossing score van: -1206 > -1213, WO_21 en WO_77 zijn hiervoor gewisselt.
[2023-10-06 21:55:10,378] *kook_gang_optimizer* Bij iteratie: 1, Nieuwe oplossing score van: -1193 > -1206, VW_31 en WO_49 zijn hiervoor gewisselt.
[2023-10-06 21:55:10,524] *eet_gang_optimizer* Bij iteratie: 1, Nieuwe oplossing score van: -1180 > -1193, VW_21_V_Ale en VW_57_M_Lou zijn hiervoor gewisselt.
[2023-10-06 21:55:11,028] *kook_gang_optimizer* Bij iteratie: 13, Nieuwe oplossing score van: -1132 > -1180, VW_23 en WO_50 zijn hiervoor gewisselt.
[2023-10-06 21:55:11,065] *kook_gang_optimizer* Bij iteratie: 0, Nieuwe oplossing score van: -1114 > -1132, WO_51 en WO_52 zijn hiervoor gewisselt.
[2023-10-06 21:55:12,018] *kook_gang_optimizer* Bij iteratie: 25, Nieuwe oplossing score van: -1102 > -1114, WO_79 en WO_81 zijn hiervoor gewisselt.
[2023-10-06 21:55:12,200] *kook_gang_optimizer* Bij iteratie: 4, Nieuwe oplossing score van: -1089 > -1102, VW_13 en VW_20 zijn hiervoor gewisselt.
[2023-10-06 21:55:12,520] *kook_gang_optimizer* Bij iteratie: 8, Nieuwe oplossing score van: -1086 > -1089, VW_9 en WO_53 zijn hiervoor gewisselt.
[2023-10-06 21:55:12,705] *eet_gang_optimizer* Bij iteratie: 1, Nieuwe oplossing score van: -1080 > -1086, WO_33_M_Ari en WO_9_V_Ell zijn hiervoor gewisselt.
[2023-10-06 21:55:13,802] *kook_gang_optimizer* Bij iteratie: 29, Nieuwe oplossing score van: -1070 > -1080, VW_15 en VW_5 zijn hiervoor gewisselt.
[2023-10-06 21:55:14,161] *kook_gang_optimizer* Bij iteratie: 9, Nieuwe oplossing score van: -1068 > -1070, VW_21 en VW_3 zijn hiervoor gewisselt.
[2023-10-06 21:55:14,644] *eet_gang_optimizer* Bij iteratie: 4, Nieuwe oplossing score van: -1058 > -1068, VW_13_M_Mar en WO_77_V_Maa zijn hiervoor gewisselt.
[2023-10-06 21:55:15,115] *kook_gang_optimizer* Bij iteratie: 12, Nieuwe oplossing score van: -1037 > -1058, VW_21 en WO_21 zijn hiervoor gewisselt.
[2023-10-06 21:55:15,331] *eet_gang_optimizer* Bij iteratie: 1, Nieuwe oplossing score van: -1030 > -1037, VW_72_V_Len en WO_9_M_Phi zijn hiervoor gewisselt.
[2023-10-06 21:55:15,832] *eet_gang_optimizer* Bij iteratie: 4, Nieuwe oplossing score van: -1018 > -1030, VW_51_V_Eli en VW_62_V_Ale zijn hiervoor gewisselt.
[2023-10-06 21:55:16,202] *kook_gang_optimizer* Bij iteratie: 9, Nieuwe oplossing score van: -1016 > -1018, VW_57 en WO_85 zijn hiervoor gewisselt.
[2023-10-06 21:55:16,242] *eet_gang_optimizer* Bij iteratie: 0, Nieuwe oplossing score van: -1005 > -1016, WO_67_M_Rob en WO_75_M_Jur zijn hiervoor gewisselt.
[2023-10-06 21:55:16,618] *kook_gang_optimizer* Bij iteratie: 9, Nieuwe oplossing score van: -996 > -1005, VW_51 en VW_8 zijn hiervoor gewisselt.
[2023-10-06 21:55:16,736] *eet_gang_optimizer* Bij iteratie: 0, Nieuwe oplossing score van: -985 > -996, VW_18_M_Mic en WO_13_M_Lau zijn hiervoor gewisselt.
[2023-10-06 21:55:17,489] *eet_gang_optimizer* Bij iteratie: 6, Nieuwe oplossing score van: -973 > -985, VW_33_V_Tru en VW_72_M_Pie zijn hiervoor gewisselt.
[2023-10-06 21:55:17,826] *kook_gang_optimizer* Bij iteratie: 8, Nieuwe oplossing score van: -964 > -973, WO_40 en WO_52 zijn hiervoor gewisselt.
[2023-10-06 21:55:17,971] *eet_gang_optimizer* Bij iteratie: 1, Nieuwe oplossing score van: -952 > -964, VW_6_V_Len en WO_51_V_Dia zijn hiervoor gewisselt.
[2023-10-06 21:55:19,121] *kook_gang_optimizer* Bij iteratie: 31, Nieuwe oplossing score van: -951 > -952, WO_26 en WO_33 zijn hiervoor gewisselt.
[2023-10-06 21:55:20,174] *kook_gang_optimizer* Bij iteratie: 28, Nieuwe oplossing score van: -930 > -951, VW_18 en VW_57 zijn hiervoor gewisselt.
[2023-10-06 21:55:20,827] *kook_gang_optimizer* Bij iteratie: 17, Nieuwe oplossing score van: -926 > -930, WO_38 en WO_77 zijn hiervoor gewisselt.
[2023-10-06 21:55:20,978] *kook_gang_optimizer* Bij iteratie: 3, Nieuwe oplossing score van: -920 > -926, VW_43 en WO_1 zijn hiervoor gewisselt.
[2023-10-06 21:55:21,951] *eet_gang_optimizer* Bij iteratie: 8, Nieuwe oplossing score van: -908 > -920, NEW_1_M_Erw en VW_72_M_Pie zijn hiervoor gewisselt.
[2023-10-06 21:55:22,531] *kook_gang_optimizer* Bij iteratie: 16, Nieuwe oplossing score van: -905 > -908, VW_39 en WO_38 zijn hiervoor gewisselt.
[2023-10-06 21:55:22,919] *eet_gang_optimizer* Bij iteratie: 3, Nieuwe oplossing score van: -899 > -905, WO_23_M_Bar en WO_26_M_Rod zijn hiervoor gewisselt.
[2023-10-06 21:55:23,734] *kook_gang_optimizer* Bij iteratie: 23, Nieuwe oplossing score van: -893 > -899, WO_81 en WO_87 zijn hiervoor gewisselt.
[2023-10-06 21:55:23,772] *eet_gang_optimizer* Bij iteratie: 0, Nieuwe oplossing score van: -881 > -893, VW_35_V_Ros en WO_61_M_Ren zijn hiervoor gewisselt.
[2023-10-06 21:55:24,470] *kook_gang_optimizer* Bij iteratie: 19, Nieuwe oplossing score van: -860 > -881, WO_13 en WO_53 zijn hiervoor gewisselt.
[2023-10-06 21:55:24,542] *eet_gang_optimizer* Bij iteratie: 0, Nieuwe oplossing score van: -853 > -860, VW_68_V_Mar en WO_36_M_Hui zijn hiervoor gewisselt.
[2023-10-06 21:55:25,732] *eet_gang_optimizer* Bij iteratie: 11, Nieuwe oplossing score van: -847 > -853, WO_11_M_Bas en WO_24_M_Ray zijn hiervoor gewisselt.
[2023-10-06 21:55:26,140] *eet_gang_optimizer* Bij iteratie: 3, Nieuwe oplossing score van: -838 > -847, VW_21_V_Ale en WO_33_V_Lou zijn hiervoor gewisselt.
[2023-10-06 21:55:26,420] *eet_gang_optimizer* Bij iteratie: 2, Nieuwe oplossing score van: -837 > -838, VW_31_M_Pau en WO_36_V_Ren zijn hiervoor gewisselt.
[2023-10-06 21:55:26,455] *kook_gang_optimizer* Bij iteratie: 0, Nieuwe oplossing score van: -836 > -837, VW_70 en WO_23 zijn hiervoor gewisselt.
[2023-10-06 21:55:26,794] *eet_gang_optimizer* Bij iteratie: 3, Nieuwe oplossing score van: -834 > -836, WO_49_M_Joo en WO_75_M_Jur zijn hiervoor gewisselt.
[2023-10-06 21:55:27,845] *eet_gang_optimizer* Bij iteratie: 10, Nieuwe oplossing score van: -814 > -834, VW_33_V_Tru en WO_79_M_Rob zijn hiervoor gewisselt.
[2023-10-06 21:55:28,787] *kook_gang_optimizer* Bij iteratie: 27, Nieuwe oplossing score van: -811 > -814, VW_72 en WO_49 zijn hiervoor gewisselt.
[2023-10-06 21:55:30,863] *kook_gang_optimizer* Bij iteratie: 60, Nieuwe oplossing score van: -808 > -811, WO_20 en WO_49 zijn hiervoor gewisselt.
[2023-10-06 21:55:31,771] *eet_gang_optimizer* Bij iteratie: 8, Nieuwe oplossing score van: -801 > -808, VW_9_M_Rob en WO_79_M_Rob zijn hiervoor gewisselt.
[2023-10-06 21:55:32,442] *kook_gang_optimizer* Bij iteratie: 18, Nieuwe oplossing score van: -800 > -801, VW_21 en VW_70 zijn hiervoor gewisselt.
[2023-10-06 21:55:32,581] *eet_gang_optimizer* Bij iteratie: 1, Nieuwe oplossing score van: -782 > -800, NEW_3_M_Rob en WO_23_V_Mon zijn hiervoor gewisselt.
[2023-10-06 21:55:36,915] *kook_gang_optimizer* Bij iteratie: 126, Nieuwe oplossing score van: -768 > -782, WO_16 en WO_81 zijn hiervoor gewisselt.
[2023-10-06 21:55:37,903] *eet_gang_optimizer* Bij iteratie: 9, Nieuwe oplossing score van: -762 > -768, VW_13_V_Con en WO_71_M_Kar zijn hiervoor gewisselt.
[2023-10-06 21:55:38,088] *eet_gang_optimizer* Bij iteratie: 1, Nieuwe oplossing score van: -756 > -762, VW_12_V_Sja en WO_50_V_Nic zijn hiervoor gewisselt.
[2023-10-06 21:55:42,370] *kook_gang_optimizer* Bij iteratie: 125, Nieuwe oplossing score van: -746 > -756, WO_61 en WO_75 zijn hiervoor gewisselt.
[2023-10-06 21:55:43,665] *eet_gang_optimizer* Bij iteratie: 12, Nieuwe oplossing score van: -734 > -746, VW_46_V_Bre en WO_21_V_Pau zijn hiervoor gewisselt.
[2023-10-06 21:55:44,402] *kook_gang_optimizer* Bij iteratie: 20, Nieuwe oplossing score van: -719 > -734, VW_18 en WO_20 zijn hiervoor gewisselt.
[2023-10-06 21:55:45,011] *kook_gang_optimizer* Bij iteratie: 17, Nieuwe oplossing score van: -717 > -719, VW_12 en WO_20 zijn hiervoor gewisselt.
[2023-10-06 21:55:45,119] *eet_gang_optimizer* Bij iteratie: 0, Nieuwe oplossing score van: -711 > -717, WO_32a_M_Too en WO_57_V_May zijn hiervoor gewisselt.
[2023-10-06 21:55:49,083] *kook_gang_optimizer* Bij iteratie: 115, Nieuwe oplossing score van: -705 > -711, WO_52 en WO_75 zijn hiervoor gewisselt.
[2023-10-06 21:55:49,190] *eet_gang_optimizer* Bij iteratie: 0, Nieuwe oplossing score van: -693 > -705, VW_3_V_Cla en VW_46_V_Jor zijn hiervoor gewisselt.
[2023-10-06 21:55:49,708] *eet_gang_optimizer* Bij iteratie: 4, Nieuwe oplossing score van: -692 > -693, VW_68_V_Mar en WO_32a_M_Too zijn hiervoor gewisselt.
[2023-10-06 21:55:49,776] *kook_gang_optimizer* Bij iteratie: 1, Nieuwe oplossing score van: -687 > -692, VW_33 en WO_16 zijn hiervoor gewisselt.
[2023-10-06 21:55:50,328] *kook_gang_optimizer* Bij iteratie: 15, Nieuwe oplossing score van: -681 > -687, WO_13 en WO_87 zijn hiervoor gewisselt.
[2023-10-06 21:55:51,070] *eet_gang_optimizer* Bij iteratie: 7, Nieuwe oplossing score van: -670 > -681, VW_15_M_Ger en VW_51_M_Coe zijn hiervoor gewisselt.
[2023-10-06 21:55:55,421] *kook_gang_optimizer* Bij iteratie: 125, Nieuwe oplossing score van: -668 > -670, VW_62 en WO_69 zijn hiervoor gewisselt.
[2023-10-06 21:56:00,130] *kook_gang_optimizer* Bij iteratie: 136, Nieuwe oplossing score van: -665 > -668, WO_16 en WO_45 zijn hiervoor gewisselt.
[2023-10-06 21:56:00,404] *eet_gang_optimizer* Bij iteratie: 2, Nieuwe oplossing score van: -652 > -665, VW_18_V_Yol en WO_24_V_Jea zijn hiervoor gewisselt.
[2023-10-06 21:56:01,834] *eet_gang_optimizer* Bij iteratie: 13, Nieuwe oplossing score van: -644 > -652, VW_8_M_Fra en WO_13_M_Lau zijn hiervoor gewisselt.
[2023-10-06 21:56:03,321] *kook_gang_optimizer* Bij iteratie: 42, Nieuwe oplossing score van: -630 > -644, VW_21 en WO_33 zijn hiervoor gewisselt.
[2023-10-06 21:56:04,159] *eet_gang_optimizer* Bij iteratie: 7, Nieuwe oplossing score van: -619 > -630, VW_68_M_Chr en WO_13_M_Lau zijn hiervoor gewisselt.
[2023-10-06 21:56:07,370] *kook_gang_optimizer* Bij iteratie: 89, Nieuwe oplossing score van: -613 > -619, VW_31 en WO_53 zijn hiervoor gewisselt.
[2023-10-06 21:56:07,511] *eet_gang_optimizer* Bij iteratie: 1, Nieuwe oplossing score van: -610 > -613, VW_25_V_Ano en VW_32_V_Wen zijn hiervoor gewisselt.
[2023-10-06 21:56:09,871] *eet_gang_optimizer* Bij iteratie: 22, Nieuwe oplossing score van: -603 > -610, VW_13_M_Mar en WO_53_M_Ola zijn hiervoor gewisselt.
[2023-10-06 21:56:11,556] *kook_gang_optimizer* Bij iteratie: 48, Nieuwe oplossing score van: -598 > -603, VW_9 en WO_50 zijn hiervoor gewisselt.
[2023-10-06 21:56:11,752] *kook_gang_optimizer* Bij iteratie: 4, Nieuwe oplossing score van: -584 > -598, VW_8 en WO_50 zijn hiervoor gewisselt.
[2023-10-06 21:56:12,163] *kook_gang_optimizer* Bij iteratie: 10, Nieuwe oplossing score van: -580 > -584, VW_21 en VW_39 zijn hiervoor gewisselt.
[2023-10-06 21:56:12,611] *eet_gang_optimizer* Bij iteratie: 4, Nieuwe oplossing score van: -579 > -580, VW_43_M_Mar en WO_67_V_Jea zijn hiervoor gewisselt.
[2023-10-06 21:56:14,803] *eet_gang_optimizer* Bij iteratie: 20, Nieuwe oplossing score van: -574 > -579, WO_21_M_Han en WO_77_V_Maa zijn hiervoor gewisselt.
[2023-10-06 21:56:15,013] *eet_gang_optimizer* Bij iteratie: 1, Nieuwe oplossing score van: -556 > -574, VW_27_M_Luc en VW_43_M_Mar zijn hiervoor gewisselt.
[2023-10-06 21:56:15,412] *eet_gang_optimizer* Bij iteratie: 3, Nieuwe oplossing score van: -555 > -556, WO_21_V_Pau en WO_38_V_Eek zijn hiervoor gewisselt.
[2023-10-06 21:56:16,656] *eet_gang_optimizer* Bij iteratie: 11, Nieuwe oplossing score van: -554 > -555, VW_21_V_Ale en WO_32_M_Ber zijn hiervoor gewisselt.
[2023-10-06 21:56:19,936] *kook_gang_optimizer* Bij iteratie: 93, Nieuwe oplossing score van: -548 > -554, VW_35 en VW_8 zijn hiervoor gewisselt.
[2023-10-06 21:56:20,111] *eet_gang_optimizer* Bij iteratie: 1, Nieuwe oplossing score van: -541 > -548, VW_68_M_Chr en WO_69_V_Ant zijn hiervoor gewisselt.
[2023-10-06 21:56:20,590] *eet_gang_optimizer* Bij iteratie: 4, Nieuwe oplossing score van: -540 > -541, VW_31_V_Jan en VW_46_V_Bre zijn hiervoor gewisselt.
[2023-10-06 21:56:35,077] *kook_gang_optimizer* Bij iteratie: 415, Nieuwe oplossing score van: -520 > -540, WO_53 en WO_79 zijn hiervoor gewisselt.
[2023-10-06 21:56:36,448] *eet_gang_optimizer* Bij iteratie: 13, Nieuwe oplossing score van: -507 > -520, VW_25_V_Ano en WO_24_M_Ray zijn hiervoor gewisselt.
[2023-10-06 21:56:39,891] *kook_gang_optimizer* Bij iteratie: 99, Nieuwe oplossing score van: -501 > -507, VW_31 en WO_33 zijn hiervoor gewisselt.
[2023-10-06 21:57:02,490] *kook_gang_optimizer* Bij iteratie: 640, Nieuwe oplossing score van: -498 > -501, WO_26 en WO_50 zijn hiervoor gewisselt.
[2023-10-06 21:57:05,981] *eet_gang_optimizer* Bij iteratie: 33, Nieuwe oplossing score van: -486 > -498, VW_57_V_Ann en WO_75_V_Deb zijn hiervoor gewisselt.
[2023-10-06 21:57:06,920] *eet_gang_optimizer* Bij iteratie: 8, Nieuwe oplossing score van: -480 > -486, VW_35_V_Ros en WO_21_M_Han zijn hiervoor gewisselt.
[2023-10-06 21:57:13,036] *kook_gang_optimizer* Bij iteratie: 177, Nieuwe oplossing score van: -476 > -480, VW_27 en VW_62 zijn hiervoor gewisselt.
[2023-10-06 21:57:17,588] *kook_gang_optimizer* Bij iteratie: 133, Nieuwe oplossing score van: -475 > -476, VW_12 en VW_27 zijn hiervoor gewisselt.
[2023-10-06 21:57:18,168] *eet_gang_optimizer* Bij iteratie: 5, Nieuwe oplossing score van: -468 > -475, VW_15_M_Ger en WO_38_M_Jaa zijn hiervoor gewisselt.
[2023-10-06 21:57:20,429] *eet_gang_optimizer* Bij iteratie: 21, Nieuwe oplossing score van: -464 > -468, VW_43_M_Mar en WO_49_M_Joo zijn hiervoor gewisselt.
[2023-10-06 21:57:28,396] *kook_gang_optimizer* Bij iteratie: 225, Nieuwe oplossing score van: -463 > -464, VW_57 en WO_13 zijn hiervoor gewisselt.
[2023-10-06 21:58:26,635] *kook_gang_optimizer* Bij iteratie: 1677, Nieuwe oplossing score van: -462 > -463, WO_45 en WO_51 zijn hiervoor gewisselt.
