[2023-09-25 14:17:07,605] Loaded backend tkagg version 8.6.
[2023-09-25 14:17:07,976] STREAM b'IHDR' 16 13
[2023-09-25 14:17:07,976] STREAM b'sBIT' 41 4
[2023-09-25 14:17:07,976] b'sBIT' 41 4 (unknown)
[2023-09-25 14:17:07,976] STREAM b'pHYs' 57 9
[2023-09-25 14:17:07,977] STREAM b'IDAT' 78 1189
[2023-09-25 14:17:08,001] STREAM b'IHDR' 16 13
[2023-09-25 14:17:08,003] STREAM b'sBIT' 41 4
[2023-09-25 14:17:08,003] b'sBIT' 41 4 (unknown)
[2023-09-25 14:17:08,003] STREAM b'pHYs' 57 9
[2023-09-25 14:17:08,004] STREAM b'IDAT' 78 2994
[2023-09-25 14:17:08,038] STREAM b'IHDR' 16 13
[2023-09-25 14:17:08,038] STREAM b'sBIT' 41 4
[2023-09-25 14:17:08,039] b'sBIT' 41 4 (unknown)
[2023-09-25 14:17:08,039] STREAM b'pHYs' 57 9
[2023-09-25 14:17:08,039] STREAM b'IDAT' 78 374
[2023-09-25 14:17:08,043] STREAM b'IHDR' 16 13
[2023-09-25 14:17:08,044] STREAM b'sBIT' 41 4
[2023-09-25 14:17:08,044] b'sBIT' 41 4 (unknown)
[2023-09-25 14:17:08,044] STREAM b'pHYs' 57 9
[2023-09-25 14:17:08,045] STREAM b'IDAT' 78 286
[2023-09-25 14:17:08,047] STREAM b'IHDR' 16 13
[2023-09-25 14:17:08,047] STREAM b'sBIT' 41 4
[2023-09-25 14:17:08,047] b'sBIT' 41 4 (unknown)
[2023-09-25 14:17:08,047] STREAM b'pHYs' 57 9
[2023-09-25 14:17:08,047] STREAM b'IDAT' 78 263
[2023-09-25 14:17:08,051] STREAM b'IHDR' 16 13
[2023-09-25 14:17:08,051] STREAM b'sBIT' 41 4
[2023-09-25 14:17:08,051] b'sBIT' 41 4 (unknown)
[2023-09-25 14:17:08,052] STREAM b'pHYs' 57 9
[2023-09-25 14:17:08,052] STREAM b'IDAT' 78 387
[2023-09-25 14:17:08,054] STREAM b'IHDR' 16 13
[2023-09-25 14:17:08,054] STREAM b'sBIT' 41 4
[2023-09-25 14:17:08,055] b'sBIT' 41 4 (unknown)
[2023-09-25 14:17:08,055] STREAM b'pHYs' 57 9
[2023-09-25 14:17:08,055] STREAM b'IDAT' 78 436
[2023-09-25 14:17:08,058] STREAM b'IHDR' 16 13
[2023-09-25 14:17:08,058] STREAM b'sBIT' 41 4
[2023-09-25 14:17:08,058] b'sBIT' 41 4 (unknown)
[2023-09-25 14:17:08,059] STREAM b'pHYs' 57 9
[2023-09-25 14:17:08,059] STREAM b'IDAT' 78 351
[2023-09-25 14:17:08,062] STREAM b'IHDR' 16 13
[2023-09-25 14:17:08,062] STREAM b'sBIT' 41 4
[2023-09-25 14:17:08,063] b'sBIT' 41 4 (unknown)
[2023-09-25 14:17:08,063] STREAM b'pHYs' 57 9
[2023-09-25 14:17:08,063] STREAM b'IDAT' 78 364
[2023-09-25 14:17:20,602] SA starts with tour having total distance: 5420.191035216043
