[2023-10-08 15:08:15,048] *kook_gang_optimizer* Bij iteratie: 3, Nieuwe oplossing score van: -1730 > -1744, VW_31 en VW_51 zijn hiervoor gewisselt.
[2023-10-08 15:08:15,087] *eet_gang_optimizer* Bij iteratie: 0, Nieuwe oplossing score van: -1682 > -1730, NEW_3_V_Mel en VW_32_M_Mic zijn hiervoor gewisselt.
[2023-10-08 15:08:15,345] *eet_gang_optimizer* Bij iteratie: 2, Nieuwe oplossing score van: -1664 > -1682, VW_3_M_Huu en VW_72_V_Len zijn hiervoor gewisselt.
[2023-10-08 15:08:15,592] *eet_gang_optimizer* Bij iteratie: 2, Nieuwe oplossing score van: -1660 > -1664, WO_32_V_Ing en WO_67_V_Jea zijn hiervoor gewisselt.
[2023-10-08 15:08:15,667] *kook_gang_optimizer* Bij iteratie: 1, Nieuwe oplossing score van: -1647 > -1660, VW_12 en WO_32 zijn hiervoor gewisselt.
[2023-10-08 15:08:15,777] *kook_gang_optimizer* Bij iteratie: 2, Nieuwe oplossing score van: -1623 > -1647, VW_57 en WO_75 zijn hiervoor gewisselt.
[2023-10-08 15:08:15,889] *kook_gang_optimizer* Bij iteratie: 2, Nieuwe oplossing score van: -1612 > -1623, VW_39 en VW_51 zijn hiervoor gewisselt.
[2023-10-08 15:08:16,164] *eet_gang_optimizer* Bij iteratie: 2, Nieuwe oplossing score van: -1599 > -1612, WO_38_V_Eek en WO_52_V_Eli zijn hiervoor gewisselt.
[2023-10-08 15:08:16,419] *kook_gang_optimizer* Bij iteratie: 6, Nieuwe oplossing score van: -1598 > -1599, WO_23 en WO_77 zijn hiervoor gewisselt.
[2023-10-08 15:08:16,633] *eet_gang_optimizer* Bij iteratie: 1, Nieuwe oplossing score van: -1574 > -1598, VW_27_M_Rob en WO_7_V_Mon zijn hiervoor gewisselt.
[2023-10-08 15:08:16,740] *kook_gang_optimizer* Bij iteratie: 2, Nieuwe oplossing score van: -1565 > -1574, WO_45 en WO_81 zijn hiervoor gewisselt.
[2023-10-08 15:08:16,811] *kook_gang_optimizer* Bij iteratie: 1, Nieuwe oplossing score van: -1558 > -1565, VW_23 en WO_51 zijn hiervoor gewisselt.
[2023-10-08 15:08:17,065] *kook_gang_optimizer* Bij iteratie: 6, Nieuwe oplossing score van: -1531 > -1558, VW_72 en WO_26 zijn hiervoor gewisselt.
[2023-10-08 15:08:17,246] *kook_gang_optimizer* Bij iteratie: 4, Nieuwe oplossing score van: -1519 > -1531, VW_20 en WO_75 zijn hiervoor gewisselt.
[2023-10-08 15:08:17,539] *kook_gang_optimizer* Bij iteratie: 7, Nieuwe oplossing score van: -1514 > -1519, WO_21 en WO_36 zijn hiervoor gewisselt.
[2023-10-08 15:08:17,575] *kook_gang_optimizer* Bij iteratie: 0, Nieuwe oplossing score van: -1503 > -1514, WO_1 en WO_55 zijn hiervoor gewisselt.
[2023-10-08 15:08:17,650] *kook_gang_optimizer* Bij iteratie: 1, Nieuwe oplossing score van: -1473 > -1503, WO_16 en WO_52 zijn hiervoor gewisselt.
[2023-10-08 15:08:17,721] *kook_gang_optimizer* Bij iteratie: 1, Nieuwe oplossing score van: -1451 > -1473, VW_32 en WO_24 zijn hiervoor gewisselt.
[2023-10-08 15:08:17,763] *eet_gang_optimizer* Bij iteratie: 0, Nieuwe oplossing score van: -1450 > -1451, VW_68_V_Mar en WO_50_V_Nic zijn hiervoor gewisselt.
[2023-10-08 15:08:18,217] *kook_gang_optimizer* Bij iteratie: 11, Nieuwe oplossing score van: -1425 > -1450, VW_15 en WO_24 zijn hiervoor gewisselt.
[2023-10-08 15:08:18,477] *eet_gang_optimizer* Bij iteratie: 2, Nieuwe oplossing score van: -1401 > -1425, WO_52_M_Ton en WO_9_V_Ell zijn hiervoor gewisselt.
[2023-10-08 15:08:18,623] *eet_gang_optimizer* Bij iteratie: 1, Nieuwe oplossing score van: -1390 > -1401, VW_25_V_Ano en VW_68_M_Chr zijn hiervoor gewisselt.
[2023-10-08 15:08:18,660] *eet_gang_optimizer* Bij iteratie: 0, Nieuwe oplossing score van: -1355 > -1390, VW_31_M_Pau en VW_35_M_Roe zijn hiervoor gewisselt.
[2023-10-08 15:08:18,987] *eet_gang_optimizer* Bij iteratie: 2, Nieuwe oplossing score van: -1330 > -1355, VW_8_V_Let en WO_40_V_Bir zijn hiervoor gewisselt.
[2023-10-08 15:08:19,172] *eet_gang_optimizer* Bij iteratie: 1, Nieuwe oplossing score van: -1319 > -1330, VW_9_M_Rob en WO_24_M_Ray zijn hiervoor gewisselt.
[2023-10-08 15:08:19,316] *kook_gang_optimizer* Bij iteratie: 3, Nieuwe oplossing score van: -1288 > -1319, VW_70 en WO_85 zijn hiervoor gewisselt.
[2023-10-08 15:08:19,426] *eet_gang_optimizer* Bij iteratie: 0, Nieuwe oplossing score van: -1277 > -1288, VW_46_V_Jor en VW_5_V_Jud zijn hiervoor gewisselt.
[2023-10-08 15:08:19,570] *kook_gang_optimizer* Bij iteratie: 3, Nieuwe oplossing score van: -1251 > -1277, WO_33 en WO_52 zijn hiervoor gewisselt.
[2023-10-08 15:08:19,692] *kook_gang_optimizer* Bij iteratie: 2, Nieuwe oplossing score van: -1232 > -1251, VW_13 en WO_32 zijn hiervoor gewisselt.
[2023-10-08 15:08:19,837] *eet_gang_optimizer* Bij iteratie: 1, Nieuwe oplossing score van: -1217 > -1232, VW_5_M_Car en WO_50_V_Nic zijn hiervoor gewisselt.
[2023-10-08 15:08:20,158] *eet_gang_optimizer* Bij iteratie: 2, Nieuwe oplossing score van: -1211 > -1217, WO_32a_V_Gem en WO_9_V_Ell zijn hiervoor gewisselt.
[2023-10-08 15:08:20,557] *kook_gang_optimizer* Bij iteratie: 10, Nieuwe oplossing score van: -1205 > -1211, WO_20 en WO_79 zijn hiervoor gewisselt.
[2023-10-08 15:08:21,060] *kook_gang_optimizer* Bij iteratie: 13, Nieuwe oplossing score van: -1201 > -1205, VW_46 en WO_45 zijn hiervoor gewisselt.
[2023-10-08 15:08:21,859] *eet_gang_optimizer* Bij iteratie: 7, Nieuwe oplossing score van: -1189 > -1201, VW_51_M_Coe en VW_57_V_Ann zijn hiervoor gewisselt.
[2023-10-08 15:08:22,002] *kook_gang_optimizer* Bij iteratie: 3, Nieuwe oplossing score van: -1186 > -1189, WO_1 en WO_52 zijn hiervoor gewisselt.
[2023-10-08 15:08:22,039] *kook_gang_optimizer* Bij iteratie: 0, Nieuwe oplossing score van: -1180 > -1186, VW_43 en VW_70 zijn hiervoor gewisselt.
[2023-10-08 15:08:22,078] *eet_gang_optimizer* Bij iteratie: 0, Nieuwe oplossing score van: -1179 > -1180, NEW_1_V_Eug en WO_49_V_Van zijn hiervoor gewisselt.
[2023-10-08 15:08:22,259] *eet_gang_optimizer* Bij iteratie: 1, Nieuwe oplossing score van: -1160 > -1179, VW_33_V_Tru en WO_27_M_Dan zijn hiervoor gewisselt.
[2023-10-08 15:08:22,408] *eet_gang_optimizer* Bij iteratie: 1, Nieuwe oplossing score van: -1149 > -1160, VW_31_M_Pau en WO_53_M_Ola zijn hiervoor gewisselt.
[2023-10-08 15:08:22,446] *eet_gang_optimizer* Bij iteratie: 0, Nieuwe oplossing score van: -1142 > -1149, WO_52_M_Ton en WO_67_M_Rob zijn hiervoor gewisselt.
[2023-10-08 15:08:22,563] *eet_gang_optimizer* Bij iteratie: 0, Nieuwe oplossing score van: -1130 > -1142, VW_20_V_Ber en WO_81_V_Jan zijn hiervoor gewisselt.
[2023-10-08 15:08:23,248] *kook_gang_optimizer* Bij iteratie: 18, Nieuwe oplossing score van: -1124 > -1130, VW_35 en WO_41 zijn hiervoor gewisselt.
[2023-10-08 15:08:23,500] *eet_gang_optimizer* Bij iteratie: 2, Nieuwe oplossing score van: -1107 > -1124, VW_31_M_Pau en WO_32a_M_Too zijn hiervoor gewisselt.
[2023-10-08 15:08:23,966] *kook_gang_optimizer* Bij iteratie: 12, Nieuwe oplossing score van: -1100 > -1107, VW_20 en WO_69 zijn hiervoor gewisselt.
[2023-10-08 15:08:24,391] *eet_gang_optimizer* Bij iteratie: 3, Nieuwe oplossing score van: -1094 > -1100, VW_13_V_Con en VW_68_M_Chr zijn hiervoor gewisselt.
[2023-10-08 15:08:24,737] *eet_gang_optimizer* Bij iteratie: 2, Nieuwe oplossing score van: -1040 > -1094, WO_1_M_And en WO_7_M_San zijn hiervoor gewisselt.
[2023-10-08 15:08:24,955] *eet_gang_optimizer* Bij iteratie: 1, Nieuwe oplossing score van: -1024 > -1040, VW_68_V_Mar en WO_81_M_Jan zijn hiervoor gewisselt.
[2023-10-08 15:08:25,065] *eet_gang_optimizer* Bij iteratie: 0, Nieuwe oplossing score van: -1022 > -1024, WO_61_M_Ren en WO_85_V_Fem zijn hiervoor gewisselt.
[2023-10-08 15:08:26,183] *eet_gang_optimizer* Bij iteratie: 10, Nieuwe oplossing score van: -1009 > -1022, VW_18_V_Yol en VW_62_M_Rob zijn hiervoor gewisselt.
[2023-10-08 15:08:26,522] *kook_gang_optimizer* Bij iteratie: 8, Nieuwe oplossing score van: -995 > -1009, WO_41 en WO_45 zijn hiervoor gewisselt.
[2023-10-08 15:08:26,701] *kook_gang_optimizer* Bij iteratie: 4, Nieuwe oplossing score van: -985 > -995, VW_3 en VW_39 zijn hiervoor gewisselt.
[2023-10-08 15:08:27,233] *eet_gang_optimizer* Bij iteratie: 4, Nieuwe oplossing score van: -966 > -985, VW_8_V_Let en WO_36_M_Hui zijn hiervoor gewisselt.
[2023-10-08 15:08:27,271] *eet_gang_optimizer* Bij iteratie: 0, Nieuwe oplossing score van: -953 > -966, WO_16_M_Fre en WO_52_M_Ton zijn hiervoor gewisselt.
[2023-10-08 15:08:27,741] *eet_gang_optimizer* Bij iteratie: 4, Nieuwe oplossing score van: -929 > -953, VW_13_V_Con en WO_23_M_Bar zijn hiervoor gewisselt.
[2023-10-08 15:08:27,815] *eet_gang_optimizer* Bij iteratie: 0, Nieuwe oplossing score van: -923 > -929, VW_43_V_Sjo en WO_50_M_Fli zijn hiervoor gewisselt.
[2023-10-08 15:08:28,079] *eet_gang_optimizer* Bij iteratie: 2, Nieuwe oplossing score van: -911 > -923, VW_72_M_Pie en WO_71_M_Kar zijn hiervoor gewisselt.
[2023-10-08 15:08:28,154] *kook_gang_optimizer* Bij iteratie: 1, Nieuwe oplossing score van: -901 > -911, WO_32 en WO_53 zijn hiervoor gewisselt.
[2023-10-08 15:08:28,189] *kook_gang_optimizer* Bij iteratie: 0, Nieuwe oplossing score van: -871 > -901, WO_40 en WO_41 zijn hiervoor gewisselt.
[2023-10-08 15:08:28,296] *kook_gang_optimizer* Bij iteratie: 2, Nieuwe oplossing score van: -859 > -871, WO_24 en WO_45 zijn hiervoor gewisselt.
[2023-10-08 15:08:28,332] *kook_gang_optimizer* Bij iteratie: 0, Nieuwe oplossing score van: -847 > -859, WO_1 en WO_24 zijn hiervoor gewisselt.
[2023-10-08 15:08:28,694] *eet_gang_optimizer* Bij iteratie: 3, Nieuwe oplossing score van: -843 > -847, VW_72_M_Pie en WO_16_V_Lie zijn hiervoor gewisselt.
[2023-10-08 15:08:29,158] *eet_gang_optimizer* Bij iteratie: 4, Nieuwe oplossing score van: -832 > -843, VW_12_M_Pet en WO_32_V_Ing zijn hiervoor gewisselt.
[2023-10-08 15:08:29,266] *kook_gang_optimizer* Bij iteratie: 2, Nieuwe oplossing score van: -814 > -832, VW_15 en WO_20 zijn hiervoor gewisselt.
[2023-10-08 15:08:29,515] *eet_gang_optimizer* Bij iteratie: 2, Nieuwe oplossing score van: -801 > -814, VW_15_M_Ger en WO_85_V_Fem zijn hiervoor gewisselt.
[2023-10-08 15:08:31,528] *kook_gang_optimizer* Bij iteratie: 55, Nieuwe oplossing score van: -791 > -801, VW_23 en VW_9 zijn hiervoor gewisselt.
[2023-10-08 15:08:31,744] *eet_gang_optimizer* Bij iteratie: 1, Nieuwe oplossing score van: -773 > -791, VW_18_M_Mic en WO_32a_M_Too zijn hiervoor gewisselt.
[2023-10-08 15:08:31,918] *kook_gang_optimizer* Bij iteratie: 4, Nieuwe oplossing score van: -770 > -773, VW_23 en WO_81 zijn hiervoor gewisselt.
[2023-10-08 15:08:31,993] *eet_gang_optimizer* Bij iteratie: 0, Nieuwe oplossing score van: -751 > -770, VW_6_V_Len en VW_68_V_Mar zijn hiervoor gewisselt.
[2023-10-08 15:08:32,065] *eet_gang_optimizer* Bij iteratie: 0, Nieuwe oplossing score van: -739 > -751, VW_35_M_Roe en WO_75_M_Jur zijn hiervoor gewisselt.
[2023-10-08 15:08:32,675] *eet_gang_optimizer* Bij iteratie: 5, Nieuwe oplossing score van: -738 > -739, WO_21_M_Han en WO_67_V_Jea zijn hiervoor gewisselt.
[2023-10-08 15:08:32,784] *eet_gang_optimizer* Bij iteratie: 0, Nieuwe oplossing score van: -734 > -738, WO_32a_V_Gem en WO_38_M_Jaa zijn hiervoor gewisselt.
[2023-10-08 15:08:33,679] *eet_gang_optimizer* Bij iteratie: 8, Nieuwe oplossing score van: -730 > -734, VW_5_V_Jud en VW_51_V_Eli zijn hiervoor gewisselt.
[2023-10-08 15:08:34,153] *eet_gang_optimizer* Bij iteratie: 4, Nieuwe oplossing score van: -718 > -730, NEW_1_M_Erw en VW_70_V_Cha zijn hiervoor gewisselt.
[2023-10-08 15:08:35,047] *kook_gang_optimizer* Bij iteratie: 25, Nieuwe oplossing score van: -704 > -718, VW_3 en VW_8 zijn hiervoor gewisselt.
[2023-10-08 15:08:35,687] *kook_gang_optimizer* Bij iteratie: 18, Nieuwe oplossing score van: -701 > -704, VW_46 en WO_77 zijn hiervoor gewisselt.
[2023-10-08 15:08:36,203] *eet_gang_optimizer* Bij iteratie: 4, Nieuwe oplossing score van: -694 > -701, VW_72_V_Len en WO_24_M_Ray zijn hiervoor gewisselt.
[2023-10-08 15:08:37,142] *kook_gang_optimizer* Bij iteratie: 27, Nieuwe oplossing score van: -683 > -694, VW_32 en VW_70 zijn hiervoor gewisselt.
[2023-10-08 15:08:37,896] *kook_gang_optimizer* Bij iteratie: 21, Nieuwe oplossing score van: -671 > -683, VW_51 en WO_77 zijn hiervoor gewisselt.
[2023-10-08 15:08:40,121] *kook_gang_optimizer* Bij iteratie: 66, Nieuwe oplossing score van: -650 > -671, VW_18 en WO_81 zijn hiervoor gewisselt.
[2023-10-08 15:08:40,385] *kook_gang_optimizer* Bij iteratie: 7, Nieuwe oplossing score van: -639 > -650, VW_46 en WO_16 zijn hiervoor gewisselt.
[2023-10-08 15:08:41,034] *eet_gang_optimizer* Bij iteratie: 6, Nieuwe oplossing score van: -636 > -639, VW_21_V_Ale en WO_38_V_Eek zijn hiervoor gewisselt.
[2023-10-08 15:08:42,824] *eet_gang_optimizer* Bij iteratie: 17, Nieuwe oplossing score van: -623 > -636, WO_16_M_Fre en WO_49_M_Joo zijn hiervoor gewisselt.
[2023-10-08 15:08:44,332] *kook_gang_optimizer* Bij iteratie: 44, Nieuwe oplossing score van: -621 > -623, VW_51 en WO_61 zijn hiervoor gewisselt.
[2023-10-08 15:08:44,400] *eet_gang_optimizer* Bij iteratie: 0, Nieuwe oplossing score van: -616 > -621, VW_35_M_Roe en WO_40_V_Mar zijn hiervoor gewisselt.
[2023-10-08 15:08:45,831] *eet_gang_optimizer* Bij iteratie: 14, Nieuwe oplossing score van: -615 > -616, VW_31_V_Jan en WO_13_V_Sim zijn hiervoor gewisselt.
[2023-10-08 15:08:45,997] *eet_gang_optimizer* Bij iteratie: 1, Nieuwe oplossing score van: -609 > -615, VW_33_V_Tru en WO_51_V_Dia zijn hiervoor gewisselt.
[2023-10-08 15:08:46,072] *eet_gang_optimizer* Bij iteratie: 0, Nieuwe oplossing score van: -603 > -609, VW_39_M_Bar en WO_40_V_Mar zijn hiervoor gewisselt.
[2023-10-08 15:08:47,170] *kook_gang_optimizer* Bij iteratie: 32, Nieuwe oplossing score van: -595 > -603, VW_46 en WO_13 zijn hiervoor gewisselt.
[2023-10-08 15:08:47,271] *kook_gang_optimizer* Bij iteratie: 2, Nieuwe oplossing score van: -583 > -595, VW_72 en WO_81 zijn hiervoor gewisselt.
[2023-10-08 15:08:48,901] *kook_gang_optimizer* Bij iteratie: 48, Nieuwe oplossing score van: -577 > -583, VW_46 en WO_79 zijn hiervoor gewisselt.
[2023-10-08 15:08:49,002] *eet_gang_optimizer* Bij iteratie: 0, Nieuwe oplossing score van: -567 > -577, VW_15_V_Aim en WO_71_V_Mar zijn hiervoor gewisselt.
[2023-10-08 15:08:49,400] *eet_gang_optimizer* Bij iteratie: 3, Nieuwe oplossing score van: -563 > -567, VW_3_M_Huu en WO_67_M_Rob zijn hiervoor gewisselt.
[2023-10-08 15:08:51,402] *kook_gang_optimizer* Bij iteratie: 59, Nieuwe oplossing score van: -562 > -563, WO_36 en WO_53 zijn hiervoor gewisselt.
[2023-10-08 15:08:51,700] *eet_gang_optimizer* Bij iteratie: 2, Nieuwe oplossing score van: -551 > -562, VW_15_V_Aim en WO_20_M_Aad zijn hiervoor gewisselt.
[2023-10-08 15:08:51,869] *eet_gang_optimizer* Bij iteratie: 1, Nieuwe oplossing score van: -545 > -551, VW_25_M_Joo en WO_53_M_Ola zijn hiervoor gewisselt.
[2023-10-08 15:08:53,338] *eet_gang_optimizer* Bij iteratie: 14, Nieuwe oplossing score van: -539 > -545, VW_33_V_Tru en WO_9_V_Ell zijn hiervoor gewisselt.
[2023-10-08 15:08:53,373] *kook_gang_optimizer* Bij iteratie: 0, Nieuwe oplossing score van: -533 > -539, VW_35 en VW_43 zijn hiervoor gewisselt.
[2023-10-08 15:08:56,226] *kook_gang_optimizer* Bij iteratie: 83, Nieuwe oplossing score van: -527 > -533, WO_71 en WO_81 zijn hiervoor gewisselt.
[2023-10-08 15:08:59,060] *kook_gang_optimizer* Bij iteratie: 83, Nieuwe oplossing score van: -524 > -527, WO_13 en WO_50 zijn hiervoor gewisselt.
[2023-10-08 15:09:00,367] *kook_gang_optimizer* Bij iteratie: 38, Nieuwe oplossing score van: -522 > -524, VW_51 en WO_50 zijn hiervoor gewisselt.
[2023-10-08 15:09:00,700] *eet_gang_optimizer* Bij iteratie: 3, Nieuwe oplossing score van: -516 > -522, VW_43_M_Mar en WO_71_M_Kar zijn hiervoor gewisselt.
[2023-10-08 15:09:00,769] *eet_gang_optimizer* Bij iteratie: 0, Nieuwe oplossing score van: -513 > -516, VW_32_V_Wen en VW_46_V_Bre zijn hiervoor gewisselt.
[2023-10-08 15:09:01,949] *eet_gang_optimizer* Bij iteratie: 11, Nieuwe oplossing score van: -512 > -513, WO_77_M_Twa en WO_77_V_Maa zijn hiervoor gewisselt.
[2023-10-08 15:09:02,182] *kook_gang_optimizer* Bij iteratie: 6, Nieuwe oplossing score van: -494 > -512, VW_20 en WO_7 zijn hiervoor gewisselt.
[2023-10-08 15:09:02,616] *kook_gang_optimizer* Bij iteratie: 12, Nieuwe oplossing score van: -492 > -494, VW_23 en VW_25 zijn hiervoor gewisselt.
[2023-10-08 15:09:02,755] *eet_gang_optimizer* Bij iteratie: 1, Nieuwe oplossing score van: -478 > -492, WO_1_V_Bir en WO_23_V_Mon zijn hiervoor gewisselt.
[2023-10-08 15:09:02,889] *kook_gang_optimizer* Bij iteratie: 3, Nieuwe oplossing score van: -472 > -478, VW_51 en WO_81 zijn hiervoor gewisselt.
[2023-10-08 15:09:04,979] *kook_gang_optimizer* Bij iteratie: 61, Nieuwe oplossing score van: -461 > -472, VW_25 en VW_33 zijn hiervoor gewisselt.
[2023-10-08 15:09:05,479] *eet_gang_optimizer* Bij iteratie: 4, Nieuwe oplossing score van: -450 > -461, VW_35_M_Roe en WO_51_M_Jan zijn hiervoor gewisselt.
[2023-10-08 15:09:06,078] *eet_gang_optimizer* Bij iteratie: 5, Nieuwe oplossing score van: -449 > -450, WO_51_M_Jan en WO_85_V_Fem zijn hiervoor gewisselt.
[2023-10-08 15:09:06,395] *kook_gang_optimizer* Bij iteratie: 8, Nieuwe oplossing score van: -447 > -449, WO_13 en WO_32 zijn hiervoor gewisselt.
[2023-10-08 15:09:11,209] *kook_gang_optimizer* Bij iteratie: 143, Nieuwe oplossing score van: -441 > -447, WO_50 en WO_81 zijn hiervoor gewisselt.
[2023-10-08 15:09:13,174] *kook_gang_optimizer* Bij iteratie: 57, Nieuwe oplossing score van: -435 > -441, WO_7 en WO_75 zijn hiervoor gewisselt.
[2023-10-08 15:09:14,034] *eet_gang_optimizer* Bij iteratie: 7, Nieuwe oplossing score van: -433 > -435, VW_23_M_Lar en WO_24_V_Jea zijn hiervoor gewisselt.
[2023-10-08 15:09:14,278] *eet_gang_optimizer* Bij iteratie: 2, Nieuwe oplossing score van: -432 > -433, WO_1_M_And en WO_32a_V_Gem zijn hiervoor gewisselt.
[2023-10-08 15:09:23,271] *kook_gang_optimizer* Bij iteratie: 265, Nieuwe oplossing score van: -421 > -432, VW_20 en WO_24 zijn hiervoor gewisselt.
[2023-10-08 15:09:36,367] *kook_gang_optimizer* Bij iteratie: 388, Nieuwe oplossing score van: -420 > -421, VW_23 en WO_69 zijn hiervoor gewisselt.
