[2023-10-08 22:49:16,355] *eet_gang_optimizer* Bij iteratie: 2, Nieuwe oplossing score van: -1743 > -1744, VW_57_V_Ann en WO_67_V_Jea zijn hiervoor gewisseld.
[2023-10-08 22:49:16,541] *eet_gang_optimizer* Bij iteratie: 3, Nieuwe oplossing score van: -1694 > -1743, VW_35_V_Ros en VW_51_V_Eli zijn hiervoor gewisseld.
[2023-10-08 22:49:16,717] *eet_gang_optimizer* Bij iteratie: 2, Nieuwe oplossing score van: -1656 > -1694, VW_31_V_Jan en VW_32_M_Mic zijn hiervoor gewisseld.
[2023-10-08 22:49:16,779] *kook_gang_optimizer* Bij iteratie: 0, Nieuwe oplossing score van: -1655 > -1656, WO_53 en WO_87 zijn hiervoor gewisseld.
[2023-10-08 22:49:16,925] *kook_gang_optimizer* Bij iteratie: 2, Nieuwe oplossing score van: -1653 > -1655, VW_31 en VW_39 zijn hiervoor gewisseld.
[2023-10-08 22:49:17,042] *eet_gang_optimizer* Bij iteratie: 1, Nieuwe oplossing score van: -1647 > -1653, VW_27_M_Luc en VW_68_M_Chr zijn hiervoor gewisseld.
[2023-10-08 22:49:17,211] *eet_gang_optimizer* Bij iteratie: 2, Nieuwe oplossing score van: -1623 > -1647, VW_27_M_Luc en VW_57_V_Ann zijn hiervoor gewisseld.
[2023-10-08 22:49:17,417] *kook_gang_optimizer* Bij iteratie: 3, Nieuwe oplossing score van: -1567 > -1623, VW_23 en WO_7 zijn hiervoor gewisseld.
[2023-10-08 22:49:17,476] *kook_gang_optimizer* Bij iteratie: 0, Nieuwe oplossing score van: -1529 > -1567, WO_33 en WO_50 zijn hiervoor gewisseld.
[2023-10-08 22:49:17,537] *eet_gang_optimizer* Bij iteratie: 0, Nieuwe oplossing score van: -1516 > -1529, WO_16_M_Fre en WO_75_M_Jur zijn hiervoor gewisseld.
[2023-10-08 22:49:17,640] *eet_gang_optimizer* Bij iteratie: 1, Nieuwe oplossing score van: -1503 > -1516, VW_21_M_Koo en WO_85_M_Wil zijn hiervoor gewisseld.
[2023-10-08 22:49:17,698] *kook_gang_optimizer* Bij iteratie: 0, Nieuwe oplossing score van: -1485 > -1503, VW_12 en WO_77 zijn hiervoor gewisseld.
[2023-10-08 22:49:18,205] *eet_gang_optimizer* Bij iteratie: 11, Nieuwe oplossing score van: -1484 > -1485, VW_8_V_Let en WO_71_V_Mar zijn hiervoor gewisseld.
[2023-10-08 22:49:18,460] *kook_gang_optimizer* Bij iteratie: 5, Nieuwe oplossing score van: -1460 > -1484, VW_33 en VW_62 zijn hiervoor gewisseld.
[2023-10-08 22:49:18,558] *kook_gang_optimizer* Bij iteratie: 1, Nieuwe oplossing score van: -1448 > -1460, VW_3 en VW_35 zijn hiervoor gewisseld.
[2023-10-08 22:49:18,660] *kook_gang_optimizer* Bij iteratie: 1, Nieuwe oplossing score van: -1404 > -1448, VW_62 en WO_7 zijn hiervoor gewisseld.
[2023-10-08 22:49:18,826] *kook_gang_optimizer* Bij iteratie: 2, Nieuwe oplossing score van: -1375 > -1404, WO_16 en WO_79 zijn hiervoor gewisseld.
[2023-10-08 22:49:19,213] *kook_gang_optimizer* Bij iteratie: 8, Nieuwe oplossing score van: -1343 > -1375, VW_32 en WO_40 zijn hiervoor gewisseld.
[2023-10-08 22:49:19,315] *eet_gang_optimizer* Bij iteratie: 1, Nieuwe oplossing score van: -1313 > -1343, WO_32a_M_Too en WO_33_M_Ari zijn hiervoor gewisseld.
[2023-10-08 22:49:19,825] *eet_gang_optimizer* Bij iteratie: 11, Nieuwe oplossing score van: -1307 > -1313, VW_20_M_Wil en VW_51_V_Eli zijn hiervoor gewisseld.
[2023-10-08 22:49:20,054] *eet_gang_optimizer* Bij iteratie: 4, Nieuwe oplossing score van: -1295 > -1307, WO_23_M_Bar en WO_50_V_Nic zijn hiervoor gewisseld.
[2023-10-08 22:49:20,153] *eet_gang_optimizer* Bij iteratie: 1, Nieuwe oplossing score van: -1289 > -1295, VW_6_V_Len en VW_68_V_Mar zijn hiervoor gewisseld.
[2023-10-08 22:49:20,610] *kook_gang_optimizer* Bij iteratie: 10, Nieuwe oplossing score van: -1287 > -1289, VW_62 en WO_26 zijn hiervoor gewisseld.
[2023-10-08 22:49:20,891] *kook_gang_optimizer* Bij iteratie: 5, Nieuwe oplossing score van: -1284 > -1287, WO_36 en WO_49 zijn hiervoor gewisseld.
[2023-10-08 22:49:21,031] *kook_gang_optimizer* Bij iteratie: 2, Nieuwe oplossing score van: -1260 > -1284, VW_5 en WO_27 zijn hiervoor gewisseld.
[2023-10-08 22:49:21,253] *kook_gang_optimizer* Bij iteratie: 4, Nieuwe oplossing score van: -1236 > -1260, WO_20 en WO_51 zijn hiervoor gewisseld.
[2023-10-08 22:49:21,500] *eet_gang_optimizer* Bij iteratie: 4, Nieuwe oplossing score van: -1221 > -1236, VW_32_V_Wen en WO_81_V_Jan zijn hiervoor gewisseld.
[2023-10-08 22:49:22,366] *kook_gang_optimizer* Bij iteratie: 20, Nieuwe oplossing score van: -1214 > -1221, VW_15 en VW_43 zijn hiervoor gewisseld.
[2023-10-08 22:49:22,587] *eet_gang_optimizer* Bij iteratie: 4, Nieuwe oplossing score van: -1201 > -1214, VW_20_V_Ber en VW_43_M_Mar zijn hiervoor gewisseld.
[2023-10-08 22:49:22,753] *eet_gang_optimizer* Bij iteratie: 2, Nieuwe oplossing score van: -1171 > -1201, VW_62_M_Rob en WO_27_M_Dan zijn hiervoor gewisseld.
[2023-10-08 22:49:22,812] *kook_gang_optimizer* Bij iteratie: 0, Nieuwe oplossing score van: -1156 > -1171, VW_31 en WO_53 zijn hiervoor gewisseld.
[2023-10-08 22:49:22,995] *eet_gang_optimizer* Bij iteratie: 3, Nieuwe oplossing score van: -1138 > -1156, VW_25_M_Joo en WO_71_V_Mar zijn hiervoor gewisseld.
[2023-10-08 22:49:23,176] *eet_gang_optimizer* Bij iteratie: 3, Nieuwe oplossing score van: -1114 > -1138, VW_12_V_Sja en WO_36_V_Ren zijn hiervoor gewisseld.
[2023-10-08 22:49:23,632] *kook_gang_optimizer* Bij iteratie: 10, Nieuwe oplossing score van: -1086 > -1114, WO_50 en WO_53 zijn hiervoor gewisseld.
[2023-10-08 22:49:23,769] *kook_gang_optimizer* Bij iteratie: 2, Nieuwe oplossing score van: -1084 > -1086, WO_26 en WO_69 zijn hiervoor gewisseld.
[2023-10-08 22:49:24,104] *eet_gang_optimizer* Bij iteratie: 7, Nieuwe oplossing score van: -1080 > -1084, WO_32a_M_Too en WO_85_M_Wil zijn hiervoor gewisseld.
[2023-10-08 22:49:24,168] *kook_gang_optimizer* Bij iteratie: 0, Nieuwe oplossing score van: -1069 > -1080, VW_13 en VW_25 zijn hiervoor gewisseld.
[2023-10-08 22:49:24,235] *eet_gang_optimizer* Bij iteratie: 0, Nieuwe oplossing score van: -1043 > -1069, VW_21_M_Koo en VW_51_V_Eli zijn hiervoor gewisseld.
[2023-10-08 22:49:24,337] *eet_gang_optimizer* Bij iteratie: 1, Nieuwe oplossing score van: -1024 > -1043, VW_15_M_Ger en VW_21_V_Ale zijn hiervoor gewisseld.
[2023-10-08 22:49:24,476] *kook_gang_optimizer* Bij iteratie: 2, Nieuwe oplossing score van: -1023 > -1024, WO_21 en WO_77 zijn hiervoor gewisseld.
[2023-10-08 22:49:24,533] *kook_gang_optimizer* Bij iteratie: 0, Nieuwe oplossing score van: -1006 > -1023, VW_3 en VW_39 zijn hiervoor gewisseld.
[2023-10-08 22:49:25,586] *kook_gang_optimizer* Bij iteratie: 24, Nieuwe oplossing score van: -988 > -1006, VW_35 en WO_45 zijn hiervoor gewisseld.
[2023-10-08 22:49:26,187] *eet_gang_optimizer* Bij iteratie: 13, Nieuwe oplossing score van: -982 > -988, NEW_1_V_Eug en WO_36_V_Ren zijn hiervoor gewisseld.
[2023-10-08 22:49:26,326] *kook_gang_optimizer* Bij iteratie: 2, Nieuwe oplossing score van: -977 > -982, VW_5 en WO_50 zijn hiervoor gewisseld.
[2023-10-08 22:49:27,013] *eet_gang_optimizer* Bij iteratie: 15, Nieuwe oplossing score van: -976 > -977, WO_13_V_Sim en WO_33_M_Ari zijn hiervoor gewisseld.
[2023-10-08 22:49:27,279] *kook_gang_optimizer* Bij iteratie: 5, Nieuwe oplossing score van: -968 > -976, WO_16 en WO_23 zijn hiervoor gewisseld.
[2023-10-08 22:49:27,900] *kook_gang_optimizer* Bij iteratie: 14, Nieuwe oplossing score van: -949 > -968, WO_53 en WO_77 zijn hiervoor gewisseld.
[2023-10-08 22:49:28,039] *eet_gang_optimizer* Bij iteratie: 2, Nieuwe oplossing score van: -948 > -949, WO_40_V_Mar en WO_71_V_Mar zijn hiervoor gewisseld.
[2023-10-08 22:49:29,248] *kook_gang_optimizer* Bij iteratie: 28, Nieuwe oplossing score van: -945 > -948, VW_23 en VW_39 zijn hiervoor gewisseld.
[2023-10-08 22:49:29,393] *kook_gang_optimizer* Bij iteratie: 2, Nieuwe oplossing score van: -914 > -945, VW_46 en WO_32 zijn hiervoor gewisseld.
[2023-10-08 22:49:30,329] *kook_gang_optimizer* Bij iteratie: 22, Nieuwe oplossing score van: -910 > -914, VW_46 en WO_45 zijn hiervoor gewisseld.
[2023-10-08 22:49:31,281] *kook_gang_optimizer* Bij iteratie: 21, Nieuwe oplossing score van: -903 > -910, VW_23 en WO_24 zijn hiervoor gewisseld.
[2023-10-08 22:49:31,345] *eet_gang_optimizer* Bij iteratie: 0, Nieuwe oplossing score van: -891 > -903, WO_21_M_Han en WO_71_V_Mar zijn hiervoor gewisseld.
[2023-10-08 22:49:31,722] *eet_gang_optimizer* Bij iteratie: 8, Nieuwe oplossing score van: -884 > -891, VW_62_V_Ale en WO_85_M_Wil zijn hiervoor gewisseld.
[2023-10-08 22:49:33,365] *kook_gang_optimizer* Bij iteratie: 39, Nieuwe oplossing score van: -879 > -884, VW_12 en WO_85 zijn hiervoor gewisseld.
[2023-10-08 22:49:34,694] *kook_gang_optimizer* Bij iteratie: 31, Nieuwe oplossing score van: -867 > -879, VW_18 en WO_16 zijn hiervoor gewisseld.
[2023-10-08 22:49:35,442] *kook_gang_optimizer* Bij iteratie: 17, Nieuwe oplossing score van: -849 > -867, WO_33 en WO_79 zijn hiervoor gewisseld.
[2023-10-08 22:49:35,821] *kook_gang_optimizer* Bij iteratie: 8, Nieuwe oplossing score van: -841 > -849, VW_39 en VW_70 zijn hiervoor gewisseld.
[2023-10-08 22:49:35,886] *eet_gang_optimizer* Bij iteratie: 0, Nieuwe oplossing score van: -835 > -841, WO_13_V_Sim en WO_38_V_Eek zijn hiervoor gewisseld.
[2023-10-08 22:49:37,490] *kook_gang_optimizer* Bij iteratie: 37, Nieuwe oplossing score van: -817 > -835, WO_51 en WO_79 zijn hiervoor gewisseld.
[2023-10-08 22:49:38,764] *kook_gang_optimizer* Bij iteratie: 31, Nieuwe oplossing score van: -805 > -817, VW_5 en WO_13 zijn hiervoor gewisseld.
[2023-10-08 22:49:39,757] *eet_gang_optimizer* Bij iteratie: 24, Nieuwe oplossing score van: -804 > -805, VW_23_V_Ils en WO_9_M_Phi zijn hiervoor gewisseld.
[2023-10-08 22:49:39,851] *eet_gang_optimizer* Bij iteratie: 1, Nieuwe oplossing score van: -798 > -804, VW_46_V_Bre en WO_32a_M_Too zijn hiervoor gewisseld.
[2023-10-08 22:49:40,717] *kook_gang_optimizer* Bij iteratie: 20, Nieuwe oplossing score van: -780 > -798, VW_13 en WO_75 zijn hiervoor gewisseld.
[2023-10-08 22:49:44,078] *kook_gang_optimizer* Bij iteratie: 85, Nieuwe oplossing score van: -773 > -780, VW_51 en WO_38 zijn hiervoor gewisseld.
[2023-10-08 22:49:46,461] *kook_gang_optimizer* Bij iteratie: 62, Nieuwe oplossing score van: -768 > -773, WO_45 en WO_49 zijn hiervoor gewisseld.
[2023-10-08 22:49:46,845] *eet_gang_optimizer* Bij iteratie: 8, Nieuwe oplossing score van: -767 > -768, WO_24_M_Ray en WO_50_V_Nic zijn hiervoor gewisseld.
[2023-10-08 22:49:47,576] *kook_gang_optimizer* Bij iteratie: 18, Nieuwe oplossing score van: -766 > -767, WO_24 en WO_38 zijn hiervoor gewisseld.
[2023-10-08 22:49:47,743] *eet_gang_optimizer* Bij iteratie: 3, Nieuwe oplossing score van: -760 > -766, VW_39_V_Ann en WO_79_V_Wie zijn hiervoor gewisseld.
[2023-10-08 22:49:48,415] *eet_gang_optimizer* Bij iteratie: 16, Nieuwe oplossing score van: -759 > -760, WO_13_V_Sim en WO_53_M_Ola zijn hiervoor gewisseld.
[2023-10-08 22:49:48,656] *eet_gang_optimizer* Bij iteratie: 5, Nieuwe oplossing score van: -752 > -759, VW_32_V_Wen en WO_21_M_Han zijn hiervoor gewisseld.
[2023-10-08 22:49:49,496] *kook_gang_optimizer* Bij iteratie: 20, Nieuwe oplossing score van: -751 > -752, VW_39 en WO_79 zijn hiervoor gewisseld.
[2023-10-08 22:49:52,550] *kook_gang_optimizer* Bij iteratie: 70, Nieuwe oplossing score van: -749 > -751, WO_21 en WO_24 zijn hiervoor gewisseld.
[2023-10-08 22:49:53,062] *kook_gang_optimizer* Bij iteratie: 12, Nieuwe oplossing score van: -727 > -749, WO_50 en WO_85 zijn hiervoor gewisseld.
[2023-10-08 22:49:53,313] *eet_gang_optimizer* Bij iteratie: 5, Nieuwe oplossing score van: -709 > -727, WO_21_M_Han en WO_52_V_Eli zijn hiervoor gewisseld.
[2023-10-08 22:49:53,878] *kook_gang_optimizer* Bij iteratie: 13, Nieuwe oplossing score van: -704 > -709, VW_25 en WO_77 zijn hiervoor gewisseld.
[2023-10-08 22:49:55,843] *eet_gang_optimizer* Bij iteratie: 50, Nieuwe oplossing score van: -703 > -704, VW_25_V_Ano en WO_50_V_Nic zijn hiervoor gewisseld.
[2023-10-08 22:49:55,937] *eet_gang_optimizer* Bij iteratie: 1, Nieuwe oplossing score van: -699 > -703, VW_5_M_Car en WO_45_V_Kar zijn hiervoor gewisseld.
[2023-10-08 22:49:58,169] *eet_gang_optimizer* Bij iteratie: 58, Nieuwe oplossing score van: -686 > -699, VW_5_V_Jud en VW_9_M_Rob zijn hiervoor gewisseld.
[2023-10-08 22:49:58,515] *eet_gang_optimizer* Bij iteratie: 8, Nieuwe oplossing score van: -674 > -686, VW_68_M_Chr en WO_53_V_Pat zijn hiervoor gewisseld.
[2023-10-08 22:50:03,013] *kook_gang_optimizer* Bij iteratie: 118, Nieuwe oplossing score van: -671 > -674, VW_31 en VW_33 zijn hiervoor gewisseld.
[2023-10-08 22:50:04,990] *eet_gang_optimizer* Bij iteratie: 51, Nieuwe oplossing score van: -659 > -671, WO_40_V_Bir en WO_57_V_May zijn hiervoor gewisseld.
[2023-10-08 22:50:05,427] *eet_gang_optimizer* Bij iteratie: 10, Nieuwe oplossing score van: -652 > -659, WO_32a_V_Gem en WO_69_M_Han zijn hiervoor gewisseld.
[2023-10-08 22:50:05,485] *eet_gang_optimizer* Bij iteratie: 0, Nieuwe oplossing score van: -640 > -652, WO_24_M_Ray en WO_71_M_Kar zijn hiervoor gewisseld.
[2023-10-08 22:50:06,824] *eet_gang_optimizer* Bij iteratie: 26, Nieuwe oplossing score van: -631 > -640, WO_16_M_Fre en WO_67_M_Rob zijn hiervoor gewisseld.
[2023-10-08 22:50:07,295] *kook_gang_optimizer* Bij iteratie: 10, Nieuwe oplossing score van: -611 > -631, VW_39 en WO_27 zijn hiervoor gewisseld.
[2023-10-08 22:50:11,828] *kook_gang_optimizer* Bij iteratie: 100, Nieuwe oplossing score van: -605 > -611, VW_46 en WO_21 zijn hiervoor gewisseld.
[2023-10-08 22:50:14,102] *kook_gang_optimizer* Bij iteratie: 53, Nieuwe oplossing score van: -599 > -605, VW_3 en VW_43 zijn hiervoor gewisseld.
[2023-10-08 22:50:14,765] *eet_gang_optimizer* Bij iteratie: 14, Nieuwe oplossing score van: -589 > -599, WO_45_V_Kar en WO_49_M_Joo zijn hiervoor gewisseld.
[2023-10-08 22:50:16,142] *kook_gang_optimizer* Bij iteratie: 32, Nieuwe oplossing score van: -588 > -589, VW_51 en WO_49 zijn hiervoor gewisseld.
[2023-10-08 22:50:16,247] *eet_gang_optimizer* Bij iteratie: 1, Nieuwe oplossing score van: -585 > -588, WO_27_V_Mar en WO_75_V_Deb zijn hiervoor gewisseld.
[2023-10-08 22:50:16,898] *eet_gang_optimizer* Bij iteratie: 15, Nieuwe oplossing score van: -583 > -585, VW_23_M_Lar en WO_1_M_And zijn hiervoor gewisseld.
[2023-10-08 22:50:17,189] *eet_gang_optimizer* Bij iteratie: 6, Nieuwe oplossing score van: -577 > -583, WO_16_V_Lie en WO_32a_V_Gem zijn hiervoor gewisseld.
[2023-10-08 22:50:18,133] *eet_gang_optimizer* Bij iteratie: 21, Nieuwe oplossing score van: -565 > -577, VW_13_V_Con en WO_77_M_Twa zijn hiervoor gewisseld.
[2023-10-08 22:50:18,809] *eet_gang_optimizer* Bij iteratie: 15, Nieuwe oplossing score van: -564 > -565, VW_21_V_Ale en VW_3_V_Cla zijn hiervoor gewisseld.
[2023-10-08 22:50:18,869] *kook_gang_optimizer* Bij iteratie: 0, Nieuwe oplossing score van: -557 > -564, VW_57 en WO_49 zijn hiervoor gewisseld.
[2023-10-08 22:50:20,398] *eet_gang_optimizer* Bij iteratie: 38, Nieuwe oplossing score van: -556 > -557, VW_18_V_Yol en VW_62_V_Ale zijn hiervoor gewisseld.
[2023-10-08 22:50:21,169] *kook_gang_optimizer* Bij iteratie: 18, Nieuwe oplossing score van: -542 > -556, VW_5 en WO_27 zijn hiervoor gewisseld.
[2023-10-08 22:50:21,232] *eet_gang_optimizer* Bij iteratie: 0, Nieuwe oplossing score van: -531 > -542, WO_52_V_Eli en WO_87_V_Mad zijn hiervoor gewisseld.
[2023-10-08 22:50:23,549] *kook_gang_optimizer* Bij iteratie: 59, Nieuwe oplossing score van: -525 > -531, WO_52 en WO_81 zijn hiervoor gewisseld.
[2023-10-08 22:50:26,783] *kook_gang_optimizer* Bij iteratie: 84, Nieuwe oplossing score van: -524 > -525, VW_33 en WO_87 zijn hiervoor gewisseld.
[2023-10-08 22:50:27,469] *eet_gang_optimizer* Bij iteratie: 17, Nieuwe oplossing score van: -523 > -524, VW_51_V_Eli en WO_71_M_Kar zijn hiervoor gewisseld.
[2023-10-08 22:50:32,905] *kook_gang_optimizer* Bij iteratie: 142, Nieuwe oplossing score van: -499 > -523, VW_62 en WO_23 zijn hiervoor gewisseld.
[2023-10-08 22:50:34,428] *kook_gang_optimizer* Bij iteratie: 40, Nieuwe oplossing score van: -498 > -499, VW_25 en VW_62 zijn hiervoor gewisseld.
[2023-10-08 22:50:36,849] *kook_gang_optimizer* Bij iteratie: 60, Nieuwe oplossing score van: -496 > -498, WO_55 en WO_7 zijn hiervoor gewisseld.
[2023-10-08 22:50:37,187] *kook_gang_optimizer* Bij iteratie: 7, Nieuwe oplossing score van: -490 > -496, VW_20 en WO_49 zijn hiervoor gewisseld.
[2023-10-08 22:50:37,843] *eet_gang_optimizer* Bij iteratie: 15, Nieuwe oplossing score van: -485 > -490, VW_23_M_Lar en VW_8_M_Fra zijn hiervoor gewisseld.
[2023-10-08 22:50:38,574] *eet_gang_optimizer* Bij iteratie: 16, Nieuwe oplossing score van: -483 > -485, WO_26_V_Ver en WO_9_V_Ell zijn hiervoor gewisseld.
[2023-10-08 22:50:39,504] *eet_gang_optimizer* Bij iteratie: 23, Nieuwe oplossing score van: -478 > -483, VW_43_V_Sjo en WO_85_V_Fem zijn hiervoor gewisseld.
[2023-10-08 22:50:47,391] *kook_gang_optimizer* Bij iteratie: 202, Nieuwe oplossing score van: -475 > -478, WO_50 en WO_85 zijn hiervoor gewisseld.
[2023-10-08 22:50:47,997] *eet_gang_optimizer* Bij iteratie: 14, Nieuwe oplossing score van: -471 > -475, VW_68_V_Mar en WO_16_V_Lie zijn hiervoor gewisseld.
[2023-10-08 22:50:50,710] *eet_gang_optimizer* Bij iteratie: 68, Nieuwe oplossing score van: -464 > -471, WO_26_V_Ver en WO_81_M_Jan zijn hiervoor gewisseld.
[2023-10-08 22:50:50,881] *eet_gang_optimizer* Bij iteratie: 3, Nieuwe oplossing score van: -458 > -464, VW_72_V_Len en WO_9_V_Ell zijn hiervoor gewisseld.
[2023-10-08 22:51:00,339] *kook_gang_optimizer* Bij iteratie: 244, Nieuwe oplossing score van: -454 > -458, WO_55 en WO_87 zijn hiervoor gewisseld.
[2023-10-08 22:51:29,179] *kook_gang_optimizer* Bij iteratie: 766, Nieuwe oplossing score van: -446 > -454, VW_31 en WO_1 zijn hiervoor gewisseld.
[2023-10-08 22:51:31,190] *kook_gang_optimizer* Bij iteratie: 52, Nieuwe oplossing score van: -440 > -446, VW_20 en WO_85 zijn hiervoor gewisseld.
[2023-10-08 22:51:31,512] *eet_gang_optimizer* Bij iteratie: 7, Nieuwe oplossing score van: -434 > -440, WO_41_M_Wim en WO_52_M_Ton zijn hiervoor gewisseld.
[2023-10-08 22:51:35,209] *eet_gang_optimizer* Bij iteratie: 97, Nieuwe oplossing score van: -429 > -434, WO_77_V_Maa en WO_85_V_Fem zijn hiervoor gewisseld.
[2023-10-08 22:51:37,729] *kook_gang_optimizer* Bij iteratie: 66, Nieuwe oplossing score van: -423 > -429, VW_15 en WO_20 zijn hiervoor gewisseld.
[2023-10-08 22:51:51,236] *kook_gang_optimizer* Bij iteratie: 355, Nieuwe oplossing score van: -422 > -423, VW_20 en WO_1 zijn hiervoor gewisseld.
[2023-10-08 22:51:55,097] *kook_gang_optimizer* Bij iteratie: 101, Nieuwe oplossing score van: -417 > -422, WO_45 en WO_85 zijn hiervoor gewisseld.
[2023-10-08 22:51:58,624] *eet_gang_optimizer* Bij iteratie: 89, Nieuwe oplossing score van: -416 > -417, VW_6_V_Len en WO_67_M_Rob zijn hiervoor gewisseld.
[2023-10-08 22:51:59,562] *eet_gang_optimizer* Bij iteratie: 23, Nieuwe oplossing score van: -408 > -416, VW_27_M_Luc en WO_38_M_Jaa zijn hiervoor gewisseld.
[2023-10-08 22:52:00,715] *eet_gang_optimizer* Bij iteratie: 30, Nieuwe oplossing score van: -402 > -408, VW_31_M_Pau en VW_46_V_Jor zijn hiervoor gewisseld.
[2023-10-08 22:52:01,759] *eet_gang_optimizer* Bij iteratie: 26, Nieuwe oplossing score van: -396 > -402, VW_46_V_Jor en VW_68_M_Chr zijn hiervoor gewisseld.
[2023-10-08 22:52:05,158] *kook_gang_optimizer* Bij iteratie: 90, Nieuwe oplossing score van: -393 > -396, WO_33 en WO_45 zijn hiervoor gewisseld.
[2023-10-08 22:52:25,438] *kook_gang_optimizer* Bij iteratie: 542, Nieuwe oplossing score van: -389 > -393, VW_21 en VW_39 zijn hiervoor gewisseld.
[2023-10-08 22:52:30,832] *kook_gang_optimizer* Bij iteratie: 143, Nieuwe oplossing score van: -384 > -389, VW_31 en WO_36 zijn hiervoor gewisseld.
[2023-10-08 22:52:32,078] *eet_gang_optimizer* Bij iteratie: 32, Nieuwe oplossing score van: -383 > -384, VW_18_M_Mic en VW_8_M_Fra zijn hiervoor gewisseld.
[2023-10-08 22:52:34,760] *eet_gang_optimizer* Bij iteratie: 69, Nieuwe oplossing score van: -372 > -383, WO_41_M_Wim en WO_77_V_Maa zijn hiervoor gewisseld.
[2023-10-08 22:53:15,037] *kook_gang_optimizer* Bij iteratie: 1035, Nieuwe oplossing score van: -367 > -372, VW_33 en WO_61 zijn hiervoor gewisseld.
[2023-10-08 22:53:16,296] *eet_gang_optimizer* Bij iteratie: 32, Nieuwe oplossing score van: -366 > -367, WO_23_V_Mon en WO_32_V_Ing zijn hiervoor gewisseld.
[2023-10-08 22:53:18,350] *eet_gang_optimizer* Bij iteratie: 51, Nieuwe oplossing score van: -360 > -366, WO_27_M_Dan en WO_32a_M_Too zijn hiervoor gewisseld.
[2023-10-08 22:54:08,160] *kook_gang_optimizer* Bij iteratie: 1307, Nieuwe oplossing score van: -358 > -360, VW_62 en WO_77 zijn hiervoor gewisseld.
[2023-10-08 22:54:12,734] *eet_gang_optimizer* Bij iteratie: 120, Nieuwe oplossing score van: -351 > -358, VW_35_V_Ros en WO_41_V_Ann zijn hiervoor gewisseld.
[2023-10-08 22:54:14,817] *kook_gang_optimizer* Bij iteratie: 53, Nieuwe oplossing score van: -346 > -351, VW_46 en VW_70 zijn hiervoor gewisseld.
