[2023-10-08 15:00:00,694] *kook_gang_optimizer* Bij iteratie: 0, Nieuwe oplossing score van: -1739 > -1744, VW_51 en WO_40 zijn hiervoor gewisselt.
[2023-10-08 15:00:00,735] *kook_gang_optimizer* Bij iteratie: 0, Nieuwe oplossing score van: -1730 > -1739, VW_12 en VW_3 zijn hiervoor gewisselt.
[2023-10-08 15:00:00,910] *kook_gang_optimizer* Bij iteratie: 4, Nieuwe oplossing score van: -1724 > -1730, VW_13 en WO_23 zijn hiervoor gewisselt.
[2023-10-08 15:00:01,016] *kook_gang_optimizer* Bij iteratie: 2, Nieuwe oplossing score van: -1714 > -1724, WO_16 en WO_81 zijn hiervoor gewisselt.
[2023-10-08 15:00:01,091] *eet_gang_optimizer* Bij iteratie: 0, Nieuwe oplossing score van: -1708 > -1714, VW_15_M_Ger en WO_41_V_Ann zijn hiervoor gewisselt.
[2023-10-08 15:00:01,132] *eet_gang_optimizer* Bij iteratie: 0, Nieuwe oplossing score van: -1702 > -1708, VW_62_V_Ale en WO_32a_V_Gem zijn hiervoor gewisselt.
[2023-10-08 15:00:01,173] *eet_gang_optimizer* Bij iteratie: 0, Nieuwe oplossing score van: -1655 > -1702, VW_5_V_Jud en WO_41_M_Wim zijn hiervoor gewisselt.
[2023-10-08 15:00:01,294] *eet_gang_optimizer* Bij iteratie: 0, Nieuwe oplossing score van: -1647 > -1655, VW_13_V_Con en VW_62_V_Ale zijn hiervoor gewisselt.
[2023-10-08 15:00:01,368] *eet_gang_optimizer* Bij iteratie: 0, Nieuwe oplossing score van: -1598 > -1647, WO_21_V_Pau en WO_49_M_Joo zijn hiervoor gewisselt.
[2023-10-08 15:00:01,625] *eet_gang_optimizer* Bij iteratie: 2, Nieuwe oplossing score van: -1562 > -1598, VW_35_V_Ros en WO_13_V_Sim zijn hiervoor gewisselt.
[2023-10-08 15:00:01,661] *kook_gang_optimizer* Bij iteratie: 0, Nieuwe oplossing score van: -1508 > -1562, VW_39 en WO_40 zijn hiervoor gewisselt.
[2023-10-08 15:00:02,012] *eet_gang_optimizer* Bij iteratie: 2, Nieuwe oplossing score van: -1489 > -1508, NEW_1_V_Eug en VW_31_V_Jan zijn hiervoor gewisselt.
[2023-10-08 15:00:02,228] *eet_gang_optimizer* Bij iteratie: 1, Nieuwe oplossing score van: -1475 > -1489, VW_13_V_Con en VW_70_M_Bas zijn hiervoor gewisselt.
[2023-10-08 15:00:02,300] *kook_gang_optimizer* Bij iteratie: 1, Nieuwe oplossing score van: -1448 > -1475, WO_36 en WO_81 zijn hiervoor gewisselt.
[2023-10-08 15:00:02,951] *eet_gang_optimizer* Bij iteratie: 5, Nieuwe oplossing score van: -1443 > -1448, VW_31_M_Pau en VW_70_M_Bas zijn hiervoor gewisselt.
[2023-10-08 15:00:03,062] *eet_gang_optimizer* Bij iteratie: 0, Nieuwe oplossing score van: -1437 > -1443, WO_81_V_Jan en WO_9_M_Phi zijn hiervoor gewisselt.
[2023-10-08 15:00:03,422] *eet_gang_optimizer* Bij iteratie: 3, Nieuwe oplossing score van: -1426 > -1437, NEW_3_V_Mel en WO_1_M_And zijn hiervoor gewisselt.
[2023-10-08 15:00:03,737] *eet_gang_optimizer* Bij iteratie: 2, Nieuwe oplossing score van: -1422 > -1426, VW_13_M_Mar en VW_72_V_Len zijn hiervoor gewisselt.
[2023-10-08 15:00:03,921] *kook_gang_optimizer* Bij iteratie: 4, Nieuwe oplossing score van: -1386 > -1422, VW_15 en VW_25 zijn hiervoor gewisselt.
[2023-10-08 15:00:03,996] *kook_gang_optimizer* Bij iteratie: 1, Nieuwe oplossing score van: -1370 > -1386, WO_24 en WO_53 zijn hiervoor gewisselt.
[2023-10-08 15:00:04,035] *eet_gang_optimizer* Bij iteratie: 0, Nieuwe oplossing score van: -1352 > -1370, VW_35_V_Ros en WO_71_M_Kar zijn hiervoor gewisselt.
[2023-10-08 15:00:04,788] *eet_gang_optimizer* Bij iteratie: 6, Nieuwe oplossing score van: -1341 > -1352, VW_46_V_Jor en WO_32_V_Ing zijn hiervoor gewisselt.
[2023-10-08 15:00:04,899] *eet_gang_optimizer* Bij iteratie: 0, Nieuwe oplossing score van: -1323 > -1341, VW_46_V_Bre en VW_51_M_Coe zijn hiervoor gewisselt.
[2023-10-08 15:00:05,189] *eet_gang_optimizer* Bij iteratie: 2, Nieuwe oplossing score van: -1305 > -1323, VW_9_M_Rob en WO_23_M_Bar zijn hiervoor gewisselt.
[2023-10-08 15:00:05,234] *kook_gang_optimizer* Bij iteratie: 0, Nieuwe oplossing score van: -1299 > -1305, VW_27 en WO_36 zijn hiervoor gewisselt.
[2023-10-08 15:00:05,413] *eet_gang_optimizer* Bij iteratie: 1, Nieuwe oplossing score van: -1280 > -1299, VW_15_M_Ger en WO_38_M_Jaa zijn hiervoor gewisselt.
[2023-10-08 15:00:05,632] *eet_gang_optimizer* Bij iteratie: 1, Nieuwe oplossing score van: -1263 > -1280, WO_33_V_Lou en WO_77_M_Twa zijn hiervoor gewisselt.
[2023-10-08 15:00:05,682] *eet_gang_optimizer* Bij iteratie: 0, Nieuwe oplossing score van: -1251 > -1263, NEW_3_M_Rob en VW_35_M_Roe zijn hiervoor gewisselt.
[2023-10-08 15:00:05,862] *kook_gang_optimizer* Bij iteratie: 4, Nieuwe oplossing score van: -1232 > -1251, VW_20 en WO_50 zijn hiervoor gewisselt.
[2023-10-08 15:00:05,969] *kook_gang_optimizer* Bij iteratie: 2, Nieuwe oplossing score van: -1227 > -1232, VW_13 en WO_50 zijn hiervoor gewisselt.
[2023-10-08 15:00:06,010] *eet_gang_optimizer* Bij iteratie: 0, Nieuwe oplossing score van: -1206 > -1227, VW_12_M_Pet en WO_32_V_Ing zijn hiervoor gewisselt.
[2023-10-08 15:00:06,376] *eet_gang_optimizer* Bij iteratie: 3, Nieuwe oplossing score van: -1205 > -1206, VW_39_V_Ann en VW_5_M_Car zijn hiervoor gewisselt.
[2023-10-08 15:00:06,777] *kook_gang_optimizer* Bij iteratie: 10, Nieuwe oplossing score van: -1200 > -1205, VW_25 en WO_24 zijn hiervoor gewisselt.
[2023-10-08 15:00:07,130] *kook_gang_optimizer* Bij iteratie: 8, Nieuwe oplossing score van: -1192 > -1200, VW_35 en VW_57 zijn hiervoor gewisselt.
[2023-10-08 15:00:07,558] *eet_gang_optimizer* Bij iteratie: 3, Nieuwe oplossing score van: -1179 > -1192, WO_51_M_Jan en WO_81_M_Jan zijn hiervoor gewisselt.
[2023-10-08 15:00:08,207] *eet_gang_optimizer* Bij iteratie: 5, Nieuwe oplossing score van: -1170 > -1179, WO_26_M_Rod en WO_38_M_Jaa zijn hiervoor gewisselt.
[2023-10-08 15:00:08,531] *kook_gang_optimizer* Bij iteratie: 8, Nieuwe oplossing score van: -1157 > -1170, WO_38 en WO_71 zijn hiervoor gewisselt.
[2023-10-08 15:00:09,052] *kook_gang_optimizer* Bij iteratie: 13, Nieuwe oplossing score van: -1139 > -1157, VW_27 en VW_9 zijn hiervoor gewisselt.
[2023-10-08 15:00:09,088] *kook_gang_optimizer* Bij iteratie: 0, Nieuwe oplossing score van: -1138 > -1139, WO_55 en WO_87 zijn hiervoor gewisselt.
[2023-10-08 15:00:09,780] *kook_gang_optimizer* Bij iteratie: 18, Nieuwe oplossing score van: -1134 > -1138, VW_62 en WO_71 zijn hiervoor gewisselt.
[2023-10-08 15:00:10,523] *kook_gang_optimizer* Bij iteratie: 18, Nieuwe oplossing score van: -1122 > -1134, VW_23 en VW_3 zijn hiervoor gewisselt.
[2023-10-08 15:00:10,634] *kook_gang_optimizer* Bij iteratie: 2, Nieuwe oplossing score van: -1111 > -1122, WO_40 en WO_79 zijn hiervoor gewisselt.
[2023-10-08 15:00:10,823] *kook_gang_optimizer* Bij iteratie: 4, Nieuwe oplossing score van: -1109 > -1111, VW_5 en WO_24 zijn hiervoor gewisselt.
[2023-10-08 15:00:11,204] *kook_gang_optimizer* Bij iteratie: 9, Nieuwe oplossing score van: -1105 > -1109, WO_53 en WO_77 zijn hiervoor gewisselt.
