[2023-10-08 15:14:44,384] *eet_gang_optimizer* Bij iteratie: 4, Nieuwe oplossing score van: -1719 > -1744, WO_16_M_Fre en WO_23_M_Bar zijn hiervoor gewisselt.
[2023-10-08 15:14:44,632] *eet_gang_optimizer* Bij iteratie: 6, Nieuwe oplossing score van: -1710 > -1719, WO_45_M_Die en WO_61_V_Ger zijn hiervoor gewisselt.
[2023-10-08 15:14:44,701] *kook_gang_optimizer* Bij iteratie: 1, Nieuwe oplossing score van: -1707 > -1710, VW_46 en WO_36 zijn hiervoor gewisselt.
[2023-10-08 15:14:44,882] *eet_gang_optimizer* Bij iteratie: 4, Nieuwe oplossing score van: -1701 > -1707, VW_72_M_Pie en WO_81_M_Jan zijn hiervoor gewisselt.
[2023-10-08 15:14:44,920] *eet_gang_optimizer* Bij iteratie: 0, Nieuwe oplossing score van: -1665 > -1701, VW_15_V_Aim en VW_62_M_Rob zijn hiervoor gewisselt.
[2023-10-08 15:14:45,122] *eet_gang_optimizer* Bij iteratie: 4, Nieuwe oplossing score van: -1647 > -1665, VW_31_V_Jan en VW_57_V_Ann zijn hiervoor gewisselt.
[2023-10-08 15:14:45,271] *eet_gang_optimizer* Bij iteratie: 3, Nieuwe oplossing score van: -1641 > -1647, VW_39_M_Bar en VW_5_V_Jud zijn hiervoor gewisselt.
[2023-10-08 15:14:45,583] *eet_gang_optimizer* Bij iteratie: 7, Nieuwe oplossing score van: -1623 > -1641, VW_23_V_Ils en WO_23_V_Mon zijn hiervoor gewisselt.
[2023-10-08 15:14:45,798] *kook_gang_optimizer* Bij iteratie: 5, Nieuwe oplossing score van: -1616 > -1623, WO_36 en WO_40 zijn hiervoor gewisselt.
[2023-10-08 15:14:45,835] *kook_gang_optimizer* Bij iteratie: 0, Nieuwe oplossing score van: -1592 > -1616, VW_20 en VW_57 zijn hiervoor gewisselt.
[2023-10-08 15:14:45,871] *kook_gang_optimizer* Bij iteratie: 0, Nieuwe oplossing score van: -1580 > -1592, VW_31 en WO_36 zijn hiervoor gewisselt.
[2023-10-08 15:14:46,191] *eet_gang_optimizer* Bij iteratie: 8, Nieuwe oplossing score van: -1555 > -1580, WO_33_V_Lou en WO_36_M_Hui zijn hiervoor gewisselt.
[2023-10-08 15:14:46,297] *kook_gang_optimizer* Bij iteratie: 2, Nieuwe oplossing score van: -1543 > -1555, VW_5 en WO_79 zijn hiervoor gewisselt.
[2023-10-08 15:14:46,580] *kook_gang_optimizer* Bij iteratie: 7, Nieuwe oplossing score van: -1495 > -1543, VW_3 en WO_45 zijn hiervoor gewisselt.
[2023-10-08 15:14:46,652] *kook_gang_optimizer* Bij iteratie: 1, Nieuwe oplossing score van: -1481 > -1495, VW_57 en WO_26 zijn hiervoor gewisselt.
[2023-10-08 15:14:46,688] *kook_gang_optimizer* Bij iteratie: 0, Nieuwe oplossing score van: -1467 > -1481, VW_32 en WO_40 zijn hiervoor gewisselt.
[2023-10-08 15:14:46,831] *kook_gang_optimizer* Bij iteratie: 3, Nieuwe oplossing score van: -1440 > -1467, VW_21 en WO_85 zijn hiervoor gewisselt.
[2023-10-08 15:14:46,906] *eet_gang_optimizer* Bij iteratie: 1, Nieuwe oplossing score van: -1422 > -1440, NEW_1_M_Erw en WO_27_M_Dan zijn hiervoor gewisselt.
[2023-10-08 15:14:47,018] *eet_gang_optimizer* Bij iteratie: 2, Nieuwe oplossing score van: -1415 > -1422, VW_18_V_Yol en WO_69_M_Han zijn hiervoor gewisselt.
[2023-10-08 15:14:47,591] *eet_gang_optimizer* Bij iteratie: 15, Nieuwe oplossing score van: -1403 > -1415, NEW_3_V_Mel en WO_85_M_Wil zijn hiervoor gewisselt.
[2023-10-08 15:14:47,979] *kook_gang_optimizer* Bij iteratie: 10, Nieuwe oplossing score van: -1397 > -1403, VW_32 en WO_79 zijn hiervoor gewisselt.
[2023-10-08 15:14:48,153] *kook_gang_optimizer* Bij iteratie: 4, Nieuwe oplossing score van: -1380 > -1397, VW_5 en WO_33 zijn hiervoor gewisselt.
[2023-10-08 15:14:48,192] *eet_gang_optimizer* Bij iteratie: 0, Nieuwe oplossing score van: -1345 > -1380, WO_1_M_And en WO_53_V_Pat zijn hiervoor gewisselt.
[2023-10-08 15:14:48,229] *kook_gang_optimizer* Bij iteratie: 0, Nieuwe oplossing score van: -1333 > -1345, WO_13 en WO_26 zijn hiervoor gewisselt.
[2023-10-08 15:14:48,306] *eet_gang_optimizer* Bij iteratie: 1, Nieuwe oplossing score van: -1327 > -1333, WO_21_V_Pau en WO_32a_V_Gem zijn hiervoor gewisselt.
[2023-10-08 15:14:48,518] *eet_gang_optimizer* Bij iteratie: 5, Nieuwe oplossing score van: -1321 > -1327, VW_20_M_Wil en VW_20_V_Ber zijn hiervoor gewisselt.
[2023-10-08 15:14:48,554] *kook_gang_optimizer* Bij iteratie: 0, Nieuwe oplossing score van: -1298 > -1321, VW_21 en VW_32 zijn hiervoor gewisselt.
[2023-10-08 15:14:48,593] *eet_gang_optimizer* Bij iteratie: 0, Nieuwe oplossing score van: -1292 > -1298, VW_13_V_Con en WO_32_M_Ber zijn hiervoor gewisselt.
[2023-10-08 15:14:48,741] *kook_gang_optimizer* Bij iteratie: 3, Nieuwe oplossing score van: -1275 > -1292, VW_13 en WO_81 zijn hiervoor gewisselt.
[2023-10-08 15:14:48,811] *kook_gang_optimizer* Bij iteratie: 1, Nieuwe oplossing score van: -1272 > -1275, VW_25 en WO_13 zijn hiervoor gewisselt.
[2023-10-08 15:14:48,967] *kook_gang_optimizer* Bij iteratie: 3, Nieuwe oplossing score van: -1265 > -1272, VW_5 en WO_16 zijn hiervoor gewisselt.
[2023-10-08 15:14:49,003] *kook_gang_optimizer* Bij iteratie: 0, Nieuwe oplossing score van: -1253 > -1265, VW_3 en VW_43 zijn hiervoor gewisselt.
[2023-10-08 15:14:49,081] *eet_gang_optimizer* Bij iteratie: 1, Nieuwe oplossing score van: -1244 > -1253, NEW_3_M_Rob en WO_13_M_Lau zijn hiervoor gewisselt.
[2023-10-08 15:14:49,119] *eet_gang_optimizer* Bij iteratie: 0, Nieuwe oplossing score van: -1232 > -1244, WO_1_V_Bir en WO_20_M_Aad zijn hiervoor gewisselt.
[2023-10-08 15:14:49,157] *eet_gang_optimizer* Bij iteratie: 0, Nieuwe oplossing score van: -1199 > -1232, VW_68_M_Chr en WO_24_M_Ray zijn hiervoor gewisselt.
[2023-10-08 15:14:49,450] *eet_gang_optimizer* Bij iteratie: 7, Nieuwe oplossing score van: -1185 > -1199, WO_32a_M_Too en WO_45_M_Die zijn hiervoor gewisselt.
[2023-10-08 15:14:49,521] *kook_gang_optimizer* Bij iteratie: 1, Nieuwe oplossing score van: -1155 > -1185, VW_23 en WO_32 zijn hiervoor gewisselt.
[2023-10-08 15:14:49,702] *eet_gang_optimizer* Bij iteratie: 4, Nieuwe oplossing score van: -1146 > -1155, VW_15_M_Ger en VW_25_V_Ano zijn hiervoor gewisselt.
[2023-10-08 15:14:49,850] *eet_gang_optimizer* Bij iteratie: 3, Nieuwe oplossing score van: -1127 > -1146, VW_68_V_Mar en WO_45_V_Kar zijn hiervoor gewisselt.
[2023-10-08 15:14:49,888] *eet_gang_optimizer* Bij iteratie: 0, Nieuwe oplossing score van: -1121 > -1127, VW_12_V_Sja en WO_38_V_Eek zijn hiervoor gewisselt.
[2023-10-08 15:14:50,209] *eet_gang_optimizer* Bij iteratie: 8, Nieuwe oplossing score van: -1091 > -1121, WO_21_V_Pau en WO_71_M_Kar zijn hiervoor gewisselt.
[2023-10-08 15:14:50,284] *eet_gang_optimizer* Bij iteratie: 1, Nieuwe oplossing score van: -1066 > -1091, VW_32_V_Wen en WO_51_V_Dia zijn hiervoor gewisselt.
[2023-10-08 15:14:50,357] *kook_gang_optimizer* Bij iteratie: 1, Nieuwe oplossing score van: -1049 > -1066, WO_13 en WO_53 zijn hiervoor gewisselt.
[2023-10-08 15:14:50,611] *kook_gang_optimizer* Bij iteratie: 6, Nieuwe oplossing score van: -1036 > -1049, VW_8 en WO_40 zijn hiervoor gewisselt.
[2023-10-08 15:14:50,649] *eet_gang_optimizer* Bij iteratie: 0, Nieuwe oplossing score van: -1035 > -1036, VW_12_M_Pet en WO_45_V_Kar zijn hiervoor gewisselt.
[2023-10-08 15:14:50,879] *kook_gang_optimizer* Bij iteratie: 5, Nieuwe oplossing score van: -1023 > -1035, VW_13 en WO_13 zijn hiervoor gewisselt.
[2023-10-08 15:14:51,091] *eet_gang_optimizer* Bij iteratie: 5, Nieuwe oplossing score van: -1021 > -1023, VW_32_M_Mic en WO_69_V_Ant zijn hiervoor gewisselt.
[2023-10-08 15:14:51,172] *eet_gang_optimizer* Bij iteratie: 1, Nieuwe oplossing score van: -1020 > -1021, WO_20_V_Ast en WO_85_V_Fem zijn hiervoor gewisselt.
[2023-10-08 15:14:51,421] *kook_gang_optimizer* Bij iteratie: 6, Nieuwe oplossing score van: -1017 > -1020, VW_39 en WO_45 zijn hiervoor gewisselt.
[2023-10-08 15:14:51,497] *eet_gang_optimizer* Bij iteratie: 1, Nieuwe oplossing score van: -999 > -1017, VW_31_M_Pau en WO_50_V_Nic zijn hiervoor gewisselt.
[2023-10-08 15:14:51,570] *eet_gang_optimizer* Bij iteratie: 1, Nieuwe oplossing score van: -972 > -999, WO_51_M_Jan en WO_53_M_Ola zijn hiervoor gewisselt.
[2023-10-08 15:14:51,817] *kook_gang_optimizer* Bij iteratie: 6, Nieuwe oplossing score van: -967 > -972, VW_27 en WO_38 zijn hiervoor gewisselt.
[2023-10-08 15:14:52,031] *eet_gang_optimizer* Bij iteratie: 5, Nieuwe oplossing score van: -959 > -967, VW_32_V_Wen en VW_35_V_Ros zijn hiervoor gewisselt.
[2023-10-08 15:14:52,436] *kook_gang_optimizer* Bij iteratie: 9, Nieuwe oplossing score van: -957 > -959, WO_41 en WO_50 zijn hiervoor gewisselt.
[2023-10-08 15:14:52,618] *eet_gang_optimizer* Bij iteratie: 4, Nieuwe oplossing score van: -955 > -957, WO_55_V_Han en WO_81_M_Jan zijn hiervoor gewisselt.
[2023-10-08 15:14:52,727] *eet_gang_optimizer* Bij iteratie: 2, Nieuwe oplossing score van: -941 > -955, WO_27_V_Mar en WO_36_V_Ren zijn hiervoor gewisselt.
[2023-10-08 15:14:53,694] *eet_gang_optimizer* Bij iteratie: 26, Nieuwe oplossing score van: -917 > -941, VW_46_V_Bre en WO_32a_V_Gem zijn hiervoor gewisselt.
[2023-10-08 15:14:54,426] *kook_gang_optimizer* Bij iteratie: 19, Nieuwe oplossing score van: -899 > -917, VW_57 en WO_52 zijn hiervoor gewisselt.
[2023-10-08 15:14:55,321] *kook_gang_optimizer* Bij iteratie: 24, Nieuwe oplossing score van: -877 > -899, VW_15 en WO_40 zijn hiervoor gewisselt.
[2023-10-08 15:14:55,360] *eet_gang_optimizer* Bij iteratie: 0, Nieuwe oplossing score van: -869 > -877, VW_18_M_Mic en WO_1_V_Bir zijn hiervoor gewisselt.
[2023-10-08 15:14:55,695] *eet_gang_optimizer* Bij iteratie: 8, Nieuwe oplossing score van: -852 > -869, VW_31_V_Jan en WO_38_M_Jaa zijn hiervoor gewisselt.
[2023-10-08 15:14:56,843] *kook_gang_optimizer* Bij iteratie: 31, Nieuwe oplossing score van: -843 > -852, VW_51 en VW_70 zijn hiervoor gewisselt.
[2023-10-08 15:14:56,955] *eet_gang_optimizer* Bij iteratie: 2, Nieuwe oplossing score van: -833 > -843, VW_18_M_Mic en WO_71_V_Mar zijn hiervoor gewisselt.
[2023-10-08 15:14:58,615] *kook_gang_optimizer* Bij iteratie: 45, Nieuwe oplossing score van: -827 > -833, VW_5 en WO_53 zijn hiervoor gewisselt.
[2023-10-08 15:14:59,092] *eet_gang_optimizer* Bij iteratie: 12, Nieuwe oplossing score van: -815 > -827, NEW_3_M_Rob en VW_70_M_Bas zijn hiervoor gewisselt.
[2023-10-08 15:14:59,691] *kook_gang_optimizer* Bij iteratie: 16, Nieuwe oplossing score van: -801 > -815, VW_12 en WO_49 zijn hiervoor gewisselt.
[2023-10-08 15:15:00,117] *kook_gang_optimizer* Bij iteratie: 11, Nieuwe oplossing score van: -799 > -801, WO_27 en WO_38 zijn hiervoor gewisselt.
[2023-10-08 15:15:00,257] *kook_gang_optimizer* Bij iteratie: 3, Nieuwe oplossing score van: -795 > -799, WO_20 en WO_77 zijn hiervoor gewisselt.
[2023-10-08 15:15:00,661] *eet_gang_optimizer* Bij iteratie: 10, Nieuwe oplossing score van: -789 > -795, WO_81_V_Jan en WO_9_V_Ell zijn hiervoor gewisselt.
[2023-10-08 15:15:01,237] *kook_gang_optimizer* Bij iteratie: 15, Nieuwe oplossing score van: -784 > -789, VW_43 en WO_61 zijn hiervoor gewisselt.
[2023-10-08 15:15:01,385] *eet_gang_optimizer* Bij iteratie: 3, Nieuwe oplossing score van: -771 > -784, WO_26_M_Rod en WO_49_M_Joo zijn hiervoor gewisselt.
[2023-10-08 15:15:01,531] *eet_gang_optimizer* Bij iteratie: 3, Nieuwe oplossing score van: -759 > -771, VW_33_V_Tru en WO_71_M_Kar zijn hiervoor gewisselt.
[2023-10-08 15:15:01,604] *kook_gang_optimizer* Bij iteratie: 1, Nieuwe oplossing score van: -752 > -759, WO_16 en WO_71 zijn hiervoor gewisselt.
[2023-10-08 15:15:01,822] *eet_gang_optimizer* Bij iteratie: 5, Nieuwe oplossing score van: -745 > -752, WO_21_V_Pau en WO_49_V_Van zijn hiervoor gewisselt.
[2023-10-08 15:15:02,181] *kook_gang_optimizer* Bij iteratie: 9, Nieuwe oplossing score van: -691 > -745, WO_7 en WO_71 zijn hiervoor gewisselt.
[2023-10-08 15:15:02,416] *eet_gang_optimizer* Bij iteratie: 5, Nieuwe oplossing score van: -685 > -691, VW_31_M_Pau en VW_51_M_Coe zijn hiervoor gewisselt.
[2023-10-08 15:15:03,761] *eet_gang_optimizer* Bij iteratie: 38, Nieuwe oplossing score van: -679 > -685, VW_62_V_Ale en WO_52_M_Ton zijn hiervoor gewisselt.
[2023-10-08 15:15:04,489] *eet_gang_optimizer* Bij iteratie: 20, Nieuwe oplossing score van: -667 > -679, VW_46_V_Jor en WO_51_M_Jan zijn hiervoor gewisselt.
[2023-10-08 15:15:04,526] *eet_gang_optimizer* Bij iteratie: 0, Nieuwe oplossing score van: -659 > -667, WO_41_M_Wim en WO_67_M_Rob zijn hiervoor gewisselt.
[2023-10-08 15:15:04,995] *eet_gang_optimizer* Bij iteratie: 13, Nieuwe oplossing score van: -654 > -659, VW_9_V_Rie en WO_13_V_Sim zijn hiervoor gewisselt.
[2023-10-08 15:15:05,579] *kook_gang_optimizer* Bij iteratie: 16, Nieuwe oplossing score van: -637 > -654, WO_13 en WO_69 zijn hiervoor gewisselt.
[2023-10-08 15:15:06,046] *kook_gang_optimizer* Bij iteratie: 13, Nieuwe oplossing score van: -626 > -637, WO_16 en WO_71 zijn hiervoor gewisselt.
[2023-10-08 15:15:07,676] *eet_gang_optimizer* Bij iteratie: 47, Nieuwe oplossing score van: -624 > -626, VW_21_M_Koo en WO_13_V_Sim zijn hiervoor gewisselt.
[2023-10-08 15:15:08,112] *eet_gang_optimizer* Bij iteratie: 12, Nieuwe oplossing score van: -618 > -624, VW_70_V_Cha en WO_9_V_Ell zijn hiervoor gewisselt.
[2023-10-08 15:15:09,190] *kook_gang_optimizer* Bij iteratie: 31, Nieuwe oplossing score van: -613 > -618, VW_9 en WO_51 zijn hiervoor gewisselt.
[2023-10-08 15:15:09,628] *eet_gang_optimizer* Bij iteratie: 12, Nieuwe oplossing score van: -607 > -613, WO_24_V_Jea en WO_75_M_Jur zijn hiervoor gewisselt.
[2023-10-08 15:15:11,550] *kook_gang_optimizer* Bij iteratie: 56, Nieuwe oplossing score van: -592 > -607, WO_23 en WO_77 zijn hiervoor gewisselt.
[2023-10-08 15:15:12,413] *kook_gang_optimizer* Bij iteratie: 24, Nieuwe oplossing score van: -583 > -592, VW_33 en WO_61 zijn hiervoor gewisselt.
[2023-10-08 15:15:12,752] *eet_gang_optimizer* Bij iteratie: 9, Nieuwe oplossing score van: -571 > -583, WO_33_V_Lou en WO_50_M_Fli zijn hiervoor gewisselt.
[2023-10-08 15:15:12,919] *kook_gang_optimizer* Bij iteratie: 4, Nieuwe oplossing score van: -564 > -571, WO_23 en WO_26 zijn hiervoor gewisselt.
[2023-10-08 15:15:13,372] *kook_gang_optimizer* Bij iteratie: 12, Nieuwe oplossing score van: -538 > -564, VW_35 en WO_7 zijn hiervoor gewisselt.
[2023-10-08 15:15:21,542] *kook_gang_optimizer* Bij iteratie: 242, Nieuwe oplossing score van: -532 > -538, VW_33 en WO_71 zijn hiervoor gewisselt.
[2023-10-08 15:15:21,807] *eet_gang_optimizer* Bij iteratie: 7, Nieuwe oplossing score van: -527 > -532, VW_32_V_Wen en WO_53_M_Ola zijn hiervoor gewisselt.
