[2023-10-08 18:04:21,474] *eet_gang_optimizer* Bij iteratie: 0, Nieuwe oplossing score van: -1527 > -1528, WO_20_M_Aad en WO_77_M_Twa zijn hiervoor gewisseld.
[2023-10-08 18:04:21,587] *eet_gang_optimizer* Bij iteratie: 1, Nieuwe oplossing score van: -1497 > -1527, WO_23_M_Bar en WO_32a_M_Too zijn hiervoor gewisseld.
[2023-10-08 18:04:22,093] *eet_gang_optimizer* Bij iteratie: 10, Nieuwe oplossing score van: -1473 > -1497, VW_15_M_Ger en VW_23_M_Lar zijn hiervoor gewisseld.
[2023-10-08 18:04:22,159] *kook_gang_optimizer* Bij iteratie: 0, Nieuwe oplossing score van: -1460 > -1473, VW_3 en VW_39 zijn hiervoor gewisseld.
[2023-10-08 18:04:22,255] *kook_gang_optimizer* Bij iteratie: 1, Nieuwe oplossing score van: -1451 > -1460, VW_3 en WO_49 zijn hiervoor gewisseld.
[2023-10-08 18:04:22,393] *eet_gang_optimizer* Bij iteratie: 2, Nieuwe oplossing score van: -1439 > -1451, NEW_3_V_Mel en VW_46_V_Jor zijn hiervoor gewisseld.
[2023-10-08 18:04:22,684] *eet_gang_optimizer* Bij iteratie: 5, Nieuwe oplossing score van: -1433 > -1439, VW_46_V_Jor en WO_32a_M_Too zijn hiervoor gewisseld.
[2023-10-08 18:04:22,782] *kook_gang_optimizer* Bij iteratie: 1, Nieuwe oplossing score van: -1425 > -1433, WO_36 en WO_85 zijn hiervoor gewisseld.
[2023-10-08 18:04:22,838] *kook_gang_optimizer* Bij iteratie: 0, Nieuwe oplossing score van: -1412 > -1425, VW_25 en WO_69 zijn hiervoor gewisseld.
[2023-10-08 18:04:22,897] *eet_gang_optimizer* Bij iteratie: 0, Nieuwe oplossing score van: -1388 > -1412, NEW_3_V_Mel en VW_70_M_Bas zijn hiervoor gewisseld.
[2023-10-08 18:04:23,233] *kook_gang_optimizer* Bij iteratie: 7, Nieuwe oplossing score van: -1373 > -1388, VW_70 en WO_1 zijn hiervoor gewisseld.
[2023-10-08 18:04:23,460] *kook_gang_optimizer* Bij iteratie: 4, Nieuwe oplossing score van: -1356 > -1373, WO_1 en WO_53 zijn hiervoor gewisseld.
[2023-10-08 18:04:23,600] *kook_gang_optimizer* Bij iteratie: 2, Nieuwe oplossing score van: -1355 > -1356, VW_31 en VW_43 zijn hiervoor gewisseld.
[2023-10-08 18:04:24,139] *eet_gang_optimizer* Bij iteratie: 11, Nieuwe oplossing score van: -1343 > -1355, VW_18_M_Mic en VW_25_M_Joo zijn hiervoor gewisseld.
[2023-10-08 18:04:24,200] *eet_gang_optimizer* Bij iteratie: 0, Nieuwe oplossing score van: -1337 > -1343, VW_12_M_Pet en WO_77_V_Maa zijn hiervoor gewisseld.
[2023-10-08 18:04:24,375] *kook_gang_optimizer* Bij iteratie: 3, Nieuwe oplossing score van: -1333 > -1337, WO_32 en WO_40 zijn hiervoor gewisseld.
[2023-10-08 18:04:24,703] *kook_gang_optimizer* Bij iteratie: 7, Nieuwe oplossing score van: -1320 > -1333, VW_62 en WO_1 zijn hiervoor gewisseld.
[2023-10-08 18:04:24,760] *kook_gang_optimizer* Bij iteratie: 0, Nieuwe oplossing score van: -1318 > -1320, VW_51 en VW_8 zijn hiervoor gewisseld.
[2023-10-08 18:04:24,817] *kook_gang_optimizer* Bij iteratie: 0, Nieuwe oplossing score van: -1297 > -1318, VW_25 en WO_45 zijn hiervoor gewisseld.
[2023-10-08 18:04:24,993] *eet_gang_optimizer* Bij iteratie: 3, Nieuwe oplossing score van: -1268 > -1297, VW_35_M_Roe en VW_68_M_Chr zijn hiervoor gewisseld.
[2023-10-08 18:04:25,050] *kook_gang_optimizer* Bij iteratie: 0, Nieuwe oplossing score van: -1232 > -1268, VW_27 en WO_20 zijn hiervoor gewisseld.
[2023-10-08 18:04:25,303] *eet_gang_optimizer* Bij iteratie: 5, Nieuwe oplossing score van: -1227 > -1232, WO_1_M_And en WO_53_M_Ola zijn hiervoor gewisseld.
[2023-10-08 18:04:25,401] *eet_gang_optimizer* Bij iteratie: 1, Nieuwe oplossing score van: -1209 > -1227, VW_9_M_Rob en WO_20_V_Ast zijn hiervoor gewisseld.
[2023-10-08 18:04:25,695] *kook_gang_optimizer* Bij iteratie: 6, Nieuwe oplossing score van: -1207 > -1209, WO_24 en WO_32 zijn hiervoor gewisseld.
[2023-10-08 18:04:25,929] *kook_gang_optimizer* Bij iteratie: 4, Nieuwe oplossing score van: -1199 > -1207, VW_62 en WO_33 zijn hiervoor gewisseld.
[2023-10-08 18:04:26,371] *kook_gang_optimizer* Bij iteratie: 10, Nieuwe oplossing score van: -1181 > -1199, WO_23 en WO_71 zijn hiervoor gewisseld.
[2023-10-08 18:04:26,700] *kook_gang_optimizer* Bij iteratie: 7, Nieuwe oplossing score van: -1140 > -1181, VW_51 en WO_50 zijn hiervoor gewisseld.
[2023-10-08 18:04:26,759] *eet_gang_optimizer* Bij iteratie: 0, Nieuwe oplossing score van: -1109 > -1140, VW_15_V_Aim en WO_77_V_Maa zijn hiervoor gewisseld.
[2023-10-08 18:04:26,895] *kook_gang_optimizer* Bij iteratie: 2, Nieuwe oplossing score van: -1084 > -1109, VW_51 en WO_87 zijn hiervoor gewisseld.
[2023-10-08 18:04:26,954] *eet_gang_optimizer* Bij iteratie: 0, Nieuwe oplossing score van: -1052 > -1084, VW_12_M_Pet en WO_67_V_Jea zijn hiervoor gewisseld.
[2023-10-08 18:04:27,285] *kook_gang_optimizer* Bij iteratie: 7, Nieuwe oplossing score van: -1050 > -1052, VW_62 en WO_61 zijn hiervoor gewisseld.
[2023-10-08 18:04:28,919] *eet_gang_optimizer* Bij iteratie: 40, Nieuwe oplossing score van: -1049 > -1050, VW_13_V_Con en WO_21_M_Han zijn hiervoor gewisseld.
[2023-10-08 18:04:29,172] *eet_gang_optimizer* Bij iteratie: 5, Nieuwe oplossing score van: -1035 > -1049, WO_24_M_Ray en WO_77_M_Twa zijn hiervoor gewisseld.
[2023-10-08 18:04:29,307] *eet_gang_optimizer* Bij iteratie: 2, Nieuwe oplossing score van: -1023 > -1035, NEW_1_M_Erw en WO_21_M_Han zijn hiervoor gewisseld.
[2023-10-08 18:04:29,517] *kook_gang_optimizer* Bij iteratie: 4, Nieuwe oplossing score van: -1015 > -1023, WO_1 en WO_49 zijn hiervoor gewisseld.
[2023-10-08 18:04:30,223] *eet_gang_optimizer* Bij iteratie: 16, Nieuwe oplossing score van: -1009 > -1015, WO_51_M_Jan en WO_87_V_Mad zijn hiervoor gewisseld.
[2023-10-08 18:04:30,402] *eet_gang_optimizer* Bij iteratie: 3, Nieuwe oplossing score van: -1003 > -1009, VW_51_V_Eli en WO_53_V_Pat zijn hiervoor gewisseld.
[2023-10-08 18:04:30,460] *kook_gang_optimizer* Bij iteratie: 0, Nieuwe oplossing score van: -989 > -1003, VW_18 en VW_57 zijn hiervoor gewisseld.
[2023-10-08 18:04:30,912] *kook_gang_optimizer* Bij iteratie: 10, Nieuwe oplossing score van: -953 > -989, WO_7 en WO_71 zijn hiervoor gewisseld.
[2023-10-08 18:04:31,244] *kook_gang_optimizer* Bij iteratie: 7, Nieuwe oplossing score van: -950 > -953, WO_26 en WO_7 zijn hiervoor gewisseld.
[2023-10-08 18:04:31,518] *kook_gang_optimizer* Bij iteratie: 5, Nieuwe oplossing score van: -937 > -950, VW_13 en VW_57 zijn hiervoor gewisseld.
[2023-10-08 18:04:32,344] *kook_gang_optimizer* Bij iteratie: 19, Nieuwe oplossing score van: -936 > -937, VW_62 en WO_23 zijn hiervoor gewisseld.
[2023-10-08 18:04:32,683] *eet_gang_optimizer* Bij iteratie: 7, Nieuwe oplossing score van: -930 > -936, NEW_3_V_Mel en WO_1_V_Bir zijn hiervoor gewisseld.
[2023-10-08 18:04:32,857] *kook_gang_optimizer* Bij iteratie: 3, Nieuwe oplossing score van: -922 > -930, VW_12 en WO_36 zijn hiervoor gewisseld.
[2023-10-08 18:04:33,112] *kook_gang_optimizer* Bij iteratie: 5, Nieuwe oplossing score van: -915 > -922, WO_40 en WO_50 zijn hiervoor gewisseld.
[2023-10-08 18:04:33,509] *eet_gang_optimizer* Bij iteratie: 8, Nieuwe oplossing score van: -889 > -915, VW_32_V_Wen en WO_51_V_Dia zijn hiervoor gewisseld.
[2023-10-08 18:04:34,035] *eet_gang_optimizer* Bij iteratie: 12, Nieuwe oplossing score van: -875 > -889, WO_16_M_Fre en WO_75_V_Deb zijn hiervoor gewisseld.
[2023-10-08 18:04:34,484] *kook_gang_optimizer* Bij iteratie: 10, Nieuwe oplossing score van: -856 > -875, WO_41 en WO_55 zijn hiervoor gewisseld.
[2023-10-08 18:04:35,222] *eet_gang_optimizer* Bij iteratie: 17, Nieuwe oplossing score van: -836 > -856, WO_38_M_Jaa en WO_40_V_Mar zijn hiervoor gewisseld.
[2023-10-08 18:04:36,324] *eet_gang_optimizer* Bij iteratie: 27, Nieuwe oplossing score van: -832 > -836, VW_70_M_Bas en WO_75_M_Jur zijn hiervoor gewisseld.
[2023-10-08 18:04:36,951] *eet_gang_optimizer* Bij iteratie: 14, Nieuwe oplossing score van: -795 > -832, VW_32_M_Mic en VW_62_M_Rob zijn hiervoor gewisseld.
[2023-10-08 18:04:37,282] *kook_gang_optimizer* Bij iteratie: 7, Nieuwe oplossing score van: -786 > -795, VW_39 en WO_40 zijn hiervoor gewisseld.
[2023-10-08 18:04:37,417] *kook_gang_optimizer* Bij iteratie: 2, Nieuwe oplossing score van: -782 > -786, WO_32 en WO_41 zijn hiervoor gewisseld.
[2023-10-08 18:04:37,590] *kook_gang_optimizer* Bij iteratie: 3, Nieuwe oplossing score van: -768 > -782, WO_49 en WO_81 zijn hiervoor gewisseld.
[2023-10-08 18:04:37,979] *kook_gang_optimizer* Bij iteratie: 8, Nieuwe oplossing score van: -747 > -768, VW_57 en WO_51 zijn hiervoor gewisseld.
[2023-10-08 18:04:38,385] *eet_gang_optimizer* Bij iteratie: 9, Nieuwe oplossing score van: -736 > -747, VW_5_V_Jud en WO_38_V_Eek zijn hiervoor gewisseld.
[2023-10-08 18:04:39,004] *kook_gang_optimizer* Bij iteratie: 14, Nieuwe oplossing score van: -730 > -736, VW_20 en WO_71 zijn hiervoor gewisseld.
[2023-10-08 18:04:39,140] *eet_gang_optimizer* Bij iteratie: 2, Nieuwe oplossing score van: -718 > -730, WO_27_V_Mar en WO_67_V_Jea zijn hiervoor gewisseld.
[2023-10-08 18:04:39,700] *eet_gang_optimizer* Bij iteratie: 13, Nieuwe oplossing score van: -712 > -718, WO_61_M_Ren en WO_75_M_Jur zijn hiervoor gewisseld.
[2023-10-08 18:04:40,220] *eet_gang_optimizer* Bij iteratie: 12, Nieuwe oplossing score van: -699 > -712, VW_21_M_Koo en VW_51_V_Eli zijn hiervoor gewisseld.
[2023-10-08 18:04:40,879] *eet_gang_optimizer* Bij iteratie: 15, Nieuwe oplossing score van: -675 > -699, VW_27_M_Luc en WO_9_V_Ell zijn hiervoor gewisseld.
[2023-10-08 18:04:40,975] *kook_gang_optimizer* Bij iteratie: 1, Nieuwe oplossing score van: -655 > -675, VW_39 en WO_32 zijn hiervoor gewisseld.
[2023-10-08 18:04:41,307] *eet_gang_optimizer* Bij iteratie: 7, Nieuwe oplossing score van: -650 > -655, VW_12_V_Sja en WO_16_V_Lie zijn hiervoor gewisseld.
[2023-10-08 18:04:42,503] *kook_gang_optimizer* Bij iteratie: 30, Nieuwe oplossing score van: -632 > -650, VW_5 en VW_70 zijn hiervoor gewisseld.
[2023-10-08 18:04:42,702] *eet_gang_optimizer* Bij iteratie: 4, Nieuwe oplossing score van: -631 > -632, VW_21_V_Ale en WO_61_V_Ger zijn hiervoor gewisseld.
[2023-10-08 18:04:42,758] *eet_gang_optimizer* Bij iteratie: 0, Nieuwe oplossing score van: -625 > -631, VW_72_M_Pie en WO_32a_V_Gem zijn hiervoor gewisseld.
[2023-10-08 18:04:43,176] *kook_gang_optimizer* Bij iteratie: 10, Nieuwe oplossing score van: -615 > -625, WO_13 en WO_26 zijn hiervoor gewisseld.
[2023-10-08 18:04:43,411] *kook_gang_optimizer* Bij iteratie: 5, Nieuwe oplossing score van: -598 > -615, VW_39 en WO_79 zijn hiervoor gewisseld.
[2023-10-08 18:04:45,012] *eet_gang_optimizer* Bij iteratie: 42, Nieuwe oplossing score van: -588 > -598, VW_32_M_Mic en WO_49_V_Van zijn hiervoor gewisseld.
[2023-10-08 18:04:45,888] *kook_gang_optimizer* Bij iteratie: 22, Nieuwe oplossing score van: -580 > -588, VW_21 en WO_53 zijn hiervoor gewisseld.
[2023-10-08 18:04:47,740] *eet_gang_optimizer* Bij iteratie: 49, Nieuwe oplossing score van: -575 > -580, VW_5_M_Car en WO_13_V_Sim zijn hiervoor gewisseld.
[2023-10-08 18:04:48,121] *kook_gang_optimizer* Bij iteratie: 9, Nieuwe oplossing score van: -568 > -575, VW_31 en VW_32 zijn hiervoor gewisseld.
[2023-10-08 18:04:49,841] *eet_gang_optimizer* Bij iteratie: 45, Nieuwe oplossing score van: -555 > -568, WO_23_M_Bar en WO_26_V_Ver zijn hiervoor gewisseld.
[2023-10-08 18:04:50,833] *kook_gang_optimizer* Bij iteratie: 25, Nieuwe oplossing score van: -549 > -555, VW_72 en WO_87 zijn hiervoor gewisseld.
[2023-10-08 18:04:51,560] *eet_gang_optimizer* Bij iteratie: 18, Nieuwe oplossing score van: -543 > -549, VW_25_V_Ano en WO_32_V_Ing zijn hiervoor gewisseld.
[2023-10-08 18:04:52,058] *kook_gang_optimizer* Bij iteratie: 12, Nieuwe oplossing score van: -541 > -543, VW_51 en WO_21 zijn hiervoor gewisseld.
[2023-10-08 18:04:52,221] *kook_gang_optimizer* Bij iteratie: 3, Nieuwe oplossing score van: -537 > -541, VW_3 en WO_20 zijn hiervoor gewisseld.
[2023-10-08 18:04:52,316] *eet_gang_optimizer* Bij iteratie: 1, Nieuwe oplossing score van: -526 > -537, VW_5_V_Jud en VW_57_M_Lou zijn hiervoor gewisseld.
[2023-10-08 18:04:52,464] *kook_gang_optimizer* Bij iteratie: 2, Nieuwe oplossing score van: -521 > -526, VW_13 en VW_25 zijn hiervoor gewisseld.
[2023-10-08 18:04:52,524] *eet_gang_optimizer* Bij iteratie: 0, Nieuwe oplossing score van: -507 > -521, VW_5_V_Jud en WO_51_V_Dia zijn hiervoor gewisseld.
[2023-10-08 18:04:52,801] *eet_gang_optimizer* Bij iteratie: 6, Nieuwe oplossing score van: -501 > -507, VW_33_V_Tru en WO_50_V_Nic zijn hiervoor gewisseld.
[2023-10-08 18:04:53,163] *kook_gang_optimizer* Bij iteratie: 8, Nieuwe oplossing score van: -500 > -501, VW_23 en VW_25 zijn hiervoor gewisseld.
[2023-10-08 18:04:55,038] *kook_gang_optimizer* Bij iteratie: 48, Nieuwe oplossing score van: -495 > -500, VW_13 en VW_70 zijn hiervoor gewisseld.
[2023-10-08 18:04:55,386] *eet_gang_optimizer* Bij iteratie: 8, Nieuwe oplossing score van: -490 > -495, VW_46_V_Bre en WO_36_V_Ren zijn hiervoor gewisseld.
[2023-10-08 18:04:55,932] *kook_gang_optimizer* Bij iteratie: 13, Nieuwe oplossing score van: -478 > -490, VW_25 en WO_75 zijn hiervoor gewisseld.
[2023-10-08 18:04:57,793] *kook_gang_optimizer* Bij iteratie: 49, Nieuwe oplossing score van: -469 > -478, WO_24 en WO_53 zijn hiervoor gewisseld.
[2023-10-08 18:04:58,101] *kook_gang_optimizer* Bij iteratie: 7, Nieuwe oplossing score van: -459 > -469, VW_21 en VW_32 zijn hiervoor gewisseld.
[2023-10-08 18:04:59,375] *kook_gang_optimizer* Bij iteratie: 33, Nieuwe oplossing score van: -435 > -459, WO_33 en WO_71 zijn hiervoor gewisseld.
[2023-10-08 18:04:59,501] *eet_gang_optimizer* Bij iteratie: 2, Nieuwe oplossing score van: -434 > -435, VW_68_V_Mar en WO_81_V_Jan zijn hiervoor gewisseld.
[2023-10-08 18:04:59,776] *eet_gang_optimizer* Bij iteratie: 6, Nieuwe oplossing score van: -432 > -434, WO_21_V_Pau en WO_79_V_Wie zijn hiervoor gewisseld.
[2023-10-08 18:04:59,831] *eet_gang_optimizer* Bij iteratie: 0, Nieuwe oplossing score van: -431 > -432, VW_31_V_Jan en VW_70_V_Cha zijn hiervoor gewisseld.
[2023-10-08 18:05:01,181] *kook_gang_optimizer* Bij iteratie: 35, Nieuwe oplossing score van: -423 > -431, WO_13 en WO_51 zijn hiervoor gewisseld.
[2023-10-08 18:05:02,076] *eet_gang_optimizer* Bij iteratie: 23, Nieuwe oplossing score van: -421 > -423, VW_39_V_Ann en WO_41_V_Ann zijn hiervoor gewisseld.
[2023-10-08 18:05:02,985] *eet_gang_optimizer* Bij iteratie: 23, Nieuwe oplossing score van: -420 > -421, VW_23_V_Ils en WO_75_V_Deb zijn hiervoor gewisseld.
[2023-10-08 18:05:03,765] *kook_gang_optimizer* Bij iteratie: 20, Nieuwe oplossing score van: -414 > -420, WO_23 en WO_52 zijn hiervoor gewisseld.
[2023-10-08 18:05:03,857] *kook_gang_optimizer* Bij iteratie: 1, Nieuwe oplossing score van: -408 > -414, WO_13 en WO_21 zijn hiervoor gewisseld.
[2023-10-08 18:05:04,336] *eet_gang_optimizer* Bij iteratie: 11, Nieuwe oplossing score van: -407 > -408, VW_8_V_Let en WO_61_V_Ger zijn hiervoor gewisseld.
[2023-10-08 18:05:04,643] *eet_gang_optimizer* Bij iteratie: 7, Nieuwe oplossing score van: -400 > -407, VW_51_M_Coe en VW_68_V_Mar zijn hiervoor gewisseld.
[2023-10-08 18:05:05,058] *kook_gang_optimizer* Bij iteratie: 10, Nieuwe oplossing score van: -394 > -400, WO_49 en WO_87 zijn hiervoor gewisseld.
[2023-10-08 18:05:05,623] *eet_gang_optimizer* Bij iteratie: 14, Nieuwe oplossing score van: -376 > -394, VW_12_M_Pet en WO_36_V_Ren zijn hiervoor gewisseld.
[2023-10-08 18:05:08,818] *kook_gang_optimizer* Bij iteratie: 85, Nieuwe oplossing score van: -371 > -376, WO_38 en WO_52 zijn hiervoor gewisseld.
[2023-10-08 18:05:09,365] *kook_gang_optimizer* Bij iteratie: 13, Nieuwe oplossing score van: -365 > -371, WO_38 en WO_77 zijn hiervoor gewisseld.
[2023-10-08 18:05:10,004] *eet_gang_optimizer* Bij iteratie: 16, Nieuwe oplossing score van: -359 > -365, VW_46_V_Jor en WO_21_M_Han zijn hiervoor gewisseld.
[2023-10-08 18:05:10,097] *eet_gang_optimizer* Bij iteratie: 1, Nieuwe oplossing score van: -358 > -359, WO_13_M_Lau en WO_85_M_Wil zijn hiervoor gewisseld.
[2023-10-08 18:05:11,125] *eet_gang_optimizer* Bij iteratie: 26, Nieuwe oplossing score van: -357 > -358, VW_39_M_Bar en VW_39_V_Ann zijn hiervoor gewisseld.
[2023-10-08 18:05:13,982] *kook_gang_optimizer* Bij iteratie: 76, Nieuwe oplossing score van: -356 > -357, VW_23 en WO_77 zijn hiervoor gewisseld.
[2023-10-08 18:05:17,039] *eet_gang_optimizer* Bij iteratie: 82, Nieuwe oplossing score van: -350 > -356, WO_26_M_Rod en WO_49_V_Van zijn hiervoor gewisseld.
[2023-10-08 18:05:18,271] *eet_gang_optimizer* Bij iteratie: 32, Nieuwe oplossing score van: -349 > -350, VW_32_V_Wen en WO_52_M_Ton zijn hiervoor gewisseld.
[2023-10-08 18:05:18,871] *kook_gang_optimizer* Bij iteratie: 15, Nieuwe oplossing score van: -344 > -349, WO_16 en WO_26 zijn hiervoor gewisseld.
[2023-10-08 18:05:24,841] *kook_gang_optimizer* Bij iteratie: 161, Nieuwe oplossing score van: -340 > -344, VW_25 en VW_70 zijn hiervoor gewisseld.
[2023-10-08 18:05:25,151] *eet_gang_optimizer* Bij iteratie: 7, Nieuwe oplossing score van: -334 > -340, VW_12_V_Sja en WO_33_V_Lou zijn hiervoor gewisseld.
[2023-10-08 18:05:25,603] *eet_gang_optimizer* Bij iteratie: 11, Nieuwe oplossing score van: -328 > -334, VW_57_M_Lou en WO_33_M_Ari zijn hiervoor gewisseld.
[2023-10-08 18:05:27,668] *eet_gang_optimizer* Bij iteratie: 54, Nieuwe oplossing score van: -322 > -328, VW_35_V_Ros en WO_52_V_Eli zijn hiervoor gewisseld.
[2023-10-08 18:05:28,383] *eet_gang_optimizer* Bij iteratie: 18, Nieuwe oplossing score van: -316 > -322, WO_52_M_Ton en WO_52_V_Eli zijn hiervoor gewisseld.
[2023-10-08 18:05:32,021] *kook_gang_optimizer* Bij iteratie: 97, Nieuwe oplossing score van: -315 > -316, VW_25 en VW_43 zijn hiervoor gewisseld.
[2023-10-08 18:05:32,260] *eet_gang_optimizer* Bij iteratie: 5, Nieuwe oplossing score van: -304 > -315, WO_33_M_Ari en WO_77_V_Maa zijn hiervoor gewisseld.
[2023-10-08 18:05:34,318] *eet_gang_optimizer* Bij iteratie: 54, Nieuwe oplossing score van: -296 > -304, VW_23_M_Lar en WO_16_M_Fre zijn hiervoor gewisseld.
[2023-10-08 18:05:39,674] *kook_gang_optimizer* Bij iteratie: 144, Nieuwe oplossing score van: -286 > -296, VW_46 en WO_36 zijn hiervoor gewisseld.
[2023-10-08 18:05:39,837] *kook_gang_optimizer* Bij iteratie: 3, Nieuwe oplossing score van: -284 > -286, VW_72 en WO_75 zijn hiervoor gewisseld.
[2023-10-08 18:05:39,927] *kook_gang_optimizer* Bij iteratie: 1, Nieuwe oplossing score van: -283 > -284, VW_43 en WO_26 zijn hiervoor gewisseld.
[2023-10-08 18:05:41,315] *eet_gang_optimizer* Bij iteratie: 36, Nieuwe oplossing score van: -282 > -283, VW_15_M_Ger en WO_81_M_Jan zijn hiervoor gewisseld.
[2023-10-08 18:05:41,444] *eet_gang_optimizer* Bij iteratie: 2, Nieuwe oplossing score van: -276 > -282, VW_51_M_Coe en WO_9_V_Ell zijn hiervoor gewisseld.
[2023-10-08 18:05:41,642] *kook_gang_optimizer* Bij iteratie: 4, Nieuwe oplossing score van: -272 > -276, VW_51 en WO_36 zijn hiervoor gewisseld.
[2023-10-08 18:05:44,207] *kook_gang_optimizer* Bij iteratie: 68, Nieuwe oplossing score van: -271 > -272, VW_15 en VW_70 zijn hiervoor gewisseld.
[2023-10-08 18:05:44,664] *eet_gang_optimizer* Bij iteratie: 11, Nieuwe oplossing score van: -270 > -271, VW_57_M_Lou en WO_61_V_Ger zijn hiervoor gewisseld.
[2023-10-08 18:05:45,407] *eet_gang_optimizer* Bij iteratie: 19, Nieuwe oplossing score van: -269 > -270, WO_13_V_Sim en WO_57_V_May zijn hiervoor gewisseld.
[2023-10-08 18:05:50,179] *kook_gang_optimizer* Bij iteratie: 126, Nieuwe oplossing score van: -265 > -269, VW_27 en WO_87 zijn hiervoor gewisseld.
[2023-10-08 18:05:51,540] *eet_gang_optimizer* Bij iteratie: 35, Nieuwe oplossing score van: -259 > -265, VW_31_M_Pau en VW_62_M_Rob zijn hiervoor gewisseld.
[2023-10-08 18:05:52,179] *eet_gang_optimizer* Bij iteratie: 16, Nieuwe oplossing score van: -235 > -259, WO_75_M_Jur en WO_79_V_Wie zijn hiervoor gewisseld.
[2023-10-08 18:05:52,511] *kook_gang_optimizer* Bij iteratie: 7, Nieuwe oplossing score van: -234 > -235, VW_46 en WO_24 zijn hiervoor gewisseld.
[2023-10-08 18:05:53,399] *eet_gang_optimizer* Bij iteratie: 23, Nieuwe oplossing score van: -232 > -234, VW_31_V_Jan en VW_9_M_Rob zijn hiervoor gewisseld.
[2023-10-08 18:05:54,633] *kook_gang_optimizer* Bij iteratie: 32, Nieuwe oplossing score van: -224 > -232, WO_51 en WO_7 zijn hiervoor gewisseld.
[2023-10-08 18:05:55,235] *eet_gang_optimizer* Bij iteratie: 15, Nieuwe oplossing score van: -223 > -224, VW_5_V_Jud en WO_9_V_Ell zijn hiervoor gewisseld.
[2023-10-08 18:06:01,137] *kook_gang_optimizer* Bij iteratie: 158, Nieuwe oplossing score van: -218 > -223, VW_21 en WO_40 zijn hiervoor gewisseld.
[2023-10-08 18:06:01,628] *eet_gang_optimizer* Bij iteratie: 12, Nieuwe oplossing score van: -216 > -218, VW_62_M_Rob en WO_32_V_Ing zijn hiervoor gewisseld.
[2023-10-08 18:06:02,260] *kook_gang_optimizer* Bij iteratie: 16, Nieuwe oplossing score van: -215 > -216, WO_23 en WO_26 zijn hiervoor gewisseld.
[2023-10-08 18:06:02,697] *kook_gang_optimizer* Bij iteratie: 10, Nieuwe oplossing score van: -209 > -215, WO_45 en WO_51 zijn hiervoor gewisseld.
[2023-10-08 18:06:03,257] *eet_gang_optimizer* Bij iteratie: 14, Nieuwe oplossing score van: -208 > -209, VW_18_V_Yol en VW_62_V_Ale zijn hiervoor gewisseld.
[2023-10-08 18:06:03,322] *eet_gang_optimizer* Bij iteratie: 0, Nieuwe oplossing score van: -198 > -208, WO_1_M_And en WO_77_V_Maa zijn hiervoor gewisseld.
[2023-10-08 18:06:04,107] *eet_gang_optimizer* Bij iteratie: 20, Nieuwe oplossing score van: -192 > -198, WO_27_V_Mar en WO_45_M_Die zijn hiervoor gewisseld.
[2023-10-08 18:06:04,582] *eet_gang_optimizer* Bij iteratie: 11, Nieuwe oplossing score van: -181 > -192, VW_20_M_Wil en VW_25_M_Joo zijn hiervoor gewisseld.
[2023-10-08 18:06:05,328] *eet_gang_optimizer* Bij iteratie: 19, Nieuwe oplossing score van: -176 > -181, WO_67_V_Jea en WO_79_M_Rob zijn hiervoor gewisseld.
[2023-10-08 18:06:13,628] *kook_gang_optimizer* Bij iteratie: 222, Nieuwe oplossing score van: -164 > -176, WO_20 en WO_50 zijn hiervoor gewisseld.
[2023-10-08 18:06:20,811] *kook_gang_optimizer* Bij iteratie: 193, Nieuwe oplossing score van: -162 > -164, VW_33 en WO_26 zijn hiervoor gewisseld.
[2023-10-08 18:06:21,628] *eet_gang_optimizer* Bij iteratie: 21, Nieuwe oplossing score van: -157 > -162, WO_45_M_Die en WO_81_M_Jan zijn hiervoor gewisseld.
[2023-10-08 18:06:21,757] *eet_gang_optimizer* Bij iteratie: 2, Nieuwe oplossing score van: -151 > -157, VW_23_V_Ils en VW_35_M_Roe zijn hiervoor gewisseld.
[2023-10-08 18:06:41,287] *kook_gang_optimizer* Bij iteratie: 529, Nieuwe oplossing score van: -145 > -151, VW_72 en WO_49 zijn hiervoor gewisseld.
[2023-10-08 18:06:42,235] *kook_gang_optimizer* Bij iteratie: 24, Nieuwe oplossing score van: -138 > -145, WO_24 en WO_32 zijn hiervoor gewisseld.
[2023-10-08 18:06:44,413] *eet_gang_optimizer* Bij iteratie: 58, Nieuwe oplossing score van: -125 > -138, VW_25_M_Joo en WO_1_V_Bir zijn hiervoor gewisseld.
[2023-10-08 18:06:45,481] *eet_gang_optimizer* Bij iteratie: 27, Nieuwe oplossing score van: -120 > -125, VW_13_M_Mar en VW_62_V_Ale zijn hiervoor gewisseld.
[2023-10-08 18:07:08,534] *kook_gang_optimizer* Bij iteratie: 622, Nieuwe oplossing score van: -119 > -120, VW_25 en WO_13 zijn hiervoor gewisseld.
[2023-10-08 18:07:09,854] *eet_gang_optimizer* Bij iteratie: 35, Nieuwe oplossing score van: -118 > -119, VW_51_M_Coe en WO_67_M_Rob zijn hiervoor gewisseld.
[2023-10-08 18:07:12,494] *kook_gang_optimizer* Bij iteratie: 70, Nieuwe oplossing score van: -116 > -118, WO_13 en WO_20 zijn hiervoor gewisseld.
[2023-10-08 18:07:19,428] *eet_gang_optimizer* Bij iteratie: 187, Nieuwe oplossing score van: -104 > -116, WO_32a_V_Gem en WO_33_V_Lou zijn hiervoor gewisseld.
[2023-10-08 18:07:20,581] *kook_gang_optimizer* Bij iteratie: 30, Nieuwe oplossing score van: -98 > -104, VW_43 en WO_71 zijn hiervoor gewisseld.
[2023-10-08 18:07:20,888] *eet_gang_optimizer* Bij iteratie: 7, Nieuwe oplossing score van: -95 > -98, WO_40_V_Mar en WO_51_M_Jan zijn hiervoor gewisseld.
[2023-10-08 18:07:22,373] *eet_gang_optimizer* Bij iteratie: 39, Nieuwe oplossing score van: -93 > -95, VW_68_M_Chr en WO_16_M_Fre zijn hiervoor gewisseld.
[2023-10-08 18:08:09,395] *kook_gang_optimizer* Bij iteratie: 1280, Nieuwe oplossing score van: -88 > -93, VW_39 en VW_8 zijn hiervoor gewisseld.
[2023-10-08 18:08:15,755] *eet_gang_optimizer* Bij iteratie: 172, Nieuwe oplossing score van: -80 > -88, VW_18_V_Yol en WO_49_M_Joo zijn hiervoor gewisseld.
[2023-10-08 18:08:16,920] *eet_gang_optimizer* Bij iteratie: 30, Nieuwe oplossing score van: -74 > -80, VW_43_M_Mar en WO_16_M_Fre zijn hiervoor gewisseld.
[2023-10-08 18:09:24,945] *kook_gang_optimizer* Timeout: 600s trying eet_gang_optimizer
[2023-10-08 18:09:25,354] *eet_gang_optimizer* Bij iteratie: 9, Nieuwe oplossing score van: -73 > -74, NEW_1_M_Erw en VW_25_M_Joo zijn hiervoor gewisseld.
[2023-10-08 18:09:28,066] *eet_gang_optimizer* Bij iteratie: 62, Nieuwe oplossing score van: -72 > -73, VW_51_V_Eli en WO_81_M_Jan zijn hiervoor gewisseld.
[2023-10-08 18:09:29,208] *kook_gang_optimizer* Bij iteratie: 30, Nieuwe oplossing score van: -69 > -72, VW_57 en WO_23 zijn hiervoor gewisseld.
[2023-10-08 18:09:34,559] *eet_gang_optimizer* Bij iteratie: 142, Nieuwe oplossing score van: -68 > -69, VW_9_V_Rie en WO_40_V_Mar zijn hiervoor gewisseld.
[2023-10-08 18:10:18,612] *kook_gang_optimizer* Bij iteratie: 1193, Nieuwe oplossing score van: -67 > -68, VW_21 en VW_51 zijn hiervoor gewisseld.
[2023-10-08 18:10:26,283] *eet_gang_optimizer* Bij iteratie: 207, Nieuwe oplossing score van: -66 > -67, VW_57_V_Ann en WO_45_M_Die zijn hiervoor gewisseld.
[2023-10-08 18:10:38,489] *eet_gang_optimizer* Bij iteratie: 331, Nieuwe oplossing score van: -65 > -66, VW_3_V_Cla en WO_9_M_Phi zijn hiervoor gewisseld.
[2023-10-08 18:10:41,769] *eet_gang_optimizer* Bij iteratie: 87, Nieuwe oplossing score van: -64 > -65, WO_41_V_Ann en WO_50_V_Nic zijn hiervoor gewisseld.
[2023-10-08 18:10:45,017] *eet_gang_optimizer* Bij iteratie: 87, Nieuwe oplossing score van: -63 > -64, VW_23_V_Ils en WO_13_V_Sim zijn hiervoor gewisseld.
[2023-10-08 18:10:48,690] *eet_gang_optimizer* Bij iteratie: 99, Nieuwe oplossing score van: -57 > -63, VW_8_M_Fra en WO_81_M_Jan zijn hiervoor gewisseld.
[2023-10-08 18:11:51,447] *kook_gang_optimizer* Timeout: 600s trying eet_gang_optimizer
[2023-10-08 18:11:55,228] *eet_gang_optimizer* Bij iteratie: 102, Nieuwe oplossing score van: -53 > -57, VW_33_V_Tru en WO_71_M_Kar zijn hiervoor gewisseld.
[2023-10-08 18:12:19,207] *eet_gang_optimizer* Bij iteratie: 646, Nieuwe oplossing score van: -52 > -53, VW_27_M_Rob en WO_69_V_Ant zijn hiervoor gewisseld.
[2023-10-08 18:13:22,322] *kook_gang_optimizer* Timeout: 600s trying eet_gang_optimizer
[2023-10-08 18:13:26,899] *eet_gang_optimizer* Bij iteratie: 123, Nieuwe oplossing score van: -51 > -52, VW_51_V_Eli en VW_70_V_Cha zijn hiervoor gewisseld.
[2023-10-08 18:14:29,984] *kook_gang_optimizer* Timeout: 600s trying eet_gang_optimizer
[2023-10-08 18:14:31,457] *eet_gang_optimizer* Bij iteratie: 39, Nieuwe oplossing score van: -49 > -51, VW_35_M_Roe en WO_81_M_Jan zijn hiervoor gewisseld.
[2023-10-08 18:14:35,248] *eet_gang_optimizer* Bij iteratie: 101, Nieuwe oplossing score van: -48 > -49, WO_33_M_Ari en WO_51_M_Jan zijn hiervoor gewisseld.
[2023-10-08 18:14:48,175] *eet_gang_optimizer* Bij iteratie: 349, Nieuwe oplossing score van: -47 > -48, WO_1_M_And en WO_33_M_Ari zijn hiervoor gewisseld.
[2023-10-08 18:15:10,431] *eet_gang_optimizer* Bij iteratie: 603, Nieuwe oplossing score van: -43 > -47, VW_25_M_Joo en WO_81_M_Jan zijn hiervoor gewisseld.
[2023-10-08 18:16:13,601] *kook_gang_optimizer* Timeout: 600s trying eet_gang_optimizer
[2023-10-08 18:16:24,594] *eet_gang_optimizer* Bij iteratie: 297, Nieuwe oplossing score van: -42 > -43, VW_13_M_Mar en WO_52_M_Ton zijn hiervoor gewisseld.
[2023-10-08 18:16:31,745] *eet_gang_optimizer* Bij iteratie: 192, Nieuwe oplossing score van: -41 > -42, VW_46_V_Jor en VW_5_M_Car zijn hiervoor gewisseld.
[2023-10-08 18:17:35,323] *kook_gang_optimizer* Timeout: 600s trying eet_gang_optimizer
[2023-10-08 18:17:44,470] *eet_gang_optimizer* Bij iteratie: 248, Nieuwe oplossing score van: -40 > -41, WO_24_V_Jea en WO_67_V_Jea zijn hiervoor gewisseld.
[2023-10-08 18:18:02,408] *eet_gang_optimizer* Bij iteratie: 487, Nieuwe oplossing score van: -34 > -40, WO_20_M_Aad en WO_69_V_Ant zijn hiervoor gewisseld.
[2023-10-08 18:18:02,605] *kook_gang_optimizer* Bij iteratie: 4, Nieuwe oplossing score van: -32 > -34, VW_39 en VW_51 zijn hiervoor gewisseld.
[2023-10-08 18:18:06,736] *eet_gang_optimizer* Bij iteratie: 111, Nieuwe oplossing score van: -31 > -32, VW_43_V_Sjo en WO_13_M_Lau zijn hiervoor gewisseld.
[2023-10-08 18:19:10,040] *kook_gang_optimizer* Timeout: 600s trying eet_gang_optimizer
[2023-10-08 18:19:11,380] *eet_gang_optimizer* Bij iteratie: 35, Nieuwe oplossing score van: -25 > -31, VW_51_M_Coe en WO_85_V_Fem zijn hiervoor gewisseld.
[2023-10-08 18:19:14,652] *eet_gang_optimizer* Bij iteratie: 88, Nieuwe oplossing score van: -24 > -25, VW_25_M_Joo en VW_68_V_Mar zijn hiervoor gewisseld.
[2023-10-08 18:20:17,791] *kook_gang_optimizer* Timeout: 600s trying eet_gang_optimizer
[2023-10-08 18:20:27,510] *eet_gang_optimizer* Bij iteratie: 264, Nieuwe oplossing score van: -22 > -24, VW_39_M_Bar en WO_38_V_Eek zijn hiervoor gewisseld.
[2023-10-08 18:20:42,320] *kook_gang_optimizer* Bij iteratie: 401, Nieuwe oplossing score van: -16 > -22, WO_23 en WO_51 zijn hiervoor gewisseld.
[2023-10-08 18:21:45,254] *kook_gang_optimizer* Timeout: 600s trying eet_gang_optimizer
[2023-10-08 18:21:50,995] *eet_gang_optimizer* Bij iteratie: 156, Nieuwe oplossing score van: -11 > -16, WO_52_M_Ton en WO_9_M_Phi zijn hiervoor gewisseld.
[2023-10-08 18:22:53,838] *kook_gang_optimizer* Timeout: 600s trying eet_gang_optimizer
[2023-10-08 18:23:20,609] *eet_gang_optimizer* Bij iteratie: 729, Nieuwe oplossing score van: -9 > -11, VW_13_V_Con en WO_67_V_Jea zijn hiervoor gewisseld.
[2023-10-08 18:24:23,629] *kook_gang_optimizer* Timeout: 600s trying eet_gang_optimizer
[2023-10-08 18:24:30,792] *eet_gang_optimizer* Bij iteratie: 193, Nieuwe oplossing score van: -7 > -9, VW_25_M_Joo en WO_36_M_Hui zijn hiervoor gewisseld.
[2023-10-08 18:25:34,966] *kook_gang_optimizer* Timeout: 600s trying eet_gang_optimizer
[2023-10-08 18:25:53,240] *eet_gang_optimizer* Bij iteratie: 497, Nieuwe oplossing score van: -3 > -7, WO_33_M_Ari en WO_51_V_Dia zijn hiervoor gewisseld.
[2023-10-08 18:26:56,167] *kook_gang_optimizer* Timeout: 600s trying eet_gang_optimizer
[2023-10-08 18:27:06,174] *eet_gang_optimizer* Bij iteratie: 270, Nieuwe oplossing score van: 1 > -3, VW_15_M_Ger en VW_27_M_Rob zijn hiervoor gewisseld.
[2023-10-08 18:28:03,536] *eet_gang_optimizer* Bij iteratie: 1560, Nieuwe oplossing score van: 2 > 1, WO_32a_M_Too en WO_9_M_Phi zijn hiervoor gewisseld.
[2023-10-08 18:29:06,446] *kook_gang_optimizer* Timeout: 600s trying eet_gang_optimizer
[2023-10-08 18:31:50,221] *eet_gang_optimizer* Bij iteratie: 4445, Nieuwe oplossing score van: 5 > 2, WO_20_V_Ast en WO_24_M_Ray zijn hiervoor gewisseld.
[2023-10-08 18:32:53,206] *kook_gang_optimizer* Timeout: 600s trying eet_gang_optimizer
[2023-10-08 18:36:24,938] *eet_gang_optimizer* Bij iteratie: 5761, Nieuwe oplossing score van: 10 > 5, VW_68_V_Mar en WO_1_M_And zijn hiervoor gewisseld.
[2023-10-08 18:40:09,483] *eet_gang_optimizer* Bij iteratie: 6088, Nieuwe oplossing score van: 11 > 10, NEW_1_V_Eug en WO_26_V_Ver zijn hiervoor gewisseld.
[2023-10-08 18:40:24,284] *eet_gang_optimizer* Bij iteratie: 403, Nieuwe oplossing score van: 12 > 11, WO_40_V_Mar en WO_51_V_Dia zijn hiervoor gewisseld.
[2023-10-08 18:42:33,272] *eet_gang_optimizer* Bij iteratie: 3508, Nieuwe oplossing score van: 13 > 12, VW_68_V_Mar en WO_57_V_May zijn hiervoor gewisseld.
