[2023-10-08 17:36:37,979] *eet_gang_optimizer* Bij iteratie: 3, Nieuwe oplossing score van: -1720 > -1744, VW_18_M_Mic en VW_70_V_Cha zijn hiervoor gewisselt.
[2023-10-08 17:36:38,854] *eet_gang_optimizer* Bij iteratie: 7, Nieuwe oplossing score van: -1696 > -1720, VW_31_M_Pau en WO_16_M_Fre zijn hiervoor gewisselt.
[2023-10-08 17:36:39,814] *kook_gang_optimizer* Bij iteratie: 8, Nieuwe oplossing score van: -1676 > -1696, VW_62 en WO_33 zijn hiervoor gewisselt.
[2023-10-08 17:36:40,290] *eet_gang_optimizer* Bij iteratie: 3, Nieuwe oplossing score van: -1639 > -1676, WO_49_M_Joo en WO_71_V_Mar zijn hiervoor gewisselt.
[2023-10-08 17:36:40,430] *kook_gang_optimizer* Bij iteratie: 0, Nieuwe oplossing score van: -1615 > -1639, VW_33 en WO_33 zijn hiervoor gewisselt.
[2023-10-08 17:36:40,569] *kook_gang_optimizer* Bij iteratie: 0, Nieuwe oplossing score van: -1575 > -1615, WO_13 en WO_85 zijn hiervoor gewisselt.
[2023-10-08 17:36:41,316] *kook_gang_optimizer* Bij iteratie: 6, Nieuwe oplossing score van: -1538 > -1575, VW_9 en WO_52 zijn hiervoor gewisselt.
[2023-10-08 17:36:41,763] *eet_gang_optimizer* Bij iteratie: 3, Nieuwe oplossing score van: -1520 > -1538, VW_68_M_Chr en WO_75_M_Jur zijn hiervoor gewisselt.
[2023-10-08 17:36:44,701] *eet_gang_optimizer* Bij iteratie: 28, Nieuwe oplossing score van: -1501 > -1520, WO_49_M_Joo en WO_9_M_Phi zijn hiervoor gewisselt.
[2023-10-08 17:36:44,847] *kook_gang_optimizer* Bij iteratie: 0, Nieuwe oplossing score van: -1481 > -1501, WO_23 en WO_75 zijn hiervoor gewisselt.
[2023-10-08 17:36:45,325] *eet_gang_optimizer* Bij iteratie: 3, Nieuwe oplossing score van: -1468 > -1481, VW_5_V_Jud en WO_61_V_Ger zijn hiervoor gewisselt.
[2023-10-08 17:36:45,765] *kook_gang_optimizer* Bij iteratie: 3, Nieuwe oplossing score van: -1460 > -1468, VW_39 en WO_1 zijn hiervoor gewisselt.
[2023-10-08 17:36:46,213] *eet_gang_optimizer* Bij iteratie: 3, Nieuwe oplossing score van: -1448 > -1460, WO_71_V_Mar en WO_81_V_Jan zijn hiervoor gewisselt.
[2023-10-08 17:36:46,547] *kook_gang_optimizer* Bij iteratie: 2, Nieuwe oplossing score van: -1412 > -1448, VW_33 en VW_57 zijn hiervoor gewisselt.
[2023-10-08 17:36:47,005] *eet_gang_optimizer* Bij iteratie: 3, Nieuwe oplossing score van: -1394 > -1412, VW_18_V_Yol en VW_35_V_Ros zijn hiervoor gewisselt.
[2023-10-08 17:36:47,148] *kook_gang_optimizer* Bij iteratie: 0, Nieuwe oplossing score van: -1385 > -1394, VW_21 en VW_35 zijn hiervoor gewisselt.
[2023-10-08 17:36:47,587] *kook_gang_optimizer* Bij iteratie: 3, Nieuwe oplossing score van: -1372 > -1385, VW_3 en WO_36 zijn hiervoor gewisselt.
[2023-10-08 17:36:48,837] *eet_gang_optimizer* Bij iteratie: 11, Nieuwe oplossing score van: -1366 > -1372, WO_13_M_Lau en WO_24_M_Ray zijn hiervoor gewisselt.
[2023-10-08 17:36:49,176] *kook_gang_optimizer* Bij iteratie: 2, Nieuwe oplossing score van: -1355 > -1366, WO_33 en WO_87 zijn hiervoor gewisselt.
[2023-10-08 17:36:49,417] *kook_gang_optimizer* Bij iteratie: 1, Nieuwe oplossing score van: -1338 > -1355, VW_5 en WO_24 zijn hiervoor gewisselt.
[2023-10-08 17:36:49,554] *kook_gang_optimizer* Bij iteratie: 0, Nieuwe oplossing score van: -1314 > -1338, WO_36 en WO_50 zijn hiervoor gewisselt.
[2023-10-08 17:36:49,794] *kook_gang_optimizer* Bij iteratie: 1, Nieuwe oplossing score van: -1304 > -1314, VW_3 en VW_39 zijn hiervoor gewisselt.
[2023-10-08 17:36:50,457] *kook_gang_optimizer* Bij iteratie: 5, Nieuwe oplossing score van: -1292 > -1304, WO_16 en WO_52 zijn hiervoor gewisselt.
[2023-10-08 17:36:50,600] *kook_gang_optimizer* Bij iteratie: 0, Nieuwe oplossing score van: -1282 > -1292, VW_23 en WO_16 zijn hiervoor gewisselt.
[2023-10-08 17:36:50,740] *kook_gang_optimizer* Bij iteratie: 0, Nieuwe oplossing score van: -1269 > -1282, VW_25 en WO_61 zijn hiervoor gewisselt.
[2023-10-08 17:36:50,887] *eet_gang_optimizer* Bij iteratie: 0, Nieuwe oplossing score van: -1251 > -1269, VW_12_V_Sja en VW_5_M_Car zijn hiervoor gewisselt.
[2023-10-08 17:36:51,125] *kook_gang_optimizer* Bij iteratie: 1, Nieuwe oplossing score van: -1213 > -1251, WO_53 en WO_61 zijn hiervoor gewisselt.
[2023-10-08 17:36:51,572] *eet_gang_optimizer* Bij iteratie: 3, Nieuwe oplossing score van: -1182 > -1213, VW_15_M_Ger en WO_24_M_Ray zijn hiervoor gewisselt.
[2023-10-08 17:36:52,118] *eet_gang_optimizer* Bij iteratie: 4, Nieuwe oplossing score van: -1181 > -1182, WO_27_M_Dan en WO_69_V_Ant zijn hiervoor gewisselt.
[2023-10-08 17:36:52,457] *kook_gang_optimizer* Bij iteratie: 2, Nieuwe oplossing score van: -1152 > -1181, WO_32 en WO_50 zijn hiervoor gewisselt.
[2023-10-08 17:36:52,598] *kook_gang_optimizer* Bij iteratie: 0, Nieuwe oplossing score van: -1140 > -1152, VW_72 en WO_69 zijn hiervoor gewisselt.
[2023-10-08 17:36:53,046] *eet_gang_optimizer* Bij iteratie: 3, Nieuwe oplossing score van: -1124 > -1140, VW_13_V_Con en WO_61_M_Ren zijn hiervoor gewisselt.
[2023-10-08 17:36:53,692] *eet_gang_optimizer* Bij iteratie: 5, Nieuwe oplossing score van: -1088 > -1124, VW_23_M_Lar en VW_68_M_Chr zijn hiervoor gewisselt.
[2023-10-08 17:36:54,130] *kook_gang_optimizer* Bij iteratie: 3, Nieuwe oplossing score van: -1087 > -1088, VW_13 en VW_72 zijn hiervoor gewisselt.
[2023-10-08 17:36:55,181] *kook_gang_optimizer* Bij iteratie: 9, Nieuwe oplossing score van: -1082 > -1087, VW_13 en VW_70 zijn hiervoor gewisselt.
[2023-10-08 17:36:56,573] *kook_gang_optimizer* Bij iteratie: 12, Nieuwe oplossing score van: -1069 > -1082, WO_61 en WO_87 zijn hiervoor gewisselt.
[2023-10-08 17:36:56,725] *eet_gang_optimizer* Bij iteratie: 0, Nieuwe oplossing score van: -1064 > -1069, VW_12_M_Pet en WO_53_M_Ola zijn hiervoor gewisselt.
[2023-10-08 17:36:57,074] *kook_gang_optimizer* Bij iteratie: 2, Nieuwe oplossing score van: -1058 > -1064, VW_33 en WO_52 zijn hiervoor gewisselt.
[2023-10-08 17:36:58,681] *eet_gang_optimizer* Bij iteratie: 14, Nieuwe oplossing score van: -1047 > -1058, VW_5_V_Jud en VW_6_V_Len zijn hiervoor gewisselt.
[2023-10-08 17:36:59,043] *eet_gang_optimizer* Bij iteratie: 2, Nieuwe oplossing score van: -1042 > -1047, WO_38_V_Eek en WO_51_M_Jan zijn hiervoor gewisselt.
[2023-10-08 17:37:02,038] *eet_gang_optimizer* Bij iteratie: 28, Nieuwe oplossing score van: -1024 > -1042, VW_15_V_Aim en VW_62_M_Rob zijn hiervoor gewisselt.
[2023-10-08 17:37:02,394] *eet_gang_optimizer* Bij iteratie: 2, Nieuwe oplossing score van: -1012 > -1024, VW_21_V_Ale en VW_6_V_Len zijn hiervoor gewisselt.
[2023-10-08 17:37:02,949] *eet_gang_optimizer* Bij iteratie: 4, Nieuwe oplossing score van: -1006 > -1012, VW_43_M_Mar en WO_27_M_Dan zijn hiervoor gewisselt.
[2023-10-08 17:37:04,932] *kook_gang_optimizer* Bij iteratie: 18, Nieuwe oplossing score van: -992 > -1006, VW_25 en WO_21 zijn hiervoor gewisselt.
[2023-10-08 17:37:05,808] *kook_gang_optimizer* Bij iteratie: 7, Nieuwe oplossing score van: -981 > -992, WO_81 en WO_87 zijn hiervoor gewisselt.
[2023-10-08 17:37:05,960] *kook_gang_optimizer* Bij iteratie: 0, Nieuwe oplossing score van: -979 > -981, VW_23 en VW_70 zijn hiervoor gewisselt.
[2023-10-08 17:37:09,857] *kook_gang_optimizer* Bij iteratie: 37, Nieuwe oplossing score van: -969 > -979, VW_72 en WO_55 zijn hiervoor gewisselt.
[2023-10-08 17:37:10,303] *eet_gang_optimizer* Bij iteratie: 3, Nieuwe oplossing score van: -966 > -969, VW_8_V_Let en WO_23_V_Mon zijn hiervoor gewisselt.
[2023-10-08 17:37:10,368] Loaded backend tkagg version 8.6.
