[2023-10-07 20:38:06,718] *kook_gang_optimizer* Bij iteratie: 3, Nieuwe oplossing score van: -1697 > -1744, VW_15 en VW_35 zijn hiervoor gewisselt.
[2023-10-07 20:38:06,753] *kook_gang_optimizer* Bij iteratie: 0, Nieuwe oplossing score van: -1666 > -1697, VW_13 en VW_5 zijn hiervoor gewisselt.
[2023-10-07 20:38:06,861] *kook_gang_optimizer* Bij iteratie: 2, Nieuwe oplossing score van: -1637 > -1666, VW_31 en WO_41 zijn hiervoor gewisselt.
[2023-10-07 20:38:06,934] *eet_gang_optimizer* Bij iteratie: 0, Nieuwe oplossing score van: -1625 > -1637, VW_33_V_Tru en VW_57_M_Lou zijn hiervoor gewisselt.
[2023-10-07 20:38:06,970] *kook_gang_optimizer* Bij iteratie: 0, Nieuwe oplossing score van: -1608 > -1625, VW_5 en WO_53 zijn hiervoor gewisselt.
[2023-10-07 20:38:07,078] *kook_gang_optimizer* Bij iteratie: 2, Nieuwe oplossing score van: -1567 > -1608, VW_3 en VW_51 zijn hiervoor gewisselt.
[2023-10-07 20:38:07,342] *eet_gang_optimizer* Bij iteratie: 2, Nieuwe oplossing score van: -1554 > -1567, VW_39_M_Bar en WO_45_V_Kar zijn hiervoor gewisselt.
[2023-10-07 20:38:07,454] *eet_gang_optimizer* Bij iteratie: 0, Nieuwe oplossing score van: -1541 > -1554, WO_27_V_Mar en WO_45_V_Kar zijn hiervoor gewisselt.
[2023-10-07 20:38:08,209] *eet_gang_optimizer* Bij iteratie: 6, Nieuwe oplossing score van: -1534 > -1541, VW_39_M_Bar en WO_36_V_Ren zijn hiervoor gewisselt.
[2023-10-07 20:38:08,360] *eet_gang_optimizer* Bij iteratie: 1, Nieuwe oplossing score van: -1515 > -1534, WO_49_V_Van en WO_81_M_Jan zijn hiervoor gewisselt.
[2023-10-07 20:38:08,595] *eet_gang_optimizer* Bij iteratie: 1, Nieuwe oplossing score van: -1503 > -1515, VW_6_V_Len en WO_79_V_Wie zijn hiervoor gewisselt.
[2023-10-07 20:38:08,923] *kook_gang_optimizer* Bij iteratie: 8, Nieuwe oplossing score van: -1500 > -1503, VW_25 en WO_75 zijn hiervoor gewisselt.
[2023-10-07 20:38:08,962] *eet_gang_optimizer* Bij iteratie: 0, Nieuwe oplossing score van: -1464 > -1500, VW_21_M_Koo en VW_51_V_Eli zijn hiervoor gewisselt.
[2023-10-07 20:38:09,110] *kook_gang_optimizer* Bij iteratie: 3, Nieuwe oplossing score van: -1463 > -1464, WO_40 en WO_53 zijn hiervoor gewisselt.
[2023-10-07 20:38:09,936] *eet_gang_optimizer* Bij iteratie: 7, Nieuwe oplossing score van: -1452 > -1463, VW_5_M_Car en WO_1_M_And zijn hiervoor gewisselt.
[2023-10-07 20:38:10,082] *eet_gang_optimizer* Bij iteratie: 1, Nieuwe oplossing score van: -1451 > -1452, WO_24_M_Ray en WO_45_M_Die zijn hiervoor gewisselt.
[2023-10-07 20:38:10,443] *eet_gang_optimizer* Bij iteratie: 3, Nieuwe oplossing score van: -1440 > -1451, VW_5_V_Jud en WO_87_V_Mad zijn hiervoor gewisselt.
[2023-10-07 20:38:10,484] *eet_gang_optimizer* Bij iteratie: 0, Nieuwe oplossing score van: -1403 > -1440, VW_51_M_Coe en WO_16_V_Lie zijn hiervoor gewisselt.
[2023-10-07 20:38:10,705] *eet_gang_optimizer* Bij iteratie: 1, Nieuwe oplossing score van: -1385 > -1403, WO_23_M_Bar en WO_77_V_Maa zijn hiervoor gewisselt.
[2023-10-07 20:38:10,882] *kook_gang_optimizer* Bij iteratie: 4, Nieuwe oplossing score van: -1382 > -1385, WO_24 en WO_85 zijn hiervoor gewisselt.
[2023-10-07 20:38:10,921] *eet_gang_optimizer* Bij iteratie: 0, Nieuwe oplossing score van: -1381 > -1382, WO_38_M_Jaa en WO_77_M_Twa zijn hiervoor gewisselt.
[2023-10-07 20:38:11,469] *kook_gang_optimizer* Bij iteratie: 14, Nieuwe oplossing score van: -1362 > -1381, WO_32 en WO_53 zijn hiervoor gewisselt.
[2023-10-07 20:38:11,506] *kook_gang_optimizer* Bij iteratie: 0, Nieuwe oplossing score van: -1359 > -1362, VW_62 en VW_9 zijn hiervoor gewisselt.
[2023-10-07 20:38:11,933] *kook_gang_optimizer* Bij iteratie: 11, Nieuwe oplossing score van: -1335 > -1359, WO_50 en WO_75 zijn hiervoor gewisselt.
[2023-10-07 20:38:12,008] *eet_gang_optimizer* Bij iteratie: 0, Nieuwe oplossing score van: -1331 > -1335, WO_23_V_Mon en WO_9_V_Ell zijn hiervoor gewisselt.
[2023-10-07 20:38:12,327] *kook_gang_optimizer* Bij iteratie: 8, Nieuwe oplossing score van: -1330 > -1331, VW_33 en WO_38 zijn hiervoor gewisselt.
[2023-10-07 20:38:12,436] *kook_gang_optimizer* Bij iteratie: 2, Nieuwe oplossing score van: -1309 > -1330, WO_32 en WO_81 zijn hiervoor gewisselt.
[2023-10-07 20:38:12,474] *kook_gang_optimizer* Bij iteratie: 0, Nieuwe oplossing score van: -1288 > -1309, VW_57 en WO_26 zijn hiervoor gewisselt.
[2023-10-07 20:38:12,511] *kook_gang_optimizer* Bij iteratie: 0, Nieuwe oplossing score van: -1274 > -1288, VW_21 en VW_32 zijn hiervoor gewisselt.
[2023-10-07 20:38:13,161] *kook_gang_optimizer* Bij iteratie: 17, Nieuwe oplossing score van: -1257 > -1274, WO_21 en WO_40 zijn hiervoor gewisselt.
[2023-10-07 20:38:13,270] *kook_gang_optimizer* Bij iteratie: 2, Nieuwe oplossing score van: -1254 > -1257, WO_24 en WO_50 zijn hiervoor gewisselt.
[2023-10-07 20:38:13,412] *kook_gang_optimizer* Bij iteratie: 3, Nieuwe oplossing score van: -1251 > -1254, WO_51 en WO_77 zijn hiervoor gewisselt.
[2023-10-07 20:38:13,872] *eet_gang_optimizer* Bij iteratie: 4, Nieuwe oplossing score van: -1227 > -1251, VW_32_M_Mic en VW_35_V_Ros zijn hiervoor gewisselt.
[2023-10-07 20:38:14,051] *kook_gang_optimizer* Bij iteratie: 4, Nieuwe oplossing score van: -1215 > -1227, VW_57 en VW_9 zijn hiervoor gewisselt.
[2023-10-07 20:38:14,302] *eet_gang_optimizer* Bij iteratie: 2, Nieuwe oplossing score van: -1196 > -1215, WO_49_M_Joo en WO_9_V_Ell zijn hiervoor gewisselt.
[2023-10-07 20:38:14,549] *kook_gang_optimizer* Bij iteratie: 6, Nieuwe oplossing score van: -1183 > -1196, VW_13 en WO_32 zijn hiervoor gewisselt.
[2023-10-07 20:38:14,668] *kook_gang_optimizer* Bij iteratie: 2, Nieuwe oplossing score van: -1169 > -1183, VW_57 en WO_16 zijn hiervoor gewisselt.
[2023-10-07 20:38:15,447] *kook_gang_optimizer* Bij iteratie: 21, Nieuwe oplossing score van: -1168 > -1169, VW_23 en VW_43 zijn hiervoor gewisselt.
[2023-10-07 20:38:15,483] *kook_gang_optimizer* Bij iteratie: 0, Nieuwe oplossing score van: -1148 > -1168, VW_27 en WO_20 zijn hiervoor gewisselt.
[2023-10-07 20:38:15,558] *eet_gang_optimizer* Bij iteratie: 0, Nieuwe oplossing score van: -1136 > -1148, NEW_1_M_Erw en WO_32a_M_Too zijn hiervoor gewisselt.
[2023-10-07 20:38:15,599] *kook_gang_optimizer* Bij iteratie: 0, Nieuwe oplossing score van: -1126 > -1136, VW_46 en VW_5 zijn hiervoor gewisselt.
[2023-10-07 20:38:15,642] *kook_gang_optimizer* Bij iteratie: 0, Nieuwe oplossing score van: -1120 > -1126, VW_12 en VW_43 zijn hiervoor gewisselt.
[2023-10-07 20:38:15,822] *kook_gang_optimizer* Bij iteratie: 4, Nieuwe oplossing score van: -1119 > -1120, VW_18 en WO_75 zijn hiervoor gewisselt.
[2023-10-07 20:38:15,893] *kook_gang_optimizer* Bij iteratie: 1, Nieuwe oplossing score van: -1106 > -1119, VW_18 en VW_25 zijn hiervoor gewisselt.
[2023-10-07 20:38:15,930] *kook_gang_optimizer* Bij iteratie: 0, Nieuwe oplossing score van: -1100 > -1106, VW_46 en WO_1 zijn hiervoor gewisselt.
[2023-10-07 20:38:16,005] *eet_gang_optimizer* Bij iteratie: 0, Nieuwe oplossing score van: -1089 > -1100, WO_40_V_Mar en WO_41_M_Wim zijn hiervoor gewisselt.
[2023-10-07 20:38:16,078] *kook_gang_optimizer* Bij iteratie: 1, Nieuwe oplossing score van: -1087 > -1089, VW_70 en WO_41 zijn hiervoor gewisselt.
[2023-10-07 20:38:16,375] *kook_gang_optimizer* Bij iteratie: 7, Nieuwe oplossing score van: -1086 > -1087, VW_43 en WO_41 zijn hiervoor gewisselt.
[2023-10-07 20:38:16,588] *kook_gang_optimizer* Bij iteratie: 5, Nieuwe oplossing score van: -1084 > -1086, VW_46 en WO_49 zijn hiervoor gewisselt.
[2023-10-07 20:38:16,802] *kook_gang_optimizer* Bij iteratie: 5, Nieuwe oplossing score van: -1074 > -1084, WO_1 en WO_41 zijn hiervoor gewisselt.
[2023-10-07 20:38:17,052] *eet_gang_optimizer* Bij iteratie: 2, Nieuwe oplossing score van: -1068 > -1074, VW_31_V_Jan en WO_51_M_Jan zijn hiervoor gewisselt.
[2023-10-07 20:38:17,406] *eet_gang_optimizer* Bij iteratie: 3, Nieuwe oplossing score van: -1049 > -1068, WO_16_V_Lie en WO_71_M_Kar zijn hiervoor gewisselt.
[2023-10-07 20:38:17,482] *eet_gang_optimizer* Bij iteratie: 0, Nieuwe oplossing score van: -1037 > -1049, WO_26_M_Rod en WO_32a_V_Gem zijn hiervoor gewisselt.
[2023-10-07 20:38:17,729] *kook_gang_optimizer* Bij iteratie: 6, Nieuwe oplossing score van: -1023 > -1037, VW_15 en WO_52 zijn hiervoor gewisselt.
[2023-10-07 20:38:18,064] *eet_gang_optimizer* Bij iteratie: 2, Nieuwe oplossing score van: -1018 > -1023, VW_33_V_Het en VW_8_V_Let zijn hiervoor gewisselt.
[2023-10-07 20:38:18,171] *kook_gang_optimizer* Bij iteratie: 2, Nieuwe oplossing score van: -1012 > -1018, VW_43 en VW_70 zijn hiervoor gewisselt.
[2023-10-07 20:38:18,529] *kook_gang_optimizer* Bij iteratie: 9, Nieuwe oplossing score van: -994 > -1012, WO_36 en WO_53 zijn hiervoor gewisselt.
[2023-10-07 20:38:18,743] *kook_gang_optimizer* Bij iteratie: 5, Nieuwe oplossing score van: -968 > -994, VW_18 en WO_7 zijn hiervoor gewisselt.
[2023-10-07 20:38:19,203] *eet_gang_optimizer* Bij iteratie: 4, Nieuwe oplossing score van: -950 > -968, WO_21_V_Pau en WO_9_V_Ell zijn hiervoor gewisselt.
[2023-10-07 20:38:19,276] *kook_gang_optimizer* Bij iteratie: 1, Nieuwe oplossing score van: -937 > -950, WO_1 en WO_85 zijn hiervoor gewisselt.
[2023-10-07 20:38:19,314] *eet_gang_optimizer* Bij iteratie: 0, Nieuwe oplossing score van: -925 > -937, VW_70_M_Bas en WO_1_M_And zijn hiervoor gewisselt.
[2023-10-07 20:38:19,898] *eet_gang_optimizer* Bij iteratie: 5, Nieuwe oplossing score van: -919 > -925, WO_21_M_Han en WO_32a_V_Gem zijn hiervoor gewisselt.
[2023-10-07 20:38:20,148] *eet_gang_optimizer* Bij iteratie: 2, Nieuwe oplossing score van: -908 > -919, VW_15_V_Aim en WO_36_V_Ren zijn hiervoor gewisselt.
[2023-10-07 20:38:20,260] *eet_gang_optimizer* Bij iteratie: 0, Nieuwe oplossing score van: -906 > -908, VW_21_M_Koo en WO_57_V_May zijn hiervoor gewisselt.
[2023-10-07 20:38:20,686] *kook_gang_optimizer* Bij iteratie: 11, Nieuwe oplossing score van: -898 > -906, VW_12 en VW_57 zijn hiervoor gewisselt.
[2023-10-07 20:38:20,832] *eet_gang_optimizer* Bij iteratie: 1, Nieuwe oplossing score van: -889 > -898, VW_21_M_Koo en WO_51_M_Jan zijn hiervoor gewisselt.
[2023-10-07 20:38:21,908] *eet_gang_optimizer* Timeout: 1s trying kook_gang_optimizer
[2023-10-07 20:38:22,696] *kook_gang_optimizer* Bij iteratie: 21, Nieuwe oplossing score van: -884 > -889, WO_38 en WO_75 zijn hiervoor gewisselt.
[2023-10-07 20:38:22,733] *kook_gang_optimizer* Bij iteratie: 0, Nieuwe oplossing score van: -872 > -884, WO_24 en WO_53 zijn hiervoor gewisselt.
[2023-10-07 20:38:23,422] *eet_gang_optimizer* Bij iteratie: 6, Nieuwe oplossing score van: -871 > -872, VW_13_V_Con en VW_32_V_Wen zijn hiervoor gewisselt.
[2023-10-07 20:38:23,460] *kook_gang_optimizer* Bij iteratie: 0, Nieuwe oplossing score van: -860 > -871, VW_13 en VW_18 zijn hiervoor gewisselt.
[2023-10-07 20:38:24,027] *kook_gang_optimizer* Bij iteratie: 15, Nieuwe oplossing score van: -859 > -860, WO_1 en WO_38 zijn hiervoor gewisselt.
[2023-10-07 20:38:24,100] *kook_gang_optimizer* Bij iteratie: 1, Nieuwe oplossing score van: -824 > -859, VW_35 en WO_38 zijn hiervoor gewisselt.
[2023-10-07 20:38:24,600] *eet_gang_optimizer* Bij iteratie: 4, Nieuwe oplossing score van: -817 > -824, VW_62_M_Rob en WO_9_M_Phi zijn hiervoor gewisselt.
[2023-10-07 20:38:25,215] *kook_gang_optimizer* Bij iteratie: 16, Nieuwe oplossing score van: -816 > -817, VW_31 en WO_87 zijn hiervoor gewisselt.
[2023-10-07 20:38:25,414] *kook_gang_optimizer* Bij iteratie: 5, Nieuwe oplossing score van: -811 > -816, VW_5 en WO_45 zijn hiervoor gewisselt.
[2023-10-07 20:38:25,815] *eet_gang_optimizer* Bij iteratie: 3, Nieuwe oplossing score van: -805 > -811, WO_32a_V_Gem en WO_40_V_Bir zijn hiervoor gewisselt.
[2023-10-07 20:38:26,020] *eet_gang_optimizer* Bij iteratie: 1, Nieuwe oplossing score van: -799 > -805, VW_9_M_Rob en WO_50_V_Nic zijn hiervoor gewisselt.
[2023-10-07 20:38:27,131] *eet_gang_optimizer* Timeout: 1s trying kook_gang_optimizer
[2023-10-07 20:38:27,167] *kook_gang_optimizer* Bij iteratie: 0, Nieuwe oplossing score van: -781 > -799, WO_49 en WO_77 zijn hiervoor gewisselt.
[2023-10-07 20:38:27,343] *kook_gang_optimizer* Bij iteratie: 4, Nieuwe oplossing score van: -771 > -781, VW_25 en VW_35 zijn hiervoor gewisselt.
[2023-10-07 20:38:27,483] *eet_gang_optimizer* Bij iteratie: 1, Nieuwe oplossing score van: -770 > -771, NEW_1_M_Erw en WO_32_V_Ing zijn hiervoor gewisselt.
[2023-10-07 20:38:27,586] *kook_gang_optimizer* Bij iteratie: 2, Nieuwe oplossing score van: -765 > -770, VW_70 en WO_24 zijn hiervoor gewisselt.
[2023-10-07 20:38:27,926] *eet_gang_optimizer* Bij iteratie: 2, Nieuwe oplossing score van: -748 > -765, VW_8_V_Let en WO_26_M_Rod zijn hiervoor gewisselt.
[2023-10-07 20:38:28,346] *eet_gang_optimizer* Bij iteratie: 3, Nieuwe oplossing score van: -737 > -748, VW_68_M_Chr en WO_16_M_Fre zijn hiervoor gewisselt.
[2023-10-07 20:38:28,590] *eet_gang_optimizer* Bij iteratie: 2, Nieuwe oplossing score van: -735 > -737, VW_51_M_Coe en WO_13_V_Sim zijn hiervoor gewisselt.
[2023-10-07 20:38:29,600] *kook_gang_optimizer* Timeout: 1s trying eet_gang_optimizer
[2023-10-07 20:38:30,008] *eet_gang_optimizer* Bij iteratie: 3, Nieuwe oplossing score van: -733 > -735, VW_25_M_Joo en WO_40_V_Bir zijn hiervoor gewisselt.
[2023-10-07 20:38:30,676] *kook_gang_optimizer* Bij iteratie: 19, Nieuwe oplossing score van: -718 > -733, VW_13 en WO_87 zijn hiervoor gewisselt.
[2023-10-07 20:38:30,811] *eet_gang_optimizer* Bij iteratie: 1, Nieuwe oplossing score van: -717 > -718, VW_5_M_Car en WO_77_M_Twa zijn hiervoor gewisselt.
[2023-10-07 20:38:31,128] *eet_gang_optimizer* Bij iteratie: 2, Nieuwe oplossing score van: -700 > -717, WO_45_M_Die en WO_71_M_Kar zijn hiervoor gewisselt.
[2023-10-07 20:38:31,296] *eet_gang_optimizer* Bij iteratie: 1, Nieuwe oplossing score van: -694 > -700, WO_45_V_Kar en WO_69_M_Han zijn hiervoor gewisselt.
[2023-10-07 20:38:31,908] *eet_gang_optimizer* Bij iteratie: 5, Nieuwe oplossing score van: -693 > -694, WO_40_V_Mar en WO_50_M_Fli zijn hiervoor gewisselt.
[2023-10-07 20:38:32,148] *eet_gang_optimizer* Bij iteratie: 2, Nieuwe oplossing score van: -686 > -693, VW_13_V_Con en WO_79_M_Rob zijn hiervoor gewisselt.
[2023-10-07 20:38:33,022] *kook_gang_optimizer* Bij iteratie: 25, Nieuwe oplossing score van: -684 > -686, VW_31 en WO_55 zijn hiervoor gewisselt.
[2023-10-07 20:38:33,155] *kook_gang_optimizer* Bij iteratie: 3, Nieuwe oplossing score van: -679 > -684, WO_50 en WO_87 zijn hiervoor gewisselt.
[2023-10-07 20:38:33,360] *eet_gang_optimizer* Bij iteratie: 1, Nieuwe oplossing score van: -675 > -679, WO_1_V_Bir en WO_50_V_Nic zijn hiervoor gewisselt.
[2023-10-07 20:38:34,104] *eet_gang_optimizer* Bij iteratie: 7, Nieuwe oplossing score van: -669 > -675, NEW_1_V_Eug en WO_79_M_Rob zijn hiervoor gewisselt.
[2023-10-07 20:38:34,638] *eet_gang_optimizer* Bij iteratie: 5, Nieuwe oplossing score van: -657 > -669, WO_36_M_Hui en WO_41_M_Wim zijn hiervoor gewisselt.
[2023-10-07 20:38:34,740] *kook_gang_optimizer* Bij iteratie: 2, Nieuwe oplossing score van: -656 > -657, VW_18 en VW_57 zijn hiervoor gewisselt.
[2023-10-07 20:38:35,478] *eet_gang_optimizer* Bij iteratie: 7, Nieuwe oplossing score van: -650 > -656, VW_68_V_Mar en VW_9_V_Rie zijn hiervoor gewisselt.
[2023-10-07 20:38:36,489] *kook_gang_optimizer* Timeout: 1s trying eet_gang_optimizer
[2023-10-07 20:38:36,560] *eet_gang_optimizer* Bij iteratie: 0, Nieuwe oplossing score van: -638 > -650, VW_57_M_Lou en WO_20_M_Aad zijn hiervoor gewisselt.
[2023-10-07 20:38:36,893] *eet_gang_optimizer* Bij iteratie: 3, Nieuwe oplossing score van: -608 > -638, VW_32_M_Mic en WO_52_V_Eli zijn hiervoor gewisselt.
[2023-10-07 20:38:37,534] *eet_gang_optimizer* Bij iteratie: 6, Nieuwe oplossing score van: -602 > -608, NEW_3_V_Mel en WO_32a_M_Too zijn hiervoor gewisselt.
[2023-10-07 20:38:38,211] *kook_gang_optimizer* Bij iteratie: 19, Nieuwe oplossing score van: -592 > -602, VW_12 en VW_27 zijn hiervoor gewisselt.
[2023-10-07 20:38:39,229] *kook_gang_optimizer* Timeout: 1s trying eet_gang_optimizer
[2023-10-07 20:38:40,305] *eet_gang_optimize* Timeout: 1s Optimizer stopping ...
